[2026-03-05T03:10:42.147+0000] {local_task_job_runner.py:123} INFO - ::group::Pre task execution logs
[2026-03-05T03:10:42.171+0000] {taskinstance.py:2613} INFO - Dependencies all met for dep_context=non-requeueable deps ti=<TaskInstance: dag_3_actualizacion_rag.refresh_embeddings manual__2026-03-05T03:09:24.013046+00:00 [queued]>
[2026-03-05T03:10:42.182+0000] {taskinstance.py:2613} INFO - Dependencies all met for dep_context=requeueable deps ti=<TaskInstance: dag_3_actualizacion_rag.refresh_embeddings manual__2026-03-05T03:09:24.013046+00:00 [queued]>
[2026-03-05T03:10:42.183+0000] {taskinstance.py:2866} INFO - Starting attempt 1 of 1
[2026-03-05T03:10:42.199+0000] {taskinstance.py:2889} INFO - Executing <Task(PythonOperator): refresh_embeddings> on 2026-03-05 03:09:24.013046+00:00
[2026-03-05T03:10:42.208+0000] {logging_mixin.py:190} WARNING - /home/***/.local/lib/python3.12/site-packages/***/task/task_runner/standard_task_runner.py:70 DeprecationWarning: This process (pid=8370) is multi-threaded, use of fork() may lead to deadlocks in the child.
[2026-03-05T03:10:42.209+0000] {standard_task_runner.py:72} INFO - Started process 8374 to run task
[2026-03-05T03:10:42.208+0000] {standard_task_runner.py:104} INFO - Running: ['***', 'tasks', 'run', 'dag_3_actualizacion_rag', 'refresh_embeddings', 'manual__2026-03-05T03:09:24.013046+00:00', '--job-id', '108', '--raw', '--subdir', 'DAGS_FOLDER/dag_3_actualizacion_rag.py', '--cfg-path', '/tmp/tmpsb38qp24']
[2026-03-05T03:10:42.211+0000] {standard_task_runner.py:105} INFO - Job 108: Subtask refresh_embeddings
[2026-03-05T03:10:42.279+0000] {task_command.py:467} INFO - Running <TaskInstance: dag_3_actualizacion_rag.refresh_embeddings manual__2026-03-05T03:09:24.013046+00:00 [running]> on host 6db8ac2a4a54
[2026-03-05T03:10:42.385+0000] {taskinstance.py:3132} INFO - Exporting env vars: AIRFLOW_CTX_DAG_OWNER='***' AIRFLOW_CTX_DAG_ID='dag_3_actualizacion_rag' AIRFLOW_CTX_TASK_ID='refresh_embeddings' AIRFLOW_CTX_EXECUTION_DATE='2026-03-05T03:09:24.013046+00:00' AIRFLOW_CTX_TRY_NUMBER='1' AIRFLOW_CTX_DAG_RUN_ID='manual__2026-03-05T03:09:24.013046+00:00'
[2026-03-05T03:10:42.387+0000] {taskinstance.py:731} INFO - ::endgroup::
[2026-03-05T03:10:47.586+0000] {loader.py:132} INFO - Loading faiss with AVX2 support.
[2026-03-05T03:10:47.645+0000] {loader.py:134} INFO - Successfully loaded faiss with AVX2 support.
[2026-03-05T03:10:47.667+0000] {SentenceTransformer.py:188} INFO - Use pytorch device_name: cpu
[2026-03-05T03:10:47.668+0000] {SentenceTransformer.py:196} INFO - Load pretrained SentenceTransformer: all-MiniLM-L6-v2
[2026-03-05T03:10:48.525+0000] {logging_mixin.py:190} WARNING - /home/***/.local/lib/python3.12/site-packages/huggingface_hub/file_download.py:949 FutureWarning: `resume_download` is deprecated and will be removed in version 1.0.0. Downloads always resume when possible. If you want to force a new download, use `force_download=True`.
[2026-03-05T03:10:49.556+0000] {logging_mixin.py:190} WARNING - Batches:   0%|          | 0/2 [00:00<?, ?it/s]
[2026-03-05T03:10:51.230+0000] {logging_mixin.py:190} WARNING - Batches:  50%|#####     | 1/2 [00:01<00:01,  1.67s/it]
[2026-03-05T03:10:51.273+0000] {logging_mixin.py:190} WARNING - Batches: 100%|##########| 2/2 [00:01<00:00,  1.17it/s]
[2026-03-05T03:10:51.289+0000] {logging_mixin.py:190} INFO - [OK] Embeddings: 35 vectores -> FAISS + /opt/***/logs/embeddings/metadata.json
[2026-03-05T03:10:51.291+0000] {python.py:240} INFO - Done. Returned value was: None
[2026-03-05T03:10:51.307+0000] {taskinstance.py:340} INFO - ::group::Post task execution logs
[2026-03-05T03:10:51.308+0000] {taskinstance.py:352} INFO - Marking task as SUCCESS. dag_id=dag_3_actualizacion_rag, task_id=refresh_embeddings, run_id=manual__2026-03-05T03:09:24.013046+00:00, execution_date=20260305T030924, start_date=20260305T031042, end_date=20260305T031051
[2026-03-05T03:10:51.416+0000] {local_task_job_runner.py:266} INFO - Task exited with return code 0
[2026-03-05T03:10:51.449+0000] {taskinstance.py:3895} INFO - 1 downstream tasks scheduled from follow-on schedule check
[2026-03-05T03:10:51.452+0000] {local_task_job_runner.py:245} INFO - ::endgroup::
