[2026-03-05T03:09:23.151+0000] {local_task_job_runner.py:123} INFO - ::group::Pre task execution logs
[2026-03-05T03:09:23.178+0000] {taskinstance.py:2613} INFO - Dependencies all met for dep_context=non-requeueable deps ti=<TaskInstance: dag_1_ingestion_transaccional.crear_tabla_clientes manual__2026-03-04T22:09:14-05:00 [queued]>
[2026-03-05T03:09:23.189+0000] {taskinstance.py:2613} INFO - Dependencies all met for dep_context=requeueable deps ti=<TaskInstance: dag_1_ingestion_transaccional.crear_tabla_clientes manual__2026-03-04T22:09:14-05:00 [queued]>
[2026-03-05T03:09:23.190+0000] {taskinstance.py:2866} INFO - Starting attempt 1 of 1
[2026-03-05T03:09:23.205+0000] {taskinstance.py:2889} INFO - Executing <Task(BigQueryInsertJobOperator): crear_tabla_clientes> on 2026-03-05 03:09:14+00:00
[2026-03-05T03:09:23.216+0000] {standard_task_runner.py:104} INFO - Running: ['***', 'tasks', 'run', 'dag_1_ingestion_transaccional', 'crear_tabla_clientes', 'manual__2026-03-04T22:09:14-05:00', '--job-id', '98', '--raw', '--subdir', 'DAGS_FOLDER/dag_1_ingestion_transaccional.py', '--cfg-path', '/tmp/tmp68colm1n']
[2026-03-05T03:09:23.221+0000] {standard_task_runner.py:105} INFO - Job 98: Subtask crear_tabla_clientes
[2026-03-05T03:09:23.222+0000] {logging_mixin.py:190} WARNING - /home/***/.local/lib/python3.12/site-packages/***/task/task_runner/standard_task_runner.py:70 DeprecationWarning: This process (pid=8252) is multi-threaded, use of fork() may lead to deadlocks in the child.
[2026-03-05T03:09:23.223+0000] {standard_task_runner.py:72} INFO - Started process 8260 to run task
[2026-03-05T03:09:23.303+0000] {task_command.py:467} INFO - Running <TaskInstance: dag_1_ingestion_transaccional.crear_tabla_clientes manual__2026-03-04T22:09:14-05:00 [running]> on host 6db8ac2a4a54
[2026-03-05T03:09:23.701+0000] {taskinstance.py:3132} INFO - Exporting env vars: AIRFLOW_CTX_DAG_OWNER='***' AIRFLOW_CTX_DAG_ID='dag_1_ingestion_transaccional' AIRFLOW_CTX_TASK_ID='crear_tabla_clientes' AIRFLOW_CTX_EXECUTION_DATE='2026-03-05T03:09:14+00:00' AIRFLOW_CTX_TRY_NUMBER='1' AIRFLOW_CTX_DAG_RUN_ID='manual__2026-03-04T22:09:14-05:00'
[2026-03-05T03:09:23.702+0000] {taskinstance.py:731} INFO - ::endgroup::
[2026-03-05T03:09:23.746+0000] {connection.py:277} WARNING - Connection schemes (type: google_cloud_platform) shall not contain '_' according to RFC3986.
[2026-03-05T03:09:23.749+0000] {base.py:84} INFO - Retrieving connection 'google_cloud_default'
[2026-03-05T03:09:23.751+0000] {bigquery.py:2620} INFO - Executing: {'query': {'query': "-- BigQuery Standard SQL. Tabla de clientes clusterizada.\n-- Ejecutar con BigQueryInsertJobOperator; el DAG debe pasar params: bq_project, bq_dataset.\nCREATE OR REPLACE TABLE `data-solution-end-to-end-21.cala_analytics.clientes` (\n  id_cliente STRING,\n  documento STRING,\n  fecha_registro TIMESTAMP,\n  segmento STRING,\n  ciudad STRING,\n  score_crediticio INT64\n)\nCLUSTER BY ciudad, segmento\nOPTIONS(\n  description = 'Clientes: cluster por ciudad y segmento'\n);", 'useLegacySql': False}}'
[2026-03-05T03:09:23.806+0000] {bigquery.py:1241} INFO - Inserting job ***_dag_1_ingestion_transaccional_crear_tabla_clientes_2026_03_05T03_09_14_00_00_6de8083a52eba7828cd56e44036d4b02
[2026-03-05T03:09:25.498+0000] {taskinstance.py:340} INFO - ::group::Post task execution logs
[2026-03-05T03:09:25.499+0000] {taskinstance.py:352} INFO - Marking task as SUCCESS. dag_id=dag_1_ingestion_transaccional, task_id=crear_tabla_clientes, run_id=manual__2026-03-04T22:09:14-05:00, execution_date=20260305T030914, start_date=20260305T030923, end_date=20260305T030925
[2026-03-05T03:09:25.564+0000] {local_task_job_runner.py:266} INFO - Task exited with return code 0
[2026-03-05T03:09:25.581+0000] {local_task_job_runner.py:245} INFO - ::endgroup::
