[2026-03-03T09:04:19.020+0000] {processor.py:186} INFO - Started process (PID=508) to work on /opt/airflow/dags/dag_1_ingestion_transaccional.py
[2026-03-03T09:04:19.021+0000] {processor.py:914} INFO - Processing file /opt/airflow/dags/dag_1_ingestion_transaccional.py for tasks to queue
[2026-03-03T09:04:19.024+0000] {logging_mixin.py:190} INFO - [2026-03-03T09:04:19.023+0000] {dagbag.py:588} INFO - Filling up the DagBag from /opt/airflow/dags/dag_1_ingestion_transaccional.py
[2026-03-03T09:04:22.259+0000] {processor.py:925} INFO - DAG(s) 'dag_1_ingestion_transaccional' retrieved from /opt/airflow/dags/dag_1_ingestion_transaccional.py
[2026-03-03T09:04:22.360+0000] {logging_mixin.py:190} INFO - [2026-03-03T09:04:22.360+0000] {override.py:1911} INFO - Created Permission View: can edit on DAG:dag_1_ingestion_transaccional
[2026-03-03T09:04:22.372+0000] {logging_mixin.py:190} INFO - [2026-03-03T09:04:22.372+0000] {override.py:1911} INFO - Created Permission View: can delete on DAG:dag_1_ingestion_transaccional
[2026-03-03T09:04:22.383+0000] {logging_mixin.py:190} INFO - [2026-03-03T09:04:22.382+0000] {override.py:1911} INFO - Created Permission View: can read on DAG:dag_1_ingestion_transaccional
[2026-03-03T09:04:22.393+0000] {logging_mixin.py:190} INFO - [2026-03-03T09:04:22.393+0000] {override.py:1911} INFO - Created Permission View: can create on DAG Run:dag_1_ingestion_transaccional
[2026-03-03T09:04:22.403+0000] {logging_mixin.py:190} INFO - [2026-03-03T09:04:22.403+0000] {override.py:1911} INFO - Created Permission View: can delete on DAG Run:dag_1_ingestion_transaccional
[2026-03-03T09:04:22.413+0000] {logging_mixin.py:190} INFO - [2026-03-03T09:04:22.413+0000] {override.py:1911} INFO - Created Permission View: menu access on DAG Run:dag_1_ingestion_transaccional
[2026-03-03T09:04:22.422+0000] {logging_mixin.py:190} INFO - [2026-03-03T09:04:22.422+0000] {override.py:1911} INFO - Created Permission View: can read on DAG Run:dag_1_ingestion_transaccional
[2026-03-03T09:04:22.423+0000] {logging_mixin.py:190} INFO - [2026-03-03T09:04:22.423+0000] {dag.py:3239} INFO - Sync 1 DAGs
[2026-03-03T09:04:22.439+0000] {logging_mixin.py:190} INFO - [2026-03-03T09:04:22.438+0000] {dag.py:3262} INFO - Creating ORM DAG for dag_1_ingestion_transaccional
[2026-03-03T09:04:22.440+0000] {logging_mixin.py:190} INFO - [2026-03-03T09:04:22.440+0000] {dag.py:4180} INFO - Setting next_dagrun for dag_1_ingestion_transaccional to None, run_after=None
[2026-03-03T09:04:22.464+0000] {processor.py:208} INFO - Processing /opt/airflow/dags/dag_1_ingestion_transaccional.py took 0.709 seconds
[2026-03-03T09:04:55.452+0000] {processor.py:186} INFO - Started process (PID=532) to work on /opt/airflow/dags/dag_1_ingestion_transaccional.py
[2026-03-03T09:04:55.454+0000] {processor.py:914} INFO - Processing file /opt/airflow/dags/dag_1_ingestion_transaccional.py for tasks to queue
[2026-03-03T09:04:55.455+0000] {logging_mixin.py:190} INFO - [2026-03-03T09:04:55.455+0000] {dagbag.py:588} INFO - Filling up the DagBag from /opt/airflow/dags/dag_1_ingestion_transaccional.py
[2026-03-03T09:04:56.021+0000] {processor.py:925} INFO - DAG(s) 'dag_1_ingestion_transaccional' retrieved from /opt/airflow/dags/dag_1_ingestion_transaccional.py
[2026-03-03T09:04:56.047+0000] {logging_mixin.py:190} INFO - [2026-03-03T09:04:56.046+0000] {dag.py:3239} INFO - Sync 1 DAGs
[2026-03-03T09:04:56.076+0000] {logging_mixin.py:190} INFO - [2026-03-03T09:04:56.076+0000] {dag.py:4180} INFO - Setting next_dagrun for dag_1_ingestion_transaccional to None, run_after=None
[2026-03-03T09:04:56.124+0000] {processor.py:208} INFO - Processing /opt/airflow/dags/dag_1_ingestion_transaccional.py took 0.679 seconds
[2026-03-03T09:05:27.777+0000] {processor.py:186} INFO - Started process (PID=556) to work on /opt/airflow/dags/dag_1_ingestion_transaccional.py
[2026-03-03T09:05:27.778+0000] {processor.py:914} INFO - Processing file /opt/airflow/dags/dag_1_ingestion_transaccional.py for tasks to queue
[2026-03-03T09:05:27.779+0000] {logging_mixin.py:190} INFO - [2026-03-03T09:05:27.779+0000] {dagbag.py:588} INFO - Filling up the DagBag from /opt/airflow/dags/dag_1_ingestion_transaccional.py
[2026-03-03T09:05:28.267+0000] {processor.py:925} INFO - DAG(s) 'dag_1_ingestion_transaccional' retrieved from /opt/airflow/dags/dag_1_ingestion_transaccional.py
[2026-03-03T09:05:28.290+0000] {logging_mixin.py:190} INFO - [2026-03-03T09:05:28.290+0000] {dag.py:3239} INFO - Sync 1 DAGs
[2026-03-03T09:05:28.303+0000] {logging_mixin.py:190} INFO - [2026-03-03T09:05:28.303+0000] {dag.py:4180} INFO - Setting next_dagrun for dag_1_ingestion_transaccional to None, run_after=None
[2026-03-03T09:05:28.329+0000] {processor.py:208} INFO - Processing /opt/airflow/dags/dag_1_ingestion_transaccional.py took 0.557 seconds
[2026-03-03T09:05:58.562+0000] {processor.py:186} INFO - Started process (PID=580) to work on /opt/airflow/dags/dag_1_ingestion_transaccional.py
[2026-03-03T09:05:58.563+0000] {processor.py:914} INFO - Processing file /opt/airflow/dags/dag_1_ingestion_transaccional.py for tasks to queue
[2026-03-03T09:05:58.565+0000] {logging_mixin.py:190} INFO - [2026-03-03T09:05:58.565+0000] {dagbag.py:588} INFO - Filling up the DagBag from /opt/airflow/dags/dag_1_ingestion_transaccional.py
[2026-03-03T09:05:59.094+0000] {processor.py:925} INFO - DAG(s) 'dag_1_ingestion_transaccional' retrieved from /opt/airflow/dags/dag_1_ingestion_transaccional.py
[2026-03-03T09:05:59.115+0000] {logging_mixin.py:190} INFO - [2026-03-03T09:05:59.114+0000] {dag.py:3239} INFO - Sync 1 DAGs
[2026-03-03T09:05:59.131+0000] {logging_mixin.py:190} INFO - [2026-03-03T09:05:59.130+0000] {dag.py:4180} INFO - Setting next_dagrun for dag_1_ingestion_transaccional to None, run_after=None
[2026-03-03T09:05:59.153+0000] {processor.py:208} INFO - Processing /opt/airflow/dags/dag_1_ingestion_transaccional.py took 0.598 seconds
[2026-03-03T09:06:29.326+0000] {processor.py:186} INFO - Started process (PID=604) to work on /opt/airflow/dags/dag_1_ingestion_transaccional.py
[2026-03-03T09:06:29.327+0000] {processor.py:914} INFO - Processing file /opt/airflow/dags/dag_1_ingestion_transaccional.py for tasks to queue
[2026-03-03T09:06:29.329+0000] {logging_mixin.py:190} INFO - [2026-03-03T09:06:29.328+0000] {dagbag.py:588} INFO - Filling up the DagBag from /opt/airflow/dags/dag_1_ingestion_transaccional.py
[2026-03-03T09:06:29.990+0000] {processor.py:925} INFO - DAG(s) 'dag_1_ingestion_transaccional' retrieved from /opt/airflow/dags/dag_1_ingestion_transaccional.py
[2026-03-03T09:06:30.014+0000] {logging_mixin.py:190} INFO - [2026-03-03T09:06:30.013+0000] {dag.py:3239} INFO - Sync 1 DAGs
[2026-03-03T09:06:30.027+0000] {logging_mixin.py:190} INFO - [2026-03-03T09:06:30.027+0000] {dag.py:4180} INFO - Setting next_dagrun for dag_1_ingestion_transaccional to None, run_after=None
[2026-03-03T09:06:30.048+0000] {processor.py:208} INFO - Processing /opt/airflow/dags/dag_1_ingestion_transaccional.py took 0.727 seconds
[2026-03-03T09:07:00.346+0000] {processor.py:186} INFO - Started process (PID=628) to work on /opt/airflow/dags/dag_1_ingestion_transaccional.py
[2026-03-03T09:07:00.347+0000] {processor.py:914} INFO - Processing file /opt/airflow/dags/dag_1_ingestion_transaccional.py for tasks to queue
[2026-03-03T09:07:00.349+0000] {logging_mixin.py:190} INFO - [2026-03-03T09:07:00.348+0000] {dagbag.py:588} INFO - Filling up the DagBag from /opt/airflow/dags/dag_1_ingestion_transaccional.py
[2026-03-03T09:07:00.786+0000] {processor.py:925} INFO - DAG(s) 'dag_1_ingestion_transaccional' retrieved from /opt/airflow/dags/dag_1_ingestion_transaccional.py
[2026-03-03T09:07:00.809+0000] {logging_mixin.py:190} INFO - [2026-03-03T09:07:00.809+0000] {dag.py:3239} INFO - Sync 1 DAGs
[2026-03-03T09:07:00.824+0000] {logging_mixin.py:190} INFO - [2026-03-03T09:07:00.824+0000] {dag.py:4180} INFO - Setting next_dagrun for dag_1_ingestion_transaccional to None, run_after=None
[2026-03-03T09:07:00.845+0000] {processor.py:208} INFO - Processing /opt/airflow/dags/dag_1_ingestion_transaccional.py took 0.504 seconds
[2026-03-03T09:07:31.578+0000] {processor.py:186} INFO - Started process (PID=652) to work on /opt/airflow/dags/dag_1_ingestion_transaccional.py
[2026-03-03T09:07:31.579+0000] {processor.py:914} INFO - Processing file /opt/airflow/dags/dag_1_ingestion_transaccional.py for tasks to queue
[2026-03-03T09:07:31.582+0000] {logging_mixin.py:190} INFO - [2026-03-03T09:07:31.581+0000] {dagbag.py:588} INFO - Filling up the DagBag from /opt/airflow/dags/dag_1_ingestion_transaccional.py
[2026-03-03T09:07:32.176+0000] {processor.py:925} INFO - DAG(s) 'dag_1_ingestion_transaccional' retrieved from /opt/airflow/dags/dag_1_ingestion_transaccional.py
[2026-03-03T09:07:32.199+0000] {logging_mixin.py:190} INFO - [2026-03-03T09:07:32.198+0000] {dag.py:3239} INFO - Sync 1 DAGs
[2026-03-03T09:07:32.215+0000] {logging_mixin.py:190} INFO - [2026-03-03T09:07:32.215+0000] {dag.py:4180} INFO - Setting next_dagrun for dag_1_ingestion_transaccional to None, run_after=None
[2026-03-03T09:07:32.240+0000] {processor.py:208} INFO - Processing /opt/airflow/dags/dag_1_ingestion_transaccional.py took 0.670 seconds
[2026-03-03T09:08:02.480+0000] {processor.py:186} INFO - Started process (PID=676) to work on /opt/airflow/dags/dag_1_ingestion_transaccional.py
[2026-03-03T09:08:02.481+0000] {processor.py:914} INFO - Processing file /opt/airflow/dags/dag_1_ingestion_transaccional.py for tasks to queue
[2026-03-03T09:08:02.482+0000] {logging_mixin.py:190} INFO - [2026-03-03T09:08:02.482+0000] {dagbag.py:588} INFO - Filling up the DagBag from /opt/airflow/dags/dag_1_ingestion_transaccional.py
[2026-03-03T09:08:03.034+0000] {processor.py:925} INFO - DAG(s) 'dag_1_ingestion_transaccional' retrieved from /opt/airflow/dags/dag_1_ingestion_transaccional.py
[2026-03-03T09:08:03.058+0000] {logging_mixin.py:190} INFO - [2026-03-03T09:08:03.058+0000] {dag.py:3239} INFO - Sync 1 DAGs
[2026-03-03T09:08:03.073+0000] {logging_mixin.py:190} INFO - [2026-03-03T09:08:03.073+0000] {dag.py:4180} INFO - Setting next_dagrun for dag_1_ingestion_transaccional to None, run_after=None
[2026-03-03T09:08:03.107+0000] {processor.py:208} INFO - Processing /opt/airflow/dags/dag_1_ingestion_transaccional.py took 0.633 seconds
[2026-03-03T09:08:33.512+0000] {processor.py:186} INFO - Started process (PID=700) to work on /opt/airflow/dags/dag_1_ingestion_transaccional.py
[2026-03-03T09:08:33.513+0000] {processor.py:914} INFO - Processing file /opt/airflow/dags/dag_1_ingestion_transaccional.py for tasks to queue
[2026-03-03T09:08:33.514+0000] {logging_mixin.py:190} INFO - [2026-03-03T09:08:33.514+0000] {dagbag.py:588} INFO - Filling up the DagBag from /opt/airflow/dags/dag_1_ingestion_transaccional.py
[2026-03-03T09:08:33.988+0000] {processor.py:925} INFO - DAG(s) 'dag_1_ingestion_transaccional' retrieved from /opt/airflow/dags/dag_1_ingestion_transaccional.py
[2026-03-03T09:08:34.012+0000] {logging_mixin.py:190} INFO - [2026-03-03T09:08:34.012+0000] {dag.py:3239} INFO - Sync 1 DAGs
[2026-03-03T09:08:34.027+0000] {logging_mixin.py:190} INFO - [2026-03-03T09:08:34.027+0000] {dag.py:4180} INFO - Setting next_dagrun for dag_1_ingestion_transaccional to None, run_after=None
[2026-03-03T09:08:34.053+0000] {processor.py:208} INFO - Processing /opt/airflow/dags/dag_1_ingestion_transaccional.py took 0.547 seconds
[2026-03-03T09:09:04.394+0000] {processor.py:186} INFO - Started process (PID=724) to work on /opt/airflow/dags/dag_1_ingestion_transaccional.py
[2026-03-03T09:09:04.395+0000] {processor.py:914} INFO - Processing file /opt/airflow/dags/dag_1_ingestion_transaccional.py for tasks to queue
[2026-03-03T09:09:04.397+0000] {logging_mixin.py:190} INFO - [2026-03-03T09:09:04.396+0000] {dagbag.py:588} INFO - Filling up the DagBag from /opt/airflow/dags/dag_1_ingestion_transaccional.py
[2026-03-03T09:09:04.914+0000] {processor.py:925} INFO - DAG(s) 'dag_1_ingestion_transaccional' retrieved from /opt/airflow/dags/dag_1_ingestion_transaccional.py
[2026-03-03T09:09:04.939+0000] {logging_mixin.py:190} INFO - [2026-03-03T09:09:04.938+0000] {dag.py:3239} INFO - Sync 1 DAGs
[2026-03-03T09:09:04.954+0000] {logging_mixin.py:190} INFO - [2026-03-03T09:09:04.953+0000] {dag.py:4180} INFO - Setting next_dagrun for dag_1_ingestion_transaccional to None, run_after=None
[2026-03-03T09:09:04.976+0000] {processor.py:208} INFO - Processing /opt/airflow/dags/dag_1_ingestion_transaccional.py took 0.587 seconds
[2026-03-03T09:09:35.123+0000] {processor.py:186} INFO - Started process (PID=748) to work on /opt/airflow/dags/dag_1_ingestion_transaccional.py
[2026-03-03T09:09:35.124+0000] {processor.py:914} INFO - Processing file /opt/airflow/dags/dag_1_ingestion_transaccional.py for tasks to queue
[2026-03-03T09:09:35.125+0000] {logging_mixin.py:190} INFO - [2026-03-03T09:09:35.125+0000] {dagbag.py:588} INFO - Filling up the DagBag from /opt/airflow/dags/dag_1_ingestion_transaccional.py
[2026-03-03T09:09:35.606+0000] {processor.py:925} INFO - DAG(s) 'dag_1_ingestion_transaccional' retrieved from /opt/airflow/dags/dag_1_ingestion_transaccional.py
[2026-03-03T09:09:35.633+0000] {logging_mixin.py:190} INFO - [2026-03-03T09:09:35.632+0000] {dag.py:3239} INFO - Sync 1 DAGs
[2026-03-03T09:09:35.646+0000] {logging_mixin.py:190} INFO - [2026-03-03T09:09:35.646+0000] {dag.py:4180} INFO - Setting next_dagrun for dag_1_ingestion_transaccional to None, run_after=None
[2026-03-03T09:09:35.668+0000] {processor.py:208} INFO - Processing /opt/airflow/dags/dag_1_ingestion_transaccional.py took 0.551 seconds
[2026-03-03T09:10:05.752+0000] {processor.py:186} INFO - Started process (PID=772) to work on /opt/airflow/dags/dag_1_ingestion_transaccional.py
[2026-03-03T09:10:05.754+0000] {processor.py:914} INFO - Processing file /opt/airflow/dags/dag_1_ingestion_transaccional.py for tasks to queue
[2026-03-03T09:10:05.755+0000] {logging_mixin.py:190} INFO - [2026-03-03T09:10:05.755+0000] {dagbag.py:588} INFO - Filling up the DagBag from /opt/airflow/dags/dag_1_ingestion_transaccional.py
[2026-03-03T09:10:06.286+0000] {processor.py:925} INFO - DAG(s) 'dag_1_ingestion_transaccional' retrieved from /opt/airflow/dags/dag_1_ingestion_transaccional.py
[2026-03-03T09:10:06.310+0000] {logging_mixin.py:190} INFO - [2026-03-03T09:10:06.310+0000] {dag.py:3239} INFO - Sync 1 DAGs
[2026-03-03T09:10:06.325+0000] {logging_mixin.py:190} INFO - [2026-03-03T09:10:06.324+0000] {dag.py:4180} INFO - Setting next_dagrun for dag_1_ingestion_transaccional to None, run_after=None
[2026-03-03T09:10:06.352+0000] {processor.py:208} INFO - Processing /opt/airflow/dags/dag_1_ingestion_transaccional.py took 0.606 seconds
[2026-03-03T09:10:36.427+0000] {processor.py:186} INFO - Started process (PID=796) to work on /opt/airflow/dags/dag_1_ingestion_transaccional.py
[2026-03-03T09:10:36.428+0000] {processor.py:914} INFO - Processing file /opt/airflow/dags/dag_1_ingestion_transaccional.py for tasks to queue
[2026-03-03T09:10:36.429+0000] {logging_mixin.py:190} INFO - [2026-03-03T09:10:36.429+0000] {dagbag.py:588} INFO - Filling up the DagBag from /opt/airflow/dags/dag_1_ingestion_transaccional.py
[2026-03-03T09:10:36.921+0000] {processor.py:925} INFO - DAG(s) 'dag_1_ingestion_transaccional' retrieved from /opt/airflow/dags/dag_1_ingestion_transaccional.py
[2026-03-03T09:10:36.944+0000] {logging_mixin.py:190} INFO - [2026-03-03T09:10:36.944+0000] {dag.py:3239} INFO - Sync 1 DAGs
[2026-03-03T09:10:36.958+0000] {logging_mixin.py:190} INFO - [2026-03-03T09:10:36.958+0000] {dag.py:4180} INFO - Setting next_dagrun for dag_1_ingestion_transaccional to None, run_after=None
[2026-03-03T09:10:36.980+0000] {processor.py:208} INFO - Processing /opt/airflow/dags/dag_1_ingestion_transaccional.py took 0.558 seconds
[2026-03-03T09:11:07.054+0000] {processor.py:186} INFO - Started process (PID=820) to work on /opt/airflow/dags/dag_1_ingestion_transaccional.py
[2026-03-03T09:11:07.056+0000] {processor.py:914} INFO - Processing file /opt/airflow/dags/dag_1_ingestion_transaccional.py for tasks to queue
[2026-03-03T09:11:07.057+0000] {logging_mixin.py:190} INFO - [2026-03-03T09:11:07.057+0000] {dagbag.py:588} INFO - Filling up the DagBag from /opt/airflow/dags/dag_1_ingestion_transaccional.py
[2026-03-03T09:11:07.524+0000] {processor.py:925} INFO - DAG(s) 'dag_1_ingestion_transaccional' retrieved from /opt/airflow/dags/dag_1_ingestion_transaccional.py
[2026-03-03T09:11:07.559+0000] {logging_mixin.py:190} INFO - [2026-03-03T09:11:07.557+0000] {dag.py:3239} INFO - Sync 1 DAGs
[2026-03-03T09:11:07.580+0000] {logging_mixin.py:190} INFO - [2026-03-03T09:11:07.580+0000] {dag.py:4180} INFO - Setting next_dagrun for dag_1_ingestion_transaccional to None, run_after=None
[2026-03-03T09:11:07.613+0000] {processor.py:208} INFO - Processing /opt/airflow/dags/dag_1_ingestion_transaccional.py took 0.564 seconds
[2026-03-03T09:11:37.690+0000] {processor.py:186} INFO - Started process (PID=844) to work on /opt/airflow/dags/dag_1_ingestion_transaccional.py
[2026-03-03T09:11:37.691+0000] {processor.py:914} INFO - Processing file /opt/airflow/dags/dag_1_ingestion_transaccional.py for tasks to queue
[2026-03-03T09:11:37.692+0000] {logging_mixin.py:190} INFO - [2026-03-03T09:11:37.692+0000] {dagbag.py:588} INFO - Filling up the DagBag from /opt/airflow/dags/dag_1_ingestion_transaccional.py
[2026-03-03T09:11:38.280+0000] {processor.py:925} INFO - DAG(s) 'dag_1_ingestion_transaccional' retrieved from /opt/airflow/dags/dag_1_ingestion_transaccional.py
[2026-03-03T09:11:38.308+0000] {logging_mixin.py:190} INFO - [2026-03-03T09:11:38.307+0000] {dag.py:3239} INFO - Sync 1 DAGs
[2026-03-03T09:11:38.327+0000] {logging_mixin.py:190} INFO - [2026-03-03T09:11:38.327+0000] {dag.py:4180} INFO - Setting next_dagrun for dag_1_ingestion_transaccional to None, run_after=None
[2026-03-03T09:11:38.361+0000] {processor.py:208} INFO - Processing /opt/airflow/dags/dag_1_ingestion_transaccional.py took 0.677 seconds
[2026-03-03T09:12:08.685+0000] {processor.py:186} INFO - Started process (PID=868) to work on /opt/airflow/dags/dag_1_ingestion_transaccional.py
[2026-03-03T09:12:08.687+0000] {processor.py:914} INFO - Processing file /opt/airflow/dags/dag_1_ingestion_transaccional.py for tasks to queue
[2026-03-03T09:12:08.689+0000] {logging_mixin.py:190} INFO - [2026-03-03T09:12:08.688+0000] {dagbag.py:588} INFO - Filling up the DagBag from /opt/airflow/dags/dag_1_ingestion_transaccional.py
[2026-03-03T09:12:09.236+0000] {processor.py:925} INFO - DAG(s) 'dag_1_ingestion_transaccional' retrieved from /opt/airflow/dags/dag_1_ingestion_transaccional.py
[2026-03-03T09:12:09.297+0000] {logging_mixin.py:190} INFO - [2026-03-03T09:12:09.296+0000] {dag.py:3239} INFO - Sync 1 DAGs
[2026-03-03T09:12:09.331+0000] {logging_mixin.py:190} INFO - [2026-03-03T09:12:09.331+0000] {dag.py:4180} INFO - Setting next_dagrun for dag_1_ingestion_transaccional to None, run_after=None
[2026-03-03T09:12:09.369+0000] {processor.py:208} INFO - Processing /opt/airflow/dags/dag_1_ingestion_transaccional.py took 0.694 seconds
[2026-03-03T09:12:39.504+0000] {processor.py:186} INFO - Started process (PID=892) to work on /opt/airflow/dags/dag_1_ingestion_transaccional.py
[2026-03-03T09:12:39.506+0000] {processor.py:914} INFO - Processing file /opt/airflow/dags/dag_1_ingestion_transaccional.py for tasks to queue
[2026-03-03T09:12:39.507+0000] {logging_mixin.py:190} INFO - [2026-03-03T09:12:39.507+0000] {dagbag.py:588} INFO - Filling up the DagBag from /opt/airflow/dags/dag_1_ingestion_transaccional.py
[2026-03-03T09:12:39.870+0000] {processor.py:925} INFO - DAG(s) 'dag_1_ingestion_transaccional' retrieved from /opt/airflow/dags/dag_1_ingestion_transaccional.py
[2026-03-03T09:12:39.903+0000] {logging_mixin.py:190} INFO - [2026-03-03T09:12:39.902+0000] {dag.py:3239} INFO - Sync 1 DAGs
[2026-03-03T09:12:39.919+0000] {logging_mixin.py:190} INFO - [2026-03-03T09:12:39.919+0000] {dag.py:4180} INFO - Setting next_dagrun for dag_1_ingestion_transaccional to None, run_after=None
[2026-03-03T09:12:39.944+0000] {processor.py:208} INFO - Processing /opt/airflow/dags/dag_1_ingestion_transaccional.py took 0.446 seconds
[2026-03-03T09:13:10.373+0000] {processor.py:186} INFO - Started process (PID=916) to work on /opt/airflow/dags/dag_1_ingestion_transaccional.py
[2026-03-03T09:13:10.374+0000] {processor.py:914} INFO - Processing file /opt/airflow/dags/dag_1_ingestion_transaccional.py for tasks to queue
[2026-03-03T09:13:10.376+0000] {logging_mixin.py:190} INFO - [2026-03-03T09:13:10.375+0000] {dagbag.py:588} INFO - Filling up the DagBag from /opt/airflow/dags/dag_1_ingestion_transaccional.py
[2026-03-03T09:13:10.696+0000] {processor.py:925} INFO - DAG(s) 'dag_1_ingestion_transaccional' retrieved from /opt/airflow/dags/dag_1_ingestion_transaccional.py
[2026-03-03T09:13:10.726+0000] {logging_mixin.py:190} INFO - [2026-03-03T09:13:10.726+0000] {dag.py:3239} INFO - Sync 1 DAGs
[2026-03-03T09:13:10.742+0000] {logging_mixin.py:190} INFO - [2026-03-03T09:13:10.742+0000] {dag.py:4180} INFO - Setting next_dagrun for dag_1_ingestion_transaccional to None, run_after=None
[2026-03-03T09:13:10.771+0000] {processor.py:208} INFO - Processing /opt/airflow/dags/dag_1_ingestion_transaccional.py took 0.405 seconds
[2026-03-03T09:13:41.174+0000] {processor.py:186} INFO - Started process (PID=940) to work on /opt/airflow/dags/dag_1_ingestion_transaccional.py
[2026-03-03T09:13:41.176+0000] {processor.py:914} INFO - Processing file /opt/airflow/dags/dag_1_ingestion_transaccional.py for tasks to queue
[2026-03-03T09:13:41.177+0000] {logging_mixin.py:190} INFO - [2026-03-03T09:13:41.177+0000] {dagbag.py:588} INFO - Filling up the DagBag from /opt/airflow/dags/dag_1_ingestion_transaccional.py
[2026-03-03T09:13:41.498+0000] {processor.py:925} INFO - DAG(s) 'dag_1_ingestion_transaccional' retrieved from /opt/airflow/dags/dag_1_ingestion_transaccional.py
[2026-03-03T09:13:41.527+0000] {logging_mixin.py:190} INFO - [2026-03-03T09:13:41.527+0000] {dag.py:3239} INFO - Sync 1 DAGs
[2026-03-03T09:13:41.543+0000] {logging_mixin.py:190} INFO - [2026-03-03T09:13:41.543+0000] {dag.py:4180} INFO - Setting next_dagrun for dag_1_ingestion_transaccional to None, run_after=None
[2026-03-03T09:13:41.565+0000] {processor.py:208} INFO - Processing /opt/airflow/dags/dag_1_ingestion_transaccional.py took 0.396 seconds
[2026-03-03T09:14:11.660+0000] {processor.py:186} INFO - Started process (PID=964) to work on /opt/airflow/dags/dag_1_ingestion_transaccional.py
[2026-03-03T09:14:11.662+0000] {processor.py:914} INFO - Processing file /opt/airflow/dags/dag_1_ingestion_transaccional.py for tasks to queue
[2026-03-03T09:14:11.664+0000] {logging_mixin.py:190} INFO - [2026-03-03T09:14:11.663+0000] {dagbag.py:588} INFO - Filling up the DagBag from /opt/airflow/dags/dag_1_ingestion_transaccional.py
[2026-03-03T09:14:12.012+0000] {processor.py:925} INFO - DAG(s) 'dag_1_ingestion_transaccional' retrieved from /opt/airflow/dags/dag_1_ingestion_transaccional.py
[2026-03-03T09:14:12.043+0000] {logging_mixin.py:190} INFO - [2026-03-03T09:14:12.042+0000] {dag.py:3239} INFO - Sync 1 DAGs
[2026-03-03T09:14:12.060+0000] {logging_mixin.py:190} INFO - [2026-03-03T09:14:12.060+0000] {dag.py:4180} INFO - Setting next_dagrun for dag_1_ingestion_transaccional to None, run_after=None
[2026-03-03T09:14:12.087+0000] {processor.py:208} INFO - Processing /opt/airflow/dags/dag_1_ingestion_transaccional.py took 0.432 seconds
[2026-03-03T09:14:42.203+0000] {processor.py:186} INFO - Started process (PID=988) to work on /opt/airflow/dags/dag_1_ingestion_transaccional.py
[2026-03-03T09:14:42.205+0000] {processor.py:914} INFO - Processing file /opt/airflow/dags/dag_1_ingestion_transaccional.py for tasks to queue
[2026-03-03T09:14:42.206+0000] {logging_mixin.py:190} INFO - [2026-03-03T09:14:42.206+0000] {dagbag.py:588} INFO - Filling up the DagBag from /opt/airflow/dags/dag_1_ingestion_transaccional.py
[2026-03-03T09:14:42.603+0000] {processor.py:925} INFO - DAG(s) 'dag_1_ingestion_transaccional' retrieved from /opt/airflow/dags/dag_1_ingestion_transaccional.py
[2026-03-03T09:14:42.640+0000] {logging_mixin.py:190} INFO - [2026-03-03T09:14:42.639+0000] {dag.py:3239} INFO - Sync 1 DAGs
[2026-03-03T09:14:42.660+0000] {logging_mixin.py:190} INFO - [2026-03-03T09:14:42.659+0000] {dag.py:4180} INFO - Setting next_dagrun for dag_1_ingestion_transaccional to None, run_after=None
[2026-03-03T09:14:42.682+0000] {processor.py:208} INFO - Processing /opt/airflow/dags/dag_1_ingestion_transaccional.py took 0.484 seconds
[2026-03-03T09:15:12.816+0000] {processor.py:186} INFO - Started process (PID=1012) to work on /opt/airflow/dags/dag_1_ingestion_transaccional.py
[2026-03-03T09:15:12.818+0000] {processor.py:914} INFO - Processing file /opt/airflow/dags/dag_1_ingestion_transaccional.py for tasks to queue
[2026-03-03T09:15:12.820+0000] {logging_mixin.py:190} INFO - [2026-03-03T09:15:12.820+0000] {dagbag.py:588} INFO - Filling up the DagBag from /opt/airflow/dags/dag_1_ingestion_transaccional.py
[2026-03-03T09:15:13.342+0000] {processor.py:925} INFO - DAG(s) 'dag_1_ingestion_transaccional' retrieved from /opt/airflow/dags/dag_1_ingestion_transaccional.py
[2026-03-03T09:15:13.384+0000] {logging_mixin.py:190} INFO - [2026-03-03T09:15:13.384+0000] {dag.py:3239} INFO - Sync 1 DAGs
[2026-03-03T09:15:13.408+0000] {logging_mixin.py:190} INFO - [2026-03-03T09:15:13.408+0000] {dag.py:4180} INFO - Setting next_dagrun for dag_1_ingestion_transaccional to None, run_after=None
[2026-03-03T09:15:13.436+0000] {processor.py:208} INFO - Processing /opt/airflow/dags/dag_1_ingestion_transaccional.py took 0.630 seconds
[2026-03-03T09:15:43.636+0000] {processor.py:186} INFO - Started process (PID=1036) to work on /opt/airflow/dags/dag_1_ingestion_transaccional.py
[2026-03-03T09:15:43.638+0000] {processor.py:914} INFO - Processing file /opt/airflow/dags/dag_1_ingestion_transaccional.py for tasks to queue
[2026-03-03T09:15:43.641+0000] {logging_mixin.py:190} INFO - [2026-03-03T09:15:43.640+0000] {dagbag.py:588} INFO - Filling up the DagBag from /opt/airflow/dags/dag_1_ingestion_transaccional.py
[2026-03-03T09:15:44.095+0000] {processor.py:925} INFO - DAG(s) 'dag_1_ingestion_transaccional' retrieved from /opt/airflow/dags/dag_1_ingestion_transaccional.py
[2026-03-03T09:15:44.135+0000] {logging_mixin.py:190} INFO - [2026-03-03T09:15:44.134+0000] {dag.py:3239} INFO - Sync 1 DAGs
[2026-03-03T09:15:44.156+0000] {logging_mixin.py:190} INFO - [2026-03-03T09:15:44.155+0000] {dag.py:4180} INFO - Setting next_dagrun for dag_1_ingestion_transaccional to None, run_after=None
[2026-03-03T09:15:44.186+0000] {processor.py:208} INFO - Processing /opt/airflow/dags/dag_1_ingestion_transaccional.py took 0.557 seconds
[2026-03-03T09:16:14.311+0000] {processor.py:186} INFO - Started process (PID=1060) to work on /opt/airflow/dags/dag_1_ingestion_transaccional.py
[2026-03-03T09:16:14.313+0000] {processor.py:914} INFO - Processing file /opt/airflow/dags/dag_1_ingestion_transaccional.py for tasks to queue
[2026-03-03T09:16:14.314+0000] {logging_mixin.py:190} INFO - [2026-03-03T09:16:14.314+0000] {dagbag.py:588} INFO - Filling up the DagBag from /opt/airflow/dags/dag_1_ingestion_transaccional.py
[2026-03-03T09:16:14.734+0000] {processor.py:925} INFO - DAG(s) 'dag_1_ingestion_transaccional' retrieved from /opt/airflow/dags/dag_1_ingestion_transaccional.py
[2026-03-03T09:16:14.761+0000] {logging_mixin.py:190} INFO - [2026-03-03T09:16:14.761+0000] {dag.py:3239} INFO - Sync 1 DAGs
[2026-03-03T09:16:14.779+0000] {logging_mixin.py:190} INFO - [2026-03-03T09:16:14.779+0000] {dag.py:4180} INFO - Setting next_dagrun for dag_1_ingestion_transaccional to None, run_after=None
[2026-03-03T09:16:14.808+0000] {processor.py:208} INFO - Processing /opt/airflow/dags/dag_1_ingestion_transaccional.py took 0.507 seconds
[2026-03-03T09:16:19.884+0000] {processor.py:186} INFO - Started process (PID=1072) to work on /opt/airflow/dags/dag_1_ingestion_transaccional.py
[2026-03-03T09:16:19.885+0000] {processor.py:914} INFO - Processing file /opt/airflow/dags/dag_1_ingestion_transaccional.py for tasks to queue
[2026-03-03T09:16:19.890+0000] {logging_mixin.py:190} INFO - [2026-03-03T09:16:19.888+0000] {dagbag.py:588} INFO - Filling up the DagBag from /opt/airflow/dags/dag_1_ingestion_transaccional.py
[2026-03-03T09:16:20.480+0000] {processor.py:925} INFO - DAG(s) 'dag_1_ingestion_transaccional' retrieved from /opt/airflow/dags/dag_1_ingestion_transaccional.py
[2026-03-03T09:16:20.519+0000] {logging_mixin.py:190} INFO - [2026-03-03T09:16:20.518+0000] {dag.py:3239} INFO - Sync 1 DAGs
[2026-03-03T09:16:20.541+0000] {logging_mixin.py:190} INFO - [2026-03-03T09:16:20.541+0000] {dag.py:4180} INFO - Setting next_dagrun for dag_1_ingestion_transaccional to None, run_after=None
[2026-03-03T09:16:20.578+0000] {processor.py:208} INFO - Processing /opt/airflow/dags/dag_1_ingestion_transaccional.py took 0.701 seconds
[2026-03-03T09:16:50.717+0000] {processor.py:186} INFO - Started process (PID=1090) to work on /opt/airflow/dags/dag_1_ingestion_transaccional.py
[2026-03-03T09:16:50.718+0000] {processor.py:914} INFO - Processing file /opt/airflow/dags/dag_1_ingestion_transaccional.py for tasks to queue
[2026-03-03T09:16:50.720+0000] {logging_mixin.py:190} INFO - [2026-03-03T09:16:50.720+0000] {dagbag.py:588} INFO - Filling up the DagBag from /opt/airflow/dags/dag_1_ingestion_transaccional.py
[2026-03-03T09:16:51.126+0000] {processor.py:925} INFO - DAG(s) 'dag_1_ingestion_transaccional' retrieved from /opt/airflow/dags/dag_1_ingestion_transaccional.py
[2026-03-03T09:16:51.156+0000] {logging_mixin.py:190} INFO - [2026-03-03T09:16:51.155+0000] {dag.py:3239} INFO - Sync 1 DAGs
[2026-03-03T09:16:51.173+0000] {logging_mixin.py:190} INFO - [2026-03-03T09:16:51.173+0000] {dag.py:4180} INFO - Setting next_dagrun for dag_1_ingestion_transaccional to None, run_after=None
[2026-03-03T09:16:51.197+0000] {processor.py:208} INFO - Processing /opt/airflow/dags/dag_1_ingestion_transaccional.py took 0.486 seconds
[2026-03-03T09:17:21.624+0000] {processor.py:186} INFO - Started process (PID=1108) to work on /opt/airflow/dags/dag_1_ingestion_transaccional.py
[2026-03-03T09:17:21.625+0000] {processor.py:914} INFO - Processing file /opt/airflow/dags/dag_1_ingestion_transaccional.py for tasks to queue
[2026-03-03T09:17:21.626+0000] {logging_mixin.py:190} INFO - [2026-03-03T09:17:21.625+0000] {dagbag.py:588} INFO - Filling up the DagBag from /opt/airflow/dags/dag_1_ingestion_transaccional.py
[2026-03-03T09:17:22.024+0000] {processor.py:925} INFO - DAG(s) 'dag_1_ingestion_transaccional' retrieved from /opt/airflow/dags/dag_1_ingestion_transaccional.py
[2026-03-03T09:17:22.051+0000] {logging_mixin.py:190} INFO - [2026-03-03T09:17:22.050+0000] {dag.py:3239} INFO - Sync 1 DAGs
[2026-03-03T09:17:22.066+0000] {logging_mixin.py:190} INFO - [2026-03-03T09:17:22.065+0000] {dag.py:4180} INFO - Setting next_dagrun for dag_1_ingestion_transaccional to None, run_after=None
[2026-03-03T09:17:22.099+0000] {processor.py:208} INFO - Processing /opt/airflow/dags/dag_1_ingestion_transaccional.py took 0.481 seconds
[2026-03-03T09:17:52.190+0000] {processor.py:186} INFO - Started process (PID=1126) to work on /opt/airflow/dags/dag_1_ingestion_transaccional.py
[2026-03-03T09:17:52.191+0000] {processor.py:914} INFO - Processing file /opt/airflow/dags/dag_1_ingestion_transaccional.py for tasks to queue
[2026-03-03T09:17:52.193+0000] {logging_mixin.py:190} INFO - [2026-03-03T09:17:52.193+0000] {dagbag.py:588} INFO - Filling up the DagBag from /opt/airflow/dags/dag_1_ingestion_transaccional.py
[2026-03-03T09:17:52.592+0000] {processor.py:925} INFO - DAG(s) 'dag_1_ingestion_transaccional' retrieved from /opt/airflow/dags/dag_1_ingestion_transaccional.py
[2026-03-03T09:17:52.619+0000] {logging_mixin.py:190} INFO - [2026-03-03T09:17:52.618+0000] {dag.py:3239} INFO - Sync 1 DAGs
[2026-03-03T09:17:52.638+0000] {logging_mixin.py:190} INFO - [2026-03-03T09:17:52.637+0000] {dag.py:4180} INFO - Setting next_dagrun for dag_1_ingestion_transaccional to None, run_after=None
[2026-03-03T09:17:52.662+0000] {processor.py:208} INFO - Processing /opt/airflow/dags/dag_1_ingestion_transaccional.py took 0.477 seconds
[2026-03-03T09:18:23.203+0000] {processor.py:186} INFO - Started process (PID=1144) to work on /opt/airflow/dags/dag_1_ingestion_transaccional.py
[2026-03-03T09:18:23.204+0000] {processor.py:914} INFO - Processing file /opt/airflow/dags/dag_1_ingestion_transaccional.py for tasks to queue
[2026-03-03T09:18:23.206+0000] {logging_mixin.py:190} INFO - [2026-03-03T09:18:23.205+0000] {dagbag.py:588} INFO - Filling up the DagBag from /opt/airflow/dags/dag_1_ingestion_transaccional.py
[2026-03-03T09:18:23.569+0000] {processor.py:925} INFO - DAG(s) 'dag_1_ingestion_transaccional' retrieved from /opt/airflow/dags/dag_1_ingestion_transaccional.py
[2026-03-03T09:18:23.595+0000] {logging_mixin.py:190} INFO - [2026-03-03T09:18:23.594+0000] {dag.py:3239} INFO - Sync 1 DAGs
[2026-03-03T09:18:23.611+0000] {logging_mixin.py:190} INFO - [2026-03-03T09:18:23.610+0000] {dag.py:4180} INFO - Setting next_dagrun for dag_1_ingestion_transaccional to None, run_after=None
[2026-03-03T09:18:23.634+0000] {processor.py:208} INFO - Processing /opt/airflow/dags/dag_1_ingestion_transaccional.py took 0.436 seconds
[2026-03-03T09:18:55.769+0000] {processor.py:186} INFO - Started process (PID=1227) to work on /opt/airflow/dags/dag_1_ingestion_transaccional.py
[2026-03-03T09:18:55.774+0000] {processor.py:914} INFO - Processing file /opt/airflow/dags/dag_1_ingestion_transaccional.py for tasks to queue
[2026-03-03T09:18:55.777+0000] {logging_mixin.py:190} INFO - [2026-03-03T09:18:55.776+0000] {dagbag.py:588} INFO - Filling up the DagBag from /opt/airflow/dags/dag_1_ingestion_transaccional.py
[2026-03-03T09:36:17.219+0000] {processor.py:186} INFO - Started process (PID=185) to work on /opt/airflow/dags/dag_1_ingestion_transaccional.py
[2026-03-03T09:36:17.220+0000] {processor.py:914} INFO - Processing file /opt/airflow/dags/dag_1_ingestion_transaccional.py for tasks to queue
[2026-03-03T09:36:17.223+0000] {logging_mixin.py:190} INFO - [2026-03-03T09:36:17.222+0000] {dagbag.py:588} INFO - Filling up the DagBag from /opt/airflow/dags/dag_1_ingestion_transaccional.py
[2026-03-03T09:36:17.898+0000] {processor.py:925} INFO - DAG(s) 'dag_1_ingestion_transaccional' retrieved from /opt/airflow/dags/dag_1_ingestion_transaccional.py
[2026-03-03T09:36:17.926+0000] {logging_mixin.py:190} INFO - [2026-03-03T09:36:17.926+0000] {dag.py:3239} INFO - Sync 1 DAGs
[2026-03-03T09:36:17.943+0000] {logging_mixin.py:190} INFO - [2026-03-03T09:36:17.943+0000] {dag.py:4180} INFO - Setting next_dagrun for dag_1_ingestion_transaccional to None, run_after=None
[2026-03-03T09:36:17.967+0000] {processor.py:208} INFO - Processing /opt/airflow/dags/dag_1_ingestion_transaccional.py took 0.753 seconds
[2026-03-03T09:36:48.555+0000] {processor.py:186} INFO - Started process (PID=209) to work on /opt/airflow/dags/dag_1_ingestion_transaccional.py
[2026-03-03T09:36:48.556+0000] {processor.py:914} INFO - Processing file /opt/airflow/dags/dag_1_ingestion_transaccional.py for tasks to queue
[2026-03-03T09:36:48.559+0000] {logging_mixin.py:190} INFO - [2026-03-03T09:36:48.558+0000] {dagbag.py:588} INFO - Filling up the DagBag from /opt/airflow/dags/dag_1_ingestion_transaccional.py
[2026-03-03T09:36:49.057+0000] {processor.py:925} INFO - DAG(s) 'dag_1_ingestion_transaccional' retrieved from /opt/airflow/dags/dag_1_ingestion_transaccional.py
[2026-03-03T09:36:49.080+0000] {logging_mixin.py:190} INFO - [2026-03-03T09:36:49.079+0000] {dag.py:3239} INFO - Sync 1 DAGs
[2026-03-03T09:36:49.094+0000] {logging_mixin.py:190} INFO - [2026-03-03T09:36:49.094+0000] {dag.py:4180} INFO - Setting next_dagrun for dag_1_ingestion_transaccional to None, run_after=None
[2026-03-03T09:36:49.121+0000] {processor.py:208} INFO - Processing /opt/airflow/dags/dag_1_ingestion_transaccional.py took 0.572 seconds
[2026-03-03T09:37:19.877+0000] {processor.py:186} INFO - Started process (PID=233) to work on /opt/airflow/dags/dag_1_ingestion_transaccional.py
[2026-03-03T09:37:19.878+0000] {processor.py:914} INFO - Processing file /opt/airflow/dags/dag_1_ingestion_transaccional.py for tasks to queue
[2026-03-03T09:37:19.880+0000] {logging_mixin.py:190} INFO - [2026-03-03T09:37:19.880+0000] {dagbag.py:588} INFO - Filling up the DagBag from /opt/airflow/dags/dag_1_ingestion_transaccional.py
[2026-03-03T09:37:20.392+0000] {processor.py:925} INFO - DAG(s) 'dag_1_ingestion_transaccional' retrieved from /opt/airflow/dags/dag_1_ingestion_transaccional.py
[2026-03-03T09:37:20.418+0000] {logging_mixin.py:190} INFO - [2026-03-03T09:37:20.417+0000] {dag.py:3239} INFO - Sync 1 DAGs
[2026-03-03T09:37:20.433+0000] {logging_mixin.py:190} INFO - [2026-03-03T09:37:20.433+0000] {dag.py:4180} INFO - Setting next_dagrun for dag_1_ingestion_transaccional to None, run_after=None
[2026-03-03T09:37:20.456+0000] {processor.py:208} INFO - Processing /opt/airflow/dags/dag_1_ingestion_transaccional.py took 0.585 seconds
[2026-03-03T09:37:50.590+0000] {processor.py:186} INFO - Started process (PID=255) to work on /opt/airflow/dags/dag_1_ingestion_transaccional.py
[2026-03-03T09:37:50.591+0000] {processor.py:914} INFO - Processing file /opt/airflow/dags/dag_1_ingestion_transaccional.py for tasks to queue
[2026-03-03T09:37:50.594+0000] {logging_mixin.py:190} INFO - [2026-03-03T09:37:50.594+0000] {dagbag.py:588} INFO - Filling up the DagBag from /opt/airflow/dags/dag_1_ingestion_transaccional.py
[2026-03-03T09:37:51.097+0000] {processor.py:925} INFO - DAG(s) 'dag_1_ingestion_transaccional' retrieved from /opt/airflow/dags/dag_1_ingestion_transaccional.py
[2026-03-03T09:37:51.119+0000] {logging_mixin.py:190} INFO - [2026-03-03T09:37:51.119+0000] {dag.py:3239} INFO - Sync 1 DAGs
[2026-03-03T09:37:51.132+0000] {logging_mixin.py:190} INFO - [2026-03-03T09:37:51.132+0000] {dag.py:4180} INFO - Setting next_dagrun for dag_1_ingestion_transaccional to None, run_after=None
[2026-03-03T09:37:51.154+0000] {processor.py:208} INFO - Processing /opt/airflow/dags/dag_1_ingestion_transaccional.py took 0.569 seconds
[2026-03-03T09:38:21.619+0000] {processor.py:186} INFO - Started process (PID=281) to work on /opt/airflow/dags/dag_1_ingestion_transaccional.py
[2026-03-03T09:38:21.620+0000] {processor.py:914} INFO - Processing file /opt/airflow/dags/dag_1_ingestion_transaccional.py for tasks to queue
[2026-03-03T09:38:21.623+0000] {logging_mixin.py:190} INFO - [2026-03-03T09:38:21.623+0000] {dagbag.py:588} INFO - Filling up the DagBag from /opt/airflow/dags/dag_1_ingestion_transaccional.py
[2026-03-03T09:38:22.189+0000] {processor.py:925} INFO - DAG(s) 'dag_1_ingestion_transaccional' retrieved from /opt/airflow/dags/dag_1_ingestion_transaccional.py
[2026-03-03T09:38:22.213+0000] {logging_mixin.py:190} INFO - [2026-03-03T09:38:22.213+0000] {dag.py:3239} INFO - Sync 1 DAGs
[2026-03-03T09:38:22.231+0000] {logging_mixin.py:190} INFO - [2026-03-03T09:38:22.231+0000] {dag.py:4180} INFO - Setting next_dagrun for dag_1_ingestion_transaccional to None, run_after=None
[2026-03-03T09:38:22.261+0000] {processor.py:208} INFO - Processing /opt/airflow/dags/dag_1_ingestion_transaccional.py took 0.649 seconds
[2026-03-03T09:38:53.150+0000] {processor.py:186} INFO - Started process (PID=305) to work on /opt/airflow/dags/dag_1_ingestion_transaccional.py
[2026-03-03T09:38:53.151+0000] {processor.py:914} INFO - Processing file /opt/airflow/dags/dag_1_ingestion_transaccional.py for tasks to queue
[2026-03-03T09:38:53.153+0000] {logging_mixin.py:190} INFO - [2026-03-03T09:38:53.153+0000] {dagbag.py:588} INFO - Filling up the DagBag from /opt/airflow/dags/dag_1_ingestion_transaccional.py
[2026-03-03T09:38:53.638+0000] {processor.py:925} INFO - DAG(s) 'dag_1_ingestion_transaccional' retrieved from /opt/airflow/dags/dag_1_ingestion_transaccional.py
[2026-03-03T09:38:53.661+0000] {logging_mixin.py:190} INFO - [2026-03-03T09:38:53.661+0000] {dag.py:3239} INFO - Sync 1 DAGs
[2026-03-03T09:38:53.676+0000] {logging_mixin.py:190} INFO - [2026-03-03T09:38:53.676+0000] {dag.py:4180} INFO - Setting next_dagrun for dag_1_ingestion_transaccional to None, run_after=None
[2026-03-03T09:38:53.698+0000] {processor.py:208} INFO - Processing /opt/airflow/dags/dag_1_ingestion_transaccional.py took 0.555 seconds
[2026-03-03T09:39:24.435+0000] {processor.py:186} INFO - Started process (PID=329) to work on /opt/airflow/dags/dag_1_ingestion_transaccional.py
[2026-03-03T09:39:24.436+0000] {processor.py:914} INFO - Processing file /opt/airflow/dags/dag_1_ingestion_transaccional.py for tasks to queue
[2026-03-03T09:39:24.440+0000] {logging_mixin.py:190} INFO - [2026-03-03T09:39:24.439+0000] {dagbag.py:588} INFO - Filling up the DagBag from /opt/airflow/dags/dag_1_ingestion_transaccional.py
[2026-03-03T09:39:24.926+0000] {processor.py:925} INFO - DAG(s) 'dag_1_ingestion_transaccional' retrieved from /opt/airflow/dags/dag_1_ingestion_transaccional.py
[2026-03-03T09:39:24.948+0000] {logging_mixin.py:190} INFO - [2026-03-03T09:39:24.947+0000] {dag.py:3239} INFO - Sync 1 DAGs
[2026-03-03T09:39:24.962+0000] {logging_mixin.py:190} INFO - [2026-03-03T09:39:24.962+0000] {dag.py:4180} INFO - Setting next_dagrun for dag_1_ingestion_transaccional to None, run_after=None
[2026-03-03T09:39:24.989+0000] {processor.py:208} INFO - Processing /opt/airflow/dags/dag_1_ingestion_transaccional.py took 0.560 seconds
[2026-03-03T09:39:55.193+0000] {processor.py:186} INFO - Started process (PID=353) to work on /opt/airflow/dags/dag_1_ingestion_transaccional.py
[2026-03-03T09:39:55.194+0000] {processor.py:914} INFO - Processing file /opt/airflow/dags/dag_1_ingestion_transaccional.py for tasks to queue
[2026-03-03T09:39:55.196+0000] {logging_mixin.py:190} INFO - [2026-03-03T09:39:55.196+0000] {dagbag.py:588} INFO - Filling up the DagBag from /opt/airflow/dags/dag_1_ingestion_transaccional.py
[2026-03-03T09:39:55.677+0000] {processor.py:925} INFO - DAG(s) 'dag_1_ingestion_transaccional' retrieved from /opt/airflow/dags/dag_1_ingestion_transaccional.py
[2026-03-03T09:39:55.698+0000] {logging_mixin.py:190} INFO - [2026-03-03T09:39:55.698+0000] {dag.py:3239} INFO - Sync 1 DAGs
[2026-03-03T09:39:55.714+0000] {logging_mixin.py:190} INFO - [2026-03-03T09:39:55.713+0000] {dag.py:4180} INFO - Setting next_dagrun for dag_1_ingestion_transaccional to None, run_after=None
[2026-03-03T09:39:55.736+0000] {processor.py:208} INFO - Processing /opt/airflow/dags/dag_1_ingestion_transaccional.py took 0.548 seconds
[2026-03-03T09:40:26.014+0000] {processor.py:186} INFO - Started process (PID=375) to work on /opt/airflow/dags/dag_1_ingestion_transaccional.py
[2026-03-03T09:40:26.015+0000] {processor.py:914} INFO - Processing file /opt/airflow/dags/dag_1_ingestion_transaccional.py for tasks to queue
[2026-03-03T09:40:26.018+0000] {logging_mixin.py:190} INFO - [2026-03-03T09:40:26.017+0000] {dagbag.py:588} INFO - Filling up the DagBag from /opt/airflow/dags/dag_1_ingestion_transaccional.py
[2026-03-03T09:40:26.690+0000] {processor.py:925} INFO - DAG(s) 'dag_1_ingestion_transaccional' retrieved from /opt/airflow/dags/dag_1_ingestion_transaccional.py
[2026-03-03T09:40:26.735+0000] {logging_mixin.py:190} INFO - [2026-03-03T09:40:26.734+0000] {dag.py:3239} INFO - Sync 1 DAGs
[2026-03-03T09:40:26.758+0000] {logging_mixin.py:190} INFO - [2026-03-03T09:40:26.758+0000] {dag.py:4180} INFO - Setting next_dagrun for dag_1_ingestion_transaccional to None, run_after=None
[2026-03-03T09:40:26.786+0000] {processor.py:208} INFO - Processing /opt/airflow/dags/dag_1_ingestion_transaccional.py took 0.778 seconds
[2026-03-03T09:40:56.860+0000] {processor.py:186} INFO - Started process (PID=401) to work on /opt/airflow/dags/dag_1_ingestion_transaccional.py
[2026-03-03T09:40:56.861+0000] {processor.py:914} INFO - Processing file /opt/airflow/dags/dag_1_ingestion_transaccional.py for tasks to queue
[2026-03-03T09:40:56.864+0000] {logging_mixin.py:190} INFO - [2026-03-03T09:40:56.864+0000] {dagbag.py:588} INFO - Filling up the DagBag from /opt/airflow/dags/dag_1_ingestion_transaccional.py
[2026-03-03T09:40:57.391+0000] {processor.py:925} INFO - DAG(s) 'dag_1_ingestion_transaccional' retrieved from /opt/airflow/dags/dag_1_ingestion_transaccional.py
[2026-03-03T09:40:57.415+0000] {logging_mixin.py:190} INFO - [2026-03-03T09:40:57.415+0000] {dag.py:3239} INFO - Sync 1 DAGs
[2026-03-03T09:40:57.430+0000] {logging_mixin.py:190} INFO - [2026-03-03T09:40:57.430+0000] {dag.py:4180} INFO - Setting next_dagrun for dag_1_ingestion_transaccional to None, run_after=None
[2026-03-03T09:40:57.451+0000] {processor.py:208} INFO - Processing /opt/airflow/dags/dag_1_ingestion_transaccional.py took 0.596 seconds
[2026-03-03T09:41:27.770+0000] {processor.py:186} INFO - Started process (PID=425) to work on /opt/airflow/dags/dag_1_ingestion_transaccional.py
[2026-03-03T09:41:27.771+0000] {processor.py:914} INFO - Processing file /opt/airflow/dags/dag_1_ingestion_transaccional.py for tasks to queue
[2026-03-03T09:41:27.775+0000] {logging_mixin.py:190} INFO - [2026-03-03T09:41:27.774+0000] {dagbag.py:588} INFO - Filling up the DagBag from /opt/airflow/dags/dag_1_ingestion_transaccional.py
[2026-03-03T09:41:28.334+0000] {processor.py:925} INFO - DAG(s) 'dag_1_ingestion_transaccional' retrieved from /opt/airflow/dags/dag_1_ingestion_transaccional.py
[2026-03-03T09:41:28.363+0000] {logging_mixin.py:190} INFO - [2026-03-03T09:41:28.362+0000] {dag.py:3239} INFO - Sync 1 DAGs
[2026-03-03T09:41:28.380+0000] {logging_mixin.py:190} INFO - [2026-03-03T09:41:28.380+0000] {dag.py:4180} INFO - Setting next_dagrun for dag_1_ingestion_transaccional to None, run_after=None
[2026-03-03T09:41:28.406+0000] {processor.py:208} INFO - Processing /opt/airflow/dags/dag_1_ingestion_transaccional.py took 0.644 seconds
[2026-03-03T09:41:59.152+0000] {processor.py:186} INFO - Started process (PID=449) to work on /opt/airflow/dags/dag_1_ingestion_transaccional.py
[2026-03-03T09:41:59.153+0000] {processor.py:914} INFO - Processing file /opt/airflow/dags/dag_1_ingestion_transaccional.py for tasks to queue
[2026-03-03T09:41:59.156+0000] {logging_mixin.py:190} INFO - [2026-03-03T09:41:59.155+0000] {dagbag.py:588} INFO - Filling up the DagBag from /opt/airflow/dags/dag_1_ingestion_transaccional.py
[2026-03-03T09:41:59.637+0000] {processor.py:925} INFO - DAG(s) 'dag_1_ingestion_transaccional' retrieved from /opt/airflow/dags/dag_1_ingestion_transaccional.py
[2026-03-03T09:41:59.659+0000] {logging_mixin.py:190} INFO - [2026-03-03T09:41:59.659+0000] {dag.py:3239} INFO - Sync 1 DAGs
[2026-03-03T09:41:59.675+0000] {logging_mixin.py:190} INFO - [2026-03-03T09:41:59.674+0000] {dag.py:4180} INFO - Setting next_dagrun for dag_1_ingestion_transaccional to None, run_after=None
[2026-03-03T09:41:59.698+0000] {processor.py:208} INFO - Processing /opt/airflow/dags/dag_1_ingestion_transaccional.py took 0.551 seconds
[2026-03-03T09:42:30.789+0000] {processor.py:186} INFO - Started process (PID=489) to work on /opt/airflow/dags/dag_1_ingestion_transaccional.py
[2026-03-03T09:42:30.791+0000] {processor.py:914} INFO - Processing file /opt/airflow/dags/dag_1_ingestion_transaccional.py for tasks to queue
[2026-03-03T09:42:30.794+0000] {logging_mixin.py:190} INFO - [2026-03-03T09:42:30.794+0000] {dagbag.py:588} INFO - Filling up the DagBag from /opt/airflow/dags/dag_1_ingestion_transaccional.py
[2026-03-03T09:42:31.314+0000] {processor.py:925} INFO - DAG(s) 'dag_1_ingestion_transaccional' retrieved from /opt/airflow/dags/dag_1_ingestion_transaccional.py
[2026-03-03T09:42:31.336+0000] {logging_mixin.py:190} INFO - [2026-03-03T09:42:31.336+0000] {dag.py:3239} INFO - Sync 1 DAGs
[2026-03-03T09:42:31.351+0000] {logging_mixin.py:190} INFO - [2026-03-03T09:42:31.350+0000] {dag.py:4180} INFO - Setting next_dagrun for dag_1_ingestion_transaccional to None, run_after=None
[2026-03-03T09:42:31.373+0000] {processor.py:208} INFO - Processing /opt/airflow/dags/dag_1_ingestion_transaccional.py took 0.591 seconds
[2026-03-03T09:43:02.288+0000] {processor.py:186} INFO - Started process (PID=515) to work on /opt/airflow/dags/dag_1_ingestion_transaccional.py
[2026-03-03T09:43:02.289+0000] {processor.py:914} INFO - Processing file /opt/airflow/dags/dag_1_ingestion_transaccional.py for tasks to queue
[2026-03-03T09:43:02.291+0000] {logging_mixin.py:190} INFO - [2026-03-03T09:43:02.291+0000] {dagbag.py:588} INFO - Filling up the DagBag from /opt/airflow/dags/dag_1_ingestion_transaccional.py
[2026-03-03T09:43:02.802+0000] {processor.py:925} INFO - DAG(s) 'dag_1_ingestion_transaccional' retrieved from /opt/airflow/dags/dag_1_ingestion_transaccional.py
[2026-03-03T09:43:02.824+0000] {logging_mixin.py:190} INFO - [2026-03-03T09:43:02.824+0000] {dag.py:3239} INFO - Sync 1 DAGs
[2026-03-03T09:43:02.840+0000] {logging_mixin.py:190} INFO - [2026-03-03T09:43:02.840+0000] {dag.py:4180} INFO - Setting next_dagrun for dag_1_ingestion_transaccional to None, run_after=None
[2026-03-03T09:43:02.862+0000] {processor.py:208} INFO - Processing /opt/airflow/dags/dag_1_ingestion_transaccional.py took 0.578 seconds
[2026-03-03T09:43:33.077+0000] {processor.py:186} INFO - Started process (PID=539) to work on /opt/airflow/dags/dag_1_ingestion_transaccional.py
[2026-03-03T09:43:33.078+0000] {processor.py:914} INFO - Processing file /opt/airflow/dags/dag_1_ingestion_transaccional.py for tasks to queue
[2026-03-03T09:43:33.082+0000] {logging_mixin.py:190} INFO - [2026-03-03T09:43:33.081+0000] {dagbag.py:588} INFO - Filling up the DagBag from /opt/airflow/dags/dag_1_ingestion_transaccional.py
[2026-03-03T09:43:33.596+0000] {processor.py:925} INFO - DAG(s) 'dag_1_ingestion_transaccional' retrieved from /opt/airflow/dags/dag_1_ingestion_transaccional.py
[2026-03-03T09:43:33.618+0000] {logging_mixin.py:190} INFO - [2026-03-03T09:43:33.618+0000] {dag.py:3239} INFO - Sync 1 DAGs
[2026-03-03T09:43:33.632+0000] {logging_mixin.py:190} INFO - [2026-03-03T09:43:33.632+0000] {dag.py:4180} INFO - Setting next_dagrun for dag_1_ingestion_transaccional to None, run_after=None
[2026-03-03T09:43:33.653+0000] {processor.py:208} INFO - Processing /opt/airflow/dags/dag_1_ingestion_transaccional.py took 0.581 seconds
[2026-03-03T09:44:04.257+0000] {processor.py:186} INFO - Started process (PID=563) to work on /opt/airflow/dags/dag_1_ingestion_transaccional.py
[2026-03-03T09:44:04.259+0000] {processor.py:914} INFO - Processing file /opt/airflow/dags/dag_1_ingestion_transaccional.py for tasks to queue
[2026-03-03T09:44:04.262+0000] {logging_mixin.py:190} INFO - [2026-03-03T09:44:04.262+0000] {dagbag.py:588} INFO - Filling up the DagBag from /opt/airflow/dags/dag_1_ingestion_transaccional.py
[2026-03-03T09:44:05.127+0000] {processor.py:925} INFO - DAG(s) 'dag_1_ingestion_transaccional' retrieved from /opt/airflow/dags/dag_1_ingestion_transaccional.py
[2026-03-03T09:44:05.155+0000] {logging_mixin.py:190} INFO - [2026-03-03T09:44:05.154+0000] {dag.py:3239} INFO - Sync 1 DAGs
[2026-03-03T09:44:05.173+0000] {logging_mixin.py:190} INFO - [2026-03-03T09:44:05.173+0000] {dag.py:4180} INFO - Setting next_dagrun for dag_1_ingestion_transaccional to None, run_after=None
[2026-03-03T09:44:05.203+0000] {processor.py:208} INFO - Processing /opt/airflow/dags/dag_1_ingestion_transaccional.py took 0.954 seconds
[2026-03-03T09:44:35.397+0000] {processor.py:186} INFO - Started process (PID=585) to work on /opt/airflow/dags/dag_1_ingestion_transaccional.py
[2026-03-03T09:44:35.398+0000] {processor.py:914} INFO - Processing file /opt/airflow/dags/dag_1_ingestion_transaccional.py for tasks to queue
[2026-03-03T09:44:35.401+0000] {logging_mixin.py:190} INFO - [2026-03-03T09:44:35.401+0000] {dagbag.py:588} INFO - Filling up the DagBag from /opt/airflow/dags/dag_1_ingestion_transaccional.py
[2026-03-03T09:44:35.996+0000] {processor.py:925} INFO - DAG(s) 'dag_1_ingestion_transaccional' retrieved from /opt/airflow/dags/dag_1_ingestion_transaccional.py
[2026-03-03T09:44:36.021+0000] {logging_mixin.py:190} INFO - [2026-03-03T09:44:36.020+0000] {dag.py:3239} INFO - Sync 1 DAGs
[2026-03-03T09:44:36.035+0000] {logging_mixin.py:190} INFO - [2026-03-03T09:44:36.035+0000] {dag.py:4180} INFO - Setting next_dagrun for dag_1_ingestion_transaccional to None, run_after=None
[2026-03-03T09:44:36.059+0000] {processor.py:208} INFO - Processing /opt/airflow/dags/dag_1_ingestion_transaccional.py took 0.669 seconds
[2026-03-03T09:45:07.922+0000] {processor.py:186} INFO - Started process (PID=605) to work on /opt/airflow/dags/dag_1_ingestion_transaccional.py
[2026-03-03T09:45:07.923+0000] {processor.py:914} INFO - Processing file /opt/airflow/dags/dag_1_ingestion_transaccional.py for tasks to queue
[2026-03-03T09:45:07.928+0000] {logging_mixin.py:190} INFO - [2026-03-03T09:45:07.927+0000] {dagbag.py:588} INFO - Filling up the DagBag from /opt/airflow/dags/dag_1_ingestion_transaccional.py
[2026-03-03T09:45:08.658+0000] {processor.py:925} INFO - DAG(s) 'dag_1_ingestion_transaccional' retrieved from /opt/airflow/dags/dag_1_ingestion_transaccional.py
[2026-03-03T09:45:08.686+0000] {logging_mixin.py:190} INFO - [2026-03-03T09:45:08.686+0000] {dag.py:3239} INFO - Sync 1 DAGs
[2026-03-03T09:45:08.703+0000] {logging_mixin.py:190} INFO - [2026-03-03T09:45:08.703+0000] {dag.py:4180} INFO - Setting next_dagrun for dag_1_ingestion_transaccional to None, run_after=None
[2026-03-03T09:45:08.728+0000] {processor.py:208} INFO - Processing /opt/airflow/dags/dag_1_ingestion_transaccional.py took 0.812 seconds
[2026-03-03T09:45:40.466+0000] {processor.py:186} INFO - Started process (PID=629) to work on /opt/airflow/dags/dag_1_ingestion_transaccional.py
[2026-03-03T09:45:40.468+0000] {processor.py:914} INFO - Processing file /opt/airflow/dags/dag_1_ingestion_transaccional.py for tasks to queue
[2026-03-03T09:45:40.470+0000] {logging_mixin.py:190} INFO - [2026-03-03T09:45:40.470+0000] {dagbag.py:588} INFO - Filling up the DagBag from /opt/airflow/dags/dag_1_ingestion_transaccional.py
[2026-03-03T09:45:40.999+0000] {processor.py:925} INFO - DAG(s) 'dag_1_ingestion_transaccional' retrieved from /opt/airflow/dags/dag_1_ingestion_transaccional.py
[2026-03-03T09:45:41.020+0000] {logging_mixin.py:190} INFO - [2026-03-03T09:45:41.020+0000] {dag.py:3239} INFO - Sync 1 DAGs
[2026-03-03T09:45:41.038+0000] {logging_mixin.py:190} INFO - [2026-03-03T09:45:41.038+0000] {dag.py:4180} INFO - Setting next_dagrun for dag_1_ingestion_transaccional to None, run_after=None
[2026-03-03T09:45:41.062+0000] {processor.py:208} INFO - Processing /opt/airflow/dags/dag_1_ingestion_transaccional.py took 0.601 seconds
[2026-03-03T09:46:13.957+0000] {processor.py:186} INFO - Started process (PID=657) to work on /opt/airflow/dags/dag_1_ingestion_transaccional.py
[2026-03-03T09:46:13.958+0000] {processor.py:914} INFO - Processing file /opt/airflow/dags/dag_1_ingestion_transaccional.py for tasks to queue
[2026-03-03T09:46:13.960+0000] {logging_mixin.py:190} INFO - [2026-03-03T09:46:13.960+0000] {dagbag.py:588} INFO - Filling up the DagBag from /opt/airflow/dags/dag_1_ingestion_transaccional.py
[2026-03-03T09:46:14.585+0000] {processor.py:925} INFO - DAG(s) 'dag_1_ingestion_transaccional' retrieved from /opt/airflow/dags/dag_1_ingestion_transaccional.py
[2026-03-03T09:46:14.616+0000] {logging_mixin.py:190} INFO - [2026-03-03T09:46:14.615+0000] {dag.py:3239} INFO - Sync 1 DAGs
[2026-03-03T09:46:14.632+0000] {logging_mixin.py:190} INFO - [2026-03-03T09:46:14.631+0000] {dag.py:4180} INFO - Setting next_dagrun for dag_1_ingestion_transaccional to None, run_after=None
[2026-03-03T09:46:14.655+0000] {processor.py:208} INFO - Processing /opt/airflow/dags/dag_1_ingestion_transaccional.py took 0.703 seconds
[2026-03-03T09:46:46.486+0000] {processor.py:186} INFO - Started process (PID=681) to work on /opt/airflow/dags/dag_1_ingestion_transaccional.py
[2026-03-03T09:46:46.487+0000] {processor.py:914} INFO - Processing file /opt/airflow/dags/dag_1_ingestion_transaccional.py for tasks to queue
[2026-03-03T09:46:46.489+0000] {logging_mixin.py:190} INFO - [2026-03-03T09:46:46.489+0000] {dagbag.py:588} INFO - Filling up the DagBag from /opt/airflow/dags/dag_1_ingestion_transaccional.py
[2026-03-03T09:46:47.017+0000] {processor.py:925} INFO - DAG(s) 'dag_1_ingestion_transaccional' retrieved from /opt/airflow/dags/dag_1_ingestion_transaccional.py
[2026-03-03T09:46:47.040+0000] {logging_mixin.py:190} INFO - [2026-03-03T09:46:47.039+0000] {dag.py:3239} INFO - Sync 1 DAGs
[2026-03-03T09:46:47.055+0000] {logging_mixin.py:190} INFO - [2026-03-03T09:46:47.055+0000] {dag.py:4180} INFO - Setting next_dagrun for dag_1_ingestion_transaccional to None, run_after=None
[2026-03-03T09:46:47.075+0000] {processor.py:208} INFO - Processing /opt/airflow/dags/dag_1_ingestion_transaccional.py took 0.597 seconds
[2026-03-03T09:47:18.785+0000] {processor.py:186} INFO - Started process (PID=705) to work on /opt/airflow/dags/dag_1_ingestion_transaccional.py
[2026-03-03T09:47:18.787+0000] {processor.py:914} INFO - Processing file /opt/airflow/dags/dag_1_ingestion_transaccional.py for tasks to queue
[2026-03-03T09:47:18.789+0000] {logging_mixin.py:190} INFO - [2026-03-03T09:47:18.789+0000] {dagbag.py:588} INFO - Filling up the DagBag from /opt/airflow/dags/dag_1_ingestion_transaccional.py
[2026-03-03T09:47:19.328+0000] {processor.py:925} INFO - DAG(s) 'dag_1_ingestion_transaccional' retrieved from /opt/airflow/dags/dag_1_ingestion_transaccional.py
[2026-03-03T09:47:19.351+0000] {logging_mixin.py:190} INFO - [2026-03-03T09:47:19.350+0000] {dag.py:3239} INFO - Sync 1 DAGs
[2026-03-03T09:47:19.365+0000] {logging_mixin.py:190} INFO - [2026-03-03T09:47:19.364+0000] {dag.py:4180} INFO - Setting next_dagrun for dag_1_ingestion_transaccional to None, run_after=None
[2026-03-03T09:47:19.387+0000] {processor.py:208} INFO - Processing /opt/airflow/dags/dag_1_ingestion_transaccional.py took 0.607 seconds
[2026-03-03T09:47:52.110+0000] {processor.py:186} INFO - Started process (PID=729) to work on /opt/airflow/dags/dag_1_ingestion_transaccional.py
[2026-03-03T09:47:52.111+0000] {processor.py:914} INFO - Processing file /opt/airflow/dags/dag_1_ingestion_transaccional.py for tasks to queue
[2026-03-03T09:47:52.113+0000] {logging_mixin.py:190} INFO - [2026-03-03T09:47:52.113+0000] {dagbag.py:588} INFO - Filling up the DagBag from /opt/airflow/dags/dag_1_ingestion_transaccional.py
[2026-03-03T09:47:52.556+0000] {processor.py:925} INFO - DAG(s) 'dag_1_ingestion_transaccional' retrieved from /opt/airflow/dags/dag_1_ingestion_transaccional.py
[2026-03-03T09:47:52.578+0000] {logging_mixin.py:190} INFO - [2026-03-03T09:47:52.577+0000] {dag.py:3239} INFO - Sync 1 DAGs
[2026-03-03T09:47:52.592+0000] {logging_mixin.py:190} INFO - [2026-03-03T09:47:52.592+0000] {dag.py:4180} INFO - Setting next_dagrun for dag_1_ingestion_transaccional to None, run_after=None
[2026-03-03T09:47:52.615+0000] {processor.py:208} INFO - Processing /opt/airflow/dags/dag_1_ingestion_transaccional.py took 0.510 seconds
[2026-03-03T09:48:24.412+0000] {processor.py:186} INFO - Started process (PID=753) to work on /opt/airflow/dags/dag_1_ingestion_transaccional.py
[2026-03-03T09:48:24.413+0000] {processor.py:914} INFO - Processing file /opt/airflow/dags/dag_1_ingestion_transaccional.py for tasks to queue
[2026-03-03T09:48:24.416+0000] {logging_mixin.py:190} INFO - [2026-03-03T09:48:24.416+0000] {dagbag.py:588} INFO - Filling up the DagBag from /opt/airflow/dags/dag_1_ingestion_transaccional.py
[2026-03-03T09:48:24.945+0000] {processor.py:925} INFO - DAG(s) 'dag_1_ingestion_transaccional' retrieved from /opt/airflow/dags/dag_1_ingestion_transaccional.py
[2026-03-03T09:48:24.965+0000] {logging_mixin.py:190} INFO - [2026-03-03T09:48:24.965+0000] {dag.py:3239} INFO - Sync 1 DAGs
[2026-03-03T09:48:24.980+0000] {logging_mixin.py:190} INFO - [2026-03-03T09:48:24.979+0000] {dag.py:4180} INFO - Setting next_dagrun for dag_1_ingestion_transaccional to None, run_after=None
[2026-03-03T09:48:25.011+0000] {processor.py:208} INFO - Processing /opt/airflow/dags/dag_1_ingestion_transaccional.py took 0.605 seconds
[2026-03-03T09:48:56.812+0000] {processor.py:186} INFO - Started process (PID=777) to work on /opt/airflow/dags/dag_1_ingestion_transaccional.py
[2026-03-03T09:48:56.813+0000] {processor.py:914} INFO - Processing file /opt/airflow/dags/dag_1_ingestion_transaccional.py for tasks to queue
[2026-03-03T09:48:56.815+0000] {logging_mixin.py:190} INFO - [2026-03-03T09:48:56.815+0000] {dagbag.py:588} INFO - Filling up the DagBag from /opt/airflow/dags/dag_1_ingestion_transaccional.py
[2026-03-03T09:48:57.297+0000] {processor.py:925} INFO - DAG(s) 'dag_1_ingestion_transaccional' retrieved from /opt/airflow/dags/dag_1_ingestion_transaccional.py
[2026-03-03T09:48:57.318+0000] {logging_mixin.py:190} INFO - [2026-03-03T09:48:57.318+0000] {dag.py:3239} INFO - Sync 1 DAGs
[2026-03-03T09:48:57.335+0000] {logging_mixin.py:190} INFO - [2026-03-03T09:48:57.335+0000] {dag.py:4180} INFO - Setting next_dagrun for dag_1_ingestion_transaccional to None, run_after=None
[2026-03-03T09:48:57.357+0000] {processor.py:208} INFO - Processing /opt/airflow/dags/dag_1_ingestion_transaccional.py took 0.551 seconds
[2026-03-03T09:49:30.032+0000] {processor.py:186} INFO - Started process (PID=801) to work on /opt/airflow/dags/dag_1_ingestion_transaccional.py
[2026-03-03T09:49:30.034+0000] {processor.py:914} INFO - Processing file /opt/airflow/dags/dag_1_ingestion_transaccional.py for tasks to queue
[2026-03-03T09:49:30.037+0000] {logging_mixin.py:190} INFO - [2026-03-03T09:49:30.036+0000] {dagbag.py:588} INFO - Filling up the DagBag from /opt/airflow/dags/dag_1_ingestion_transaccional.py
[2026-03-03T09:49:30.602+0000] {processor.py:925} INFO - DAG(s) 'dag_1_ingestion_transaccional' retrieved from /opt/airflow/dags/dag_1_ingestion_transaccional.py
[2026-03-03T09:49:30.626+0000] {logging_mixin.py:190} INFO - [2026-03-03T09:49:30.625+0000] {dag.py:3239} INFO - Sync 1 DAGs
[2026-03-03T09:49:30.639+0000] {logging_mixin.py:190} INFO - [2026-03-03T09:49:30.639+0000] {dag.py:4180} INFO - Setting next_dagrun for dag_1_ingestion_transaccional to None, run_after=None
[2026-03-03T09:49:30.696+0000] {processor.py:208} INFO - Processing /opt/airflow/dags/dag_1_ingestion_transaccional.py took 0.670 seconds
[2026-03-03T09:50:03.043+0000] {processor.py:186} INFO - Started process (PID=825) to work on /opt/airflow/dags/dag_1_ingestion_transaccional.py
[2026-03-03T09:50:03.044+0000] {processor.py:914} INFO - Processing file /opt/airflow/dags/dag_1_ingestion_transaccional.py for tasks to queue
[2026-03-03T09:50:03.048+0000] {logging_mixin.py:190} INFO - [2026-03-03T09:50:03.047+0000] {dagbag.py:588} INFO - Filling up the DagBag from /opt/airflow/dags/dag_1_ingestion_transaccional.py
[2026-03-03T09:50:03.818+0000] {processor.py:925} INFO - DAG(s) 'dag_1_ingestion_transaccional' retrieved from /opt/airflow/dags/dag_1_ingestion_transaccional.py
[2026-03-03T09:50:03.845+0000] {logging_mixin.py:190} INFO - [2026-03-03T09:50:03.845+0000] {dag.py:3239} INFO - Sync 1 DAGs
[2026-03-03T09:50:03.860+0000] {logging_mixin.py:190} INFO - [2026-03-03T09:50:03.860+0000] {dag.py:4180} INFO - Setting next_dagrun for dag_1_ingestion_transaccional to None, run_after=None
[2026-03-03T09:50:03.887+0000] {processor.py:208} INFO - Processing /opt/airflow/dags/dag_1_ingestion_transaccional.py took 0.853 seconds
[2026-03-03T09:50:35.660+0000] {processor.py:186} INFO - Started process (PID=849) to work on /opt/airflow/dags/dag_1_ingestion_transaccional.py
[2026-03-03T09:50:35.661+0000] {processor.py:914} INFO - Processing file /opt/airflow/dags/dag_1_ingestion_transaccional.py for tasks to queue
[2026-03-03T09:50:35.663+0000] {logging_mixin.py:190} INFO - [2026-03-03T09:50:35.663+0000] {dagbag.py:588} INFO - Filling up the DagBag from /opt/airflow/dags/dag_1_ingestion_transaccional.py
[2026-03-03T09:50:36.225+0000] {processor.py:925} INFO - DAG(s) 'dag_1_ingestion_transaccional' retrieved from /opt/airflow/dags/dag_1_ingestion_transaccional.py
[2026-03-03T09:50:36.246+0000] {logging_mixin.py:190} INFO - [2026-03-03T09:50:36.246+0000] {dag.py:3239} INFO - Sync 1 DAGs
[2026-03-03T09:50:36.260+0000] {logging_mixin.py:190} INFO - [2026-03-03T09:50:36.260+0000] {dag.py:4180} INFO - Setting next_dagrun for dag_1_ingestion_transaccional to None, run_after=None
[2026-03-03T09:50:36.282+0000] {processor.py:208} INFO - Processing /opt/airflow/dags/dag_1_ingestion_transaccional.py took 0.629 seconds
[2026-03-03T09:51:08.099+0000] {processor.py:186} INFO - Started process (PID=873) to work on /opt/airflow/dags/dag_1_ingestion_transaccional.py
[2026-03-03T09:51:08.100+0000] {processor.py:914} INFO - Processing file /opt/airflow/dags/dag_1_ingestion_transaccional.py for tasks to queue
[2026-03-03T09:51:08.102+0000] {logging_mixin.py:190} INFO - [2026-03-03T09:51:08.102+0000] {dagbag.py:588} INFO - Filling up the DagBag from /opt/airflow/dags/dag_1_ingestion_transaccional.py
[2026-03-03T09:51:08.685+0000] {processor.py:925} INFO - DAG(s) 'dag_1_ingestion_transaccional' retrieved from /opt/airflow/dags/dag_1_ingestion_transaccional.py
[2026-03-03T09:51:08.709+0000] {logging_mixin.py:190} INFO - [2026-03-03T09:51:08.708+0000] {dag.py:3239} INFO - Sync 1 DAGs
[2026-03-03T09:51:08.724+0000] {logging_mixin.py:190} INFO - [2026-03-03T09:51:08.724+0000] {dag.py:4180} INFO - Setting next_dagrun for dag_1_ingestion_transaccional to None, run_after=None
[2026-03-03T09:51:08.750+0000] {processor.py:208} INFO - Processing /opt/airflow/dags/dag_1_ingestion_transaccional.py took 0.658 seconds
[2026-03-03T09:51:40.700+0000] {processor.py:186} INFO - Started process (PID=897) to work on /opt/airflow/dags/dag_1_ingestion_transaccional.py
[2026-03-03T09:51:40.701+0000] {processor.py:914} INFO - Processing file /opt/airflow/dags/dag_1_ingestion_transaccional.py for tasks to queue
[2026-03-03T09:51:40.705+0000] {logging_mixin.py:190} INFO - [2026-03-03T09:51:40.704+0000] {dagbag.py:588} INFO - Filling up the DagBag from /opt/airflow/dags/dag_1_ingestion_transaccional.py
[2026-03-03T09:51:41.270+0000] {processor.py:925} INFO - DAG(s) 'dag_1_ingestion_transaccional' retrieved from /opt/airflow/dags/dag_1_ingestion_transaccional.py
[2026-03-03T09:51:41.294+0000] {logging_mixin.py:190} INFO - [2026-03-03T09:51:41.293+0000] {dag.py:3239} INFO - Sync 1 DAGs
[2026-03-03T09:51:41.309+0000] {logging_mixin.py:190} INFO - [2026-03-03T09:51:41.309+0000] {dag.py:4180} INFO - Setting next_dagrun for dag_1_ingestion_transaccional to None, run_after=None
[2026-03-03T09:51:41.331+0000] {processor.py:208} INFO - Processing /opt/airflow/dags/dag_1_ingestion_transaccional.py took 0.639 seconds
[2026-03-03T09:52:13.428+0000] {processor.py:186} INFO - Started process (PID=921) to work on /opt/airflow/dags/dag_1_ingestion_transaccional.py
[2026-03-03T09:52:13.429+0000] {processor.py:914} INFO - Processing file /opt/airflow/dags/dag_1_ingestion_transaccional.py for tasks to queue
[2026-03-03T09:52:13.432+0000] {logging_mixin.py:190} INFO - [2026-03-03T09:52:13.432+0000] {dagbag.py:588} INFO - Filling up the DagBag from /opt/airflow/dags/dag_1_ingestion_transaccional.py
[2026-03-03T09:52:13.999+0000] {processor.py:925} INFO - DAG(s) 'dag_1_ingestion_transaccional' retrieved from /opt/airflow/dags/dag_1_ingestion_transaccional.py
[2026-03-03T09:52:14.021+0000] {logging_mixin.py:190} INFO - [2026-03-03T09:52:14.020+0000] {dag.py:3239} INFO - Sync 1 DAGs
[2026-03-03T09:52:14.038+0000] {logging_mixin.py:190} INFO - [2026-03-03T09:52:14.038+0000] {dag.py:4180} INFO - Setting next_dagrun for dag_1_ingestion_transaccional to None, run_after=None
[2026-03-03T09:52:14.061+0000] {processor.py:208} INFO - Processing /opt/airflow/dags/dag_1_ingestion_transaccional.py took 0.641 seconds
[2026-03-03T09:52:46.775+0000] {processor.py:186} INFO - Started process (PID=945) to work on /opt/airflow/dags/dag_1_ingestion_transaccional.py
[2026-03-03T09:52:46.776+0000] {processor.py:914} INFO - Processing file /opt/airflow/dags/dag_1_ingestion_transaccional.py for tasks to queue
[2026-03-03T09:52:46.778+0000] {logging_mixin.py:190} INFO - [2026-03-03T09:52:46.778+0000] {dagbag.py:588} INFO - Filling up the DagBag from /opt/airflow/dags/dag_1_ingestion_transaccional.py
[2026-03-03T09:52:47.301+0000] {processor.py:925} INFO - DAG(s) 'dag_1_ingestion_transaccional' retrieved from /opt/airflow/dags/dag_1_ingestion_transaccional.py
[2026-03-03T09:52:47.324+0000] {logging_mixin.py:190} INFO - [2026-03-03T09:52:47.324+0000] {dag.py:3239} INFO - Sync 1 DAGs
[2026-03-03T09:52:47.337+0000] {logging_mixin.py:190} INFO - [2026-03-03T09:52:47.337+0000] {dag.py:4180} INFO - Setting next_dagrun for dag_1_ingestion_transaccional to None, run_after=None
[2026-03-03T09:52:47.359+0000] {processor.py:208} INFO - Processing /opt/airflow/dags/dag_1_ingestion_transaccional.py took 0.591 seconds
[2026-03-03T09:53:18.992+0000] {processor.py:186} INFO - Started process (PID=969) to work on /opt/airflow/dags/dag_1_ingestion_transaccional.py
[2026-03-03T09:53:18.993+0000] {processor.py:914} INFO - Processing file /opt/airflow/dags/dag_1_ingestion_transaccional.py for tasks to queue
[2026-03-03T09:53:18.995+0000] {logging_mixin.py:190} INFO - [2026-03-03T09:53:18.994+0000] {dagbag.py:588} INFO - Filling up the DagBag from /opt/airflow/dags/dag_1_ingestion_transaccional.py
[2026-03-03T09:53:19.458+0000] {processor.py:925} INFO - DAG(s) 'dag_1_ingestion_transaccional' retrieved from /opt/airflow/dags/dag_1_ingestion_transaccional.py
[2026-03-03T09:53:19.479+0000] {logging_mixin.py:190} INFO - [2026-03-03T09:53:19.479+0000] {dag.py:3239} INFO - Sync 1 DAGs
[2026-03-03T09:53:19.493+0000] {logging_mixin.py:190} INFO - [2026-03-03T09:53:19.493+0000] {dag.py:4180} INFO - Setting next_dagrun for dag_1_ingestion_transaccional to None, run_after=None
[2026-03-03T09:53:19.519+0000] {processor.py:208} INFO - Processing /opt/airflow/dags/dag_1_ingestion_transaccional.py took 0.532 seconds
[2026-03-03T09:53:51.678+0000] {processor.py:186} INFO - Started process (PID=991) to work on /opt/airflow/dags/dag_1_ingestion_transaccional.py
[2026-03-03T09:53:51.679+0000] {processor.py:914} INFO - Processing file /opt/airflow/dags/dag_1_ingestion_transaccional.py for tasks to queue
[2026-03-03T09:53:51.681+0000] {logging_mixin.py:190} INFO - [2026-03-03T09:53:51.681+0000] {dagbag.py:588} INFO - Filling up the DagBag from /opt/airflow/dags/dag_1_ingestion_transaccional.py
[2026-03-03T09:53:52.210+0000] {processor.py:925} INFO - DAG(s) 'dag_1_ingestion_transaccional' retrieved from /opt/airflow/dags/dag_1_ingestion_transaccional.py
[2026-03-03T09:53:52.231+0000] {logging_mixin.py:190} INFO - [2026-03-03T09:53:52.231+0000] {dag.py:3239} INFO - Sync 1 DAGs
[2026-03-03T09:53:52.245+0000] {logging_mixin.py:190} INFO - [2026-03-03T09:53:52.245+0000] {dag.py:4180} INFO - Setting next_dagrun for dag_1_ingestion_transaccional to None, run_after=None
[2026-03-03T09:53:52.265+0000] {processor.py:208} INFO - Processing /opt/airflow/dags/dag_1_ingestion_transaccional.py took 0.593 seconds
[2026-03-03T09:54:25.083+0000] {processor.py:186} INFO - Started process (PID=1017) to work on /opt/airflow/dags/dag_1_ingestion_transaccional.py
[2026-03-03T09:54:25.084+0000] {processor.py:914} INFO - Processing file /opt/airflow/dags/dag_1_ingestion_transaccional.py for tasks to queue
[2026-03-03T09:54:25.087+0000] {logging_mixin.py:190} INFO - [2026-03-03T09:54:25.087+0000] {dagbag.py:588} INFO - Filling up the DagBag from /opt/airflow/dags/dag_1_ingestion_transaccional.py
[2026-03-03T09:54:25.606+0000] {processor.py:925} INFO - DAG(s) 'dag_1_ingestion_transaccional' retrieved from /opt/airflow/dags/dag_1_ingestion_transaccional.py
[2026-03-03T09:54:25.628+0000] {logging_mixin.py:190} INFO - [2026-03-03T09:54:25.628+0000] {dag.py:3239} INFO - Sync 1 DAGs
[2026-03-03T09:54:25.641+0000] {logging_mixin.py:190} INFO - [2026-03-03T09:54:25.641+0000] {dag.py:4180} INFO - Setting next_dagrun for dag_1_ingestion_transaccional to None, run_after=None
[2026-03-03T09:54:25.670+0000] {processor.py:208} INFO - Processing /opt/airflow/dags/dag_1_ingestion_transaccional.py took 0.592 seconds
[2026-03-03T09:54:57.878+0000] {processor.py:186} INFO - Started process (PID=1041) to work on /opt/airflow/dags/dag_1_ingestion_transaccional.py
[2026-03-03T09:54:57.879+0000] {processor.py:914} INFO - Processing file /opt/airflow/dags/dag_1_ingestion_transaccional.py for tasks to queue
[2026-03-03T09:54:57.882+0000] {logging_mixin.py:190} INFO - [2026-03-03T09:54:57.881+0000] {dagbag.py:588} INFO - Filling up the DagBag from /opt/airflow/dags/dag_1_ingestion_transaccional.py
[2026-03-03T09:54:58.548+0000] {processor.py:925} INFO - DAG(s) 'dag_1_ingestion_transaccional' retrieved from /opt/airflow/dags/dag_1_ingestion_transaccional.py
[2026-03-03T09:54:58.586+0000] {logging_mixin.py:190} INFO - [2026-03-03T09:54:58.585+0000] {dag.py:3239} INFO - Sync 1 DAGs
[2026-03-03T09:54:58.644+0000] {logging_mixin.py:190} INFO - [2026-03-03T09:54:58.644+0000] {dag.py:4180} INFO - Setting next_dagrun for dag_1_ingestion_transaccional to None, run_after=None
[2026-03-03T09:54:58.686+0000] {processor.py:208} INFO - Processing /opt/airflow/dags/dag_1_ingestion_transaccional.py took 0.814 seconds
[2026-03-03T09:55:30.490+0000] {processor.py:186} INFO - Started process (PID=1065) to work on /opt/airflow/dags/dag_1_ingestion_transaccional.py
[2026-03-03T09:55:30.491+0000] {processor.py:914} INFO - Processing file /opt/airflow/dags/dag_1_ingestion_transaccional.py for tasks to queue
[2026-03-03T09:55:30.494+0000] {logging_mixin.py:190} INFO - [2026-03-03T09:55:30.493+0000] {dagbag.py:588} INFO - Filling up the DagBag from /opt/airflow/dags/dag_1_ingestion_transaccional.py
[2026-03-03T09:55:30.966+0000] {processor.py:925} INFO - DAG(s) 'dag_1_ingestion_transaccional' retrieved from /opt/airflow/dags/dag_1_ingestion_transaccional.py
[2026-03-03T09:55:30.987+0000] {logging_mixin.py:190} INFO - [2026-03-03T09:55:30.987+0000] {dag.py:3239} INFO - Sync 1 DAGs
[2026-03-03T09:55:31.003+0000] {logging_mixin.py:190} INFO - [2026-03-03T09:55:31.003+0000] {dag.py:4180} INFO - Setting next_dagrun for dag_1_ingestion_transaccional to None, run_after=None
[2026-03-03T09:55:31.028+0000] {processor.py:208} INFO - Processing /opt/airflow/dags/dag_1_ingestion_transaccional.py took 0.543 seconds
[2026-03-03T09:56:02.923+0000] {processor.py:186} INFO - Started process (PID=1087) to work on /opt/airflow/dags/dag_1_ingestion_transaccional.py
[2026-03-03T09:56:02.925+0000] {processor.py:914} INFO - Processing file /opt/airflow/dags/dag_1_ingestion_transaccional.py for tasks to queue
[2026-03-03T09:56:02.927+0000] {logging_mixin.py:190} INFO - [2026-03-03T09:56:02.927+0000] {dagbag.py:588} INFO - Filling up the DagBag from /opt/airflow/dags/dag_1_ingestion_transaccional.py
[2026-03-03T09:56:03.575+0000] {processor.py:925} INFO - DAG(s) 'dag_1_ingestion_transaccional' retrieved from /opt/airflow/dags/dag_1_ingestion_transaccional.py
[2026-03-03T09:56:03.599+0000] {logging_mixin.py:190} INFO - [2026-03-03T09:56:03.598+0000] {dag.py:3239} INFO - Sync 1 DAGs
[2026-03-03T09:56:03.614+0000] {logging_mixin.py:190} INFO - [2026-03-03T09:56:03.614+0000] {dag.py:4180} INFO - Setting next_dagrun for dag_1_ingestion_transaccional to None, run_after=None
[2026-03-03T09:56:03.637+0000] {processor.py:208} INFO - Processing /opt/airflow/dags/dag_1_ingestion_transaccional.py took 0.720 seconds
[2026-03-03T09:56:35.395+0000] {processor.py:186} INFO - Started process (PID=1113) to work on /opt/airflow/dags/dag_1_ingestion_transaccional.py
[2026-03-03T09:56:35.396+0000] {processor.py:914} INFO - Processing file /opt/airflow/dags/dag_1_ingestion_transaccional.py for tasks to queue
[2026-03-03T09:56:35.398+0000] {logging_mixin.py:190} INFO - [2026-03-03T09:56:35.398+0000] {dagbag.py:588} INFO - Filling up the DagBag from /opt/airflow/dags/dag_1_ingestion_transaccional.py
[2026-03-03T09:56:35.947+0000] {processor.py:925} INFO - DAG(s) 'dag_1_ingestion_transaccional' retrieved from /opt/airflow/dags/dag_1_ingestion_transaccional.py
[2026-03-03T09:56:35.971+0000] {logging_mixin.py:190} INFO - [2026-03-03T09:56:35.971+0000] {dag.py:3239} INFO - Sync 1 DAGs
[2026-03-03T09:56:35.983+0000] {logging_mixin.py:190} INFO - [2026-03-03T09:56:35.983+0000] {dag.py:4180} INFO - Setting next_dagrun for dag_1_ingestion_transaccional to None, run_after=None
[2026-03-03T09:56:36.004+0000] {processor.py:208} INFO - Processing /opt/airflow/dags/dag_1_ingestion_transaccional.py took 0.615 seconds
[2026-03-03T09:57:08.907+0000] {processor.py:186} INFO - Started process (PID=1137) to work on /opt/airflow/dags/dag_1_ingestion_transaccional.py
[2026-03-03T09:57:08.908+0000] {processor.py:914} INFO - Processing file /opt/airflow/dags/dag_1_ingestion_transaccional.py for tasks to queue
[2026-03-03T09:57:08.910+0000] {logging_mixin.py:190} INFO - [2026-03-03T09:57:08.909+0000] {dagbag.py:588} INFO - Filling up the DagBag from /opt/airflow/dags/dag_1_ingestion_transaccional.py
[2026-03-03T09:57:09.453+0000] {processor.py:925} INFO - DAG(s) 'dag_1_ingestion_transaccional' retrieved from /opt/airflow/dags/dag_1_ingestion_transaccional.py
[2026-03-03T09:57:09.476+0000] {logging_mixin.py:190} INFO - [2026-03-03T09:57:09.476+0000] {dag.py:3239} INFO - Sync 1 DAGs
[2026-03-03T09:57:09.491+0000] {logging_mixin.py:190} INFO - [2026-03-03T09:57:09.491+0000] {dag.py:4180} INFO - Setting next_dagrun for dag_1_ingestion_transaccional to None, run_after=None
[2026-03-03T09:57:09.517+0000] {processor.py:208} INFO - Processing /opt/airflow/dags/dag_1_ingestion_transaccional.py took 0.616 seconds
[2026-03-03T09:57:39.690+0000] {processor.py:186} INFO - Started process (PID=1161) to work on /opt/airflow/dags/dag_1_ingestion_transaccional.py
[2026-03-03T09:57:39.691+0000] {processor.py:914} INFO - Processing file /opt/airflow/dags/dag_1_ingestion_transaccional.py for tasks to queue
[2026-03-03T09:57:39.694+0000] {logging_mixin.py:190} INFO - [2026-03-03T09:57:39.693+0000] {dagbag.py:588} INFO - Filling up the DagBag from /opt/airflow/dags/dag_1_ingestion_transaccional.py
[2026-03-03T09:57:40.237+0000] {processor.py:925} INFO - DAG(s) 'dag_1_ingestion_transaccional' retrieved from /opt/airflow/dags/dag_1_ingestion_transaccional.py
[2026-03-03T09:57:40.263+0000] {logging_mixin.py:190} INFO - [2026-03-03T09:57:40.263+0000] {dag.py:3239} INFO - Sync 1 DAGs
[2026-03-03T09:57:40.281+0000] {logging_mixin.py:190} INFO - [2026-03-03T09:57:40.281+0000] {dag.py:4180} INFO - Setting next_dagrun for dag_1_ingestion_transaccional to None, run_after=None
[2026-03-03T09:57:40.306+0000] {processor.py:208} INFO - Processing /opt/airflow/dags/dag_1_ingestion_transaccional.py took 0.622 seconds
[2026-03-03T09:58:10.672+0000] {processor.py:186} INFO - Started process (PID=1183) to work on /opt/airflow/dags/dag_1_ingestion_transaccional.py
[2026-03-03T09:58:10.674+0000] {processor.py:914} INFO - Processing file /opt/airflow/dags/dag_1_ingestion_transaccional.py for tasks to queue
[2026-03-03T09:58:10.682+0000] {logging_mixin.py:190} INFO - [2026-03-03T09:58:10.681+0000] {dagbag.py:588} INFO - Filling up the DagBag from /opt/airflow/dags/dag_1_ingestion_transaccional.py
[2026-03-03T09:58:12.867+0000] {processor.py:925} INFO - DAG(s) 'dag_1_ingestion_transaccional' retrieved from /opt/airflow/dags/dag_1_ingestion_transaccional.py
[2026-03-03T09:58:12.902+0000] {logging_mixin.py:190} INFO - [2026-03-03T09:58:12.902+0000] {dag.py:3239} INFO - Sync 1 DAGs
[2026-03-03T09:58:12.924+0000] {logging_mixin.py:190} INFO - [2026-03-03T09:58:12.924+0000] {dag.py:4180} INFO - Setting next_dagrun for dag_1_ingestion_transaccional to None, run_after=None
[2026-03-03T09:58:12.963+0000] {processor.py:208} INFO - Processing /opt/airflow/dags/dag_1_ingestion_transaccional.py took 0.950 seconds
[2026-03-03T09:58:46.140+0000] {processor.py:186} INFO - Started process (PID=1209) to work on /opt/airflow/dags/dag_1_ingestion_transaccional.py
[2026-03-03T09:58:46.142+0000] {processor.py:914} INFO - Processing file /opt/airflow/dags/dag_1_ingestion_transaccional.py for tasks to queue
[2026-03-03T09:58:46.145+0000] {logging_mixin.py:190} INFO - [2026-03-03T09:58:46.144+0000] {dagbag.py:588} INFO - Filling up the DagBag from /opt/airflow/dags/dag_1_ingestion_transaccional.py
[2026-03-03T09:58:46.904+0000] {processor.py:925} INFO - DAG(s) 'dag_1_ingestion_transaccional' retrieved from /opt/airflow/dags/dag_1_ingestion_transaccional.py
[2026-03-03T09:58:46.936+0000] {logging_mixin.py:190} INFO - [2026-03-03T09:58:46.935+0000] {dag.py:3239} INFO - Sync 1 DAGs
[2026-03-03T09:58:46.953+0000] {logging_mixin.py:190} INFO - [2026-03-03T09:58:46.952+0000] {dag.py:4180} INFO - Setting next_dagrun for dag_1_ingestion_transaccional to None, run_after=None
[2026-03-03T09:58:46.977+0000] {processor.py:208} INFO - Processing /opt/airflow/dags/dag_1_ingestion_transaccional.py took 0.843 seconds
[2026-03-03T09:59:17.092+0000] {processor.py:186} INFO - Started process (PID=1233) to work on /opt/airflow/dags/dag_1_ingestion_transaccional.py
[2026-03-03T09:59:17.094+0000] {processor.py:914} INFO - Processing file /opt/airflow/dags/dag_1_ingestion_transaccional.py for tasks to queue
[2026-03-03T09:59:17.097+0000] {logging_mixin.py:190} INFO - [2026-03-03T09:59:17.096+0000] {dagbag.py:588} INFO - Filling up the DagBag from /opt/airflow/dags/dag_1_ingestion_transaccional.py
[2026-03-03T09:59:17.737+0000] {processor.py:925} INFO - DAG(s) 'dag_1_ingestion_transaccional' retrieved from /opt/airflow/dags/dag_1_ingestion_transaccional.py
[2026-03-03T09:59:17.760+0000] {logging_mixin.py:190} INFO - [2026-03-03T09:59:17.759+0000] {dag.py:3239} INFO - Sync 1 DAGs
[2026-03-03T09:59:17.775+0000] {logging_mixin.py:190} INFO - [2026-03-03T09:59:17.774+0000] {dag.py:4180} INFO - Setting next_dagrun for dag_1_ingestion_transaccional to None, run_after=None
[2026-03-03T09:59:17.802+0000] {processor.py:208} INFO - Processing /opt/airflow/dags/dag_1_ingestion_transaccional.py took 0.717 seconds
[2026-03-03T09:59:47.922+0000] {processor.py:186} INFO - Started process (PID=1257) to work on /opt/airflow/dags/dag_1_ingestion_transaccional.py
[2026-03-03T09:59:47.923+0000] {processor.py:914} INFO - Processing file /opt/airflow/dags/dag_1_ingestion_transaccional.py for tasks to queue
[2026-03-03T09:59:47.926+0000] {logging_mixin.py:190} INFO - [2026-03-03T09:59:47.926+0000] {dagbag.py:588} INFO - Filling up the DagBag from /opt/airflow/dags/dag_1_ingestion_transaccional.py
[2026-03-03T09:59:48.516+0000] {processor.py:925} INFO - DAG(s) 'dag_1_ingestion_transaccional' retrieved from /opt/airflow/dags/dag_1_ingestion_transaccional.py
[2026-03-03T09:59:48.541+0000] {logging_mixin.py:190} INFO - [2026-03-03T09:59:48.541+0000] {dag.py:3239} INFO - Sync 1 DAGs
[2026-03-03T09:59:48.555+0000] {logging_mixin.py:190} INFO - [2026-03-03T09:59:48.555+0000] {dag.py:4180} INFO - Setting next_dagrun for dag_1_ingestion_transaccional to None, run_after=None
[2026-03-03T09:59:48.584+0000] {processor.py:208} INFO - Processing /opt/airflow/dags/dag_1_ingestion_transaccional.py took 0.670 seconds
