[2026-03-03T09:04:22.532+0000] {processor.py:186} INFO - Started process (PID=514) to work on /opt/airflow/dags/pipeline_common.py
[2026-03-03T09:04:22.533+0000] {processor.py:914} INFO - Processing file /opt/airflow/dags/pipeline_common.py for tasks to queue
[2026-03-03T09:04:22.535+0000] {logging_mixin.py:190} INFO - [2026-03-03T09:04:22.535+0000] {dagbag.py:588} INFO - Filling up the DagBag from /opt/airflow/dags/pipeline_common.py
[2026-03-03T09:04:22.996+0000] {processor.py:927} WARNING - No viable dags retrieved from /opt/airflow/dags/pipeline_common.py
[2026-03-03T09:04:23.011+0000] {processor.py:208} INFO - Processing /opt/airflow/dags/pipeline_common.py took 0.484 seconds
[2026-03-03T09:04:55.464+0000] {processor.py:186} INFO - Started process (PID=535) to work on /opt/airflow/dags/pipeline_common.py
[2026-03-03T09:04:55.465+0000] {processor.py:914} INFO - Processing file /opt/airflow/dags/pipeline_common.py for tasks to queue
[2026-03-03T09:04:55.467+0000] {logging_mixin.py:190} INFO - [2026-03-03T09:04:55.466+0000] {dagbag.py:588} INFO - Filling up the DagBag from /opt/airflow/dags/pipeline_common.py
[2026-03-03T09:04:56.011+0000] {processor.py:927} WARNING - No viable dags retrieved from /opt/airflow/dags/pipeline_common.py
[2026-03-03T09:04:56.028+0000] {processor.py:208} INFO - Processing /opt/airflow/dags/pipeline_common.py took 0.571 seconds
[2026-03-03T09:05:27.788+0000] {processor.py:186} INFO - Started process (PID=559) to work on /opt/airflow/dags/pipeline_common.py
[2026-03-03T09:05:27.789+0000] {processor.py:914} INFO - Processing file /opt/airflow/dags/pipeline_common.py for tasks to queue
[2026-03-03T09:05:27.791+0000] {logging_mixin.py:190} INFO - [2026-03-03T09:05:27.790+0000] {dagbag.py:588} INFO - Filling up the DagBag from /opt/airflow/dags/pipeline_common.py
[2026-03-03T09:05:28.259+0000] {processor.py:927} WARNING - No viable dags retrieved from /opt/airflow/dags/pipeline_common.py
[2026-03-03T09:05:28.277+0000] {processor.py:208} INFO - Processing /opt/airflow/dags/pipeline_common.py took 0.494 seconds
[2026-03-03T09:05:58.573+0000] {processor.py:186} INFO - Started process (PID=583) to work on /opt/airflow/dags/pipeline_common.py
[2026-03-03T09:05:58.574+0000] {processor.py:914} INFO - Processing file /opt/airflow/dags/pipeline_common.py for tasks to queue
[2026-03-03T09:05:58.575+0000] {logging_mixin.py:190} INFO - [2026-03-03T09:05:58.575+0000] {dagbag.py:588} INFO - Filling up the DagBag from /opt/airflow/dags/pipeline_common.py
[2026-03-03T09:05:59.052+0000] {processor.py:927} WARNING - No viable dags retrieved from /opt/airflow/dags/pipeline_common.py
[2026-03-03T09:05:59.070+0000] {processor.py:208} INFO - Processing /opt/airflow/dags/pipeline_common.py took 0.502 seconds
[2026-03-03T09:06:29.341+0000] {processor.py:186} INFO - Started process (PID=607) to work on /opt/airflow/dags/pipeline_common.py
[2026-03-03T09:06:29.342+0000] {processor.py:914} INFO - Processing file /opt/airflow/dags/pipeline_common.py for tasks to queue
[2026-03-03T09:06:29.344+0000] {logging_mixin.py:190} INFO - [2026-03-03T09:06:29.344+0000] {dagbag.py:588} INFO - Filling up the DagBag from /opt/airflow/dags/pipeline_common.py
[2026-03-03T09:06:29.970+0000] {processor.py:927} WARNING - No viable dags retrieved from /opt/airflow/dags/pipeline_common.py
[2026-03-03T09:06:29.989+0000] {processor.py:208} INFO - Processing /opt/airflow/dags/pipeline_common.py took 0.656 seconds
[2026-03-03T09:07:00.371+0000] {processor.py:186} INFO - Started process (PID=631) to work on /opt/airflow/dags/pipeline_common.py
[2026-03-03T09:07:00.372+0000] {processor.py:914} INFO - Processing file /opt/airflow/dags/pipeline_common.py for tasks to queue
[2026-03-03T09:07:00.374+0000] {logging_mixin.py:190} INFO - [2026-03-03T09:07:00.374+0000] {dagbag.py:588} INFO - Filling up the DagBag from /opt/airflow/dags/pipeline_common.py
[2026-03-03T09:07:00.841+0000] {processor.py:927} WARNING - No viable dags retrieved from /opt/airflow/dags/pipeline_common.py
[2026-03-03T09:07:00.857+0000] {processor.py:208} INFO - Processing /opt/airflow/dags/pipeline_common.py took 0.491 seconds
[2026-03-03T09:07:31.601+0000] {processor.py:186} INFO - Started process (PID=655) to work on /opt/airflow/dags/pipeline_common.py
[2026-03-03T09:07:31.603+0000] {processor.py:914} INFO - Processing file /opt/airflow/dags/pipeline_common.py for tasks to queue
[2026-03-03T09:07:31.605+0000] {logging_mixin.py:190} INFO - [2026-03-03T09:07:31.605+0000] {dagbag.py:588} INFO - Filling up the DagBag from /opt/airflow/dags/pipeline_common.py
[2026-03-03T09:07:32.154+0000] {processor.py:927} WARNING - No viable dags retrieved from /opt/airflow/dags/pipeline_common.py
[2026-03-03T09:07:32.175+0000] {processor.py:208} INFO - Processing /opt/airflow/dags/pipeline_common.py took 0.582 seconds
[2026-03-03T09:08:02.496+0000] {processor.py:186} INFO - Started process (PID=679) to work on /opt/airflow/dags/pipeline_common.py
[2026-03-03T09:08:02.497+0000] {processor.py:914} INFO - Processing file /opt/airflow/dags/pipeline_common.py for tasks to queue
[2026-03-03T09:08:02.499+0000] {logging_mixin.py:190} INFO - [2026-03-03T09:08:02.498+0000] {dagbag.py:588} INFO - Filling up the DagBag from /opt/airflow/dags/pipeline_common.py
[2026-03-03T09:08:03.010+0000] {processor.py:927} WARNING - No viable dags retrieved from /opt/airflow/dags/pipeline_common.py
[2026-03-03T09:08:03.029+0000] {processor.py:208} INFO - Processing /opt/airflow/dags/pipeline_common.py took 0.538 seconds
[2026-03-03T09:08:33.523+0000] {processor.py:186} INFO - Started process (PID=703) to work on /opt/airflow/dags/pipeline_common.py
[2026-03-03T09:08:33.525+0000] {processor.py:914} INFO - Processing file /opt/airflow/dags/pipeline_common.py for tasks to queue
[2026-03-03T09:08:33.526+0000] {logging_mixin.py:190} INFO - [2026-03-03T09:08:33.526+0000] {dagbag.py:588} INFO - Filling up the DagBag from /opt/airflow/dags/pipeline_common.py
[2026-03-03T09:08:34.017+0000] {processor.py:927} WARNING - No viable dags retrieved from /opt/airflow/dags/pipeline_common.py
[2026-03-03T09:08:34.034+0000] {processor.py:208} INFO - Processing /opt/airflow/dags/pipeline_common.py took 0.516 seconds
[2026-03-03T09:09:04.406+0000] {processor.py:186} INFO - Started process (PID=727) to work on /opt/airflow/dags/pipeline_common.py
[2026-03-03T09:09:04.407+0000] {processor.py:914} INFO - Processing file /opt/airflow/dags/pipeline_common.py for tasks to queue
[2026-03-03T09:09:04.408+0000] {logging_mixin.py:190} INFO - [2026-03-03T09:09:04.408+0000] {dagbag.py:588} INFO - Filling up the DagBag from /opt/airflow/dags/pipeline_common.py
[2026-03-03T09:09:04.915+0000] {processor.py:927} WARNING - No viable dags retrieved from /opt/airflow/dags/pipeline_common.py
[2026-03-03T09:09:04.932+0000] {processor.py:208} INFO - Processing /opt/airflow/dags/pipeline_common.py took 0.531 seconds
[2026-03-03T09:09:35.133+0000] {processor.py:186} INFO - Started process (PID=751) to work on /opt/airflow/dags/pipeline_common.py
[2026-03-03T09:09:35.134+0000] {processor.py:914} INFO - Processing file /opt/airflow/dags/pipeline_common.py for tasks to queue
[2026-03-03T09:09:35.135+0000] {logging_mixin.py:190} INFO - [2026-03-03T09:09:35.134+0000] {dagbag.py:588} INFO - Filling up the DagBag from /opt/airflow/dags/pipeline_common.py
[2026-03-03T09:09:35.586+0000] {processor.py:927} WARNING - No viable dags retrieved from /opt/airflow/dags/pipeline_common.py
[2026-03-03T09:09:35.605+0000] {processor.py:208} INFO - Processing /opt/airflow/dags/pipeline_common.py took 0.477 seconds
[2026-03-03T09:10:05.763+0000] {processor.py:186} INFO - Started process (PID=775) to work on /opt/airflow/dags/pipeline_common.py
[2026-03-03T09:10:05.764+0000] {processor.py:914} INFO - Processing file /opt/airflow/dags/pipeline_common.py for tasks to queue
[2026-03-03T09:10:05.766+0000] {logging_mixin.py:190} INFO - [2026-03-03T09:10:05.766+0000] {dagbag.py:588} INFO - Filling up the DagBag from /opt/airflow/dags/pipeline_common.py
[2026-03-03T09:10:06.294+0000] {processor.py:927} WARNING - No viable dags retrieved from /opt/airflow/dags/pipeline_common.py
[2026-03-03T09:10:06.310+0000] {processor.py:208} INFO - Processing /opt/airflow/dags/pipeline_common.py took 0.553 seconds
[2026-03-03T09:10:36.439+0000] {processor.py:186} INFO - Started process (PID=799) to work on /opt/airflow/dags/pipeline_common.py
[2026-03-03T09:10:36.440+0000] {processor.py:914} INFO - Processing file /opt/airflow/dags/pipeline_common.py for tasks to queue
[2026-03-03T09:10:36.442+0000] {logging_mixin.py:190} INFO - [2026-03-03T09:10:36.441+0000] {dagbag.py:588} INFO - Filling up the DagBag from /opt/airflow/dags/pipeline_common.py
[2026-03-03T09:10:36.895+0000] {processor.py:927} WARNING - No viable dags retrieved from /opt/airflow/dags/pipeline_common.py
[2026-03-03T09:10:36.913+0000] {processor.py:208} INFO - Processing /opt/airflow/dags/pipeline_common.py took 0.479 seconds
[2026-03-03T09:11:07.066+0000] {processor.py:186} INFO - Started process (PID=823) to work on /opt/airflow/dags/pipeline_common.py
[2026-03-03T09:11:07.067+0000] {processor.py:914} INFO - Processing file /opt/airflow/dags/pipeline_common.py for tasks to queue
[2026-03-03T09:11:07.068+0000] {logging_mixin.py:190} INFO - [2026-03-03T09:11:07.067+0000] {dagbag.py:588} INFO - Filling up the DagBag from /opt/airflow/dags/pipeline_common.py
[2026-03-03T09:11:07.531+0000] {processor.py:927} WARNING - No viable dags retrieved from /opt/airflow/dags/pipeline_common.py
[2026-03-03T09:11:07.553+0000] {processor.py:208} INFO - Processing /opt/airflow/dags/pipeline_common.py took 0.493 seconds
[2026-03-03T09:11:37.702+0000] {processor.py:186} INFO - Started process (PID=847) to work on /opt/airflow/dags/pipeline_common.py
[2026-03-03T09:11:37.703+0000] {processor.py:914} INFO - Processing file /opt/airflow/dags/pipeline_common.py for tasks to queue
[2026-03-03T09:11:37.704+0000] {logging_mixin.py:190} INFO - [2026-03-03T09:11:37.704+0000] {dagbag.py:588} INFO - Filling up the DagBag from /opt/airflow/dags/pipeline_common.py
[2026-03-03T09:11:38.247+0000] {processor.py:927} WARNING - No viable dags retrieved from /opt/airflow/dags/pipeline_common.py
[2026-03-03T09:11:38.267+0000] {processor.py:208} INFO - Processing /opt/airflow/dags/pipeline_common.py took 0.571 seconds
[2026-03-03T09:12:08.702+0000] {processor.py:186} INFO - Started process (PID=871) to work on /opt/airflow/dags/pipeline_common.py
[2026-03-03T09:12:08.703+0000] {processor.py:914} INFO - Processing file /opt/airflow/dags/pipeline_common.py for tasks to queue
[2026-03-03T09:12:08.705+0000] {logging_mixin.py:190} INFO - [2026-03-03T09:12:08.705+0000] {dagbag.py:588} INFO - Filling up the DagBag from /opt/airflow/dags/pipeline_common.py
[2026-03-03T09:12:09.244+0000] {processor.py:927} WARNING - No viable dags retrieved from /opt/airflow/dags/pipeline_common.py
[2026-03-03T09:12:09.283+0000] {processor.py:208} INFO - Processing /opt/airflow/dags/pipeline_common.py took 0.591 seconds
[2026-03-03T09:12:39.522+0000] {processor.py:186} INFO - Started process (PID=895) to work on /opt/airflow/dags/pipeline_common.py
[2026-03-03T09:12:39.523+0000] {processor.py:914} INFO - Processing file /opt/airflow/dags/pipeline_common.py for tasks to queue
[2026-03-03T09:12:39.524+0000] {logging_mixin.py:190} INFO - [2026-03-03T09:12:39.524+0000] {dagbag.py:588} INFO - Filling up the DagBag from /opt/airflow/dags/pipeline_common.py
[2026-03-03T09:12:39.862+0000] {processor.py:927} WARNING - No viable dags retrieved from /opt/airflow/dags/pipeline_common.py
[2026-03-03T09:12:39.887+0000] {processor.py:208} INFO - Processing /opt/airflow/dags/pipeline_common.py took 0.373 seconds
[2026-03-03T09:13:10.387+0000] {processor.py:186} INFO - Started process (PID=919) to work on /opt/airflow/dags/pipeline_common.py
[2026-03-03T09:13:10.388+0000] {processor.py:914} INFO - Processing file /opt/airflow/dags/pipeline_common.py for tasks to queue
[2026-03-03T09:13:10.389+0000] {logging_mixin.py:190} INFO - [2026-03-03T09:13:10.389+0000] {dagbag.py:588} INFO - Filling up the DagBag from /opt/airflow/dags/pipeline_common.py
[2026-03-03T09:13:10.690+0000] {processor.py:927} WARNING - No viable dags retrieved from /opt/airflow/dags/pipeline_common.py
[2026-03-03T09:13:10.712+0000] {processor.py:208} INFO - Processing /opt/airflow/dags/pipeline_common.py took 0.331 seconds
[2026-03-03T09:13:41.187+0000] {processor.py:186} INFO - Started process (PID=943) to work on /opt/airflow/dags/pipeline_common.py
[2026-03-03T09:13:41.188+0000] {processor.py:914} INFO - Processing file /opt/airflow/dags/pipeline_common.py for tasks to queue
[2026-03-03T09:13:41.190+0000] {logging_mixin.py:190} INFO - [2026-03-03T09:13:41.190+0000] {dagbag.py:588} INFO - Filling up the DagBag from /opt/airflow/dags/pipeline_common.py
[2026-03-03T09:13:41.492+0000] {processor.py:927} WARNING - No viable dags retrieved from /opt/airflow/dags/pipeline_common.py
[2026-03-03T09:13:41.515+0000] {processor.py:208} INFO - Processing /opt/airflow/dags/pipeline_common.py took 0.334 seconds
[2026-03-03T09:14:11.674+0000] {processor.py:186} INFO - Started process (PID=967) to work on /opt/airflow/dags/pipeline_common.py
[2026-03-03T09:14:11.675+0000] {processor.py:914} INFO - Processing file /opt/airflow/dags/pipeline_common.py for tasks to queue
[2026-03-03T09:14:11.677+0000] {logging_mixin.py:190} INFO - [2026-03-03T09:14:11.677+0000] {dagbag.py:588} INFO - Filling up the DagBag from /opt/airflow/dags/pipeline_common.py
[2026-03-03T09:14:12.004+0000] {processor.py:927} WARNING - No viable dags retrieved from /opt/airflow/dags/pipeline_common.py
[2026-03-03T09:14:12.025+0000] {processor.py:208} INFO - Processing /opt/airflow/dags/pipeline_common.py took 0.358 seconds
[2026-03-03T09:14:42.216+0000] {processor.py:186} INFO - Started process (PID=991) to work on /opt/airflow/dags/pipeline_common.py
[2026-03-03T09:14:42.217+0000] {processor.py:914} INFO - Processing file /opt/airflow/dags/pipeline_common.py for tasks to queue
[2026-03-03T09:14:42.218+0000] {logging_mixin.py:190} INFO - [2026-03-03T09:14:42.218+0000] {dagbag.py:588} INFO - Filling up the DagBag from /opt/airflow/dags/pipeline_common.py
[2026-03-03T09:14:42.582+0000] {processor.py:927} WARNING - No viable dags retrieved from /opt/airflow/dags/pipeline_common.py
[2026-03-03T09:14:42.609+0000] {processor.py:208} INFO - Processing /opt/airflow/dags/pipeline_common.py took 0.399 seconds
[2026-03-03T09:15:12.833+0000] {processor.py:186} INFO - Started process (PID=1015) to work on /opt/airflow/dags/pipeline_common.py
[2026-03-03T09:15:12.836+0000] {processor.py:914} INFO - Processing file /opt/airflow/dags/pipeline_common.py for tasks to queue
[2026-03-03T09:15:12.839+0000] {logging_mixin.py:190} INFO - [2026-03-03T09:15:12.838+0000] {dagbag.py:588} INFO - Filling up the DagBag from /opt/airflow/dags/pipeline_common.py
[2026-03-03T09:15:13.325+0000] {processor.py:927} WARNING - No viable dags retrieved from /opt/airflow/dags/pipeline_common.py
[2026-03-03T09:15:13.353+0000] {processor.py:208} INFO - Processing /opt/airflow/dags/pipeline_common.py took 0.528 seconds
[2026-03-03T09:15:43.652+0000] {processor.py:186} INFO - Started process (PID=1039) to work on /opt/airflow/dags/pipeline_common.py
[2026-03-03T09:15:43.653+0000] {processor.py:914} INFO - Processing file /opt/airflow/dags/pipeline_common.py for tasks to queue
[2026-03-03T09:15:43.655+0000] {logging_mixin.py:190} INFO - [2026-03-03T09:15:43.654+0000] {dagbag.py:588} INFO - Filling up the DagBag from /opt/airflow/dags/pipeline_common.py
[2026-03-03T09:15:44.089+0000] {processor.py:927} WARNING - No viable dags retrieved from /opt/airflow/dags/pipeline_common.py
[2026-03-03T09:15:44.121+0000] {processor.py:208} INFO - Processing /opt/airflow/dags/pipeline_common.py took 0.476 seconds
[2026-03-03T09:16:14.322+0000] {processor.py:186} INFO - Started process (PID=1063) to work on /opt/airflow/dags/pipeline_common.py
[2026-03-03T09:16:14.324+0000] {processor.py:914} INFO - Processing file /opt/airflow/dags/pipeline_common.py for tasks to queue
[2026-03-03T09:16:14.326+0000] {logging_mixin.py:190} INFO - [2026-03-03T09:16:14.326+0000] {dagbag.py:588} INFO - Filling up the DagBag from /opt/airflow/dags/pipeline_common.py
[2026-03-03T09:16:14.726+0000] {processor.py:927} WARNING - No viable dags retrieved from /opt/airflow/dags/pipeline_common.py
[2026-03-03T09:16:14.746+0000] {processor.py:208} INFO - Processing /opt/airflow/dags/pipeline_common.py took 0.431 seconds
