[2026-03-04T21:46:08.179+0000] {local_task_job_runner.py:123} INFO - ::group::Pre task execution logs
[2026-03-04T21:46:08.201+0000] {taskinstance.py:2613} INFO - Dependencies all met for dep_context=non-requeueable deps ti=<TaskInstance: dag_1_ingestion_transaccional.ejecutar_kpi_rendimiento_plataforma manual__2026-03-04T16:45:33-05:00 [queued]>
[2026-03-04T21:46:08.212+0000] {taskinstance.py:2613} INFO - Dependencies all met for dep_context=requeueable deps ti=<TaskInstance: dag_1_ingestion_transaccional.ejecutar_kpi_rendimiento_plataforma manual__2026-03-04T16:45:33-05:00 [queued]>
[2026-03-04T21:46:08.214+0000] {taskinstance.py:2866} INFO - Starting attempt 1 of 1
[2026-03-04T21:46:08.228+0000] {taskinstance.py:2889} INFO - Executing <Task(BigQueryInsertJobOperator): ejecutar_kpi_rendimiento_plataforma> on 2026-03-04 21:45:33+00:00
[2026-03-04T21:46:08.237+0000] {standard_task_runner.py:104} INFO - Running: ['***', 'tasks', 'run', 'dag_1_ingestion_transaccional', 'ejecutar_kpi_rendimiento_plataforma', 'manual__2026-03-04T16:45:33-05:00', '--job-id', '42', '--raw', '--subdir', 'DAGS_FOLDER/dag_1_ingestion_transaccional.py', '--cfg-path', '/tmp/tmpv3hwf46p']
[2026-03-04T21:46:08.239+0000] {standard_task_runner.py:105} INFO - Job 42: Subtask ejecutar_kpi_rendimiento_plataforma
[2026-03-04T21:46:08.240+0000] {logging_mixin.py:190} WARNING - /home/***/.local/lib/python3.12/site-packages/***/task/task_runner/standard_task_runner.py:70 DeprecationWarning: This process (pid=254) is multi-threaded, use of fork() may lead to deadlocks in the child.
[2026-03-04T21:46:08.241+0000] {standard_task_runner.py:72} INFO - Started process 258 to run task
[2026-03-04T21:46:08.308+0000] {task_command.py:467} INFO - Running <TaskInstance: dag_1_ingestion_transaccional.ejecutar_kpi_rendimiento_plataforma manual__2026-03-04T16:45:33-05:00 [running]> on host d7ac9a3855ad
[2026-03-04T21:46:08.696+0000] {taskinstance.py:3132} INFO - Exporting env vars: AIRFLOW_CTX_DAG_OWNER='***' AIRFLOW_CTX_DAG_ID='dag_1_ingestion_transaccional' AIRFLOW_CTX_TASK_ID='ejecutar_kpi_rendimiento_plataforma' AIRFLOW_CTX_EXECUTION_DATE='2026-03-04T21:45:33+00:00' AIRFLOW_CTX_TRY_NUMBER='1' AIRFLOW_CTX_DAG_RUN_ID='manual__2026-03-04T16:45:33-05:00'
[2026-03-04T21:46:08.697+0000] {taskinstance.py:731} INFO - ::endgroup::
[2026-03-04T21:46:08.731+0000] {connection.py:277} WARNING - Connection schemes (type: google_cloud_platform) shall not contain '_' according to RFC3986.
[2026-03-04T21:46:08.733+0000] {base.py:84} INFO - Retrieving connection 'google_cloud_default'
[2026-03-04T21:46:08.735+0000] {bigquery.py:2620} INFO - Executing: {'query': {'query': '-- KPI: latencia promedio por plataforma y tipo de evento (iOS/Android/Web).\nCREATE OR REPLACE VIEW `data-solution-end-to-end-21.cala_analytics.v_kpi_latencia_plataforma` AS\nSELECT\n    plataforma,\n    event_name,\n    AVG(latencia_ms) AS latencia_promedio,\n    COUNT(*) AS volumen_eventos\nFROM `data-solution-end-to-end-21.cala_analytics.eventos_app`\nGROUP BY 1, 2\nORDER BY latencia_promedio DESC;', 'useLegacySql': False}}'
[2026-03-04T21:46:08.784+0000] {bigquery.py:1241} INFO - Inserting job ***_dag_1_ingestion_transaccional_ejecutar_kpi_rendimiento_plataforma_2026_03_04T21_45_33_00_00_a0d418c41de3470c46fa6f089229230a
[2026-03-04T21:46:10.157+0000] {taskinstance.py:340} INFO - ::group::Post task execution logs
[2026-03-04T21:46:10.158+0000] {taskinstance.py:352} INFO - Marking task as SUCCESS. dag_id=dag_1_ingestion_transaccional, task_id=ejecutar_kpi_rendimiento_plataforma, run_id=manual__2026-03-04T16:45:33-05:00, execution_date=20260304T214533, start_date=20260304T214608, end_date=20260304T214610
[2026-03-04T21:46:10.225+0000] {local_task_job_runner.py:266} INFO - Task exited with return code 0
[2026-03-04T21:46:10.246+0000] {taskinstance.py:3895} INFO - 0 downstream tasks scheduled from follow-on schedule check
[2026-03-04T21:46:10.248+0000] {local_task_job_runner.py:245} INFO - ::endgroup::
