[2026-03-04T21:46:02.387+0000] {local_task_job_runner.py:123} INFO - ::group::Pre task execution logs
[2026-03-04T21:46:02.411+0000] {taskinstance.py:2613} INFO - Dependencies all met for dep_context=non-requeueable deps ti=<TaskInstance: dag_1_ingestion_transaccional.crear_tabla_eventos_app manual__2026-03-04T16:45:33-05:00 [queued]>
[2026-03-04T21:46:02.421+0000] {taskinstance.py:2613} INFO - Dependencies all met for dep_context=requeueable deps ti=<TaskInstance: dag_1_ingestion_transaccional.crear_tabla_eventos_app manual__2026-03-04T16:45:33-05:00 [queued]>
[2026-03-04T21:46:02.422+0000] {taskinstance.py:2866} INFO - Starting attempt 1 of 1
[2026-03-04T21:46:02.438+0000] {taskinstance.py:2889} INFO - Executing <Task(BigQueryInsertJobOperator): crear_tabla_eventos_app> on 2026-03-04 21:45:33+00:00
[2026-03-04T21:46:02.449+0000] {standard_task_runner.py:104} INFO - Running: ['***', 'tasks', 'run', 'dag_1_ingestion_transaccional', 'crear_tabla_eventos_app', 'manual__2026-03-04T16:45:33-05:00', '--job-id', '38', '--raw', '--subdir', 'DAGS_FOLDER/dag_1_ingestion_transaccional.py', '--cfg-path', '/tmp/tmpu56efki2']
[2026-03-04T21:46:02.452+0000] {standard_task_runner.py:105} INFO - Job 38: Subtask crear_tabla_eventos_app
[2026-03-04T21:46:02.454+0000] {logging_mixin.py:190} WARNING - /home/***/.local/lib/python3.12/site-packages/***/task/task_runner/standard_task_runner.py:70 DeprecationWarning: This process (pid=219) is multi-threaded, use of fork() may lead to deadlocks in the child.
[2026-03-04T21:46:02.456+0000] {standard_task_runner.py:72} INFO - Started process 224 to run task
[2026-03-04T21:46:02.523+0000] {task_command.py:467} INFO - Running <TaskInstance: dag_1_ingestion_transaccional.crear_tabla_eventos_app manual__2026-03-04T16:45:33-05:00 [running]> on host d7ac9a3855ad
[2026-03-04T21:46:02.868+0000] {taskinstance.py:3132} INFO - Exporting env vars: AIRFLOW_CTX_DAG_OWNER='***' AIRFLOW_CTX_DAG_ID='dag_1_ingestion_transaccional' AIRFLOW_CTX_TASK_ID='crear_tabla_eventos_app' AIRFLOW_CTX_EXECUTION_DATE='2026-03-04T21:45:33+00:00' AIRFLOW_CTX_TRY_NUMBER='1' AIRFLOW_CTX_DAG_RUN_ID='manual__2026-03-04T16:45:33-05:00'
[2026-03-04T21:46:02.870+0000] {taskinstance.py:731} INFO - ::endgroup::
[2026-03-04T21:46:02.903+0000] {connection.py:277} WARNING - Connection schemes (type: google_cloud_platform) shall not contain '_' according to RFC3986.
[2026-03-04T21:46:02.905+0000] {base.py:84} INFO - Retrieving connection 'google_cloud_default'
[2026-03-04T21:46:02.906+0000] {bigquery.py:2620} INFO - Executing: {'query': {'query': "-- Log de eventos de la aplicación. Particionamiento por fecha_evento es vital (volumen alto, ahorro y rendimiento).\nCREATE OR REPLACE TABLE `data-solution-end-to-end-21.cala_analytics.eventos_app` (\n    event_id STRING,\n    id_cliente STRING,\n    event_name STRING,\n    plataforma STRING,\n    fecha_evento TIMESTAMP,\n    version_app STRING,\n    ip_origen STRING,\n    latencia_ms FLOAT64\n)\nPARTITION BY DATE(fecha_evento)\nCLUSTER BY event_name, id_cliente\nOPTIONS(\n    description = 'Log de eventos de la aplicación particionado por día'\n);", 'useLegacySql': False}}'
[2026-03-04T21:46:02.968+0000] {bigquery.py:1241} INFO - Inserting job ***_dag_1_ingestion_transaccional_crear_tabla_eventos_app_2026_03_04T21_45_33_00_00_d0b3763fc6df6b3eb78e3946de000d7c
[2026-03-04T21:46:04.503+0000] {taskinstance.py:340} INFO - ::group::Post task execution logs
[2026-03-04T21:46:04.504+0000] {taskinstance.py:352} INFO - Marking task as SUCCESS. dag_id=dag_1_ingestion_transaccional, task_id=crear_tabla_eventos_app, run_id=manual__2026-03-04T16:45:33-05:00, execution_date=20260304T214533, start_date=20260304T214602, end_date=20260304T214604
[2026-03-04T21:46:04.557+0000] {local_task_job_runner.py:266} INFO - Task exited with return code 0
[2026-03-04T21:46:04.591+0000] {taskinstance.py:3895} INFO - 1 downstream tasks scheduled from follow-on schedule check
[2026-03-04T21:46:04.594+0000] {local_task_job_runner.py:245} INFO - ::endgroup::
