[2026-03-04T22:11:29.473+0000] {local_task_job_runner.py:123} INFO - ::group::Pre task execution logs
[2026-03-04T22:11:29.495+0000] {taskinstance.py:2613} INFO - Dependencies all met for dep_context=non-requeueable deps ti=<TaskInstance: dag_1_ingestion_transaccional.crear_tabla_eventos_app manual__2026-03-04T17:10:55-05:00 [queued]>
[2026-03-04T22:11:29.505+0000] {taskinstance.py:2613} INFO - Dependencies all met for dep_context=requeueable deps ti=<TaskInstance: dag_1_ingestion_transaccional.crear_tabla_eventos_app manual__2026-03-04T17:10:55-05:00 [queued]>
[2026-03-04T22:11:29.505+0000] {taskinstance.py:2866} INFO - Starting attempt 1 of 1
[2026-03-04T22:11:29.520+0000] {taskinstance.py:2889} INFO - Executing <Task(BigQueryInsertJobOperator): crear_tabla_eventos_app> on 2026-03-04 22:10:55+00:00
[2026-03-04T22:11:29.530+0000] {standard_task_runner.py:104} INFO - Running: ['***', 'tasks', 'run', 'dag_1_ingestion_transaccional', 'crear_tabla_eventos_app', 'manual__2026-03-04T17:10:55-05:00', '--job-id', '50', '--raw', '--subdir', 'DAGS_FOLDER/dag_1_ingestion_transaccional.py', '--cfg-path', '/tmp/tmpz07qnwgo']
[2026-03-04T22:11:29.534+0000] {standard_task_runner.py:105} INFO - Job 50: Subtask crear_tabla_eventos_app
[2026-03-04T22:11:29.535+0000] {logging_mixin.py:190} WARNING - /home/***/.local/lib/python3.12/site-packages/***/task/task_runner/standard_task_runner.py:70 DeprecationWarning: This process (pid=1253) is multi-threaded, use of fork() may lead to deadlocks in the child.
[2026-03-04T22:11:29.536+0000] {standard_task_runner.py:72} INFO - Started process 1277 to run task
[2026-03-04T22:11:29.603+0000] {task_command.py:467} INFO - Running <TaskInstance: dag_1_ingestion_transaccional.crear_tabla_eventos_app manual__2026-03-04T17:10:55-05:00 [running]> on host d7ac9a3855ad
[2026-03-04T22:11:29.942+0000] {taskinstance.py:3132} INFO - Exporting env vars: AIRFLOW_CTX_DAG_OWNER='***' AIRFLOW_CTX_DAG_ID='dag_1_ingestion_transaccional' AIRFLOW_CTX_TASK_ID='crear_tabla_eventos_app' AIRFLOW_CTX_EXECUTION_DATE='2026-03-04T22:10:55+00:00' AIRFLOW_CTX_TRY_NUMBER='1' AIRFLOW_CTX_DAG_RUN_ID='manual__2026-03-04T17:10:55-05:00'
[2026-03-04T22:11:29.944+0000] {taskinstance.py:731} INFO - ::endgroup::
[2026-03-04T22:11:29.969+0000] {connection.py:277} WARNING - Connection schemes (type: google_cloud_platform) shall not contain '_' according to RFC3986.
[2026-03-04T22:11:29.972+0000] {base.py:84} INFO - Retrieving connection 'google_cloud_default'
[2026-03-04T22:11:29.973+0000] {bigquery.py:2620} INFO - Executing: {'query': {'query': "-- Log de eventos de la aplicación. Particionamiento por fecha_evento es vital (volumen alto, ahorro y rendimiento).\nCREATE OR REPLACE TABLE `data-solution-end-to-end-21.cala_analytics.eventos_app` (\n    event_id STRING,\n    id_cliente STRING,\n    event_name STRING,\n    plataforma STRING,\n    fecha_evento TIMESTAMP,\n    version_app STRING,\n    ip_origen STRING,\n    latencia_ms FLOAT64\n)\nPARTITION BY DATE(fecha_evento)\nCLUSTER BY event_name, id_cliente\nOPTIONS(\n    description = 'Log de eventos de la aplicación particionado por día'\n);", 'useLegacySql': False}}'
[2026-03-04T22:11:30.023+0000] {bigquery.py:1241} INFO - Inserting job ***_dag_1_ingestion_transaccional_crear_tabla_eventos_app_2026_03_04T22_10_55_00_00_34b71acaaddf8d2c080f50c3868085d4
[2026-03-04T22:11:31.449+0000] {taskinstance.py:340} INFO - ::group::Post task execution logs
[2026-03-04T22:11:31.450+0000] {taskinstance.py:352} INFO - Marking task as SUCCESS. dag_id=dag_1_ingestion_transaccional, task_id=crear_tabla_eventos_app, run_id=manual__2026-03-04T17:10:55-05:00, execution_date=20260304T221055, start_date=20260304T221129, end_date=20260304T221131
[2026-03-04T22:11:31.518+0000] {local_task_job_runner.py:266} INFO - Task exited with return code 0
[2026-03-04T22:11:31.548+0000] {taskinstance.py:3895} INFO - 1 downstream tasks scheduled from follow-on schedule check
[2026-03-04T22:11:31.550+0000] {local_task_job_runner.py:245} INFO - ::endgroup::
