[2026-03-05T03:09:26.039+0000] {local_task_job_runner.py:123} INFO - ::group::Pre task execution logs
[2026-03-05T03:09:26.061+0000] {taskinstance.py:2613} INFO - Dependencies all met for dep_context=non-requeueable deps ti=<TaskInstance: dag_3_actualizacion_rag.esperar_ingestion_transaccional manual__2026-03-05T03:09:24.013046+00:00 [queued]>
[2026-03-05T03:09:26.072+0000] {taskinstance.py:2613} INFO - Dependencies all met for dep_context=requeueable deps ti=<TaskInstance: dag_3_actualizacion_rag.esperar_ingestion_transaccional manual__2026-03-05T03:09:24.013046+00:00 [queued]>
[2026-03-05T03:09:26.073+0000] {taskinstance.py:2866} INFO - Starting attempt 1 of 1
[2026-03-05T03:09:26.090+0000] {taskinstance.py:2889} INFO - Executing <Task(ExternalTaskSensor): esperar_ingestion_transaccional> on 2026-03-05 03:09:24.013046+00:00
[2026-03-05T03:09:26.106+0000] {logging_mixin.py:190} WARNING - /home/***/.local/lib/python3.12/site-packages/***/task/task_runner/standard_task_runner.py:70 DeprecationWarning: This process (pid=8265) is multi-threaded, use of fork() may lead to deadlocks in the child.
[2026-03-05T03:09:26.104+0000] {standard_task_runner.py:104} INFO - Running: ['***', 'tasks', 'run', 'dag_3_actualizacion_rag', 'esperar_ingestion_transaccional', 'manual__2026-03-05T03:09:24.013046+00:00', '--job-id', '100', '--raw', '--subdir', 'DAGS_FOLDER/dag_3_actualizacion_rag.py', '--cfg-path', '/tmp/tmpghicr1qn']
[2026-03-05T03:09:26.107+0000] {standard_task_runner.py:72} INFO - Started process 8271 to run task
[2026-03-05T03:09:26.107+0000] {standard_task_runner.py:105} INFO - Job 100: Subtask esperar_ingestion_transaccional
[2026-03-05T03:09:26.170+0000] {task_command.py:467} INFO - Running <TaskInstance: dag_3_actualizacion_rag.esperar_ingestion_transaccional manual__2026-03-05T03:09:24.013046+00:00 [running]> on host 6db8ac2a4a54
[2026-03-05T03:09:26.272+0000] {taskinstance.py:3132} INFO - Exporting env vars: AIRFLOW_CTX_DAG_OWNER='***' AIRFLOW_CTX_DAG_ID='dag_3_actualizacion_rag' AIRFLOW_CTX_TASK_ID='esperar_ingestion_transaccional' AIRFLOW_CTX_EXECUTION_DATE='2026-03-05T03:09:24.013046+00:00' AIRFLOW_CTX_TRY_NUMBER='1' AIRFLOW_CTX_DAG_RUN_ID='manual__2026-03-05T03:09:24.013046+00:00'
[2026-03-05T03:09:26.274+0000] {taskinstance.py:731} INFO - ::endgroup::
[2026-03-05T03:09:26.287+0000] {baseoperator.py:421} WARNING - ExternalTaskSensor.execute cannot be called outside TaskInstance!
[2026-03-05T03:09:26.300+0000] {external_task.py:274} INFO - Poking for DAG 'dag_1_ingestion_transaccional' on 2026-03-05T03:09:24.013046+00:00 ... 
[2026-03-05T03:09:26.306+0000] {logging_mixin.py:190} WARNING - /home/***/.local/lib/python3.12/site-packages/***/utils/session.py:97 DeprecationWarning: This method is deprecated and will be removed in future.
[2026-03-05T03:09:26.345+0000] {taskinstance.py:309} INFO - Rescheduling task, marking task as UP_FOR_RESCHEDULE
[2026-03-05T03:09:26.346+0000] {taskinstance.py:340} INFO - ::group::Post task execution logs
[2026-03-05T03:09:26.362+0000] {local_task_job_runner.py:266} INFO - Task exited with return code 0
[2026-03-05T03:09:26.394+0000] {taskinstance.py:3895} INFO - 0 downstream tasks scheduled from follow-on schedule check
[2026-03-05T03:09:26.396+0000] {local_task_job_runner.py:245} INFO - ::endgroup::
[2026-03-05T03:10:27.619+0000] {local_task_job_runner.py:123} INFO - ::group::Pre task execution logs
[2026-03-05T03:10:27.641+0000] {taskinstance.py:2613} INFO - Dependencies all met for dep_context=non-requeueable deps ti=<TaskInstance: dag_3_actualizacion_rag.esperar_ingestion_transaccional manual__2026-03-05T03:09:24.013046+00:00 [queued]>
[2026-03-05T03:10:27.651+0000] {taskinstance.py:2613} INFO - Dependencies all met for dep_context=requeueable deps ti=<TaskInstance: dag_3_actualizacion_rag.esperar_ingestion_transaccional manual__2026-03-05T03:09:24.013046+00:00 [queued]>
[2026-03-05T03:10:27.652+0000] {taskinstance.py:2866} INFO - Starting attempt 1 of 1
[2026-03-05T03:10:27.667+0000] {taskinstance.py:2889} INFO - Executing <Task(ExternalTaskSensor): esperar_ingestion_transaccional> on 2026-03-05 03:09:24.013046+00:00
[2026-03-05T03:10:27.674+0000] {logging_mixin.py:190} WARNING - /home/***/.local/lib/python3.12/site-packages/***/task/task_runner/standard_task_runner.py:70 DeprecationWarning: This process (pid=8339) is multi-threaded, use of fork() may lead to deadlocks in the child.
[2026-03-05T03:10:27.676+0000] {standard_task_runner.py:72} INFO - Started process 8341 to run task
[2026-03-05T03:10:27.675+0000] {standard_task_runner.py:104} INFO - Running: ['***', 'tasks', 'run', 'dag_3_actualizacion_rag', 'esperar_ingestion_transaccional', 'manual__2026-03-05T03:09:24.013046+00:00', '--job-id', '106', '--raw', '--subdir', 'DAGS_FOLDER/dag_3_actualizacion_rag.py', '--cfg-path', '/tmp/tmpd75stljt']
[2026-03-05T03:10:27.678+0000] {standard_task_runner.py:105} INFO - Job 106: Subtask esperar_ingestion_transaccional
[2026-03-05T03:10:27.738+0000] {task_command.py:467} INFO - Running <TaskInstance: dag_3_actualizacion_rag.esperar_ingestion_transaccional manual__2026-03-05T03:09:24.013046+00:00 [running]> on host 6db8ac2a4a54
[2026-03-05T03:10:27.834+0000] {taskinstance.py:3132} INFO - Exporting env vars: AIRFLOW_CTX_DAG_OWNER='***' AIRFLOW_CTX_DAG_ID='dag_3_actualizacion_rag' AIRFLOW_CTX_TASK_ID='esperar_ingestion_transaccional' AIRFLOW_CTX_EXECUTION_DATE='2026-03-05T03:09:24.013046+00:00' AIRFLOW_CTX_TRY_NUMBER='1' AIRFLOW_CTX_DAG_RUN_ID='manual__2026-03-05T03:09:24.013046+00:00'
[2026-03-05T03:10:27.836+0000] {taskinstance.py:731} INFO - ::endgroup::
[2026-03-05T03:10:27.847+0000] {baseoperator.py:421} WARNING - ExternalTaskSensor.execute cannot be called outside TaskInstance!
[2026-03-05T03:10:27.859+0000] {external_task.py:274} INFO - Poking for DAG 'dag_1_ingestion_transaccional' on 2026-03-05T03:09:24.013046+00:00 ... 
[2026-03-05T03:10:27.861+0000] {logging_mixin.py:190} WARNING - /home/***/.local/lib/python3.12/site-packages/***/utils/session.py:97 DeprecationWarning: This method is deprecated and will be removed in future.
[2026-03-05T03:10:27.897+0000] {taskinstance.py:309} INFO - Rescheduling task, marking task as UP_FOR_RESCHEDULE
[2026-03-05T03:10:27.898+0000] {taskinstance.py:340} INFO - ::group::Post task execution logs
[2026-03-05T03:10:27.931+0000] {local_task_job_runner.py:266} INFO - Task exited with return code 0
[2026-03-05T03:10:27.962+0000] {taskinstance.py:3895} INFO - 0 downstream tasks scheduled from follow-on schedule check
[2026-03-05T03:10:27.965+0000] {local_task_job_runner.py:245} INFO - ::endgroup::
