[2026-03-04T08:23:14.096+0000] {local_task_job_runner.py:123} INFO - ::group::Pre task execution logs
[2026-03-04T08:23:14.120+0000] {taskinstance.py:2613} INFO - Dependencies all met for dep_context=non-requeueable deps ti=<TaskInstance: dag_3_actualizacion_rag.esperar_ingestion_transaccional manual__2026-03-04T08:23:12.792739+00:00 [queued]>
[2026-03-04T08:23:14.130+0000] {taskinstance.py:2613} INFO - Dependencies all met for dep_context=requeueable deps ti=<TaskInstance: dag_3_actualizacion_rag.esperar_ingestion_transaccional manual__2026-03-04T08:23:12.792739+00:00 [queued]>
[2026-03-04T08:23:14.131+0000] {taskinstance.py:2866} INFO - Starting attempt 1 of 1
[2026-03-04T08:23:14.147+0000] {taskinstance.py:2889} INFO - Executing <Task(ExternalTaskSensor): esperar_ingestion_transaccional> on 2026-03-04 08:23:12.792739+00:00
[2026-03-04T08:23:14.157+0000] {logging_mixin.py:190} WARNING - /home/***/.local/lib/python3.12/site-packages/***/task/task_runner/standard_task_runner.py:70 DeprecationWarning: This process (pid=322) is multi-threaded, use of fork() may lead to deadlocks in the child.
[2026-03-04T08:23:14.155+0000] {standard_task_runner.py:104} INFO - Running: ['***', 'tasks', 'run', 'dag_3_actualizacion_rag', 'esperar_ingestion_transaccional', 'manual__2026-03-04T08:23:12.792739+00:00', '--job-id', '86', '--raw', '--subdir', 'DAGS_FOLDER/dag_3_actualizacion_rag.py', '--cfg-path', '/tmp/tmpfumhgus5']
[2026-03-04T08:23:14.158+0000] {standard_task_runner.py:72} INFO - Started process 324 to run task
[2026-03-04T08:23:14.158+0000] {standard_task_runner.py:105} INFO - Job 86: Subtask esperar_ingestion_transaccional
[2026-03-04T08:23:14.225+0000] {task_command.py:467} INFO - Running <TaskInstance: dag_3_actualizacion_rag.esperar_ingestion_transaccional manual__2026-03-04T08:23:12.792739+00:00 [running]> on host a27bd85dd8e4
[2026-03-04T08:23:14.314+0000] {taskinstance.py:3132} INFO - Exporting env vars: AIRFLOW_CTX_DAG_OWNER='***' AIRFLOW_CTX_DAG_ID='dag_3_actualizacion_rag' AIRFLOW_CTX_TASK_ID='esperar_ingestion_transaccional' AIRFLOW_CTX_EXECUTION_DATE='2026-03-04T08:23:12.792739+00:00' AIRFLOW_CTX_TRY_NUMBER='1' AIRFLOW_CTX_DAG_RUN_ID='manual__2026-03-04T08:23:12.792739+00:00'
[2026-03-04T08:23:14.316+0000] {taskinstance.py:731} INFO - ::endgroup::
[2026-03-04T08:23:14.329+0000] {baseoperator.py:421} WARNING - ExternalTaskSensor.execute cannot be called outside TaskInstance!
[2026-03-04T08:23:14.340+0000] {external_task.py:274} INFO - Poking for DAG 'dag_1_ingestion_transaccional' on 2026-03-04T08:23:12.792739+00:00 ... 
[2026-03-04T08:23:14.345+0000] {logging_mixin.py:190} WARNING - /home/***/.local/lib/python3.12/site-packages/***/utils/session.py:97 DeprecationWarning: This method is deprecated and will be removed in future.
[2026-03-04T08:23:14.381+0000] {taskinstance.py:309} INFO - Rescheduling task, marking task as UP_FOR_RESCHEDULE
[2026-03-04T08:23:14.381+0000] {taskinstance.py:340} INFO - ::group::Post task execution logs
[2026-03-04T08:23:14.414+0000] {local_task_job_runner.py:266} INFO - Task exited with return code 0
[2026-03-04T08:23:14.427+0000] {local_task_job_runner.py:245} INFO - ::endgroup::
[2026-03-04T08:24:15.272+0000] {local_task_job_runner.py:123} INFO - ::group::Pre task execution logs
[2026-03-04T08:24:15.294+0000] {taskinstance.py:2613} INFO - Dependencies all met for dep_context=non-requeueable deps ti=<TaskInstance: dag_3_actualizacion_rag.esperar_ingestion_transaccional manual__2026-03-04T08:23:12.792739+00:00 [queued]>
[2026-03-04T08:24:15.303+0000] {taskinstance.py:2613} INFO - Dependencies all met for dep_context=requeueable deps ti=<TaskInstance: dag_3_actualizacion_rag.esperar_ingestion_transaccional manual__2026-03-04T08:23:12.792739+00:00 [queued]>
[2026-03-04T08:24:15.304+0000] {taskinstance.py:2866} INFO - Starting attempt 1 of 1
[2026-03-04T08:24:15.319+0000] {taskinstance.py:2889} INFO - Executing <Task(ExternalTaskSensor): esperar_ingestion_transaccional> on 2026-03-04 08:23:12.792739+00:00
[2026-03-04T08:24:15.327+0000] {standard_task_runner.py:104} INFO - Running: ['***', 'tasks', 'run', 'dag_3_actualizacion_rag', 'esperar_ingestion_transaccional', 'manual__2026-03-04T08:23:12.792739+00:00', '--job-id', '88', '--raw', '--subdir', 'DAGS_FOLDER/dag_3_actualizacion_rag.py', '--cfg-path', '/tmp/tmp63w7wzje']
[2026-03-04T08:24:15.329+0000] {logging_mixin.py:190} WARNING - /home/***/.local/lib/python3.12/site-packages/***/task/task_runner/standard_task_runner.py:70 DeprecationWarning: This process (pid=378) is multi-threaded, use of fork() may lead to deadlocks in the child.
[2026-03-04T08:24:15.329+0000] {standard_task_runner.py:105} INFO - Job 88: Subtask esperar_ingestion_transaccional
[2026-03-04T08:24:15.330+0000] {standard_task_runner.py:72} INFO - Started process 380 to run task
[2026-03-04T08:24:15.387+0000] {task_command.py:467} INFO - Running <TaskInstance: dag_3_actualizacion_rag.esperar_ingestion_transaccional manual__2026-03-04T08:23:12.792739+00:00 [running]> on host a27bd85dd8e4
[2026-03-04T08:24:15.475+0000] {taskinstance.py:3132} INFO - Exporting env vars: AIRFLOW_CTX_DAG_OWNER='***' AIRFLOW_CTX_DAG_ID='dag_3_actualizacion_rag' AIRFLOW_CTX_TASK_ID='esperar_ingestion_transaccional' AIRFLOW_CTX_EXECUTION_DATE='2026-03-04T08:23:12.792739+00:00' AIRFLOW_CTX_TRY_NUMBER='1' AIRFLOW_CTX_DAG_RUN_ID='manual__2026-03-04T08:23:12.792739+00:00'
[2026-03-04T08:24:15.476+0000] {taskinstance.py:731} INFO - ::endgroup::
[2026-03-04T08:24:15.489+0000] {baseoperator.py:421} WARNING - ExternalTaskSensor.execute cannot be called outside TaskInstance!
[2026-03-04T08:24:15.504+0000] {external_task.py:274} INFO - Poking for DAG 'dag_1_ingestion_transaccional' on 2026-03-04T08:23:12.792739+00:00 ... 
[2026-03-04T08:24:15.509+0000] {logging_mixin.py:190} WARNING - /home/***/.local/lib/python3.12/site-packages/***/utils/session.py:97 DeprecationWarning: This method is deprecated and will be removed in future.
[2026-03-04T08:24:15.544+0000] {taskinstance.py:309} INFO - Rescheduling task, marking task as UP_FOR_RESCHEDULE
[2026-03-04T08:24:15.545+0000] {taskinstance.py:340} INFO - ::group::Post task execution logs
[2026-03-04T08:24:15.585+0000] {local_task_job_runner.py:266} INFO - Task exited with return code 0
[2026-03-04T08:24:15.614+0000] {taskinstance.py:3895} INFO - 0 downstream tasks scheduled from follow-on schedule check
[2026-03-04T08:24:15.616+0000] {local_task_job_runner.py:245} INFO - ::endgroup::
[2026-03-04T08:25:16.572+0000] {local_task_job_runner.py:123} INFO - ::group::Pre task execution logs
[2026-03-04T08:25:16.596+0000] {taskinstance.py:2613} INFO - Dependencies all met for dep_context=non-requeueable deps ti=<TaskInstance: dag_3_actualizacion_rag.esperar_ingestion_transaccional manual__2026-03-04T08:23:12.792739+00:00 [queued]>
[2026-03-04T08:25:16.608+0000] {taskinstance.py:2613} INFO - Dependencies all met for dep_context=requeueable deps ti=<TaskInstance: dag_3_actualizacion_rag.esperar_ingestion_transaccional manual__2026-03-04T08:23:12.792739+00:00 [queued]>
[2026-03-04T08:25:16.608+0000] {taskinstance.py:2866} INFO - Starting attempt 1 of 1
[2026-03-04T08:25:16.623+0000] {taskinstance.py:2889} INFO - Executing <Task(ExternalTaskSensor): esperar_ingestion_transaccional> on 2026-03-04 08:23:12.792739+00:00
[2026-03-04T08:25:16.631+0000] {standard_task_runner.py:104} INFO - Running: ['***', 'tasks', 'run', 'dag_3_actualizacion_rag', 'esperar_ingestion_transaccional', 'manual__2026-03-04T08:23:12.792739+00:00', '--job-id', '90', '--raw', '--subdir', 'DAGS_FOLDER/dag_3_actualizacion_rag.py', '--cfg-path', '/tmp/tmpqs9t2rv2']
[2026-03-04T08:25:16.633+0000] {standard_task_runner.py:105} INFO - Job 90: Subtask esperar_ingestion_transaccional
[2026-03-04T08:25:16.633+0000] {logging_mixin.py:190} WARNING - /home/***/.local/lib/python3.12/site-packages/***/task/task_runner/standard_task_runner.py:70 DeprecationWarning: This process (pid=434) is multi-threaded, use of fork() may lead to deadlocks in the child.
[2026-03-04T08:25:16.634+0000] {standard_task_runner.py:72} INFO - Started process 436 to run task
[2026-03-04T08:25:16.693+0000] {task_command.py:467} INFO - Running <TaskInstance: dag_3_actualizacion_rag.esperar_ingestion_transaccional manual__2026-03-04T08:23:12.792739+00:00 [running]> on host a27bd85dd8e4
[2026-03-04T08:25:16.793+0000] {taskinstance.py:3132} INFO - Exporting env vars: AIRFLOW_CTX_DAG_OWNER='***' AIRFLOW_CTX_DAG_ID='dag_3_actualizacion_rag' AIRFLOW_CTX_TASK_ID='esperar_ingestion_transaccional' AIRFLOW_CTX_EXECUTION_DATE='2026-03-04T08:23:12.792739+00:00' AIRFLOW_CTX_TRY_NUMBER='1' AIRFLOW_CTX_DAG_RUN_ID='manual__2026-03-04T08:23:12.792739+00:00'
[2026-03-04T08:25:16.795+0000] {taskinstance.py:731} INFO - ::endgroup::
[2026-03-04T08:25:16.810+0000] {baseoperator.py:421} WARNING - ExternalTaskSensor.execute cannot be called outside TaskInstance!
[2026-03-04T08:25:16.824+0000] {external_task.py:274} INFO - Poking for DAG 'dag_1_ingestion_transaccional' on 2026-03-04T08:23:12.792739+00:00 ... 
[2026-03-04T08:25:16.829+0000] {logging_mixin.py:190} WARNING - /home/***/.local/lib/python3.12/site-packages/***/utils/session.py:97 DeprecationWarning: This method is deprecated and will be removed in future.
[2026-03-04T08:25:16.868+0000] {taskinstance.py:309} INFO - Rescheduling task, marking task as UP_FOR_RESCHEDULE
[2026-03-04T08:25:16.870+0000] {taskinstance.py:340} INFO - ::group::Post task execution logs
[2026-03-04T08:25:16.889+0000] {local_task_job_runner.py:266} INFO - Task exited with return code 0
[2026-03-04T08:25:16.921+0000] {taskinstance.py:3895} INFO - 0 downstream tasks scheduled from follow-on schedule check
[2026-03-04T08:25:16.924+0000] {local_task_job_runner.py:245} INFO - ::endgroup::
[2026-03-04T08:26:18.117+0000] {local_task_job_runner.py:123} INFO - ::group::Pre task execution logs
[2026-03-04T08:26:18.138+0000] {taskinstance.py:2613} INFO - Dependencies all met for dep_context=non-requeueable deps ti=<TaskInstance: dag_3_actualizacion_rag.esperar_ingestion_transaccional manual__2026-03-04T08:23:12.792739+00:00 [queued]>
[2026-03-04T08:26:18.149+0000] {taskinstance.py:2613} INFO - Dependencies all met for dep_context=requeueable deps ti=<TaskInstance: dag_3_actualizacion_rag.esperar_ingestion_transaccional manual__2026-03-04T08:23:12.792739+00:00 [queued]>
[2026-03-04T08:26:18.150+0000] {taskinstance.py:2866} INFO - Starting attempt 1 of 1
[2026-03-04T08:26:18.162+0000] {taskinstance.py:2889} INFO - Executing <Task(ExternalTaskSensor): esperar_ingestion_transaccional> on 2026-03-04 08:23:12.792739+00:00
[2026-03-04T08:26:18.171+0000] {standard_task_runner.py:104} INFO - Running: ['***', 'tasks', 'run', 'dag_3_actualizacion_rag', 'esperar_ingestion_transaccional', 'manual__2026-03-04T08:23:12.792739+00:00', '--job-id', '92', '--raw', '--subdir', 'DAGS_FOLDER/dag_3_actualizacion_rag.py', '--cfg-path', '/tmp/tmp7zy8251o']
[2026-03-04T08:26:18.172+0000] {logging_mixin.py:190} WARNING - /home/***/.local/lib/python3.12/site-packages/***/task/task_runner/standard_task_runner.py:70 DeprecationWarning: This process (pid=480) is multi-threaded, use of fork() may lead to deadlocks in the child.
[2026-03-04T08:26:18.173+0000] {standard_task_runner.py:105} INFO - Job 92: Subtask esperar_ingestion_transaccional
[2026-03-04T08:26:18.173+0000] {standard_task_runner.py:72} INFO - Started process 490 to run task
[2026-03-04T08:26:18.235+0000] {task_command.py:467} INFO - Running <TaskInstance: dag_3_actualizacion_rag.esperar_ingestion_transaccional manual__2026-03-04T08:23:12.792739+00:00 [running]> on host a27bd85dd8e4
[2026-03-04T08:26:18.329+0000] {taskinstance.py:3132} INFO - Exporting env vars: AIRFLOW_CTX_DAG_OWNER='***' AIRFLOW_CTX_DAG_ID='dag_3_actualizacion_rag' AIRFLOW_CTX_TASK_ID='esperar_ingestion_transaccional' AIRFLOW_CTX_EXECUTION_DATE='2026-03-04T08:23:12.792739+00:00' AIRFLOW_CTX_TRY_NUMBER='1' AIRFLOW_CTX_DAG_RUN_ID='manual__2026-03-04T08:23:12.792739+00:00'
[2026-03-04T08:26:18.331+0000] {taskinstance.py:731} INFO - ::endgroup::
[2026-03-04T08:26:18.346+0000] {baseoperator.py:421} WARNING - ExternalTaskSensor.execute cannot be called outside TaskInstance!
[2026-03-04T08:26:18.358+0000] {external_task.py:274} INFO - Poking for DAG 'dag_1_ingestion_transaccional' on 2026-03-04T08:23:12.792739+00:00 ... 
[2026-03-04T08:26:18.363+0000] {logging_mixin.py:190} WARNING - /home/***/.local/lib/python3.12/site-packages/***/utils/session.py:97 DeprecationWarning: This method is deprecated and will be removed in future.
[2026-03-04T08:26:18.402+0000] {taskinstance.py:309} INFO - Rescheduling task, marking task as UP_FOR_RESCHEDULE
[2026-03-04T08:26:18.403+0000] {taskinstance.py:340} INFO - ::group::Post task execution logs
[2026-03-04T08:26:18.428+0000] {local_task_job_runner.py:266} INFO - Task exited with return code 0
[2026-03-04T08:26:18.456+0000] {taskinstance.py:3895} INFO - 0 downstream tasks scheduled from follow-on schedule check
[2026-03-04T08:26:18.459+0000] {local_task_job_runner.py:245} INFO - ::endgroup::
[2026-03-04T08:27:23.119+0000] {local_task_job_runner.py:123} INFO - ::group::Pre task execution logs
[2026-03-04T08:27:23.155+0000] {taskinstance.py:2613} INFO - Dependencies all met for dep_context=non-requeueable deps ti=<TaskInstance: dag_3_actualizacion_rag.esperar_ingestion_transaccional manual__2026-03-04T08:23:12.792739+00:00 [queued]>
[2026-03-04T08:27:23.180+0000] {taskinstance.py:2613} INFO - Dependencies all met for dep_context=requeueable deps ti=<TaskInstance: dag_3_actualizacion_rag.esperar_ingestion_transaccional manual__2026-03-04T08:23:12.792739+00:00 [queued]>
[2026-03-04T08:27:23.181+0000] {taskinstance.py:2866} INFO - Starting attempt 1 of 1
[2026-03-04T08:27:23.204+0000] {taskinstance.py:2889} INFO - Executing <Task(ExternalTaskSensor): esperar_ingestion_transaccional> on 2026-03-04 08:23:12.792739+00:00
[2026-03-04T08:27:23.219+0000] {standard_task_runner.py:104} INFO - Running: ['***', 'tasks', 'run', 'dag_3_actualizacion_rag', 'esperar_ingestion_transaccional', 'manual__2026-03-04T08:23:12.792739+00:00', '--job-id', '94', '--raw', '--subdir', 'DAGS_FOLDER/dag_3_actualizacion_rag.py', '--cfg-path', '/tmp/tmp2pwi20j7']
[2026-03-04T08:27:23.224+0000] {standard_task_runner.py:105} INFO - Job 94: Subtask esperar_ingestion_transaccional
[2026-03-04T08:27:23.224+0000] {logging_mixin.py:190} WARNING - /home/***/.local/lib/python3.12/site-packages/***/task/task_runner/standard_task_runner.py:70 DeprecationWarning: This process (pid=522) is multi-threaded, use of fork() may lead to deadlocks in the child.
[2026-03-04T08:27:23.225+0000] {standard_task_runner.py:72} INFO - Started process 540 to run task
[2026-03-04T08:27:23.325+0000] {task_command.py:467} INFO - Running <TaskInstance: dag_3_actualizacion_rag.esperar_ingestion_transaccional manual__2026-03-04T08:23:12.792739+00:00 [running]> on host a27bd85dd8e4
[2026-03-04T08:27:23.466+0000] {taskinstance.py:3132} INFO - Exporting env vars: AIRFLOW_CTX_DAG_OWNER='***' AIRFLOW_CTX_DAG_ID='dag_3_actualizacion_rag' AIRFLOW_CTX_TASK_ID='esperar_ingestion_transaccional' AIRFLOW_CTX_EXECUTION_DATE='2026-03-04T08:23:12.792739+00:00' AIRFLOW_CTX_TRY_NUMBER='1' AIRFLOW_CTX_DAG_RUN_ID='manual__2026-03-04T08:23:12.792739+00:00'
[2026-03-04T08:27:23.468+0000] {taskinstance.py:731} INFO - ::endgroup::
[2026-03-04T08:27:23.492+0000] {baseoperator.py:421} WARNING - ExternalTaskSensor.execute cannot be called outside TaskInstance!
[2026-03-04T08:27:23.514+0000] {external_task.py:274} INFO - Poking for DAG 'dag_1_ingestion_transaccional' on 2026-03-04T08:23:12.792739+00:00 ... 
[2026-03-04T08:27:23.522+0000] {logging_mixin.py:190} WARNING - /home/***/.local/lib/python3.12/site-packages/***/utils/session.py:97 DeprecationWarning: This method is deprecated and will be removed in future.
[2026-03-04T08:27:23.610+0000] {taskinstance.py:309} INFO - Rescheduling task, marking task as UP_FOR_RESCHEDULE
[2026-03-04T08:27:23.612+0000] {taskinstance.py:340} INFO - ::group::Post task execution logs
[2026-03-04T08:27:23.644+0000] {local_task_job_runner.py:266} INFO - Task exited with return code 0
[2026-03-04T08:27:23.686+0000] {taskinstance.py:3895} INFO - 0 downstream tasks scheduled from follow-on schedule check
[2026-03-04T08:27:23.695+0000] {local_task_job_runner.py:245} INFO - ::endgroup::
[2026-03-04T08:28:27.691+0000] {local_task_job_runner.py:123} INFO - ::group::Pre task execution logs
[2026-03-04T08:28:27.713+0000] {taskinstance.py:2613} INFO - Dependencies all met for dep_context=non-requeueable deps ti=<TaskInstance: dag_3_actualizacion_rag.esperar_ingestion_transaccional manual__2026-03-04T08:23:12.792739+00:00 [queued]>
[2026-03-04T08:28:27.724+0000] {taskinstance.py:2613} INFO - Dependencies all met for dep_context=requeueable deps ti=<TaskInstance: dag_3_actualizacion_rag.esperar_ingestion_transaccional manual__2026-03-04T08:23:12.792739+00:00 [queued]>
[2026-03-04T08:28:27.725+0000] {taskinstance.py:2866} INFO - Starting attempt 1 of 1
[2026-03-04T08:28:27.740+0000] {taskinstance.py:2889} INFO - Executing <Task(ExternalTaskSensor): esperar_ingestion_transaccional> on 2026-03-04 08:23:12.792739+00:00
[2026-03-04T08:28:27.750+0000] {standard_task_runner.py:104} INFO - Running: ['***', 'tasks', 'run', 'dag_3_actualizacion_rag', 'esperar_ingestion_transaccional', 'manual__2026-03-04T08:23:12.792739+00:00', '--job-id', '96', '--raw', '--subdir', 'DAGS_FOLDER/dag_3_actualizacion_rag.py', '--cfg-path', '/tmp/tmpulytr__g']
[2026-03-04T08:28:27.753+0000] {standard_task_runner.py:105} INFO - Job 96: Subtask esperar_ingestion_transaccional
[2026-03-04T08:28:27.756+0000] {logging_mixin.py:190} WARNING - /home/***/.local/lib/python3.12/site-packages/***/task/task_runner/standard_task_runner.py:70 DeprecationWarning: This process (pid=578) is multi-threaded, use of fork() may lead to deadlocks in the child.
[2026-03-04T08:28:27.758+0000] {standard_task_runner.py:72} INFO - Started process 583 to run task
[2026-03-04T08:28:27.825+0000] {task_command.py:467} INFO - Running <TaskInstance: dag_3_actualizacion_rag.esperar_ingestion_transaccional manual__2026-03-04T08:23:12.792739+00:00 [running]> on host a27bd85dd8e4
[2026-03-04T08:28:27.932+0000] {taskinstance.py:3132} INFO - Exporting env vars: AIRFLOW_CTX_DAG_OWNER='***' AIRFLOW_CTX_DAG_ID='dag_3_actualizacion_rag' AIRFLOW_CTX_TASK_ID='esperar_ingestion_transaccional' AIRFLOW_CTX_EXECUTION_DATE='2026-03-04T08:23:12.792739+00:00' AIRFLOW_CTX_TRY_NUMBER='1' AIRFLOW_CTX_DAG_RUN_ID='manual__2026-03-04T08:23:12.792739+00:00'
[2026-03-04T08:28:27.934+0000] {taskinstance.py:731} INFO - ::endgroup::
[2026-03-04T08:28:27.953+0000] {baseoperator.py:421} WARNING - ExternalTaskSensor.execute cannot be called outside TaskInstance!
[2026-03-04T08:28:27.977+0000] {external_task.py:274} INFO - Poking for DAG 'dag_1_ingestion_transaccional' on 2026-03-04T08:23:12.792739+00:00 ... 
[2026-03-04T08:28:27.983+0000] {logging_mixin.py:190} WARNING - /home/***/.local/lib/python3.12/site-packages/***/utils/session.py:97 DeprecationWarning: This method is deprecated and will be removed in future.
[2026-03-04T08:28:28.032+0000] {taskinstance.py:309} INFO - Rescheduling task, marking task as UP_FOR_RESCHEDULE
[2026-03-04T08:28:28.033+0000] {taskinstance.py:340} INFO - ::group::Post task execution logs
[2026-03-04T08:28:28.054+0000] {local_task_job_runner.py:266} INFO - Task exited with return code 0
[2026-03-04T08:28:28.074+0000] {local_task_job_runner.py:245} INFO - ::endgroup::
