[2026-03-04T15:57:11.717+0000] {local_task_job_runner.py:123} INFO - ::group::Pre task execution logs
[2026-03-04T15:57:11.741+0000] {taskinstance.py:2613} INFO - Dependencies all met for dep_context=non-requeueable deps ti=<TaskInstance: dag_3_actualizacion_rag.commit_razonamiento_json manual__2026-03-04T15:56:30.352311+00:00 [queued]>
[2026-03-04T15:57:11.752+0000] {taskinstance.py:2613} INFO - Dependencies all met for dep_context=requeueable deps ti=<TaskInstance: dag_3_actualizacion_rag.commit_razonamiento_json manual__2026-03-04T15:56:30.352311+00:00 [queued]>
[2026-03-04T15:57:11.753+0000] {taskinstance.py:2866} INFO - Starting attempt 1 of 1
[2026-03-04T15:57:11.767+0000] {taskinstance.py:2889} INFO - Executing <Task(PythonOperator): commit_razonamiento_json> on 2026-03-04 15:56:30.352311+00:00
[2026-03-04T15:57:11.775+0000] {standard_task_runner.py:104} INFO - Running: ['***', 'tasks', 'run', 'dag_3_actualizacion_rag', 'commit_razonamiento_json', 'manual__2026-03-04T15:56:30.352311+00:00', '--job-id', '137', '--raw', '--subdir', 'DAGS_FOLDER/dag_3_actualizacion_rag.py', '--cfg-path', '/tmp/tmpp_m198cm']
[2026-03-04T15:57:11.777+0000] {logging_mixin.py:190} WARNING - /home/***/.local/lib/python3.12/site-packages/***/task/task_runner/standard_task_runner.py:70 DeprecationWarning: This process (pid=1052) is multi-threaded, use of fork() may lead to deadlocks in the child.
[2026-03-04T15:57:11.778+0000] {standard_task_runner.py:105} INFO - Job 137: Subtask commit_razonamiento_json
[2026-03-04T15:57:11.778+0000] {standard_task_runner.py:72} INFO - Started process 1054 to run task
[2026-03-04T15:57:11.835+0000] {task_command.py:467} INFO - Running <TaskInstance: dag_3_actualizacion_rag.commit_razonamiento_json manual__2026-03-04T15:56:30.352311+00:00 [running]> on host 47c5b6f04563
[2026-03-04T15:57:11.935+0000] {taskinstance.py:3132} INFO - Exporting env vars: AIRFLOW_CTX_DAG_OWNER='***' AIRFLOW_CTX_DAG_ID='dag_3_actualizacion_rag' AIRFLOW_CTX_TASK_ID='commit_razonamiento_json' AIRFLOW_CTX_EXECUTION_DATE='2026-03-04T15:56:30.352311+00:00' AIRFLOW_CTX_TRY_NUMBER='1' AIRFLOW_CTX_DAG_RUN_ID='manual__2026-03-04T15:56:30.352311+00:00'
[2026-03-04T15:57:11.937+0000] {taskinstance.py:731} INFO - ::endgroup::
[2026-03-04T15:57:13.522+0000] {logging_mixin.py:190} INFO - [OK] Actualizado razonamiento.json
[2026-03-04T15:57:15.023+0000] {logging_mixin.py:190} INFO - [OK] Actualizado metrics.json
[2026-03-04T15:57:15.023+0000] {python.py:240} INFO - Done. Returned value was: None
[2026-03-04T15:57:15.037+0000] {taskinstance.py:340} INFO - ::group::Post task execution logs
[2026-03-04T15:57:15.038+0000] {taskinstance.py:352} INFO - Marking task as SUCCESS. dag_id=dag_3_actualizacion_rag, task_id=commit_razonamiento_json, run_id=manual__2026-03-04T15:56:30.352311+00:00, execution_date=20260304T155630, start_date=20260304T155711, end_date=20260304T155715
[2026-03-04T15:57:15.084+0000] {local_task_job_runner.py:266} INFO - Task exited with return code 0
[2026-03-04T15:57:15.104+0000] {taskinstance.py:3895} INFO - 0 downstream tasks scheduled from follow-on schedule check
[2026-03-04T15:57:15.107+0000] {local_task_job_runner.py:245} INFO - ::endgroup::
