[2026-03-04T12:37:56.321+0000] {local_task_job_runner.py:123} INFO - ::group::Pre task execution logs
[2026-03-04T12:37:56.345+0000] {taskinstance.py:2613} INFO - Dependencies all met for dep_context=non-requeueable deps ti=<TaskInstance: dag_3_actualizacion_rag.esperar_ingestion_transaccional manual__2026-03-04T12:37:54.117847+00:00 [queued]>
[2026-03-04T12:37:56.354+0000] {taskinstance.py:2613} INFO - Dependencies all met for dep_context=requeueable deps ti=<TaskInstance: dag_3_actualizacion_rag.esperar_ingestion_transaccional manual__2026-03-04T12:37:54.117847+00:00 [queued]>
[2026-03-04T12:37:56.355+0000] {taskinstance.py:2866} INFO - Starting attempt 1 of 1
[2026-03-04T12:37:56.369+0000] {taskinstance.py:2889} INFO - Executing <Task(ExternalTaskSensor): esperar_ingestion_transaccional> on 2026-03-04 12:37:54.117847+00:00
[2026-03-04T12:37:56.378+0000] {standard_task_runner.py:104} INFO - Running: ['***', 'tasks', 'run', 'dag_3_actualizacion_rag', 'esperar_ingestion_transaccional', 'manual__2026-03-04T12:37:54.117847+00:00', '--job-id', '113', '--raw', '--subdir', 'DAGS_FOLDER/dag_3_actualizacion_rag.py', '--cfg-path', '/tmp/tmp50w496_z']
[2026-03-04T12:37:56.381+0000] {standard_task_runner.py:105} INFO - Job 113: Subtask esperar_ingestion_transaccional
[2026-03-04T12:37:56.381+0000] {logging_mixin.py:190} WARNING - /home/***/.local/lib/python3.12/site-packages/***/task/task_runner/standard_task_runner.py:70 DeprecationWarning: This process (pid=984) is multi-threaded, use of fork() may lead to deadlocks in the child.
[2026-03-04T12:37:56.382+0000] {standard_task_runner.py:72} INFO - Started process 986 to run task
[2026-03-04T12:37:56.447+0000] {task_command.py:467} INFO - Running <TaskInstance: dag_3_actualizacion_rag.esperar_ingestion_transaccional manual__2026-03-04T12:37:54.117847+00:00 [running]> on host c1ce9cf58acd
[2026-03-04T12:37:56.545+0000] {taskinstance.py:3132} INFO - Exporting env vars: AIRFLOW_CTX_DAG_OWNER='***' AIRFLOW_CTX_DAG_ID='dag_3_actualizacion_rag' AIRFLOW_CTX_TASK_ID='esperar_ingestion_transaccional' AIRFLOW_CTX_EXECUTION_DATE='2026-03-04T12:37:54.117847+00:00' AIRFLOW_CTX_TRY_NUMBER='1' AIRFLOW_CTX_DAG_RUN_ID='manual__2026-03-04T12:37:54.117847+00:00'
[2026-03-04T12:37:56.546+0000] {taskinstance.py:731} INFO - ::endgroup::
[2026-03-04T12:37:56.559+0000] {baseoperator.py:421} WARNING - ExternalTaskSensor.execute cannot be called outside TaskInstance!
[2026-03-04T12:37:56.570+0000] {external_task.py:274} INFO - Poking for DAG 'dag_1_ingestion_transaccional' on 2026-03-04T12:37:54.117847+00:00 ... 
[2026-03-04T12:37:56.575+0000] {logging_mixin.py:190} WARNING - /home/***/.local/lib/python3.12/site-packages/***/utils/session.py:97 DeprecationWarning: This method is deprecated and will be removed in future.
[2026-03-04T12:37:56.614+0000] {taskinstance.py:309} INFO - Rescheduling task, marking task as UP_FOR_RESCHEDULE
[2026-03-04T12:37:56.615+0000] {taskinstance.py:340} INFO - ::group::Post task execution logs
[2026-03-04T12:37:56.637+0000] {local_task_job_runner.py:266} INFO - Task exited with return code 0
[2026-03-04T12:37:56.664+0000] {taskinstance.py:3895} INFO - 0 downstream tasks scheduled from follow-on schedule check
[2026-03-04T12:37:56.666+0000] {local_task_job_runner.py:245} INFO - ::endgroup::
[2026-03-04T12:38:57.961+0000] {local_task_job_runner.py:123} INFO - ::group::Pre task execution logs
[2026-03-04T12:38:57.985+0000] {taskinstance.py:2613} INFO - Dependencies all met for dep_context=non-requeueable deps ti=<TaskInstance: dag_3_actualizacion_rag.esperar_ingestion_transaccional manual__2026-03-04T12:37:54.117847+00:00 [queued]>
[2026-03-04T12:38:57.996+0000] {taskinstance.py:2613} INFO - Dependencies all met for dep_context=requeueable deps ti=<TaskInstance: dag_3_actualizacion_rag.esperar_ingestion_transaccional manual__2026-03-04T12:37:54.117847+00:00 [queued]>
[2026-03-04T12:38:57.998+0000] {taskinstance.py:2866} INFO - Starting attempt 1 of 1
[2026-03-04T12:38:58.015+0000] {taskinstance.py:2889} INFO - Executing <Task(ExternalTaskSensor): esperar_ingestion_transaccional> on 2026-03-04 12:37:54.117847+00:00
[2026-03-04T12:38:58.024+0000] {standard_task_runner.py:104} INFO - Running: ['***', 'tasks', 'run', 'dag_3_actualizacion_rag', 'esperar_ingestion_transaccional', 'manual__2026-03-04T12:37:54.117847+00:00', '--job-id', '114', '--raw', '--subdir', 'DAGS_FOLDER/dag_3_actualizacion_rag.py', '--cfg-path', '/tmp/tmp063awe33']
[2026-03-04T12:38:58.028+0000] {standard_task_runner.py:105} INFO - Job 114: Subtask esperar_ingestion_transaccional
[2026-03-04T12:38:58.028+0000] {logging_mixin.py:190} WARNING - /home/***/.local/lib/python3.12/site-packages/***/task/task_runner/standard_task_runner.py:70 DeprecationWarning: This process (pid=1012) is multi-threaded, use of fork() may lead to deadlocks in the child.
[2026-03-04T12:38:58.029+0000] {standard_task_runner.py:72} INFO - Started process 1022 to run task
[2026-03-04T12:38:58.097+0000] {task_command.py:467} INFO - Running <TaskInstance: dag_3_actualizacion_rag.esperar_ingestion_transaccional manual__2026-03-04T12:37:54.117847+00:00 [running]> on host c1ce9cf58acd
[2026-03-04T12:38:58.191+0000] {taskinstance.py:3132} INFO - Exporting env vars: AIRFLOW_CTX_DAG_OWNER='***' AIRFLOW_CTX_DAG_ID='dag_3_actualizacion_rag' AIRFLOW_CTX_TASK_ID='esperar_ingestion_transaccional' AIRFLOW_CTX_EXECUTION_DATE='2026-03-04T12:37:54.117847+00:00' AIRFLOW_CTX_TRY_NUMBER='1' AIRFLOW_CTX_DAG_RUN_ID='manual__2026-03-04T12:37:54.117847+00:00'
[2026-03-04T12:38:58.192+0000] {taskinstance.py:731} INFO - ::endgroup::
[2026-03-04T12:38:58.204+0000] {baseoperator.py:421} WARNING - ExternalTaskSensor.execute cannot be called outside TaskInstance!
[2026-03-04T12:38:58.217+0000] {external_task.py:274} INFO - Poking for DAG 'dag_1_ingestion_transaccional' on 2026-03-04T12:37:54.117847+00:00 ... 
[2026-03-04T12:38:58.221+0000] {logging_mixin.py:190} WARNING - /home/***/.local/lib/python3.12/site-packages/***/utils/session.py:97 DeprecationWarning: This method is deprecated and will be removed in future.
[2026-03-04T12:38:58.257+0000] {taskinstance.py:309} INFO - Rescheduling task, marking task as UP_FOR_RESCHEDULE
[2026-03-04T12:38:58.258+0000] {taskinstance.py:340} INFO - ::group::Post task execution logs
[2026-03-04T12:38:58.284+0000] {local_task_job_runner.py:266} INFO - Task exited with return code 0
[2026-03-04T12:38:58.314+0000] {taskinstance.py:3895} INFO - 0 downstream tasks scheduled from follow-on schedule check
[2026-03-04T12:38:58.316+0000] {local_task_job_runner.py:245} INFO - ::endgroup::
