[2026-03-04T22:32:25.383+0000] {local_task_job_runner.py:123} INFO - ::group::Pre task execution logs
[2026-03-04T22:32:25.406+0000] {taskinstance.py:2613} INFO - Dependencies all met for dep_context=non-requeueable deps ti=<TaskInstance: dag_1_ingestion_transaccional.crear_tabla_clientes manual__2026-03-04T17:32:19-05:00 [queued]>
[2026-03-04T22:32:25.415+0000] {taskinstance.py:2613} INFO - Dependencies all met for dep_context=requeueable deps ti=<TaskInstance: dag_1_ingestion_transaccional.crear_tabla_clientes manual__2026-03-04T17:32:19-05:00 [queued]>
[2026-03-04T22:32:25.416+0000] {taskinstance.py:2866} INFO - Starting attempt 1 of 1
[2026-03-04T22:32:25.434+0000] {taskinstance.py:2889} INFO - Executing <Task(BigQueryInsertJobOperator): crear_tabla_clientes> on 2026-03-04 22:32:19+00:00
[2026-03-04T22:32:25.447+0000] {standard_task_runner.py:104} INFO - Running: ['***', 'tasks', 'run', 'dag_1_ingestion_transaccional', 'crear_tabla_clientes', 'manual__2026-03-04T17:32:19-05:00', '--job-id', '76', '--raw', '--subdir', 'DAGS_FOLDER/dag_1_ingestion_transaccional.py', '--cfg-path', '/tmp/tmplz10d8xp']
[2026-03-04T22:32:25.452+0000] {standard_task_runner.py:105} INFO - Job 76: Subtask crear_tabla_clientes
[2026-03-04T22:32:25.452+0000] {logging_mixin.py:190} WARNING - /home/***/.local/lib/python3.12/site-packages/***/task/task_runner/standard_task_runner.py:70 DeprecationWarning: This process (pid=230) is multi-threaded, use of fork() may lead to deadlocks in the child.
[2026-03-04T22:32:25.453+0000] {standard_task_runner.py:72} INFO - Started process 238 to run task
[2026-03-04T22:32:25.527+0000] {task_command.py:467} INFO - Running <TaskInstance: dag_1_ingestion_transaccional.crear_tabla_clientes manual__2026-03-04T17:32:19-05:00 [running]> on host 6db8ac2a4a54
[2026-03-04T22:32:25.960+0000] {taskinstance.py:3132} INFO - Exporting env vars: AIRFLOW_CTX_DAG_OWNER='***' AIRFLOW_CTX_DAG_ID='dag_1_ingestion_transaccional' AIRFLOW_CTX_TASK_ID='crear_tabla_clientes' AIRFLOW_CTX_EXECUTION_DATE='2026-03-04T22:32:19+00:00' AIRFLOW_CTX_TRY_NUMBER='1' AIRFLOW_CTX_DAG_RUN_ID='manual__2026-03-04T17:32:19-05:00'
[2026-03-04T22:32:25.962+0000] {taskinstance.py:731} INFO - ::endgroup::
[2026-03-04T22:32:25.996+0000] {connection.py:277} WARNING - Connection schemes (type: google_cloud_platform) shall not contain '_' according to RFC3986.
[2026-03-04T22:32:25.998+0000] {base.py:84} INFO - Retrieving connection 'google_cloud_default'
[2026-03-04T22:32:25.999+0000] {bigquery.py:2620} INFO - Executing: {'query': {'query': "-- BigQuery Standard SQL. Tabla de clientes clusterizada.\n-- Ejecutar con BigQueryInsertJobOperator; el DAG debe pasar params: bq_project, bq_dataset.\nCREATE OR REPLACE TABLE `data-solution-end-to-end-21.cala_analytics.clientes` (\n  id_cliente STRING,\n  documento STRING,\n  fecha_registro TIMESTAMP,\n  segmento STRING,\n  ciudad STRING,\n  score_crediticio INT64\n)\nCLUSTER BY ciudad, segmento\nOPTIONS(\n  description = 'Clientes: cluster por ciudad y segmento'\n);", 'useLegacySql': False}}'
[2026-03-04T22:32:26.048+0000] {bigquery.py:1241} INFO - Inserting job ***_dag_1_ingestion_transaccional_crear_tabla_clientes_2026_03_04T22_32_19_00_00_ce2e818a68b9d230507cca83e2830ee7
[2026-03-04T22:32:27.401+0000] {taskinstance.py:340} INFO - ::group::Post task execution logs
[2026-03-04T22:32:27.402+0000] {taskinstance.py:352} INFO - Marking task as SUCCESS. dag_id=dag_1_ingestion_transaccional, task_id=crear_tabla_clientes, run_id=manual__2026-03-04T17:32:19-05:00, execution_date=20260304T223219, start_date=20260304T223225, end_date=20260304T223227
[2026-03-04T22:32:27.435+0000] {local_task_job_runner.py:266} INFO - Task exited with return code 0
[2026-03-04T22:32:27.461+0000] {taskinstance.py:3895} INFO - 0 downstream tasks scheduled from follow-on schedule check
[2026-03-04T22:32:27.463+0000] {local_task_job_runner.py:245} INFO - ::endgroup::
