[2026-03-04T16:11:01.262+0000] {local_task_job_runner.py:123} INFO - ::group::Pre task execution logs
[2026-03-04T16:11:01.282+0000] {taskinstance.py:2613} INFO - Dependencies all met for dep_context=non-requeueable deps ti=<TaskInstance: dag_3_actualizacion_rag.esperar_ingestion_transaccional manual__2026-03-04T16:11:00.431326+00:00 [queued]>
[2026-03-04T16:11:01.292+0000] {taskinstance.py:2613} INFO - Dependencies all met for dep_context=requeueable deps ti=<TaskInstance: dag_3_actualizacion_rag.esperar_ingestion_transaccional manual__2026-03-04T16:11:00.431326+00:00 [queued]>
[2026-03-04T16:11:01.293+0000] {taskinstance.py:2866} INFO - Starting attempt 1 of 1
[2026-03-04T16:11:01.307+0000] {taskinstance.py:2889} INFO - Executing <Task(ExternalTaskSensor): esperar_ingestion_transaccional> on 2026-03-04 16:11:00.431326+00:00
[2026-03-04T16:11:01.317+0000] {standard_task_runner.py:104} INFO - Running: ['***', 'tasks', 'run', 'dag_3_actualizacion_rag', 'esperar_ingestion_transaccional', 'manual__2026-03-04T16:11:00.431326+00:00', '--job-id', '138', '--raw', '--subdir', 'DAGS_FOLDER/dag_3_actualizacion_rag.py', '--cfg-path', '/tmp/tmprhfmnhdl']
[2026-03-04T16:11:01.319+0000] {logging_mixin.py:190} WARNING - /home/***/.local/lib/python3.12/site-packages/***/task/task_runner/standard_task_runner.py:70 DeprecationWarning: This process (pid=1656) is multi-threaded, use of fork() may lead to deadlocks in the child.
[2026-03-04T16:11:01.320+0000] {standard_task_runner.py:105} INFO - Job 138: Subtask esperar_ingestion_transaccional
[2026-03-04T16:11:01.321+0000] {standard_task_runner.py:72} INFO - Started process 1658 to run task
[2026-03-04T16:11:01.389+0000] {task_command.py:467} INFO - Running <TaskInstance: dag_3_actualizacion_rag.esperar_ingestion_transaccional manual__2026-03-04T16:11:00.431326+00:00 [running]> on host 47c5b6f04563
[2026-03-04T16:11:01.492+0000] {taskinstance.py:3132} INFO - Exporting env vars: AIRFLOW_CTX_DAG_OWNER='***' AIRFLOW_CTX_DAG_ID='dag_3_actualizacion_rag' AIRFLOW_CTX_TASK_ID='esperar_ingestion_transaccional' AIRFLOW_CTX_EXECUTION_DATE='2026-03-04T16:11:00.431326+00:00' AIRFLOW_CTX_TRY_NUMBER='1' AIRFLOW_CTX_DAG_RUN_ID='manual__2026-03-04T16:11:00.431326+00:00'
[2026-03-04T16:11:01.493+0000] {taskinstance.py:731} INFO - ::endgroup::
[2026-03-04T16:11:01.507+0000] {baseoperator.py:421} WARNING - ExternalTaskSensor.execute cannot be called outside TaskInstance!
[2026-03-04T16:11:01.521+0000] {external_task.py:274} INFO - Poking for DAG 'dag_1_ingestion_transaccional' on 2026-03-04T16:11:00.431326+00:00 ... 
[2026-03-04T16:11:01.525+0000] {logging_mixin.py:190} WARNING - /home/***/.local/lib/python3.12/site-packages/***/utils/session.py:97 DeprecationWarning: This method is deprecated and will be removed in future.
[2026-03-04T16:11:01.565+0000] {taskinstance.py:309} INFO - Rescheduling task, marking task as UP_FOR_RESCHEDULE
[2026-03-04T16:11:01.565+0000] {taskinstance.py:340} INFO - ::group::Post task execution logs
[2026-03-04T16:11:01.576+0000] {local_task_job_runner.py:266} INFO - Task exited with return code 0
[2026-03-04T16:11:01.605+0000] {taskinstance.py:3895} INFO - 0 downstream tasks scheduled from follow-on schedule check
[2026-03-04T16:11:01.608+0000] {local_task_job_runner.py:245} INFO - ::endgroup::
[2026-03-04T16:12:02.401+0000] {local_task_job_runner.py:123} INFO - ::group::Pre task execution logs
[2026-03-04T16:12:02.421+0000] {taskinstance.py:2613} INFO - Dependencies all met for dep_context=non-requeueable deps ti=<TaskInstance: dag_3_actualizacion_rag.esperar_ingestion_transaccional manual__2026-03-04T16:11:00.431326+00:00 [queued]>
[2026-03-04T16:12:02.430+0000] {taskinstance.py:2613} INFO - Dependencies all met for dep_context=requeueable deps ti=<TaskInstance: dag_3_actualizacion_rag.esperar_ingestion_transaccional manual__2026-03-04T16:11:00.431326+00:00 [queued]>
[2026-03-04T16:12:02.430+0000] {taskinstance.py:2866} INFO - Starting attempt 1 of 1
[2026-03-04T16:12:02.445+0000] {taskinstance.py:2889} INFO - Executing <Task(ExternalTaskSensor): esperar_ingestion_transaccional> on 2026-03-04 16:11:00.431326+00:00
[2026-03-04T16:12:02.453+0000] {standard_task_runner.py:104} INFO - Running: ['***', 'tasks', 'run', 'dag_3_actualizacion_rag', 'esperar_ingestion_transaccional', 'manual__2026-03-04T16:11:00.431326+00:00', '--job-id', '139', '--raw', '--subdir', 'DAGS_FOLDER/dag_3_actualizacion_rag.py', '--cfg-path', '/tmp/tmpx_9uf9j7']
[2026-03-04T16:12:02.456+0000] {standard_task_runner.py:105} INFO - Job 139: Subtask esperar_ingestion_transaccional
[2026-03-04T16:12:02.456+0000] {logging_mixin.py:190} WARNING - /home/***/.local/lib/python3.12/site-packages/***/task/task_runner/standard_task_runner.py:70 DeprecationWarning: This process (pid=1708) is multi-threaded, use of fork() may lead to deadlocks in the child.
[2026-03-04T16:12:02.457+0000] {standard_task_runner.py:72} INFO - Started process 1710 to run task
[2026-03-04T16:12:02.522+0000] {task_command.py:467} INFO - Running <TaskInstance: dag_3_actualizacion_rag.esperar_ingestion_transaccional manual__2026-03-04T16:11:00.431326+00:00 [running]> on host 47c5b6f04563
[2026-03-04T16:12:02.621+0000] {taskinstance.py:3132} INFO - Exporting env vars: AIRFLOW_CTX_DAG_OWNER='***' AIRFLOW_CTX_DAG_ID='dag_3_actualizacion_rag' AIRFLOW_CTX_TASK_ID='esperar_ingestion_transaccional' AIRFLOW_CTX_EXECUTION_DATE='2026-03-04T16:11:00.431326+00:00' AIRFLOW_CTX_TRY_NUMBER='1' AIRFLOW_CTX_DAG_RUN_ID='manual__2026-03-04T16:11:00.431326+00:00'
[2026-03-04T16:12:02.622+0000] {taskinstance.py:731} INFO - ::endgroup::
[2026-03-04T16:12:02.634+0000] {baseoperator.py:421} WARNING - ExternalTaskSensor.execute cannot be called outside TaskInstance!
[2026-03-04T16:12:02.647+0000] {external_task.py:274} INFO - Poking for DAG 'dag_1_ingestion_transaccional' on 2026-03-04T16:11:00.431326+00:00 ... 
[2026-03-04T16:12:02.651+0000] {logging_mixin.py:190} WARNING - /home/***/.local/lib/python3.12/site-packages/***/utils/session.py:97 DeprecationWarning: This method is deprecated and will be removed in future.
[2026-03-04T16:12:02.689+0000] {taskinstance.py:309} INFO - Rescheduling task, marking task as UP_FOR_RESCHEDULE
[2026-03-04T16:12:02.690+0000] {taskinstance.py:340} INFO - ::group::Post task execution logs
[2026-03-04T16:12:02.712+0000] {local_task_job_runner.py:266} INFO - Task exited with return code 0
[2026-03-04T16:12:02.747+0000] {taskinstance.py:3895} INFO - 0 downstream tasks scheduled from follow-on schedule check
[2026-03-04T16:12:02.750+0000] {local_task_job_runner.py:245} INFO - ::endgroup::
