[2026-03-04T08:21:47.759+0000] {local_task_job_runner.py:123} INFO - ::group::Pre task execution logs
[2026-03-04T08:21:47.785+0000] {taskinstance.py:2613} INFO - Dependencies all met for dep_context=non-requeueable deps ti=<TaskInstance: dag_3_actualizacion_rag.esperar_ingestion_transaccional manual__2026-03-04T07:32:20.746829+00:00 [queued]>
[2026-03-04T08:21:47.794+0000] {taskinstance.py:2613} INFO - Dependencies all met for dep_context=requeueable deps ti=<TaskInstance: dag_3_actualizacion_rag.esperar_ingestion_transaccional manual__2026-03-04T07:32:20.746829+00:00 [queued]>
[2026-03-04T08:21:47.795+0000] {taskinstance.py:2866} INFO - Starting attempt 2 of 2
[2026-03-04T08:21:47.811+0000] {taskinstance.py:2889} INFO - Executing <Task(ExternalTaskSensor): esperar_ingestion_transaccional> on 2026-03-04 07:32:20.746829+00:00
[2026-03-04T08:21:47.820+0000] {standard_task_runner.py:104} INFO - Running: ['***', 'tasks', 'run', 'dag_3_actualizacion_rag', 'esperar_ingestion_transaccional', 'manual__2026-03-04T07:32:20.746829+00:00', '--job-id', '80', '--raw', '--subdir', 'DAGS_FOLDER/dag_3_actualizacion_rag.py', '--cfg-path', '/tmp/tmpf0yjysza']
[2026-03-04T08:21:47.824+0000] {standard_task_runner.py:105} INFO - Job 80: Subtask esperar_ingestion_transaccional
[2026-03-04T08:21:47.825+0000] {logging_mixin.py:190} WARNING - /home/***/.local/lib/python3.12/site-packages/***/task/task_runner/standard_task_runner.py:70 DeprecationWarning: This process (pid=226) is multi-threaded, use of fork() may lead to deadlocks in the child.
[2026-03-04T08:21:47.826+0000] {standard_task_runner.py:72} INFO - Started process 228 to run task
[2026-03-04T08:21:47.897+0000] {task_command.py:467} INFO - Running <TaskInstance: dag_3_actualizacion_rag.esperar_ingestion_transaccional manual__2026-03-04T07:32:20.746829+00:00 [running]> on host a27bd85dd8e4
[2026-03-04T08:21:48.000+0000] {taskinstance.py:3132} INFO - Exporting env vars: AIRFLOW_CTX_DAG_OWNER='***' AIRFLOW_CTX_DAG_ID='dag_3_actualizacion_rag' AIRFLOW_CTX_TASK_ID='esperar_ingestion_transaccional' AIRFLOW_CTX_EXECUTION_DATE='2026-03-04T07:32:20.746829+00:00' AIRFLOW_CTX_TRY_NUMBER='2' AIRFLOW_CTX_DAG_RUN_ID='manual__2026-03-04T07:32:20.746829+00:00'
[2026-03-04T08:21:48.002+0000] {taskinstance.py:731} INFO - ::endgroup::
[2026-03-04T08:21:48.034+0000] {baseoperator.py:421} WARNING - ExternalTaskSensor.execute cannot be called outside TaskInstance!
[2026-03-04T08:21:48.047+0000] {external_task.py:274} INFO - Poking for DAG 'dag_1_ingestion_transaccional' on 2026-03-04T07:32:20.746829+00:00 ... 
[2026-03-04T08:21:48.051+0000] {logging_mixin.py:190} WARNING - /home/***/.local/lib/python3.12/site-packages/***/utils/session.py:97 DeprecationWarning: This method is deprecated and will be removed in future.
[2026-03-04T08:21:48.087+0000] {taskinstance.py:309} INFO - Rescheduling task, marking task as UP_FOR_RESCHEDULE
[2026-03-04T08:21:48.088+0000] {taskinstance.py:340} INFO - ::group::Post task execution logs
[2026-03-04T08:21:48.121+0000] {local_task_job_runner.py:266} INFO - Task exited with return code 0
[2026-03-04T08:21:48.149+0000] {taskinstance.py:3895} INFO - 0 downstream tasks scheduled from follow-on schedule check
[2026-03-04T08:21:48.152+0000] {local_task_job_runner.py:245} INFO - ::endgroup::
