[2026-03-03T09:36:17.622+0000] {processor.py:186} INFO - Started process (PID=189) to work on /opt/airflow/dags/utils/__init__.py
[2026-03-03T09:36:17.623+0000] {processor.py:914} INFO - Processing file /opt/airflow/dags/utils/__init__.py for tasks to queue
[2026-03-03T09:36:17.625+0000] {logging_mixin.py:190} INFO - [2026-03-03T09:36:17.625+0000] {dagbag.py:588} INFO - Filling up the DagBag from /opt/airflow/dags/utils/__init__.py
[2026-03-03T09:36:18.064+0000] {processor.py:927} WARNING - No viable dags retrieved from /opt/airflow/dags/utils/__init__.py
[2026-03-03T09:36:18.080+0000] {processor.py:208} INFO - Processing /opt/airflow/dags/utils/__init__.py took 0.463 seconds
[2026-03-03T09:36:48.795+0000] {processor.py:186} INFO - Started process (PID=213) to work on /opt/airflow/dags/utils/__init__.py
[2026-03-03T09:36:48.796+0000] {processor.py:914} INFO - Processing file /opt/airflow/dags/utils/__init__.py for tasks to queue
[2026-03-03T09:36:48.799+0000] {logging_mixin.py:190} INFO - [2026-03-03T09:36:48.799+0000] {dagbag.py:588} INFO - Filling up the DagBag from /opt/airflow/dags/utils/__init__.py
[2026-03-03T09:36:49.231+0000] {processor.py:927} WARNING - No viable dags retrieved from /opt/airflow/dags/utils/__init__.py
[2026-03-03T09:36:49.248+0000] {processor.py:208} INFO - Processing /opt/airflow/dags/utils/__init__.py took 0.459 seconds
[2026-03-03T09:37:20.341+0000] {processor.py:186} INFO - Started process (PID=237) to work on /opt/airflow/dags/utils/__init__.py
[2026-03-03T09:37:20.342+0000] {processor.py:914} INFO - Processing file /opt/airflow/dags/utils/__init__.py for tasks to queue
[2026-03-03T09:37:20.347+0000] {logging_mixin.py:190} INFO - [2026-03-03T09:37:20.346+0000] {dagbag.py:588} INFO - Filling up the DagBag from /opt/airflow/dags/utils/__init__.py
[2026-03-03T09:37:20.795+0000] {processor.py:927} WARNING - No viable dags retrieved from /opt/airflow/dags/utils/__init__.py
[2026-03-03T09:37:20.811+0000] {processor.py:208} INFO - Processing /opt/airflow/dags/utils/__init__.py took 0.477 seconds
[2026-03-03T09:37:51.213+0000] {processor.py:186} INFO - Started process (PID=263) to work on /opt/airflow/dags/utils/__init__.py
[2026-03-03T09:37:51.214+0000] {processor.py:914} INFO - Processing file /opt/airflow/dags/utils/__init__.py for tasks to queue
[2026-03-03T09:37:51.217+0000] {logging_mixin.py:190} INFO - [2026-03-03T09:37:51.216+0000] {dagbag.py:588} INFO - Filling up the DagBag from /opt/airflow/dags/utils/__init__.py
[2026-03-03T09:37:51.622+0000] {processor.py:927} WARNING - No viable dags retrieved from /opt/airflow/dags/utils/__init__.py
[2026-03-03T09:37:51.638+0000] {processor.py:208} INFO - Processing /opt/airflow/dags/utils/__init__.py took 0.430 seconds
[2026-03-03T09:38:21.789+0000] {processor.py:186} INFO - Started process (PID=285) to work on /opt/airflow/dags/utils/__init__.py
[2026-03-03T09:38:21.790+0000] {processor.py:914} INFO - Processing file /opt/airflow/dags/utils/__init__.py for tasks to queue
[2026-03-03T09:38:21.793+0000] {logging_mixin.py:190} INFO - [2026-03-03T09:38:21.793+0000] {dagbag.py:588} INFO - Filling up the DagBag from /opt/airflow/dags/utils/__init__.py
[2026-03-03T09:38:22.290+0000] {processor.py:927} WARNING - No viable dags retrieved from /opt/airflow/dags/utils/__init__.py
[2026-03-03T09:38:22.308+0000] {processor.py:208} INFO - Processing /opt/airflow/dags/utils/__init__.py took 0.525 seconds
[2026-03-03T09:38:53.455+0000] {processor.py:186} INFO - Started process (PID=309) to work on /opt/airflow/dags/utils/__init__.py
[2026-03-03T09:38:53.456+0000] {processor.py:914} INFO - Processing file /opt/airflow/dags/utils/__init__.py for tasks to queue
[2026-03-03T09:38:53.459+0000] {logging_mixin.py:190} INFO - [2026-03-03T09:38:53.459+0000] {dagbag.py:588} INFO - Filling up the DagBag from /opt/airflow/dags/utils/__init__.py
[2026-03-03T09:38:53.884+0000] {processor.py:927} WARNING - No viable dags retrieved from /opt/airflow/dags/utils/__init__.py
[2026-03-03T09:38:53.900+0000] {processor.py:208} INFO - Processing /opt/airflow/dags/utils/__init__.py took 0.450 seconds
[2026-03-03T09:39:24.970+0000] {processor.py:186} INFO - Started process (PID=333) to work on /opt/airflow/dags/utils/__init__.py
[2026-03-03T09:39:24.971+0000] {processor.py:914} INFO - Processing file /opt/airflow/dags/utils/__init__.py for tasks to queue
[2026-03-03T09:39:24.974+0000] {logging_mixin.py:190} INFO - [2026-03-03T09:39:24.974+0000] {dagbag.py:588} INFO - Filling up the DagBag from /opt/airflow/dags/utils/__init__.py
[2026-03-03T09:39:25.389+0000] {processor.py:927} WARNING - No viable dags retrieved from /opt/airflow/dags/utils/__init__.py
[2026-03-03T09:39:25.404+0000] {processor.py:208} INFO - Processing /opt/airflow/dags/utils/__init__.py took 0.439 seconds
[2026-03-03T09:39:55.797+0000] {processor.py:186} INFO - Started process (PID=359) to work on /opt/airflow/dags/utils/__init__.py
[2026-03-03T09:39:55.798+0000] {processor.py:914} INFO - Processing file /opt/airflow/dags/utils/__init__.py for tasks to queue
[2026-03-03T09:39:55.801+0000] {logging_mixin.py:190} INFO - [2026-03-03T09:39:55.801+0000] {dagbag.py:588} INFO - Filling up the DagBag from /opt/airflow/dags/utils/__init__.py
[2026-03-03T09:39:56.210+0000] {processor.py:927} WARNING - No viable dags retrieved from /opt/airflow/dags/utils/__init__.py
[2026-03-03T09:39:56.226+0000] {processor.py:208} INFO - Processing /opt/airflow/dags/utils/__init__.py took 0.434 seconds
[2026-03-03T09:40:26.881+0000] {processor.py:186} INFO - Started process (PID=383) to work on /opt/airflow/dags/utils/__init__.py
[2026-03-03T09:40:26.883+0000] {processor.py:914} INFO - Processing file /opt/airflow/dags/utils/__init__.py for tasks to queue
[2026-03-03T09:40:26.887+0000] {logging_mixin.py:190} INFO - [2026-03-03T09:40:26.886+0000] {dagbag.py:588} INFO - Filling up the DagBag from /opt/airflow/dags/utils/__init__.py
[2026-03-03T09:40:27.401+0000] {processor.py:927} WARNING - No viable dags retrieved from /opt/airflow/dags/utils/__init__.py
[2026-03-03T09:40:27.419+0000] {processor.py:208} INFO - Processing /opt/airflow/dags/utils/__init__.py took 0.544 seconds
[2026-03-03T09:40:57.514+0000] {processor.py:186} INFO - Started process (PID=407) to work on /opt/airflow/dags/utils/__init__.py
[2026-03-03T09:40:57.515+0000] {processor.py:914} INFO - Processing file /opt/airflow/dags/utils/__init__.py for tasks to queue
[2026-03-03T09:40:57.517+0000] {logging_mixin.py:190} INFO - [2026-03-03T09:40:57.517+0000] {dagbag.py:588} INFO - Filling up the DagBag from /opt/airflow/dags/utils/__init__.py
[2026-03-03T09:40:57.925+0000] {processor.py:927} WARNING - No viable dags retrieved from /opt/airflow/dags/utils/__init__.py
[2026-03-03T09:40:57.941+0000] {processor.py:208} INFO - Processing /opt/airflow/dags/utils/__init__.py took 0.432 seconds
[2026-03-03T09:41:28.083+0000] {processor.py:186} INFO - Started process (PID=429) to work on /opt/airflow/dags/utils/__init__.py
[2026-03-03T09:41:28.085+0000] {processor.py:914} INFO - Processing file /opt/airflow/dags/utils/__init__.py for tasks to queue
[2026-03-03T09:41:28.088+0000] {logging_mixin.py:190} INFO - [2026-03-03T09:41:28.087+0000] {dagbag.py:588} INFO - Filling up the DagBag from /opt/airflow/dags/utils/__init__.py
[2026-03-03T09:41:28.562+0000] {processor.py:927} WARNING - No viable dags retrieved from /opt/airflow/dags/utils/__init__.py
[2026-03-03T09:41:28.579+0000] {processor.py:208} INFO - Processing /opt/airflow/dags/utils/__init__.py took 0.501 seconds
[2026-03-03T09:41:59.188+0000] {processor.py:186} INFO - Started process (PID=452) to work on /opt/airflow/dags/utils/__init__.py
[2026-03-03T09:41:59.189+0000] {processor.py:914} INFO - Processing file /opt/airflow/dags/utils/__init__.py for tasks to queue
[2026-03-03T09:41:59.192+0000] {logging_mixin.py:190} INFO - [2026-03-03T09:41:59.191+0000] {dagbag.py:588} INFO - Filling up the DagBag from /opt/airflow/dags/utils/__init__.py
[2026-03-03T09:41:59.629+0000] {processor.py:927} WARNING - No viable dags retrieved from /opt/airflow/dags/utils/__init__.py
[2026-03-03T09:41:59.643+0000] {processor.py:208} INFO - Processing /opt/airflow/dags/utils/__init__.py took 0.460 seconds
[2026-03-03T09:42:30.469+0000] {processor.py:186} INFO - Started process (PID=485) to work on /opt/airflow/dags/utils/__init__.py
[2026-03-03T09:42:30.470+0000] {processor.py:914} INFO - Processing file /opt/airflow/dags/utils/__init__.py for tasks to queue
[2026-03-03T09:42:30.474+0000] {logging_mixin.py:190} INFO - [2026-03-03T09:42:30.473+0000] {dagbag.py:588} INFO - Filling up the DagBag from /opt/airflow/dags/utils/__init__.py
[2026-03-03T09:42:30.972+0000] {processor.py:927} WARNING - No viable dags retrieved from /opt/airflow/dags/utils/__init__.py
[2026-03-03T09:42:30.987+0000] {processor.py:208} INFO - Processing /opt/airflow/dags/utils/__init__.py took 0.525 seconds
[2026-03-03T09:43:01.783+0000] {processor.py:186} INFO - Started process (PID=509) to work on /opt/airflow/dags/utils/__init__.py
[2026-03-03T09:43:01.784+0000] {processor.py:914} INFO - Processing file /opt/airflow/dags/utils/__init__.py for tasks to queue
[2026-03-03T09:43:01.788+0000] {logging_mixin.py:190} INFO - [2026-03-03T09:43:01.787+0000] {dagbag.py:588} INFO - Filling up the DagBag from /opt/airflow/dags/utils/__init__.py
[2026-03-03T09:43:02.212+0000] {processor.py:927} WARNING - No viable dags retrieved from /opt/airflow/dags/utils/__init__.py
[2026-03-03T09:43:02.228+0000] {processor.py:208} INFO - Processing /opt/airflow/dags/utils/__init__.py took 0.450 seconds
[2026-03-03T09:43:32.549+0000] {processor.py:186} INFO - Started process (PID=531) to work on /opt/airflow/dags/utils/__init__.py
[2026-03-03T09:43:32.550+0000] {processor.py:914} INFO - Processing file /opt/airflow/dags/utils/__init__.py for tasks to queue
[2026-03-03T09:43:32.553+0000] {logging_mixin.py:190} INFO - [2026-03-03T09:43:32.553+0000] {dagbag.py:588} INFO - Filling up the DagBag from /opt/airflow/dags/utils/__init__.py
[2026-03-03T09:43:33.004+0000] {processor.py:927} WARNING - No viable dags retrieved from /opt/airflow/dags/utils/__init__.py
[2026-03-03T09:43:33.020+0000] {processor.py:208} INFO - Processing /opt/airflow/dags/utils/__init__.py took 0.477 seconds
[2026-03-03T09:44:03.486+0000] {processor.py:186} INFO - Started process (PID=555) to work on /opt/airflow/dags/utils/__init__.py
[2026-03-03T09:44:03.488+0000] {processor.py:914} INFO - Processing file /opt/airflow/dags/utils/__init__.py for tasks to queue
[2026-03-03T09:44:03.492+0000] {logging_mixin.py:190} INFO - [2026-03-03T09:44:03.491+0000] {dagbag.py:588} INFO - Filling up the DagBag from /opt/airflow/dags/utils/__init__.py
[2026-03-03T09:44:04.102+0000] {processor.py:927} WARNING - No viable dags retrieved from /opt/airflow/dags/utils/__init__.py
[2026-03-03T09:44:04.124+0000] {processor.py:208} INFO - Processing /opt/airflow/dags/utils/__init__.py took 0.646 seconds
[2026-03-03T09:44:35.184+0000] {processor.py:186} INFO - Started process (PID=581) to work on /opt/airflow/dags/utils/__init__.py
[2026-03-03T09:44:35.186+0000] {processor.py:914} INFO - Processing file /opt/airflow/dags/utils/__init__.py for tasks to queue
[2026-03-03T09:44:35.190+0000] {logging_mixin.py:190} INFO - [2026-03-03T09:44:35.189+0000] {dagbag.py:588} INFO - Filling up the DagBag from /opt/airflow/dags/utils/__init__.py
[2026-03-03T09:44:35.725+0000] {processor.py:927} WARNING - No viable dags retrieved from /opt/airflow/dags/utils/__init__.py
[2026-03-03T09:44:35.742+0000] {processor.py:208} INFO - Processing /opt/airflow/dags/utils/__init__.py took 0.566 seconds
[2026-03-03T09:45:07.961+0000] {processor.py:186} INFO - Started process (PID=608) to work on /opt/airflow/dags/utils/__init__.py
[2026-03-03T09:45:07.963+0000] {processor.py:914} INFO - Processing file /opt/airflow/dags/utils/__init__.py for tasks to queue
[2026-03-03T09:45:07.966+0000] {logging_mixin.py:190} INFO - [2026-03-03T09:45:07.965+0000] {dagbag.py:588} INFO - Filling up the DagBag from /opt/airflow/dags/utils/__init__.py
[2026-03-03T09:45:08.576+0000] {processor.py:927} WARNING - No viable dags retrieved from /opt/airflow/dags/utils/__init__.py
[2026-03-03T09:45:08.596+0000] {processor.py:208} INFO - Processing /opt/airflow/dags/utils/__init__.py took 0.642 seconds
[2026-03-03T09:45:40.485+0000] {processor.py:186} INFO - Started process (PID=632) to work on /opt/airflow/dags/utils/__init__.py
[2026-03-03T09:45:40.487+0000] {processor.py:914} INFO - Processing file /opt/airflow/dags/utils/__init__.py for tasks to queue
[2026-03-03T09:45:40.489+0000] {logging_mixin.py:190} INFO - [2026-03-03T09:45:40.488+0000] {dagbag.py:588} INFO - Filling up the DagBag from /opt/airflow/dags/utils/__init__.py
[2026-03-03T09:45:40.944+0000] {processor.py:927} WARNING - No viable dags retrieved from /opt/airflow/dags/utils/__init__.py
[2026-03-03T09:45:40.963+0000] {processor.py:208} INFO - Processing /opt/airflow/dags/utils/__init__.py took 0.483 seconds
[2026-03-03T09:46:14.177+0000] {processor.py:186} INFO - Started process (PID=661) to work on /opt/airflow/dags/utils/__init__.py
[2026-03-03T09:46:14.178+0000] {processor.py:914} INFO - Processing file /opt/airflow/dags/utils/__init__.py for tasks to queue
[2026-03-03T09:46:14.181+0000] {logging_mixin.py:190} INFO - [2026-03-03T09:46:14.181+0000] {dagbag.py:588} INFO - Filling up the DagBag from /opt/airflow/dags/utils/__init__.py
[2026-03-03T09:46:14.708+0000] {processor.py:927} WARNING - No viable dags retrieved from /opt/airflow/dags/utils/__init__.py
[2026-03-03T09:46:14.725+0000] {processor.py:208} INFO - Processing /opt/airflow/dags/utils/__init__.py took 0.554 seconds
[2026-03-03T09:46:46.493+0000] {processor.py:186} INFO - Started process (PID=684) to work on /opt/airflow/dags/utils/__init__.py
[2026-03-03T09:46:46.494+0000] {processor.py:914} INFO - Processing file /opt/airflow/dags/utils/__init__.py for tasks to queue
[2026-03-03T09:46:46.496+0000] {logging_mixin.py:190} INFO - [2026-03-03T09:46:46.496+0000] {dagbag.py:588} INFO - Filling up the DagBag from /opt/airflow/dags/utils/__init__.py
[2026-03-03T09:46:46.942+0000] {processor.py:927} WARNING - No viable dags retrieved from /opt/airflow/dags/utils/__init__.py
[2026-03-03T09:46:46.959+0000] {processor.py:208} INFO - Processing /opt/airflow/dags/utils/__init__.py took 0.472 seconds
[2026-03-03T09:47:18.797+0000] {processor.py:186} INFO - Started process (PID=708) to work on /opt/airflow/dags/utils/__init__.py
[2026-03-03T09:47:18.798+0000] {processor.py:914} INFO - Processing file /opt/airflow/dags/utils/__init__.py for tasks to queue
[2026-03-03T09:47:18.801+0000] {logging_mixin.py:190} INFO - [2026-03-03T09:47:18.800+0000] {dagbag.py:588} INFO - Filling up the DagBag from /opt/airflow/dags/utils/__init__.py
[2026-03-03T09:47:19.291+0000] {processor.py:927} WARNING - No viable dags retrieved from /opt/airflow/dags/utils/__init__.py
[2026-03-03T09:47:19.308+0000] {processor.py:208} INFO - Processing /opt/airflow/dags/utils/__init__.py took 0.516 seconds
[2026-03-03T09:47:52.494+0000] {processor.py:186} INFO - Started process (PID=733) to work on /opt/airflow/dags/utils/__init__.py
[2026-03-03T09:47:52.495+0000] {processor.py:914} INFO - Processing file /opt/airflow/dags/utils/__init__.py for tasks to queue
[2026-03-03T09:47:52.498+0000] {logging_mixin.py:190} INFO - [2026-03-03T09:47:52.498+0000] {dagbag.py:588} INFO - Filling up the DagBag from /opt/airflow/dags/utils/__init__.py
[2026-03-03T09:47:52.901+0000] {processor.py:927} WARNING - No viable dags retrieved from /opt/airflow/dags/utils/__init__.py
[2026-03-03T09:47:52.917+0000] {processor.py:208} INFO - Processing /opt/airflow/dags/utils/__init__.py took 0.428 seconds
[2026-03-03T09:48:25.020+0000] {processor.py:186} INFO - Started process (PID=757) to work on /opt/airflow/dags/utils/__init__.py
[2026-03-03T09:48:25.021+0000] {processor.py:914} INFO - Processing file /opt/airflow/dags/utils/__init__.py for tasks to queue
[2026-03-03T09:48:25.023+0000] {logging_mixin.py:190} INFO - [2026-03-03T09:48:25.023+0000] {dagbag.py:588} INFO - Filling up the DagBag from /opt/airflow/dags/utils/__init__.py
[2026-03-03T09:48:25.436+0000] {processor.py:927} WARNING - No viable dags retrieved from /opt/airflow/dags/utils/__init__.py
[2026-03-03T09:48:25.452+0000] {processor.py:208} INFO - Processing /opt/airflow/dags/utils/__init__.py took 0.438 seconds
[2026-03-03T09:48:56.819+0000] {processor.py:186} INFO - Started process (PID=780) to work on /opt/airflow/dags/utils/__init__.py
[2026-03-03T09:48:56.820+0000] {processor.py:914} INFO - Processing file /opt/airflow/dags/utils/__init__.py for tasks to queue
[2026-03-03T09:48:56.822+0000] {logging_mixin.py:190} INFO - [2026-03-03T09:48:56.821+0000] {dagbag.py:588} INFO - Filling up the DagBag from /opt/airflow/dags/utils/__init__.py
[2026-03-03T09:48:57.217+0000] {processor.py:927} WARNING - No viable dags retrieved from /opt/airflow/dags/utils/__init__.py
[2026-03-03T09:48:57.232+0000] {processor.py:208} INFO - Processing /opt/airflow/dags/utils/__init__.py took 0.418 seconds
[2026-03-03T09:49:30.045+0000] {processor.py:186} INFO - Started process (PID=804) to work on /opt/airflow/dags/utils/__init__.py
[2026-03-03T09:49:30.046+0000] {processor.py:914} INFO - Processing file /opt/airflow/dags/utils/__init__.py for tasks to queue
[2026-03-03T09:49:30.048+0000] {logging_mixin.py:190} INFO - [2026-03-03T09:49:30.048+0000] {dagbag.py:588} INFO - Filling up the DagBag from /opt/airflow/dags/utils/__init__.py
[2026-03-03T09:49:30.546+0000] {processor.py:927} WARNING - No viable dags retrieved from /opt/airflow/dags/utils/__init__.py
[2026-03-03T09:49:30.562+0000] {processor.py:208} INFO - Processing /opt/airflow/dags/utils/__init__.py took 0.522 seconds
[2026-03-03T09:50:03.077+0000] {processor.py:186} INFO - Started process (PID=828) to work on /opt/airflow/dags/utils/__init__.py
[2026-03-03T09:50:03.079+0000] {processor.py:914} INFO - Processing file /opt/airflow/dags/utils/__init__.py for tasks to queue
[2026-03-03T09:50:03.085+0000] {logging_mixin.py:190} INFO - [2026-03-03T09:50:03.085+0000] {dagbag.py:588} INFO - Filling up the DagBag from /opt/airflow/dags/utils/__init__.py
[2026-03-03T09:50:03.742+0000] {processor.py:927} WARNING - No viable dags retrieved from /opt/airflow/dags/utils/__init__.py
[2026-03-03T09:50:03.766+0000] {processor.py:208} INFO - Processing /opt/airflow/dags/utils/__init__.py took 0.701 seconds
[2026-03-03T09:50:35.700+0000] {processor.py:186} INFO - Started process (PID=852) to work on /opt/airflow/dags/utils/__init__.py
[2026-03-03T09:50:35.701+0000] {processor.py:914} INFO - Processing file /opt/airflow/dags/utils/__init__.py for tasks to queue
[2026-03-03T09:50:35.704+0000] {logging_mixin.py:190} INFO - [2026-03-03T09:50:35.703+0000] {dagbag.py:588} INFO - Filling up the DagBag from /opt/airflow/dags/utils/__init__.py
[2026-03-03T09:50:36.174+0000] {processor.py:927} WARNING - No viable dags retrieved from /opt/airflow/dags/utils/__init__.py
[2026-03-03T09:50:36.195+0000] {processor.py:208} INFO - Processing /opt/airflow/dags/utils/__init__.py took 0.503 seconds
[2026-03-03T09:51:08.112+0000] {processor.py:186} INFO - Started process (PID=876) to work on /opt/airflow/dags/utils/__init__.py
[2026-03-03T09:51:08.113+0000] {processor.py:914} INFO - Processing file /opt/airflow/dags/utils/__init__.py for tasks to queue
[2026-03-03T09:51:08.116+0000] {logging_mixin.py:190} INFO - [2026-03-03T09:51:08.115+0000] {dagbag.py:588} INFO - Filling up the DagBag from /opt/airflow/dags/utils/__init__.py
[2026-03-03T09:51:08.654+0000] {processor.py:927} WARNING - No viable dags retrieved from /opt/airflow/dags/utils/__init__.py
[2026-03-03T09:51:08.674+0000] {processor.py:208} INFO - Processing /opt/airflow/dags/utils/__init__.py took 0.568 seconds
[2026-03-03T09:51:40.940+0000] {processor.py:186} INFO - Started process (PID=901) to work on /opt/airflow/dags/utils/__init__.py
[2026-03-03T09:51:40.941+0000] {processor.py:914} INFO - Processing file /opt/airflow/dags/utils/__init__.py for tasks to queue
[2026-03-03T09:51:40.943+0000] {logging_mixin.py:190} INFO - [2026-03-03T09:51:40.943+0000] {dagbag.py:588} INFO - Filling up the DagBag from /opt/airflow/dags/utils/__init__.py
[2026-03-03T09:51:41.424+0000] {processor.py:927} WARNING - No viable dags retrieved from /opt/airflow/dags/utils/__init__.py
[2026-03-03T09:51:41.443+0000] {processor.py:208} INFO - Processing /opt/airflow/dags/utils/__init__.py took 0.508 seconds
[2026-03-03T09:52:13.442+0000] {processor.py:186} INFO - Started process (PID=924) to work on /opt/airflow/dags/utils/__init__.py
[2026-03-03T09:52:13.443+0000] {processor.py:914} INFO - Processing file /opt/airflow/dags/utils/__init__.py for tasks to queue
[2026-03-03T09:52:13.447+0000] {logging_mixin.py:190} INFO - [2026-03-03T09:52:13.446+0000] {dagbag.py:588} INFO - Filling up the DagBag from /opt/airflow/dags/utils/__init__.py
[2026-03-03T09:52:13.953+0000] {processor.py:927} WARNING - No viable dags retrieved from /opt/airflow/dags/utils/__init__.py
[2026-03-03T09:52:13.971+0000] {processor.py:208} INFO - Processing /opt/airflow/dags/utils/__init__.py took 0.537 seconds
[2026-03-03T09:52:46.800+0000] {processor.py:186} INFO - Started process (PID=948) to work on /opt/airflow/dags/utils/__init__.py
[2026-03-03T09:52:46.801+0000] {processor.py:914} INFO - Processing file /opt/airflow/dags/utils/__init__.py for tasks to queue
[2026-03-03T09:52:46.804+0000] {logging_mixin.py:190} INFO - [2026-03-03T09:52:46.803+0000] {dagbag.py:588} INFO - Filling up the DagBag from /opt/airflow/dags/utils/__init__.py
[2026-03-03T09:52:47.230+0000] {processor.py:927} WARNING - No viable dags retrieved from /opt/airflow/dags/utils/__init__.py
[2026-03-03T09:52:47.246+0000] {processor.py:208} INFO - Processing /opt/airflow/dags/utils/__init__.py took 0.452 seconds
[2026-03-03T09:53:19.437+0000] {processor.py:186} INFO - Started process (PID=973) to work on /opt/airflow/dags/utils/__init__.py
[2026-03-03T09:53:19.439+0000] {processor.py:914} INFO - Processing file /opt/airflow/dags/utils/__init__.py for tasks to queue
[2026-03-03T09:53:19.441+0000] {logging_mixin.py:190} INFO - [2026-03-03T09:53:19.441+0000] {dagbag.py:588} INFO - Filling up the DagBag from /opt/airflow/dags/utils/__init__.py
[2026-03-03T09:53:19.828+0000] {processor.py:927} WARNING - No viable dags retrieved from /opt/airflow/dags/utils/__init__.py
[2026-03-03T09:53:19.843+0000] {processor.py:208} INFO - Processing /opt/airflow/dags/utils/__init__.py took 0.411 seconds
[2026-03-03T09:53:51.712+0000] {processor.py:186} INFO - Started process (PID=996) to work on /opt/airflow/dags/utils/__init__.py
[2026-03-03T09:53:51.713+0000] {processor.py:914} INFO - Processing file /opt/airflow/dags/utils/__init__.py for tasks to queue
[2026-03-03T09:53:51.715+0000] {logging_mixin.py:190} INFO - [2026-03-03T09:53:51.715+0000] {dagbag.py:588} INFO - Filling up the DagBag from /opt/airflow/dags/utils/__init__.py
[2026-03-03T09:53:52.179+0000] {processor.py:927} WARNING - No viable dags retrieved from /opt/airflow/dags/utils/__init__.py
[2026-03-03T09:53:52.194+0000] {processor.py:208} INFO - Processing /opt/airflow/dags/utils/__init__.py took 0.487 seconds
[2026-03-03T09:54:25.367+0000] {processor.py:186} INFO - Started process (PID=1021) to work on /opt/airflow/dags/utils/__init__.py
[2026-03-03T09:54:25.368+0000] {processor.py:914} INFO - Processing file /opt/airflow/dags/utils/__init__.py for tasks to queue
[2026-03-03T09:54:25.371+0000] {logging_mixin.py:190} INFO - [2026-03-03T09:54:25.370+0000] {dagbag.py:588} INFO - Filling up the DagBag from /opt/airflow/dags/utils/__init__.py
[2026-03-03T09:54:25.819+0000] {processor.py:927} WARNING - No viable dags retrieved from /opt/airflow/dags/utils/__init__.py
[2026-03-03T09:54:25.837+0000] {processor.py:208} INFO - Processing /opt/airflow/dags/utils/__init__.py took 0.475 seconds
[2026-03-03T09:54:57.982+0000] {processor.py:186} INFO - Started process (PID=1045) to work on /opt/airflow/dags/utils/__init__.py
[2026-03-03T09:54:57.983+0000] {processor.py:914} INFO - Processing file /opt/airflow/dags/utils/__init__.py for tasks to queue
[2026-03-03T09:54:57.986+0000] {logging_mixin.py:190} INFO - [2026-03-03T09:54:57.986+0000] {dagbag.py:588} INFO - Filling up the DagBag from /opt/airflow/dags/utils/__init__.py
[2026-03-03T09:54:58.618+0000] {processor.py:927} WARNING - No viable dags retrieved from /opt/airflow/dags/utils/__init__.py
[2026-03-03T09:54:58.646+0000] {processor.py:208} INFO - Processing /opt/airflow/dags/utils/__init__.py took 0.670 seconds
[2026-03-03T09:55:30.873+0000] {processor.py:186} INFO - Started process (PID=1069) to work on /opt/airflow/dags/utils/__init__.py
[2026-03-03T09:55:30.874+0000] {processor.py:914} INFO - Processing file /opt/airflow/dags/utils/__init__.py for tasks to queue
[2026-03-03T09:55:30.876+0000] {logging_mixin.py:190} INFO - [2026-03-03T09:55:30.876+0000] {dagbag.py:588} INFO - Filling up the DagBag from /opt/airflow/dags/utils/__init__.py
[2026-03-03T09:55:31.268+0000] {processor.py:927} WARNING - No viable dags retrieved from /opt/airflow/dags/utils/__init__.py
[2026-03-03T09:55:31.282+0000] {processor.py:208} INFO - Processing /opt/airflow/dags/utils/__init__.py took 0.414 seconds
[2026-03-03T09:56:02.965+0000] {processor.py:186} INFO - Started process (PID=1092) to work on /opt/airflow/dags/utils/__init__.py
[2026-03-03T09:56:02.966+0000] {processor.py:914} INFO - Processing file /opt/airflow/dags/utils/__init__.py for tasks to queue
[2026-03-03T09:56:02.969+0000] {logging_mixin.py:190} INFO - [2026-03-03T09:56:02.968+0000] {dagbag.py:588} INFO - Filling up the DagBag from /opt/airflow/dags/utils/__init__.py
[2026-03-03T09:56:03.510+0000] {processor.py:927} WARNING - No viable dags retrieved from /opt/airflow/dags/utils/__init__.py
[2026-03-03T09:56:03.527+0000] {processor.py:208} INFO - Processing /opt/airflow/dags/utils/__init__.py took 0.567 seconds
[2026-03-03T09:56:35.405+0000] {processor.py:186} INFO - Started process (PID=1116) to work on /opt/airflow/dags/utils/__init__.py
[2026-03-03T09:56:35.405+0000] {processor.py:914} INFO - Processing file /opt/airflow/dags/utils/__init__.py for tasks to queue
[2026-03-03T09:56:35.407+0000] {logging_mixin.py:190} INFO - [2026-03-03T09:56:35.407+0000] {dagbag.py:588} INFO - Filling up the DagBag from /opt/airflow/dags/utils/__init__.py
[2026-03-03T09:56:35.846+0000] {processor.py:927} WARNING - No viable dags retrieved from /opt/airflow/dags/utils/__init__.py
[2026-03-03T09:56:35.862+0000] {processor.py:208} INFO - Processing /opt/airflow/dags/utils/__init__.py took 0.463 seconds
[2026-03-03T09:57:09.132+0000] {processor.py:186} INFO - Started process (PID=1141) to work on /opt/airflow/dags/utils/__init__.py
[2026-03-03T09:57:09.133+0000] {processor.py:914} INFO - Processing file /opt/airflow/dags/utils/__init__.py for tasks to queue
[2026-03-03T09:57:09.135+0000] {logging_mixin.py:190} INFO - [2026-03-03T09:57:09.135+0000] {dagbag.py:588} INFO - Filling up the DagBag from /opt/airflow/dags/utils/__init__.py
[2026-03-03T09:57:09.611+0000] {processor.py:927} WARNING - No viable dags retrieved from /opt/airflow/dags/utils/__init__.py
[2026-03-03T09:57:09.628+0000] {processor.py:208} INFO - Processing /opt/airflow/dags/utils/__init__.py took 0.502 seconds
[2026-03-03T09:57:40.078+0000] {processor.py:186} INFO - Started process (PID=1165) to work on /opt/airflow/dags/utils/__init__.py
[2026-03-03T09:57:40.079+0000] {processor.py:914} INFO - Processing file /opt/airflow/dags/utils/__init__.py for tasks to queue
[2026-03-03T09:57:40.081+0000] {logging_mixin.py:190} INFO - [2026-03-03T09:57:40.081+0000] {dagbag.py:588} INFO - Filling up the DagBag from /opt/airflow/dags/utils/__init__.py
[2026-03-03T09:57:40.532+0000] {processor.py:927} WARNING - No viable dags retrieved from /opt/airflow/dags/utils/__init__.py
[2026-03-03T09:57:40.548+0000] {processor.py:208} INFO - Processing /opt/airflow/dags/utils/__init__.py took 0.475 seconds
[2026-03-03T09:58:11.031+0000] {processor.py:186} INFO - Started process (PID=1189) to work on /opt/airflow/dags/utils/__init__.py
[2026-03-03T09:58:11.034+0000] {processor.py:914} INFO - Processing file /opt/airflow/dags/utils/__init__.py for tasks to queue
[2026-03-03T09:58:11.038+0000] {logging_mixin.py:190} INFO - [2026-03-03T09:58:11.037+0000] {dagbag.py:588} INFO - Filling up the DagBag from /opt/airflow/dags/utils/__init__.py
[2026-03-03T09:58:13.125+0000] {processor.py:927} WARNING - No viable dags retrieved from /opt/airflow/dags/utils/__init__.py
[2026-03-03T09:58:13.155+0000] {processor.py:208} INFO - Processing /opt/airflow/dags/utils/__init__.py took 0.785 seconds
[2026-03-03T09:58:46.155+0000] {processor.py:186} INFO - Started process (PID=1212) to work on /opt/airflow/dags/utils/__init__.py
[2026-03-03T09:58:46.156+0000] {processor.py:914} INFO - Processing file /opt/airflow/dags/utils/__init__.py for tasks to queue
[2026-03-03T09:58:46.159+0000] {logging_mixin.py:190} INFO - [2026-03-03T09:58:46.159+0000] {dagbag.py:588} INFO - Filling up the DagBag from /opt/airflow/dags/utils/__init__.py
[2026-03-03T09:58:46.866+0000] {processor.py:927} WARNING - No viable dags retrieved from /opt/airflow/dags/utils/__init__.py
[2026-03-03T09:58:46.885+0000] {processor.py:208} INFO - Processing /opt/airflow/dags/utils/__init__.py took 0.736 seconds
[2026-03-03T09:59:17.106+0000] {processor.py:186} INFO - Started process (PID=1236) to work on /opt/airflow/dags/utils/__init__.py
[2026-03-03T09:59:17.107+0000] {processor.py:914} INFO - Processing file /opt/airflow/dags/utils/__init__.py for tasks to queue
[2026-03-03T09:59:17.110+0000] {logging_mixin.py:190} INFO - [2026-03-03T09:59:17.109+0000] {dagbag.py:588} INFO - Filling up the DagBag from /opt/airflow/dags/utils/__init__.py
[2026-03-03T09:59:17.693+0000] {processor.py:927} WARNING - No viable dags retrieved from /opt/airflow/dags/utils/__init__.py
[2026-03-03T09:59:17.710+0000] {processor.py:208} INFO - Processing /opt/airflow/dags/utils/__init__.py took 0.611 seconds
[2026-03-03T09:59:47.934+0000] {processor.py:186} INFO - Started process (PID=1260) to work on /opt/airflow/dags/utils/__init__.py
[2026-03-03T09:59:47.935+0000] {processor.py:914} INFO - Processing file /opt/airflow/dags/utils/__init__.py for tasks to queue
[2026-03-03T09:59:47.939+0000] {logging_mixin.py:190} INFO - [2026-03-03T09:59:47.938+0000] {dagbag.py:588} INFO - Filling up the DagBag from /opt/airflow/dags/utils/__init__.py
[2026-03-03T09:59:48.489+0000] {processor.py:927} WARNING - No viable dags retrieved from /opt/airflow/dags/utils/__init__.py
[2026-03-03T09:59:48.511+0000] {processor.py:208} INFO - Processing /opt/airflow/dags/utils/__init__.py took 0.585 seconds
