[2026-03-05T03:09:23.176+0000] {local_task_job_runner.py:123} INFO - ::group::Pre task execution logs
[2026-03-05T03:09:23.200+0000] {taskinstance.py:2613} INFO - Dependencies all met for dep_context=non-requeueable deps ti=<TaskInstance: dag_1_ingestion_transaccional.crear_tabla_atenciones manual__2026-03-04T22:09:14-05:00 [queued]>
[2026-03-05T03:09:23.211+0000] {taskinstance.py:2613} INFO - Dependencies all met for dep_context=requeueable deps ti=<TaskInstance: dag_1_ingestion_transaccional.crear_tabla_atenciones manual__2026-03-04T22:09:14-05:00 [queued]>
[2026-03-05T03:09:23.212+0000] {taskinstance.py:2866} INFO - Starting attempt 1 of 1
[2026-03-05T03:09:23.229+0000] {taskinstance.py:2889} INFO - Executing <Task(BigQueryInsertJobOperator): crear_tabla_atenciones> on 2026-03-05 03:09:14+00:00
[2026-03-05T03:09:23.240+0000] {standard_task_runner.py:104} INFO - Running: ['***', 'tasks', 'run', 'dag_1_ingestion_transaccional', 'crear_tabla_atenciones', 'manual__2026-03-04T22:09:14-05:00', '--job-id', '99', '--raw', '--subdir', 'DAGS_FOLDER/dag_1_ingestion_transaccional.py', '--cfg-path', '/tmp/tmpeuzxn4ac']
[2026-03-05T03:09:23.244+0000] {logging_mixin.py:190} WARNING - /home/***/.local/lib/python3.12/site-packages/***/task/task_runner/standard_task_runner.py:70 DeprecationWarning: This process (pid=8249) is multi-threaded, use of fork() may lead to deadlocks in the child.
[2026-03-05T03:09:23.244+0000] {standard_task_runner.py:105} INFO - Job 99: Subtask crear_tabla_atenciones
[2026-03-05T03:09:23.245+0000] {standard_task_runner.py:72} INFO - Started process 8263 to run task
[2026-03-05T03:09:23.320+0000] {task_command.py:467} INFO - Running <TaskInstance: dag_1_ingestion_transaccional.crear_tabla_atenciones manual__2026-03-04T22:09:14-05:00 [running]> on host 6db8ac2a4a54
[2026-03-05T03:09:23.750+0000] {taskinstance.py:3132} INFO - Exporting env vars: AIRFLOW_CTX_DAG_OWNER='***' AIRFLOW_CTX_DAG_ID='dag_1_ingestion_transaccional' AIRFLOW_CTX_TASK_ID='crear_tabla_atenciones' AIRFLOW_CTX_EXECUTION_DATE='2026-03-05T03:09:14+00:00' AIRFLOW_CTX_TRY_NUMBER='1' AIRFLOW_CTX_DAG_RUN_ID='manual__2026-03-04T22:09:14-05:00'
[2026-03-05T03:09:23.753+0000] {taskinstance.py:731} INFO - ::endgroup::
[2026-03-05T03:09:23.788+0000] {connection.py:277} WARNING - Connection schemes (type: google_cloud_platform) shall not contain '_' according to RFC3986.
[2026-03-05T03:09:23.791+0000] {base.py:84} INFO - Retrieving connection 'google_cloud_default'
[2026-03-05T03:09:23.792+0000] {bigquery.py:2620} INFO - Executing: {'query': {'query': "-- BigQuery Standard SQL. Tabla de atenciones particionada por día y clusterizada.\n-- Particionamiento por fecha_atencion: ahorra costo (solo se escanean particiones usadas en el filtro)\n-- y mejora rendimiento en JOINs con clientes al estar clusterizada por id_cliente.\n-- Ejecutar con BigQueryInsertJobOperator; el DAG debe pasar params: bq_project, bq_dataset.\nCREATE OR REPLACE TABLE `data-solution-end-to-end-21.cala_analytics.atenciones` (\n  id_atencion STRING,\n  id_cliente STRING,\n  documento_cliente STRING,\n  fecha_atencion TIMESTAMP,\n  fecha_proceso TIMESTAMP,\n  valor_facturado FLOAT64,\n  estado STRING,\n  codigo_cups STRING,\n  canal_ingreso STRING,\n  json_detalle JSON\n)\nPARTITION BY DATE(fecha_atencion)\nCLUSTER BY id_cliente, estado\nOPTIONS(\n  description = 'Atenciones: partición por fecha_atencion (ahorro y rendimiento), cluster por id_cliente y estado para JOINs rápidos'\n);", 'useLegacySql': False}}'
[2026-03-05T03:09:23.837+0000] {bigquery.py:1241} INFO - Inserting job ***_dag_1_ingestion_transaccional_crear_tabla_atenciones_2026_03_05T03_09_14_00_00_55c3e5050e2293d4449bb4fa60c1a178
[2026-03-05T03:09:25.502+0000] {taskinstance.py:340} INFO - ::group::Post task execution logs
[2026-03-05T03:09:25.503+0000] {taskinstance.py:352} INFO - Marking task as SUCCESS. dag_id=dag_1_ingestion_transaccional, task_id=crear_tabla_atenciones, run_id=manual__2026-03-04T22:09:14-05:00, execution_date=20260305T030914, start_date=20260305T030923, end_date=20260305T030925
[2026-03-05T03:09:25.549+0000] {local_task_job_runner.py:266} INFO - Task exited with return code 0
[2026-03-05T03:09:25.593+0000] {taskinstance.py:3895} INFO - 1 downstream tasks scheduled from follow-on schedule check
[2026-03-05T03:09:25.596+0000] {local_task_job_runner.py:245} INFO - ::endgroup::
