[2026-03-04T22:23:00.548+0000] {processor.py:186} INFO - Started process (PID=172) to work on /opt/airflow/dags/utils/ingestion.py
[2026-03-04T22:23:00.549+0000] {processor.py:914} INFO - Processing file /opt/airflow/dags/utils/ingestion.py for tasks to queue
[2026-03-04T22:23:00.553+0000] {logging_mixin.py:190} INFO - [2026-03-04T22:23:00.553+0000] {dagbag.py:588} INFO - Filling up the DagBag from /opt/airflow/dags/utils/ingestion.py
[2026-03-04T22:23:02.013+0000] {processor.py:927} WARNING - No viable dags retrieved from /opt/airflow/dags/utils/ingestion.py
[2026-03-04T22:23:02.032+0000] {processor.py:208} INFO - Processing /opt/airflow/dags/utils/ingestion.py took 1.490 seconds
[2026-03-04T22:23:33.311+0000] {processor.py:186} INFO - Started process (PID=199) to work on /opt/airflow/dags/utils/ingestion.py
[2026-03-04T22:23:33.312+0000] {processor.py:914} INFO - Processing file /opt/airflow/dags/utils/ingestion.py for tasks to queue
[2026-03-04T22:23:33.315+0000] {logging_mixin.py:190} INFO - [2026-03-04T22:23:33.314+0000] {dagbag.py:588} INFO - Filling up the DagBag from /opt/airflow/dags/utils/ingestion.py
[2026-03-04T22:23:33.346+0000] {processor.py:927} WARNING - No viable dags retrieved from /opt/airflow/dags/utils/ingestion.py
[2026-03-04T22:23:33.368+0000] {processor.py:208} INFO - Processing /opt/airflow/dags/utils/ingestion.py took 0.064 seconds
[2026-03-04T22:24:03.574+0000] {processor.py:186} INFO - Started process (PID=248) to work on /opt/airflow/dags/utils/ingestion.py
[2026-03-04T22:24:03.575+0000] {processor.py:914} INFO - Processing file /opt/airflow/dags/utils/ingestion.py for tasks to queue
[2026-03-04T22:24:03.577+0000] {logging_mixin.py:190} INFO - [2026-03-04T22:24:03.576+0000] {dagbag.py:588} INFO - Filling up the DagBag from /opt/airflow/dags/utils/ingestion.py
[2026-03-04T22:24:03.603+0000] {processor.py:927} WARNING - No viable dags retrieved from /opt/airflow/dags/utils/ingestion.py
[2026-03-04T22:24:03.619+0000] {processor.py:208} INFO - Processing /opt/airflow/dags/utils/ingestion.py took 0.050 seconds
[2026-03-04T22:24:33.826+0000] {processor.py:186} INFO - Started process (PID=273) to work on /opt/airflow/dags/utils/ingestion.py
[2026-03-04T22:24:33.828+0000] {processor.py:914} INFO - Processing file /opt/airflow/dags/utils/ingestion.py for tasks to queue
[2026-03-04T22:24:33.832+0000] {logging_mixin.py:190} INFO - [2026-03-04T22:24:33.831+0000] {dagbag.py:588} INFO - Filling up the DagBag from /opt/airflow/dags/utils/ingestion.py
[2026-03-04T22:24:33.876+0000] {processor.py:927} WARNING - No viable dags retrieved from /opt/airflow/dags/utils/ingestion.py
[2026-03-04T22:24:33.910+0000] {processor.py:208} INFO - Processing /opt/airflow/dags/utils/ingestion.py took 0.092 seconds
[2026-03-04T22:25:04.017+0000] {processor.py:186} INFO - Started process (PID=298) to work on /opt/airflow/dags/utils/ingestion.py
[2026-03-04T22:25:04.018+0000] {processor.py:914} INFO - Processing file /opt/airflow/dags/utils/ingestion.py for tasks to queue
[2026-03-04T22:25:04.021+0000] {logging_mixin.py:190} INFO - [2026-03-04T22:25:04.020+0000] {dagbag.py:588} INFO - Filling up the DagBag from /opt/airflow/dags/utils/ingestion.py
[2026-03-04T22:25:04.055+0000] {processor.py:927} WARNING - No viable dags retrieved from /opt/airflow/dags/utils/ingestion.py
[2026-03-04T22:25:04.076+0000] {processor.py:208} INFO - Processing /opt/airflow/dags/utils/ingestion.py took 0.065 seconds
[2026-03-04T22:25:34.186+0000] {processor.py:186} INFO - Started process (PID=323) to work on /opt/airflow/dags/utils/ingestion.py
[2026-03-04T22:25:34.188+0000] {processor.py:914} INFO - Processing file /opt/airflow/dags/utils/ingestion.py for tasks to queue
[2026-03-04T22:25:34.191+0000] {logging_mixin.py:190} INFO - [2026-03-04T22:25:34.190+0000] {dagbag.py:588} INFO - Filling up the DagBag from /opt/airflow/dags/utils/ingestion.py
[2026-03-04T22:25:34.217+0000] {processor.py:927} WARNING - No viable dags retrieved from /opt/airflow/dags/utils/ingestion.py
[2026-03-04T22:25:34.236+0000] {processor.py:208} INFO - Processing /opt/airflow/dags/utils/ingestion.py took 0.056 seconds
[2026-03-04T22:26:04.313+0000] {processor.py:186} INFO - Started process (PID=348) to work on /opt/airflow/dags/utils/ingestion.py
[2026-03-04T22:26:04.314+0000] {processor.py:914} INFO - Processing file /opt/airflow/dags/utils/ingestion.py for tasks to queue
[2026-03-04T22:26:04.317+0000] {logging_mixin.py:190} INFO - [2026-03-04T22:26:04.317+0000] {dagbag.py:588} INFO - Filling up the DagBag from /opt/airflow/dags/utils/ingestion.py
[2026-03-04T22:26:04.340+0000] {processor.py:927} WARNING - No viable dags retrieved from /opt/airflow/dags/utils/ingestion.py
[2026-03-04T22:26:04.355+0000] {processor.py:208} INFO - Processing /opt/airflow/dags/utils/ingestion.py took 0.046 seconds
[2026-03-04T22:26:34.693+0000] {processor.py:186} INFO - Started process (PID=373) to work on /opt/airflow/dags/utils/ingestion.py
[2026-03-04T22:26:34.695+0000] {processor.py:914} INFO - Processing file /opt/airflow/dags/utils/ingestion.py for tasks to queue
[2026-03-04T22:26:34.698+0000] {logging_mixin.py:190} INFO - [2026-03-04T22:26:34.697+0000] {dagbag.py:588} INFO - Filling up the DagBag from /opt/airflow/dags/utils/ingestion.py
[2026-03-04T22:26:34.726+0000] {processor.py:927} WARNING - No viable dags retrieved from /opt/airflow/dags/utils/ingestion.py
[2026-03-04T22:26:34.747+0000] {processor.py:208} INFO - Processing /opt/airflow/dags/utils/ingestion.py took 0.059 seconds
[2026-03-04T22:27:05.176+0000] {processor.py:186} INFO - Started process (PID=398) to work on /opt/airflow/dags/utils/ingestion.py
[2026-03-04T22:27:05.177+0000] {processor.py:914} INFO - Processing file /opt/airflow/dags/utils/ingestion.py for tasks to queue
[2026-03-04T22:27:05.179+0000] {logging_mixin.py:190} INFO - [2026-03-04T22:27:05.179+0000] {dagbag.py:588} INFO - Filling up the DagBag from /opt/airflow/dags/utils/ingestion.py
[2026-03-04T22:27:05.202+0000] {processor.py:927} WARNING - No viable dags retrieved from /opt/airflow/dags/utils/ingestion.py
[2026-03-04T22:27:05.218+0000] {processor.py:208} INFO - Processing /opt/airflow/dags/utils/ingestion.py took 0.047 seconds
[2026-03-04T22:27:36.100+0000] {processor.py:186} INFO - Started process (PID=423) to work on /opt/airflow/dags/utils/ingestion.py
[2026-03-04T22:27:36.101+0000] {processor.py:914} INFO - Processing file /opt/airflow/dags/utils/ingestion.py for tasks to queue
[2026-03-04T22:27:36.104+0000] {logging_mixin.py:190} INFO - [2026-03-04T22:27:36.103+0000] {dagbag.py:588} INFO - Filling up the DagBag from /opt/airflow/dags/utils/ingestion.py
[2026-03-04T22:27:36.130+0000] {processor.py:927} WARNING - No viable dags retrieved from /opt/airflow/dags/utils/ingestion.py
[2026-03-04T22:27:36.145+0000] {processor.py:208} INFO - Processing /opt/airflow/dags/utils/ingestion.py took 0.050 seconds
[2026-03-04T22:28:09.229+0000] {processor.py:186} INFO - Started process (PID=448) to work on /opt/airflow/dags/utils/ingestion.py
[2026-03-04T22:28:09.230+0000] {processor.py:914} INFO - Processing file /opt/airflow/dags/utils/ingestion.py for tasks to queue
[2026-03-04T22:28:09.232+0000] {logging_mixin.py:190} INFO - [2026-03-04T22:28:09.231+0000] {dagbag.py:588} INFO - Filling up the DagBag from /opt/airflow/dags/utils/ingestion.py
[2026-03-04T22:28:09.252+0000] {processor.py:927} WARNING - No viable dags retrieved from /opt/airflow/dags/utils/ingestion.py
[2026-03-04T22:28:09.268+0000] {processor.py:208} INFO - Processing /opt/airflow/dags/utils/ingestion.py took 0.045 seconds
[2026-03-04T22:28:42.209+0000] {processor.py:186} INFO - Started process (PID=473) to work on /opt/airflow/dags/utils/ingestion.py
[2026-03-04T22:28:42.210+0000] {processor.py:914} INFO - Processing file /opt/airflow/dags/utils/ingestion.py for tasks to queue
[2026-03-04T22:28:42.212+0000] {logging_mixin.py:190} INFO - [2026-03-04T22:28:42.212+0000] {dagbag.py:588} INFO - Filling up the DagBag from /opt/airflow/dags/utils/ingestion.py
[2026-03-04T22:28:42.239+0000] {processor.py:927} WARNING - No viable dags retrieved from /opt/airflow/dags/utils/ingestion.py
[2026-03-04T22:28:42.257+0000] {processor.py:208} INFO - Processing /opt/airflow/dags/utils/ingestion.py took 0.053 seconds
[2026-03-04T22:29:15.358+0000] {processor.py:186} INFO - Started process (PID=498) to work on /opt/airflow/dags/utils/ingestion.py
[2026-03-04T22:29:15.359+0000] {processor.py:914} INFO - Processing file /opt/airflow/dags/utils/ingestion.py for tasks to queue
[2026-03-04T22:29:15.361+0000] {logging_mixin.py:190} INFO - [2026-03-04T22:29:15.360+0000] {dagbag.py:588} INFO - Filling up the DagBag from /opt/airflow/dags/utils/ingestion.py
[2026-03-04T22:29:15.394+0000] {processor.py:927} WARNING - No viable dags retrieved from /opt/airflow/dags/utils/ingestion.py
[2026-03-04T22:29:15.409+0000] {processor.py:208} INFO - Processing /opt/airflow/dags/utils/ingestion.py took 0.057 seconds
[2026-03-04T22:29:38.067+0000] {processor.py:186} INFO - Started process (PID=523) to work on /opt/airflow/dags/utils/ingestion.py
[2026-03-04T22:29:38.068+0000] {processor.py:914} INFO - Processing file /opt/airflow/dags/utils/ingestion.py for tasks to queue
[2026-03-04T22:29:38.071+0000] {logging_mixin.py:190} INFO - [2026-03-04T22:29:38.070+0000] {dagbag.py:588} INFO - Filling up the DagBag from /opt/airflow/dags/utils/ingestion.py
[2026-03-04T22:29:38.128+0000] {processor.py:927} WARNING - No viable dags retrieved from /opt/airflow/dags/utils/ingestion.py
[2026-03-04T22:29:38.146+0000] {processor.py:208} INFO - Processing /opt/airflow/dags/utils/ingestion.py took 0.085 seconds
[2026-03-04T22:29:43.174+0000] {processor.py:186} INFO - Started process (PID=528) to work on /opt/airflow/dags/utils/ingestion.py
[2026-03-04T22:29:43.175+0000] {processor.py:914} INFO - Processing file /opt/airflow/dags/utils/ingestion.py for tasks to queue
[2026-03-04T22:29:43.178+0000] {logging_mixin.py:190} INFO - [2026-03-04T22:29:43.177+0000] {dagbag.py:588} INFO - Filling up the DagBag from /opt/airflow/dags/utils/ingestion.py
[2026-03-04T22:29:43.263+0000] {processor.py:927} WARNING - No viable dags retrieved from /opt/airflow/dags/utils/ingestion.py
[2026-03-04T22:29:43.283+0000] {processor.py:208} INFO - Processing /opt/airflow/dags/utils/ingestion.py took 0.117 seconds
[2026-03-04T22:30:13.351+0000] {processor.py:186} INFO - Started process (PID=553) to work on /opt/airflow/dags/utils/ingestion.py
[2026-03-04T22:30:13.352+0000] {processor.py:914} INFO - Processing file /opt/airflow/dags/utils/ingestion.py for tasks to queue
[2026-03-04T22:30:13.355+0000] {logging_mixin.py:190} INFO - [2026-03-04T22:30:13.354+0000] {dagbag.py:588} INFO - Filling up the DagBag from /opt/airflow/dags/utils/ingestion.py
[2026-03-04T22:30:13.389+0000] {processor.py:927} WARNING - No viable dags retrieved from /opt/airflow/dags/utils/ingestion.py
[2026-03-04T22:30:13.406+0000] {processor.py:208} INFO - Processing /opt/airflow/dags/utils/ingestion.py took 0.060 seconds
[2026-03-04T22:30:44.421+0000] {processor.py:186} INFO - Started process (PID=578) to work on /opt/airflow/dags/utils/ingestion.py
[2026-03-04T22:30:44.422+0000] {processor.py:914} INFO - Processing file /opt/airflow/dags/utils/ingestion.py for tasks to queue
[2026-03-04T22:30:44.424+0000] {logging_mixin.py:190} INFO - [2026-03-04T22:30:44.423+0000] {dagbag.py:588} INFO - Filling up the DagBag from /opt/airflow/dags/utils/ingestion.py
[2026-03-04T22:30:44.453+0000] {processor.py:927} WARNING - No viable dags retrieved from /opt/airflow/dags/utils/ingestion.py
[2026-03-04T22:30:44.469+0000] {processor.py:208} INFO - Processing /opt/airflow/dags/utils/ingestion.py took 0.053 seconds
[2026-03-04T22:31:47.690+0000] {processor.py:186} INFO - Started process (PID=173) to work on /opt/airflow/dags/utils/ingestion.py
[2026-03-04T22:31:47.691+0000] {processor.py:914} INFO - Processing file /opt/airflow/dags/utils/ingestion.py for tasks to queue
[2026-03-04T22:31:47.694+0000] {logging_mixin.py:190} INFO - [2026-03-04T22:31:47.694+0000] {dagbag.py:588} INFO - Filling up the DagBag from /opt/airflow/dags/utils/ingestion.py
[2026-03-04T22:31:49.052+0000] {processor.py:927} WARNING - No viable dags retrieved from /opt/airflow/dags/utils/ingestion.py
[2026-03-04T22:31:49.069+0000] {processor.py:208} INFO - Processing /opt/airflow/dags/utils/ingestion.py took 1.385 seconds
[2026-03-04T22:32:20.011+0000] {processor.py:186} INFO - Started process (PID=200) to work on /opt/airflow/dags/utils/ingestion.py
[2026-03-04T22:32:20.012+0000] {processor.py:914} INFO - Processing file /opt/airflow/dags/utils/ingestion.py for tasks to queue
[2026-03-04T22:32:20.016+0000] {logging_mixin.py:190} INFO - [2026-03-04T22:32:20.015+0000] {dagbag.py:588} INFO - Filling up the DagBag from /opt/airflow/dags/utils/ingestion.py
[2026-03-04T22:32:20.049+0000] {processor.py:927} WARNING - No viable dags retrieved from /opt/airflow/dags/utils/ingestion.py
[2026-03-04T22:32:20.069+0000] {processor.py:208} INFO - Processing /opt/airflow/dags/utils/ingestion.py took 0.065 seconds
[2026-03-04T22:32:50.354+0000] {processor.py:186} INFO - Started process (PID=249) to work on /opt/airflow/dags/utils/ingestion.py
[2026-03-04T22:32:50.356+0000] {processor.py:914} INFO - Processing file /opt/airflow/dags/utils/ingestion.py for tasks to queue
[2026-03-04T22:32:50.359+0000] {logging_mixin.py:190} INFO - [2026-03-04T22:32:50.358+0000] {dagbag.py:588} INFO - Filling up the DagBag from /opt/airflow/dags/utils/ingestion.py
[2026-03-04T22:32:50.398+0000] {processor.py:927} WARNING - No viable dags retrieved from /opt/airflow/dags/utils/ingestion.py
[2026-03-04T22:32:50.415+0000] {processor.py:208} INFO - Processing /opt/airflow/dags/utils/ingestion.py took 0.066 seconds
[2026-03-04T22:33:20.499+0000] {processor.py:186} INFO - Started process (PID=274) to work on /opt/airflow/dags/utils/ingestion.py
[2026-03-04T22:33:20.500+0000] {processor.py:914} INFO - Processing file /opt/airflow/dags/utils/ingestion.py for tasks to queue
[2026-03-04T22:33:20.503+0000] {logging_mixin.py:190} INFO - [2026-03-04T22:33:20.502+0000] {dagbag.py:588} INFO - Filling up the DagBag from /opt/airflow/dags/utils/ingestion.py
[2026-03-04T22:33:20.535+0000] {processor.py:927} WARNING - No viable dags retrieved from /opt/airflow/dags/utils/ingestion.py
[2026-03-04T22:33:20.551+0000] {processor.py:208} INFO - Processing /opt/airflow/dags/utils/ingestion.py took 0.057 seconds
[2026-03-04T22:33:50.730+0000] {processor.py:186} INFO - Started process (PID=299) to work on /opt/airflow/dags/utils/ingestion.py
[2026-03-04T22:33:50.731+0000] {processor.py:914} INFO - Processing file /opt/airflow/dags/utils/ingestion.py for tasks to queue
[2026-03-04T22:33:50.733+0000] {logging_mixin.py:190} INFO - [2026-03-04T22:33:50.733+0000] {dagbag.py:588} INFO - Filling up the DagBag from /opt/airflow/dags/utils/ingestion.py
[2026-03-04T22:33:50.766+0000] {processor.py:927} WARNING - No viable dags retrieved from /opt/airflow/dags/utils/ingestion.py
[2026-03-04T22:33:50.784+0000] {processor.py:208} INFO - Processing /opt/airflow/dags/utils/ingestion.py took 0.059 seconds
[2026-03-04T22:34:20.954+0000] {processor.py:186} INFO - Started process (PID=324) to work on /opt/airflow/dags/utils/ingestion.py
[2026-03-04T22:34:20.955+0000] {processor.py:914} INFO - Processing file /opt/airflow/dags/utils/ingestion.py for tasks to queue
[2026-03-04T22:34:20.957+0000] {logging_mixin.py:190} INFO - [2026-03-04T22:34:20.957+0000] {dagbag.py:588} INFO - Filling up the DagBag from /opt/airflow/dags/utils/ingestion.py
[2026-03-04T22:34:20.987+0000] {processor.py:927} WARNING - No viable dags retrieved from /opt/airflow/dags/utils/ingestion.py
[2026-03-04T22:34:21.004+0000] {processor.py:208} INFO - Processing /opt/airflow/dags/utils/ingestion.py took 0.055 seconds
[2026-03-04T22:34:51.163+0000] {processor.py:186} INFO - Started process (PID=349) to work on /opt/airflow/dags/utils/ingestion.py
[2026-03-04T22:34:51.164+0000] {processor.py:914} INFO - Processing file /opt/airflow/dags/utils/ingestion.py for tasks to queue
[2026-03-04T22:34:51.167+0000] {logging_mixin.py:190} INFO - [2026-03-04T22:34:51.167+0000] {dagbag.py:588} INFO - Filling up the DagBag from /opt/airflow/dags/utils/ingestion.py
[2026-03-04T22:34:51.202+0000] {processor.py:927} WARNING - No viable dags retrieved from /opt/airflow/dags/utils/ingestion.py
[2026-03-04T22:34:51.220+0000] {processor.py:208} INFO - Processing /opt/airflow/dags/utils/ingestion.py took 0.061 seconds
[2026-03-04T22:35:05.824+0000] {processor.py:186} INFO - Started process (PID=374) to work on /opt/airflow/dags/utils/ingestion.py
[2026-03-04T22:35:05.828+0000] {processor.py:914} INFO - Processing file /opt/airflow/dags/utils/ingestion.py for tasks to queue
[2026-03-04T22:35:05.835+0000] {logging_mixin.py:190} INFO - [2026-03-04T22:35:05.834+0000] {dagbag.py:588} INFO - Filling up the DagBag from /opt/airflow/dags/utils/ingestion.py
[2026-03-04T22:35:05.955+0000] {processor.py:927} WARNING - No viable dags retrieved from /opt/airflow/dags/utils/ingestion.py
[2026-03-04T22:35:05.987+0000] {processor.py:208} INFO - Processing /opt/airflow/dags/utils/ingestion.py took 0.173 seconds
[2026-03-04T22:35:08.894+0000] {processor.py:186} INFO - Started process (PID=379) to work on /opt/airflow/dags/utils/ingestion.py
[2026-03-04T22:35:08.896+0000] {processor.py:914} INFO - Processing file /opt/airflow/dags/utils/ingestion.py for tasks to queue
[2026-03-04T22:35:08.899+0000] {logging_mixin.py:190} INFO - [2026-03-04T22:35:08.898+0000] {dagbag.py:588} INFO - Filling up the DagBag from /opt/airflow/dags/utils/ingestion.py
[2026-03-04T22:35:08.979+0000] {processor.py:927} WARNING - No viable dags retrieved from /opt/airflow/dags/utils/ingestion.py
[2026-03-04T22:35:09.003+0000] {processor.py:208} INFO - Processing /opt/airflow/dags/utils/ingestion.py took 0.116 seconds
[2026-03-04T22:35:40.006+0000] {processor.py:186} INFO - Started process (PID=404) to work on /opt/airflow/dags/utils/ingestion.py
[2026-03-04T22:35:40.007+0000] {processor.py:914} INFO - Processing file /opt/airflow/dags/utils/ingestion.py for tasks to queue
[2026-03-04T22:35:40.009+0000] {logging_mixin.py:190} INFO - [2026-03-04T22:35:40.009+0000] {dagbag.py:588} INFO - Filling up the DagBag from /opt/airflow/dags/utils/ingestion.py
[2026-03-04T22:35:40.040+0000] {processor.py:927} WARNING - No viable dags retrieved from /opt/airflow/dags/utils/ingestion.py
[2026-03-04T22:35:40.055+0000] {processor.py:208} INFO - Processing /opt/airflow/dags/utils/ingestion.py took 0.053 seconds
[2026-03-04T22:36:12.743+0000] {processor.py:186} INFO - Started process (PID=429) to work on /opt/airflow/dags/utils/ingestion.py
[2026-03-04T22:36:12.745+0000] {processor.py:914} INFO - Processing file /opt/airflow/dags/utils/ingestion.py for tasks to queue
[2026-03-04T22:36:12.747+0000] {logging_mixin.py:190} INFO - [2026-03-04T22:36:12.746+0000] {dagbag.py:588} INFO - Filling up the DagBag from /opt/airflow/dags/utils/ingestion.py
[2026-03-04T22:36:12.778+0000] {processor.py:927} WARNING - No viable dags retrieved from /opt/airflow/dags/utils/ingestion.py
[2026-03-04T22:36:12.795+0000] {processor.py:208} INFO - Processing /opt/airflow/dags/utils/ingestion.py took 0.056 seconds
[2026-03-04T22:36:43.111+0000] {processor.py:186} INFO - Started process (PID=454) to work on /opt/airflow/dags/utils/ingestion.py
[2026-03-04T22:36:43.113+0000] {processor.py:914} INFO - Processing file /opt/airflow/dags/utils/ingestion.py for tasks to queue
[2026-03-04T22:36:43.115+0000] {logging_mixin.py:190} INFO - [2026-03-04T22:36:43.115+0000] {dagbag.py:588} INFO - Filling up the DagBag from /opt/airflow/dags/utils/ingestion.py
[2026-03-04T22:36:43.147+0000] {processor.py:927} WARNING - No viable dags retrieved from /opt/airflow/dags/utils/ingestion.py
[2026-03-04T22:36:43.166+0000] {processor.py:208} INFO - Processing /opt/airflow/dags/utils/ingestion.py took 0.061 seconds
[2026-03-04T22:37:13.429+0000] {processor.py:186} INFO - Started process (PID=479) to work on /opt/airflow/dags/utils/ingestion.py
[2026-03-04T22:37:13.430+0000] {processor.py:914} INFO - Processing file /opt/airflow/dags/utils/ingestion.py for tasks to queue
[2026-03-04T22:37:13.433+0000] {logging_mixin.py:190} INFO - [2026-03-04T22:37:13.432+0000] {dagbag.py:588} INFO - Filling up the DagBag from /opt/airflow/dags/utils/ingestion.py
[2026-03-04T22:37:13.472+0000] {processor.py:927} WARNING - No viable dags retrieved from /opt/airflow/dags/utils/ingestion.py
[2026-03-04T22:37:13.491+0000] {processor.py:208} INFO - Processing /opt/airflow/dags/utils/ingestion.py took 0.067 seconds
[2026-03-04T22:37:43.854+0000] {processor.py:186} INFO - Started process (PID=504) to work on /opt/airflow/dags/utils/ingestion.py
[2026-03-04T22:37:43.855+0000] {processor.py:914} INFO - Processing file /opt/airflow/dags/utils/ingestion.py for tasks to queue
[2026-03-04T22:37:43.857+0000] {logging_mixin.py:190} INFO - [2026-03-04T22:37:43.857+0000] {dagbag.py:588} INFO - Filling up the DagBag from /opt/airflow/dags/utils/ingestion.py
[2026-03-04T22:37:43.895+0000] {processor.py:927} WARNING - No viable dags retrieved from /opt/airflow/dags/utils/ingestion.py
[2026-03-04T22:37:43.913+0000] {processor.py:208} INFO - Processing /opt/airflow/dags/utils/ingestion.py took 0.064 seconds
[2026-03-04T22:38:14.813+0000] {processor.py:186} INFO - Started process (PID=533) to work on /opt/airflow/dags/utils/ingestion.py
[2026-03-04T22:38:14.814+0000] {processor.py:914} INFO - Processing file /opt/airflow/dags/utils/ingestion.py for tasks to queue
[2026-03-04T22:38:14.817+0000] {logging_mixin.py:190} INFO - [2026-03-04T22:38:14.817+0000] {dagbag.py:588} INFO - Filling up the DagBag from /opt/airflow/dags/utils/ingestion.py
[2026-03-04T22:38:14.852+0000] {processor.py:927} WARNING - No viable dags retrieved from /opt/airflow/dags/utils/ingestion.py
[2026-03-04T22:38:14.870+0000] {processor.py:208} INFO - Processing /opt/airflow/dags/utils/ingestion.py took 0.062 seconds
[2026-03-04T22:38:45.032+0000] {processor.py:186} INFO - Started process (PID=582) to work on /opt/airflow/dags/utils/ingestion.py
[2026-03-04T22:38:45.033+0000] {processor.py:914} INFO - Processing file /opt/airflow/dags/utils/ingestion.py for tasks to queue
[2026-03-04T22:38:45.036+0000] {logging_mixin.py:190} INFO - [2026-03-04T22:38:45.035+0000] {dagbag.py:588} INFO - Filling up the DagBag from /opt/airflow/dags/utils/ingestion.py
[2026-03-04T22:38:45.076+0000] {processor.py:927} WARNING - No viable dags retrieved from /opt/airflow/dags/utils/ingestion.py
[2026-03-04T22:38:45.098+0000] {processor.py:208} INFO - Processing /opt/airflow/dags/utils/ingestion.py took 0.072 seconds
[2026-03-04T22:39:15.578+0000] {processor.py:186} INFO - Started process (PID=607) to work on /opt/airflow/dags/utils/ingestion.py
[2026-03-04T22:39:15.579+0000] {processor.py:914} INFO - Processing file /opt/airflow/dags/utils/ingestion.py for tasks to queue
[2026-03-04T22:39:15.582+0000] {logging_mixin.py:190} INFO - [2026-03-04T22:39:15.581+0000] {dagbag.py:588} INFO - Filling up the DagBag from /opt/airflow/dags/utils/ingestion.py
[2026-03-04T22:39:15.613+0000] {processor.py:927} WARNING - No viable dags retrieved from /opt/airflow/dags/utils/ingestion.py
[2026-03-04T22:39:15.630+0000] {processor.py:208} INFO - Processing /opt/airflow/dags/utils/ingestion.py took 0.058 seconds
[2026-03-04T22:39:48.811+0000] {processor.py:186} INFO - Started process (PID=632) to work on /opt/airflow/dags/utils/ingestion.py
[2026-03-04T22:39:48.813+0000] {processor.py:914} INFO - Processing file /opt/airflow/dags/utils/ingestion.py for tasks to queue
[2026-03-04T22:39:48.815+0000] {logging_mixin.py:190} INFO - [2026-03-04T22:39:48.815+0000] {dagbag.py:588} INFO - Filling up the DagBag from /opt/airflow/dags/utils/ingestion.py
[2026-03-04T22:39:48.850+0000] {processor.py:927} WARNING - No viable dags retrieved from /opt/airflow/dags/utils/ingestion.py
[2026-03-04T22:39:48.867+0000] {processor.py:208} INFO - Processing /opt/airflow/dags/utils/ingestion.py took 0.062 seconds
[2026-03-04T22:40:21.911+0000] {processor.py:186} INFO - Started process (PID=657) to work on /opt/airflow/dags/utils/ingestion.py
[2026-03-04T22:40:21.912+0000] {processor.py:914} INFO - Processing file /opt/airflow/dags/utils/ingestion.py for tasks to queue
[2026-03-04T22:40:21.915+0000] {logging_mixin.py:190} INFO - [2026-03-04T22:40:21.914+0000] {dagbag.py:588} INFO - Filling up the DagBag from /opt/airflow/dags/utils/ingestion.py
[2026-03-04T22:40:21.945+0000] {processor.py:927} WARNING - No viable dags retrieved from /opt/airflow/dags/utils/ingestion.py
[2026-03-04T22:40:21.962+0000] {processor.py:208} INFO - Processing /opt/airflow/dags/utils/ingestion.py took 0.055 seconds
[2026-03-04T22:40:28.149+0000] {processor.py:186} INFO - Started process (PID=667) to work on /opt/airflow/dags/utils/ingestion.py
[2026-03-04T22:40:28.150+0000] {processor.py:914} INFO - Processing file /opt/airflow/dags/utils/ingestion.py for tasks to queue
[2026-03-04T22:40:28.153+0000] {logging_mixin.py:190} INFO - [2026-03-04T22:40:28.152+0000] {dagbag.py:588} INFO - Filling up the DagBag from /opt/airflow/dags/utils/ingestion.py
[2026-03-04T22:40:28.237+0000] {processor.py:927} WARNING - No viable dags retrieved from /opt/airflow/dags/utils/ingestion.py
[2026-03-04T22:40:28.263+0000] {processor.py:208} INFO - Processing /opt/airflow/dags/utils/ingestion.py took 0.120 seconds
[2026-03-04T22:40:34.842+0000] {processor.py:186} INFO - Started process (PID=687) to work on /opt/airflow/dags/utils/ingestion.py
[2026-03-04T22:40:34.843+0000] {processor.py:914} INFO - Processing file /opt/airflow/dags/utils/ingestion.py for tasks to queue
[2026-03-04T22:40:34.845+0000] {logging_mixin.py:190} INFO - [2026-03-04T22:40:34.845+0000] {dagbag.py:588} INFO - Filling up the DagBag from /opt/airflow/dags/utils/ingestion.py
[2026-03-04T22:40:34.904+0000] {processor.py:927} WARNING - No viable dags retrieved from /opt/airflow/dags/utils/ingestion.py
[2026-03-04T22:40:34.923+0000] {processor.py:208} INFO - Processing /opt/airflow/dags/utils/ingestion.py took 0.085 seconds
[2026-03-04T22:41:05.495+0000] {processor.py:186} INFO - Started process (PID=712) to work on /opt/airflow/dags/utils/ingestion.py
[2026-03-04T22:41:05.496+0000] {processor.py:914} INFO - Processing file /opt/airflow/dags/utils/ingestion.py for tasks to queue
[2026-03-04T22:41:05.498+0000] {logging_mixin.py:190} INFO - [2026-03-04T22:41:05.498+0000] {dagbag.py:588} INFO - Filling up the DagBag from /opt/airflow/dags/utils/ingestion.py
[2026-03-04T22:41:05.533+0000] {processor.py:927} WARNING - No viable dags retrieved from /opt/airflow/dags/utils/ingestion.py
[2026-03-04T22:41:05.551+0000] {processor.py:208} INFO - Processing /opt/airflow/dags/utils/ingestion.py took 0.061 seconds
[2026-03-04T22:41:35.655+0000] {processor.py:186} INFO - Started process (PID=737) to work on /opt/airflow/dags/utils/ingestion.py
[2026-03-04T22:41:35.656+0000] {processor.py:914} INFO - Processing file /opt/airflow/dags/utils/ingestion.py for tasks to queue
[2026-03-04T22:41:35.659+0000] {logging_mixin.py:190} INFO - [2026-03-04T22:41:35.658+0000] {dagbag.py:588} INFO - Filling up the DagBag from /opt/airflow/dags/utils/ingestion.py
[2026-03-04T22:41:35.691+0000] {processor.py:927} WARNING - No viable dags retrieved from /opt/airflow/dags/utils/ingestion.py
[2026-03-04T22:41:35.708+0000] {processor.py:208} INFO - Processing /opt/airflow/dags/utils/ingestion.py took 0.058 seconds
[2026-03-04T22:42:05.983+0000] {processor.py:186} INFO - Started process (PID=762) to work on /opt/airflow/dags/utils/ingestion.py
[2026-03-04T22:42:05.984+0000] {processor.py:914} INFO - Processing file /opt/airflow/dags/utils/ingestion.py for tasks to queue
[2026-03-04T22:42:05.986+0000] {logging_mixin.py:190} INFO - [2026-03-04T22:42:05.986+0000] {dagbag.py:588} INFO - Filling up the DagBag from /opt/airflow/dags/utils/ingestion.py
[2026-03-04T22:42:06.016+0000] {processor.py:927} WARNING - No viable dags retrieved from /opt/airflow/dags/utils/ingestion.py
[2026-03-04T22:42:06.034+0000] {processor.py:208} INFO - Processing /opt/airflow/dags/utils/ingestion.py took 0.056 seconds
[2026-03-04T22:42:36.142+0000] {processor.py:186} INFO - Started process (PID=787) to work on /opt/airflow/dags/utils/ingestion.py
[2026-03-04T22:42:36.143+0000] {processor.py:914} INFO - Processing file /opt/airflow/dags/utils/ingestion.py for tasks to queue
[2026-03-04T22:42:36.146+0000] {logging_mixin.py:190} INFO - [2026-03-04T22:42:36.146+0000] {dagbag.py:588} INFO - Filling up the DagBag from /opt/airflow/dags/utils/ingestion.py
[2026-03-04T22:42:36.180+0000] {processor.py:927} WARNING - No viable dags retrieved from /opt/airflow/dags/utils/ingestion.py
[2026-03-04T22:42:36.197+0000] {processor.py:208} INFO - Processing /opt/airflow/dags/utils/ingestion.py took 0.061 seconds
[2026-03-04T22:43:08.906+0000] {processor.py:186} INFO - Started process (PID=792) to work on /opt/airflow/dags/utils/ingestion.py
[2026-03-04T22:43:08.907+0000] {processor.py:914} INFO - Processing file /opt/airflow/dags/utils/ingestion.py for tasks to queue
[2026-03-04T22:43:08.909+0000] {logging_mixin.py:190} INFO - [2026-03-04T22:43:08.909+0000] {dagbag.py:588} INFO - Filling up the DagBag from /opt/airflow/dags/utils/ingestion.py
[2026-03-04T22:43:08.939+0000] {processor.py:927} WARNING - No viable dags retrieved from /opt/airflow/dags/utils/ingestion.py
[2026-03-04T22:43:08.959+0000] {processor.py:208} INFO - Processing /opt/airflow/dags/utils/ingestion.py took 0.058 seconds
[2026-03-04T22:43:42.088+0000] {processor.py:186} INFO - Started process (PID=817) to work on /opt/airflow/dags/utils/ingestion.py
[2026-03-04T22:43:42.089+0000] {processor.py:914} INFO - Processing file /opt/airflow/dags/utils/ingestion.py for tasks to queue
[2026-03-04T22:43:42.091+0000] {logging_mixin.py:190} INFO - [2026-03-04T22:43:42.090+0000] {dagbag.py:588} INFO - Filling up the DagBag from /opt/airflow/dags/utils/ingestion.py
[2026-03-04T22:43:42.127+0000] {processor.py:927} WARNING - No viable dags retrieved from /opt/airflow/dags/utils/ingestion.py
[2026-03-04T22:43:42.145+0000] {processor.py:208} INFO - Processing /opt/airflow/dags/utils/ingestion.py took 0.062 seconds
[2026-03-04T22:44:15.275+0000] {processor.py:186} INFO - Started process (PID=862) to work on /opt/airflow/dags/utils/ingestion.py
[2026-03-04T22:44:15.276+0000] {processor.py:914} INFO - Processing file /opt/airflow/dags/utils/ingestion.py for tasks to queue
[2026-03-04T22:44:15.279+0000] {logging_mixin.py:190} INFO - [2026-03-04T22:44:15.279+0000] {dagbag.py:588} INFO - Filling up the DagBag from /opt/airflow/dags/utils/ingestion.py
[2026-03-04T22:44:15.324+0000] {processor.py:927} WARNING - No viable dags retrieved from /opt/airflow/dags/utils/ingestion.py
[2026-03-04T22:44:15.350+0000] {processor.py:208} INFO - Processing /opt/airflow/dags/utils/ingestion.py took 0.084 seconds
[2026-03-04T22:44:48.565+0000] {processor.py:186} INFO - Started process (PID=891) to work on /opt/airflow/dags/utils/ingestion.py
[2026-03-04T22:44:48.567+0000] {processor.py:914} INFO - Processing file /opt/airflow/dags/utils/ingestion.py for tasks to queue
[2026-03-04T22:44:48.569+0000] {logging_mixin.py:190} INFO - [2026-03-04T22:44:48.569+0000] {dagbag.py:588} INFO - Filling up the DagBag from /opt/airflow/dags/utils/ingestion.py
[2026-03-04T22:44:48.603+0000] {processor.py:927} WARNING - No viable dags retrieved from /opt/airflow/dags/utils/ingestion.py
[2026-03-04T22:44:48.619+0000] {processor.py:208} INFO - Processing /opt/airflow/dags/utils/ingestion.py took 0.059 seconds
[2026-03-04T22:45:22.804+0000] {processor.py:186} INFO - Started process (PID=980) to work on /opt/airflow/dags/utils/ingestion.py
[2026-03-04T22:45:22.805+0000] {processor.py:914} INFO - Processing file /opt/airflow/dags/utils/ingestion.py for tasks to queue
[2026-03-04T22:45:22.807+0000] {logging_mixin.py:190} INFO - [2026-03-04T22:45:22.807+0000] {dagbag.py:588} INFO - Filling up the DagBag from /opt/airflow/dags/utils/ingestion.py
[2026-03-04T22:45:22.842+0000] {processor.py:927} WARNING - No viable dags retrieved from /opt/airflow/dags/utils/ingestion.py
[2026-03-04T22:45:22.863+0000] {processor.py:208} INFO - Processing /opt/airflow/dags/utils/ingestion.py took 0.065 seconds
[2026-03-04T22:45:56.036+0000] {processor.py:186} INFO - Started process (PID=1005) to work on /opt/airflow/dags/utils/ingestion.py
[2026-03-04T22:45:56.037+0000] {processor.py:914} INFO - Processing file /opt/airflow/dags/utils/ingestion.py for tasks to queue
[2026-03-04T22:45:56.039+0000] {logging_mixin.py:190} INFO - [2026-03-04T22:45:56.039+0000] {dagbag.py:588} INFO - Filling up the DagBag from /opt/airflow/dags/utils/ingestion.py
[2026-03-04T22:45:56.071+0000] {processor.py:927} WARNING - No viable dags retrieved from /opt/airflow/dags/utils/ingestion.py
[2026-03-04T22:45:56.088+0000] {processor.py:208} INFO - Processing /opt/airflow/dags/utils/ingestion.py took 0.059 seconds
[2026-03-04T22:46:29.279+0000] {processor.py:186} INFO - Started process (PID=1030) to work on /opt/airflow/dags/utils/ingestion.py
[2026-03-04T22:46:29.281+0000] {processor.py:914} INFO - Processing file /opt/airflow/dags/utils/ingestion.py for tasks to queue
[2026-03-04T22:46:29.284+0000] {logging_mixin.py:190} INFO - [2026-03-04T22:46:29.284+0000] {dagbag.py:588} INFO - Filling up the DagBag from /opt/airflow/dags/utils/ingestion.py
[2026-03-04T22:46:29.333+0000] {processor.py:927} WARNING - No viable dags retrieved from /opt/airflow/dags/utils/ingestion.py
[2026-03-04T22:46:29.360+0000] {processor.py:208} INFO - Processing /opt/airflow/dags/utils/ingestion.py took 0.088 seconds
[2026-03-04T22:47:02.864+0000] {processor.py:186} INFO - Started process (PID=1055) to work on /opt/airflow/dags/utils/ingestion.py
[2026-03-04T22:47:02.865+0000] {processor.py:914} INFO - Processing file /opt/airflow/dags/utils/ingestion.py for tasks to queue
[2026-03-04T22:47:02.868+0000] {logging_mixin.py:190} INFO - [2026-03-04T22:47:02.867+0000] {dagbag.py:588} INFO - Filling up the DagBag from /opt/airflow/dags/utils/ingestion.py
[2026-03-04T22:47:02.909+0000] {processor.py:927} WARNING - No viable dags retrieved from /opt/airflow/dags/utils/ingestion.py
[2026-03-04T22:47:02.930+0000] {processor.py:208} INFO - Processing /opt/airflow/dags/utils/ingestion.py took 0.075 seconds
[2026-03-04T22:47:36.068+0000] {processor.py:186} INFO - Started process (PID=1080) to work on /opt/airflow/dags/utils/ingestion.py
[2026-03-04T22:47:36.069+0000] {processor.py:914} INFO - Processing file /opt/airflow/dags/utils/ingestion.py for tasks to queue
[2026-03-04T22:47:36.071+0000] {logging_mixin.py:190} INFO - [2026-03-04T22:47:36.071+0000] {dagbag.py:588} INFO - Filling up the DagBag from /opt/airflow/dags/utils/ingestion.py
[2026-03-04T22:47:36.104+0000] {processor.py:927} WARNING - No viable dags retrieved from /opt/airflow/dags/utils/ingestion.py
[2026-03-04T22:47:36.123+0000] {processor.py:208} INFO - Processing /opt/airflow/dags/utils/ingestion.py took 0.060 seconds
[2026-03-04T22:48:09.227+0000] {processor.py:186} INFO - Started process (PID=1105) to work on /opt/airflow/dags/utils/ingestion.py
[2026-03-04T22:48:09.228+0000] {processor.py:914} INFO - Processing file /opt/airflow/dags/utils/ingestion.py for tasks to queue
[2026-03-04T22:48:09.230+0000] {logging_mixin.py:190} INFO - [2026-03-04T22:48:09.230+0000] {dagbag.py:588} INFO - Filling up the DagBag from /opt/airflow/dags/utils/ingestion.py
[2026-03-04T22:48:09.258+0000] {processor.py:927} WARNING - No viable dags retrieved from /opt/airflow/dags/utils/ingestion.py
[2026-03-04T22:48:09.275+0000] {processor.py:208} INFO - Processing /opt/airflow/dags/utils/ingestion.py took 0.052 seconds
[2026-03-04T22:48:42.352+0000] {processor.py:186} INFO - Started process (PID=1130) to work on /opt/airflow/dags/utils/ingestion.py
[2026-03-04T22:48:42.353+0000] {processor.py:914} INFO - Processing file /opt/airflow/dags/utils/ingestion.py for tasks to queue
[2026-03-04T22:48:42.355+0000] {logging_mixin.py:190} INFO - [2026-03-04T22:48:42.354+0000] {dagbag.py:588} INFO - Filling up the DagBag from /opt/airflow/dags/utils/ingestion.py
[2026-03-04T22:48:42.385+0000] {processor.py:927} WARNING - No viable dags retrieved from /opt/airflow/dags/utils/ingestion.py
[2026-03-04T22:48:42.401+0000] {processor.py:208} INFO - Processing /opt/airflow/dags/utils/ingestion.py took 0.054 seconds
[2026-03-04T22:49:15.531+0000] {processor.py:186} INFO - Started process (PID=1155) to work on /opt/airflow/dags/utils/ingestion.py
[2026-03-04T22:49:15.532+0000] {processor.py:914} INFO - Processing file /opt/airflow/dags/utils/ingestion.py for tasks to queue
[2026-03-04T22:49:15.534+0000] {logging_mixin.py:190} INFO - [2026-03-04T22:49:15.534+0000] {dagbag.py:588} INFO - Filling up the DagBag from /opt/airflow/dags/utils/ingestion.py
[2026-03-04T22:49:15.565+0000] {processor.py:927} WARNING - No viable dags retrieved from /opt/airflow/dags/utils/ingestion.py
[2026-03-04T22:49:15.582+0000] {processor.py:208} INFO - Processing /opt/airflow/dags/utils/ingestion.py took 0.056 seconds
[2026-03-04T22:49:48.711+0000] {processor.py:186} INFO - Started process (PID=1180) to work on /opt/airflow/dags/utils/ingestion.py
[2026-03-04T22:49:48.712+0000] {processor.py:914} INFO - Processing file /opt/airflow/dags/utils/ingestion.py for tasks to queue
[2026-03-04T22:49:48.714+0000] {logging_mixin.py:190} INFO - [2026-03-04T22:49:48.714+0000] {dagbag.py:588} INFO - Filling up the DagBag from /opt/airflow/dags/utils/ingestion.py
[2026-03-04T22:49:48.747+0000] {processor.py:927} WARNING - No viable dags retrieved from /opt/airflow/dags/utils/ingestion.py
[2026-03-04T22:49:48.766+0000] {processor.py:208} INFO - Processing /opt/airflow/dags/utils/ingestion.py took 0.060 seconds
[2026-03-04T22:50:22.073+0000] {processor.py:186} INFO - Started process (PID=1205) to work on /opt/airflow/dags/utils/ingestion.py
[2026-03-04T22:50:22.074+0000] {processor.py:914} INFO - Processing file /opt/airflow/dags/utils/ingestion.py for tasks to queue
[2026-03-04T22:50:22.077+0000] {logging_mixin.py:190} INFO - [2026-03-04T22:50:22.076+0000] {dagbag.py:588} INFO - Filling up the DagBag from /opt/airflow/dags/utils/ingestion.py
[2026-03-04T22:50:22.107+0000] {processor.py:927} WARNING - No viable dags retrieved from /opt/airflow/dags/utils/ingestion.py
[2026-03-04T22:50:22.125+0000] {processor.py:208} INFO - Processing /opt/airflow/dags/utils/ingestion.py took 0.057 seconds
[2026-03-04T22:50:55.282+0000] {processor.py:186} INFO - Started process (PID=1230) to work on /opt/airflow/dags/utils/ingestion.py
[2026-03-04T22:50:55.283+0000] {processor.py:914} INFO - Processing file /opt/airflow/dags/utils/ingestion.py for tasks to queue
[2026-03-04T22:50:55.286+0000] {logging_mixin.py:190} INFO - [2026-03-04T22:50:55.285+0000] {dagbag.py:588} INFO - Filling up the DagBag from /opt/airflow/dags/utils/ingestion.py
[2026-03-04T22:50:55.327+0000] {processor.py:927} WARNING - No viable dags retrieved from /opt/airflow/dags/utils/ingestion.py
[2026-03-04T22:50:55.346+0000] {processor.py:208} INFO - Processing /opt/airflow/dags/utils/ingestion.py took 0.070 seconds
[2026-03-04T22:51:25.515+0000] {processor.py:186} INFO - Started process (PID=1255) to work on /opt/airflow/dags/utils/ingestion.py
[2026-03-04T22:51:25.517+0000] {processor.py:914} INFO - Processing file /opt/airflow/dags/utils/ingestion.py for tasks to queue
[2026-03-04T22:51:25.519+0000] {logging_mixin.py:190} INFO - [2026-03-04T22:51:25.519+0000] {dagbag.py:588} INFO - Filling up the DagBag from /opt/airflow/dags/utils/ingestion.py
[2026-03-04T22:51:28.637+0000] {processor.py:927} WARNING - No viable dags retrieved from /opt/airflow/dags/utils/ingestion.py
[2026-03-04T22:51:28.660+0000] {processor.py:208} INFO - Processing /opt/airflow/dags/utils/ingestion.py took 0.080 seconds
[2026-03-04T22:52:02.123+0000] {processor.py:186} INFO - Started process (PID=1280) to work on /opt/airflow/dags/utils/ingestion.py
[2026-03-04T22:52:02.124+0000] {processor.py:914} INFO - Processing file /opt/airflow/dags/utils/ingestion.py for tasks to queue
[2026-03-04T22:52:02.126+0000] {logging_mixin.py:190} INFO - [2026-03-04T22:52:02.126+0000] {dagbag.py:588} INFO - Filling up the DagBag from /opt/airflow/dags/utils/ingestion.py
[2026-03-04T22:52:02.152+0000] {processor.py:927} WARNING - No viable dags retrieved from /opt/airflow/dags/utils/ingestion.py
[2026-03-04T22:52:02.169+0000] {processor.py:208} INFO - Processing /opt/airflow/dags/utils/ingestion.py took 0.051 seconds
[2026-03-04T22:52:35.322+0000] {processor.py:186} INFO - Started process (PID=1305) to work on /opt/airflow/dags/utils/ingestion.py
[2026-03-04T22:52:35.323+0000] {processor.py:914} INFO - Processing file /opt/airflow/dags/utils/ingestion.py for tasks to queue
[2026-03-04T22:52:35.326+0000] {logging_mixin.py:190} INFO - [2026-03-04T22:52:35.325+0000] {dagbag.py:588} INFO - Filling up the DagBag from /opt/airflow/dags/utils/ingestion.py
[2026-03-04T22:52:35.369+0000] {processor.py:927} WARNING - No viable dags retrieved from /opt/airflow/dags/utils/ingestion.py
[2026-03-04T22:52:35.388+0000] {processor.py:208} INFO - Processing /opt/airflow/dags/utils/ingestion.py took 0.072 seconds
[2026-03-04T22:53:05.499+0000] {processor.py:186} INFO - Started process (PID=1330) to work on /opt/airflow/dags/utils/ingestion.py
[2026-03-04T22:53:05.500+0000] {processor.py:914} INFO - Processing file /opt/airflow/dags/utils/ingestion.py for tasks to queue
[2026-03-04T22:53:05.502+0000] {logging_mixin.py:190} INFO - [2026-03-04T22:53:05.502+0000] {dagbag.py:588} INFO - Filling up the DagBag from /opt/airflow/dags/utils/ingestion.py
[2026-03-04T22:53:08.661+0000] {processor.py:927} WARNING - No viable dags retrieved from /opt/airflow/dags/utils/ingestion.py
[2026-03-04T22:53:08.683+0000] {processor.py:208} INFO - Processing /opt/airflow/dags/utils/ingestion.py took 0.114 seconds
[2026-03-04T22:53:42.861+0000] {processor.py:186} INFO - Started process (PID=1355) to work on /opt/airflow/dags/utils/ingestion.py
[2026-03-04T22:53:42.862+0000] {processor.py:914} INFO - Processing file /opt/airflow/dags/utils/ingestion.py for tasks to queue
[2026-03-04T22:53:42.864+0000] {logging_mixin.py:190} INFO - [2026-03-04T22:53:42.864+0000] {dagbag.py:588} INFO - Filling up the DagBag from /opt/airflow/dags/utils/ingestion.py
[2026-03-04T22:53:42.896+0000] {processor.py:927} WARNING - No viable dags retrieved from /opt/airflow/dags/utils/ingestion.py
[2026-03-04T22:53:42.914+0000] {processor.py:208} INFO - Processing /opt/airflow/dags/utils/ingestion.py took 0.060 seconds
[2026-03-04T22:54:16.057+0000] {processor.py:186} INFO - Started process (PID=1380) to work on /opt/airflow/dags/utils/ingestion.py
[2026-03-04T22:54:16.060+0000] {processor.py:914} INFO - Processing file /opt/airflow/dags/utils/ingestion.py for tasks to queue
[2026-03-04T22:54:16.065+0000] {logging_mixin.py:190} INFO - [2026-03-04T22:54:16.065+0000] {dagbag.py:588} INFO - Filling up the DagBag from /opt/airflow/dags/utils/ingestion.py
[2026-03-04T22:54:16.104+0000] {processor.py:927} WARNING - No viable dags retrieved from /opt/airflow/dags/utils/ingestion.py
[2026-03-04T22:54:16.131+0000] {processor.py:208} INFO - Processing /opt/airflow/dags/utils/ingestion.py took 0.081 seconds
[2026-03-04T22:54:49.364+0000] {processor.py:186} INFO - Started process (PID=1405) to work on /opt/airflow/dags/utils/ingestion.py
[2026-03-04T22:54:49.365+0000] {processor.py:914} INFO - Processing file /opt/airflow/dags/utils/ingestion.py for tasks to queue
[2026-03-04T22:54:49.368+0000] {logging_mixin.py:190} INFO - [2026-03-04T22:54:49.367+0000] {dagbag.py:588} INFO - Filling up the DagBag from /opt/airflow/dags/utils/ingestion.py
[2026-03-04T22:54:49.409+0000] {processor.py:927} WARNING - No viable dags retrieved from /opt/airflow/dags/utils/ingestion.py
[2026-03-04T22:54:49.442+0000] {processor.py:208} INFO - Processing /opt/airflow/dags/utils/ingestion.py took 0.086 seconds
[2026-03-04T22:55:22.668+0000] {processor.py:186} INFO - Started process (PID=1430) to work on /opt/airflow/dags/utils/ingestion.py
[2026-03-04T22:55:22.670+0000] {processor.py:914} INFO - Processing file /opt/airflow/dags/utils/ingestion.py for tasks to queue
[2026-03-04T22:55:22.673+0000] {logging_mixin.py:190} INFO - [2026-03-04T22:55:22.672+0000] {dagbag.py:588} INFO - Filling up the DagBag from /opt/airflow/dags/utils/ingestion.py
[2026-03-04T22:55:22.715+0000] {processor.py:927} WARNING - No viable dags retrieved from /opt/airflow/dags/utils/ingestion.py
[2026-03-04T22:55:22.738+0000] {processor.py:208} INFO - Processing /opt/airflow/dags/utils/ingestion.py took 0.075 seconds
[2026-03-04T22:55:55.901+0000] {processor.py:186} INFO - Started process (PID=1455) to work on /opt/airflow/dags/utils/ingestion.py
[2026-03-04T22:55:55.902+0000] {processor.py:914} INFO - Processing file /opt/airflow/dags/utils/ingestion.py for tasks to queue
[2026-03-04T22:55:55.905+0000] {logging_mixin.py:190} INFO - [2026-03-04T22:55:55.904+0000] {dagbag.py:588} INFO - Filling up the DagBag from /opt/airflow/dags/utils/ingestion.py
[2026-03-04T22:55:55.936+0000] {processor.py:927} WARNING - No viable dags retrieved from /opt/airflow/dags/utils/ingestion.py
[2026-03-04T22:55:55.956+0000] {processor.py:208} INFO - Processing /opt/airflow/dags/utils/ingestion.py took 0.062 seconds
[2026-03-04T22:56:29.032+0000] {processor.py:186} INFO - Started process (PID=1480) to work on /opt/airflow/dags/utils/ingestion.py
[2026-03-04T22:56:29.033+0000] {processor.py:914} INFO - Processing file /opt/airflow/dags/utils/ingestion.py for tasks to queue
[2026-03-04T22:56:29.036+0000] {logging_mixin.py:190} INFO - [2026-03-04T22:56:29.035+0000] {dagbag.py:588} INFO - Filling up the DagBag from /opt/airflow/dags/utils/ingestion.py
[2026-03-04T22:56:29.065+0000] {processor.py:927} WARNING - No viable dags retrieved from /opt/airflow/dags/utils/ingestion.py
[2026-03-04T22:56:29.082+0000] {processor.py:208} INFO - Processing /opt/airflow/dags/utils/ingestion.py took 0.055 seconds
[2026-03-04T22:57:03.314+0000] {processor.py:186} INFO - Started process (PID=1505) to work on /opt/airflow/dags/utils/ingestion.py
[2026-03-04T22:57:03.323+0000] {processor.py:914} INFO - Processing file /opt/airflow/dags/utils/ingestion.py for tasks to queue
[2026-03-04T22:57:03.346+0000] {logging_mixin.py:190} INFO - [2026-03-04T22:57:03.343+0000] {dagbag.py:588} INFO - Filling up the DagBag from /opt/airflow/dags/utils/ingestion.py
[2026-03-04T22:57:03.722+0000] {processor.py:927} WARNING - No viable dags retrieved from /opt/airflow/dags/utils/ingestion.py
[2026-03-04T22:57:03.942+0000] {processor.py:208} INFO - Processing /opt/airflow/dags/utils/ingestion.py took 0.706 seconds
[2026-03-04T22:57:36.217+0000] {processor.py:186} INFO - Started process (PID=1530) to work on /opt/airflow/dags/utils/ingestion.py
[2026-03-04T22:57:36.220+0000] {processor.py:914} INFO - Processing file /opt/airflow/dags/utils/ingestion.py for tasks to queue
[2026-03-04T22:57:36.227+0000] {logging_mixin.py:190} INFO - [2026-03-04T22:57:36.226+0000] {dagbag.py:588} INFO - Filling up the DagBag from /opt/airflow/dags/utils/ingestion.py
[2026-03-04T22:57:36.332+0000] {processor.py:927} WARNING - No viable dags retrieved from /opt/airflow/dags/utils/ingestion.py
[2026-03-04T22:57:36.386+0000] {processor.py:208} INFO - Processing /opt/airflow/dags/utils/ingestion.py took 0.184 seconds
[2026-03-04T23:07:57.424+0000] {processor.py:186} INFO - Started process (PID=1555) to work on /opt/airflow/dags/utils/ingestion.py
[2026-03-04T23:07:57.427+0000] {processor.py:914} INFO - Processing file /opt/airflow/dags/utils/ingestion.py for tasks to queue
[2026-03-04T23:07:57.434+0000] {logging_mixin.py:190} INFO - [2026-03-04T23:07:57.433+0000] {dagbag.py:588} INFO - Filling up the DagBag from /opt/airflow/dags/utils/ingestion.py
[2026-03-04T23:07:57.549+0000] {processor.py:927} WARNING - No viable dags retrieved from /opt/airflow/dags/utils/ingestion.py
[2026-03-04T23:07:57.604+0000] {processor.py:208} INFO - Processing /opt/airflow/dags/utils/ingestion.py took 0.200 seconds
[2026-03-04T23:29:04.410+0000] {processor.py:186} INFO - Started process (PID=1580) to work on /opt/airflow/dags/utils/ingestion.py
[2026-03-04T23:29:04.429+0000] {processor.py:914} INFO - Processing file /opt/airflow/dags/utils/ingestion.py for tasks to queue
[2026-03-04T23:29:04.437+0000] {logging_mixin.py:190} INFO - [2026-03-04T23:29:04.436+0000] {dagbag.py:588} INFO - Filling up the DagBag from /opt/airflow/dags/utils/ingestion.py
[2026-03-04T23:29:04.567+0000] {processor.py:927} WARNING - No viable dags retrieved from /opt/airflow/dags/utils/ingestion.py
[2026-03-04T23:29:04.636+0000] {processor.py:208} INFO - Processing /opt/airflow/dags/utils/ingestion.py took 0.389 seconds
[2026-03-04T23:29:35.506+0000] {processor.py:186} INFO - Started process (PID=1605) to work on /opt/airflow/dags/utils/ingestion.py
[2026-03-04T23:29:35.508+0000] {processor.py:914} INFO - Processing file /opt/airflow/dags/utils/ingestion.py for tasks to queue
[2026-03-04T23:29:35.512+0000] {logging_mixin.py:190} INFO - [2026-03-04T23:29:35.512+0000] {dagbag.py:588} INFO - Filling up the DagBag from /opt/airflow/dags/utils/ingestion.py
[2026-03-04T23:29:35.560+0000] {processor.py:927} WARNING - No viable dags retrieved from /opt/airflow/dags/utils/ingestion.py
[2026-03-04T23:29:35.591+0000] {processor.py:208} INFO - Processing /opt/airflow/dags/utils/ingestion.py took 0.095 seconds
[2026-03-04T23:30:06.319+0000] {processor.py:186} INFO - Started process (PID=1630) to work on /opt/airflow/dags/utils/ingestion.py
[2026-03-04T23:30:06.320+0000] {processor.py:914} INFO - Processing file /opt/airflow/dags/utils/ingestion.py for tasks to queue
[2026-03-04T23:30:06.323+0000] {logging_mixin.py:190} INFO - [2026-03-04T23:30:06.323+0000] {dagbag.py:588} INFO - Filling up the DagBag from /opt/airflow/dags/utils/ingestion.py
[2026-03-04T23:30:06.365+0000] {processor.py:927} WARNING - No viable dags retrieved from /opt/airflow/dags/utils/ingestion.py
[2026-03-04T23:30:06.387+0000] {processor.py:208} INFO - Processing /opt/airflow/dags/utils/ingestion.py took 0.072 seconds
[2026-03-04T23:30:37.421+0000] {processor.py:186} INFO - Started process (PID=1655) to work on /opt/airflow/dags/utils/ingestion.py
[2026-03-04T23:30:37.425+0000] {processor.py:914} INFO - Processing file /opt/airflow/dags/utils/ingestion.py for tasks to queue
[2026-03-04T23:30:37.433+0000] {logging_mixin.py:190} INFO - [2026-03-04T23:30:37.432+0000] {dagbag.py:588} INFO - Filling up the DagBag from /opt/airflow/dags/utils/ingestion.py
[2026-03-04T23:30:37.518+0000] {processor.py:927} WARNING - No viable dags retrieved from /opt/airflow/dags/utils/ingestion.py
[2026-03-04T23:30:37.567+0000] {processor.py:208} INFO - Processing /opt/airflow/dags/utils/ingestion.py took 0.179 seconds
[2026-03-04T23:31:07.826+0000] {processor.py:186} INFO - Started process (PID=1680) to work on /opt/airflow/dags/utils/ingestion.py
[2026-03-04T23:31:07.829+0000] {processor.py:914} INFO - Processing file /opt/airflow/dags/utils/ingestion.py for tasks to queue
[2026-03-04T23:31:07.834+0000] {logging_mixin.py:190} INFO - [2026-03-04T23:31:07.833+0000] {dagbag.py:588} INFO - Filling up the DagBag from /opt/airflow/dags/utils/ingestion.py
[2026-03-04T23:31:07.955+0000] {processor.py:927} WARNING - No viable dags retrieved from /opt/airflow/dags/utils/ingestion.py
[2026-03-04T23:31:08.000+0000] {processor.py:208} INFO - Processing /opt/airflow/dags/utils/ingestion.py took 0.187 seconds
[2026-03-04T23:31:38.183+0000] {processor.py:186} INFO - Started process (PID=1705) to work on /opt/airflow/dags/utils/ingestion.py
[2026-03-04T23:31:38.185+0000] {processor.py:914} INFO - Processing file /opt/airflow/dags/utils/ingestion.py for tasks to queue
[2026-03-04T23:31:38.191+0000] {logging_mixin.py:190} INFO - [2026-03-04T23:31:38.190+0000] {dagbag.py:588} INFO - Filling up the DagBag from /opt/airflow/dags/utils/ingestion.py
[2026-03-04T23:31:38.307+0000] {processor.py:927} WARNING - No viable dags retrieved from /opt/airflow/dags/utils/ingestion.py
[2026-03-04T23:31:38.357+0000] {processor.py:208} INFO - Processing /opt/airflow/dags/utils/ingestion.py took 0.187 seconds
[2026-03-04T23:32:09.157+0000] {processor.py:186} INFO - Started process (PID=1730) to work on /opt/airflow/dags/utils/ingestion.py
[2026-03-04T23:32:09.167+0000] {processor.py:914} INFO - Processing file /opt/airflow/dags/utils/ingestion.py for tasks to queue
[2026-03-04T23:32:09.176+0000] {logging_mixin.py:190} INFO - [2026-03-04T23:32:09.174+0000] {dagbag.py:588} INFO - Filling up the DagBag from /opt/airflow/dags/utils/ingestion.py
[2026-03-04T23:32:09.251+0000] {processor.py:927} WARNING - No viable dags retrieved from /opt/airflow/dags/utils/ingestion.py
[2026-03-04T23:32:09.291+0000] {processor.py:208} INFO - Processing /opt/airflow/dags/utils/ingestion.py took 0.156 seconds
[2026-03-04T23:32:39.635+0000] {processor.py:186} INFO - Started process (PID=1755) to work on /opt/airflow/dags/utils/ingestion.py
[2026-03-04T23:32:39.638+0000] {processor.py:914} INFO - Processing file /opt/airflow/dags/utils/ingestion.py for tasks to queue
[2026-03-04T23:32:39.644+0000] {logging_mixin.py:190} INFO - [2026-03-04T23:32:39.643+0000] {dagbag.py:588} INFO - Filling up the DagBag from /opt/airflow/dags/utils/ingestion.py
[2026-03-04T23:32:39.736+0000] {processor.py:927} WARNING - No viable dags retrieved from /opt/airflow/dags/utils/ingestion.py
[2026-03-04T23:32:39.783+0000] {processor.py:208} INFO - Processing /opt/airflow/dags/utils/ingestion.py took 0.166 seconds
[2026-03-04T23:33:10.585+0000] {processor.py:186} INFO - Started process (PID=1780) to work on /opt/airflow/dags/utils/ingestion.py
[2026-03-04T23:33:10.587+0000] {processor.py:914} INFO - Processing file /opt/airflow/dags/utils/ingestion.py for tasks to queue
[2026-03-04T23:33:10.593+0000] {logging_mixin.py:190} INFO - [2026-03-04T23:33:10.591+0000] {dagbag.py:588} INFO - Filling up the DagBag from /opt/airflow/dags/utils/ingestion.py
[2026-03-04T23:33:10.682+0000] {processor.py:927} WARNING - No viable dags retrieved from /opt/airflow/dags/utils/ingestion.py
[2026-03-04T23:33:10.726+0000] {processor.py:208} INFO - Processing /opt/airflow/dags/utils/ingestion.py took 0.154 seconds
[2026-03-04T23:33:41.470+0000] {processor.py:186} INFO - Started process (PID=1805) to work on /opt/airflow/dags/utils/ingestion.py
[2026-03-04T23:33:41.473+0000] {processor.py:914} INFO - Processing file /opt/airflow/dags/utils/ingestion.py for tasks to queue
[2026-03-04T23:33:41.478+0000] {logging_mixin.py:190} INFO - [2026-03-04T23:33:41.477+0000] {dagbag.py:588} INFO - Filling up the DagBag from /opt/airflow/dags/utils/ingestion.py
[2026-03-04T23:33:41.561+0000] {processor.py:927} WARNING - No viable dags retrieved from /opt/airflow/dags/utils/ingestion.py
[2026-03-04T23:33:41.603+0000] {processor.py:208} INFO - Processing /opt/airflow/dags/utils/ingestion.py took 0.152 seconds
[2026-03-04T23:34:11.963+0000] {processor.py:186} INFO - Started process (PID=1830) to work on /opt/airflow/dags/utils/ingestion.py
[2026-03-04T23:34:11.967+0000] {processor.py:914} INFO - Processing file /opt/airflow/dags/utils/ingestion.py for tasks to queue
[2026-03-04T23:34:11.975+0000] {logging_mixin.py:190} INFO - [2026-03-04T23:34:11.973+0000] {dagbag.py:588} INFO - Filling up the DagBag from /opt/airflow/dags/utils/ingestion.py
[2026-03-04T23:34:12.056+0000] {processor.py:927} WARNING - No viable dags retrieved from /opt/airflow/dags/utils/ingestion.py
[2026-03-04T23:34:12.099+0000] {processor.py:208} INFO - Processing /opt/airflow/dags/utils/ingestion.py took 0.155 seconds
[2026-03-04T23:34:42.686+0000] {processor.py:186} INFO - Started process (PID=1855) to work on /opt/airflow/dags/utils/ingestion.py
[2026-03-04T23:34:42.689+0000] {processor.py:914} INFO - Processing file /opt/airflow/dags/utils/ingestion.py for tasks to queue
[2026-03-04T23:34:42.696+0000] {logging_mixin.py:190} INFO - [2026-03-04T23:34:42.694+0000] {dagbag.py:588} INFO - Filling up the DagBag from /opt/airflow/dags/utils/ingestion.py
[2026-03-04T23:34:42.774+0000] {processor.py:927} WARNING - No viable dags retrieved from /opt/airflow/dags/utils/ingestion.py
[2026-03-04T23:34:42.822+0000] {processor.py:208} INFO - Processing /opt/airflow/dags/utils/ingestion.py took 0.152 seconds
[2026-03-04T23:35:13.704+0000] {processor.py:186} INFO - Started process (PID=1880) to work on /opt/airflow/dags/utils/ingestion.py
[2026-03-04T23:35:13.709+0000] {processor.py:914} INFO - Processing file /opt/airflow/dags/utils/ingestion.py for tasks to queue
[2026-03-04T23:35:13.715+0000] {logging_mixin.py:190} INFO - [2026-03-04T23:35:13.714+0000] {dagbag.py:588} INFO - Filling up the DagBag from /opt/airflow/dags/utils/ingestion.py
[2026-03-04T23:35:13.784+0000] {processor.py:927} WARNING - No viable dags retrieved from /opt/airflow/dags/utils/ingestion.py
[2026-03-04T23:35:13.828+0000] {processor.py:208} INFO - Processing /opt/airflow/dags/utils/ingestion.py took 0.141 seconds
[2026-03-04T23:35:44.320+0000] {processor.py:186} INFO - Started process (PID=1905) to work on /opt/airflow/dags/utils/ingestion.py
[2026-03-04T23:35:44.323+0000] {processor.py:914} INFO - Processing file /opt/airflow/dags/utils/ingestion.py for tasks to queue
[2026-03-04T23:35:44.331+0000] {logging_mixin.py:190} INFO - [2026-03-04T23:35:44.330+0000] {dagbag.py:588} INFO - Filling up the DagBag from /opt/airflow/dags/utils/ingestion.py
[2026-03-04T23:35:44.405+0000] {processor.py:927} WARNING - No viable dags retrieved from /opt/airflow/dags/utils/ingestion.py
[2026-03-04T23:35:44.452+0000] {processor.py:208} INFO - Processing /opt/airflow/dags/utils/ingestion.py took 0.150 seconds
[2026-03-04T23:36:14.695+0000] {processor.py:186} INFO - Started process (PID=1930) to work on /opt/airflow/dags/utils/ingestion.py
[2026-03-04T23:36:14.699+0000] {processor.py:914} INFO - Processing file /opt/airflow/dags/utils/ingestion.py for tasks to queue
[2026-03-04T23:36:14.709+0000] {logging_mixin.py:190} INFO - [2026-03-04T23:36:14.706+0000] {dagbag.py:588} INFO - Filling up the DagBag from /opt/airflow/dags/utils/ingestion.py
[2026-03-04T23:36:14.802+0000] {processor.py:927} WARNING - No viable dags retrieved from /opt/airflow/dags/utils/ingestion.py
[2026-03-04T23:36:14.855+0000] {processor.py:208} INFO - Processing /opt/airflow/dags/utils/ingestion.py took 0.181 seconds
[2026-03-04T23:36:45.603+0000] {processor.py:186} INFO - Started process (PID=1955) to work on /opt/airflow/dags/utils/ingestion.py
[2026-03-04T23:36:45.606+0000] {processor.py:914} INFO - Processing file /opt/airflow/dags/utils/ingestion.py for tasks to queue
[2026-03-04T23:36:45.613+0000] {logging_mixin.py:190} INFO - [2026-03-04T23:36:45.612+0000] {dagbag.py:588} INFO - Filling up the DagBag from /opt/airflow/dags/utils/ingestion.py
[2026-03-04T23:36:45.713+0000] {processor.py:927} WARNING - No viable dags retrieved from /opt/airflow/dags/utils/ingestion.py
[2026-03-04T23:36:45.757+0000] {processor.py:208} INFO - Processing /opt/airflow/dags/utils/ingestion.py took 0.168 seconds
[2026-03-04T23:37:16.249+0000] {processor.py:186} INFO - Started process (PID=1980) to work on /opt/airflow/dags/utils/ingestion.py
[2026-03-04T23:37:16.251+0000] {processor.py:914} INFO - Processing file /opt/airflow/dags/utils/ingestion.py for tasks to queue
[2026-03-04T23:37:16.259+0000] {logging_mixin.py:190} INFO - [2026-03-04T23:37:16.258+0000] {dagbag.py:588} INFO - Filling up the DagBag from /opt/airflow/dags/utils/ingestion.py
[2026-03-04T23:37:16.333+0000] {processor.py:927} WARNING - No viable dags retrieved from /opt/airflow/dags/utils/ingestion.py
[2026-03-04T23:37:16.381+0000] {processor.py:208} INFO - Processing /opt/airflow/dags/utils/ingestion.py took 0.151 seconds
[2026-03-04T23:37:46.994+0000] {processor.py:186} INFO - Started process (PID=2005) to work on /opt/airflow/dags/utils/ingestion.py
[2026-03-04T23:37:46.997+0000] {processor.py:914} INFO - Processing file /opt/airflow/dags/utils/ingestion.py for tasks to queue
[2026-03-04T23:37:47.005+0000] {logging_mixin.py:190} INFO - [2026-03-04T23:37:47.004+0000] {dagbag.py:588} INFO - Filling up the DagBag from /opt/airflow/dags/utils/ingestion.py
[2026-03-04T23:37:47.099+0000] {processor.py:927} WARNING - No viable dags retrieved from /opt/airflow/dags/utils/ingestion.py
[2026-03-04T23:37:47.146+0000] {processor.py:208} INFO - Processing /opt/airflow/dags/utils/ingestion.py took 0.169 seconds
[2026-03-04T23:38:17.699+0000] {processor.py:186} INFO - Started process (PID=2030) to work on /opt/airflow/dags/utils/ingestion.py
[2026-03-04T23:38:17.702+0000] {processor.py:914} INFO - Processing file /opt/airflow/dags/utils/ingestion.py for tasks to queue
[2026-03-04T23:38:17.709+0000] {logging_mixin.py:190} INFO - [2026-03-04T23:38:17.709+0000] {dagbag.py:588} INFO - Filling up the DagBag from /opt/airflow/dags/utils/ingestion.py
[2026-03-04T23:38:17.796+0000] {processor.py:927} WARNING - No viable dags retrieved from /opt/airflow/dags/utils/ingestion.py
[2026-03-04T23:38:17.847+0000] {processor.py:208} INFO - Processing /opt/airflow/dags/utils/ingestion.py took 0.162 seconds
[2026-03-04T23:38:48.236+0000] {processor.py:186} INFO - Started process (PID=2055) to work on /opt/airflow/dags/utils/ingestion.py
[2026-03-04T23:38:48.240+0000] {processor.py:914} INFO - Processing file /opt/airflow/dags/utils/ingestion.py for tasks to queue
[2026-03-04T23:38:48.249+0000] {logging_mixin.py:190} INFO - [2026-03-04T23:38:48.247+0000] {dagbag.py:588} INFO - Filling up the DagBag from /opt/airflow/dags/utils/ingestion.py
[2026-03-04T23:38:48.326+0000] {processor.py:927} WARNING - No viable dags retrieved from /opt/airflow/dags/utils/ingestion.py
[2026-03-04T23:38:48.374+0000] {processor.py:208} INFO - Processing /opt/airflow/dags/utils/ingestion.py took 0.158 seconds
[2026-03-04T23:39:18.876+0000] {processor.py:186} INFO - Started process (PID=2080) to work on /opt/airflow/dags/utils/ingestion.py
[2026-03-04T23:39:18.879+0000] {processor.py:914} INFO - Processing file /opt/airflow/dags/utils/ingestion.py for tasks to queue
[2026-03-04T23:39:18.884+0000] {logging_mixin.py:190} INFO - [2026-03-04T23:39:18.883+0000] {dagbag.py:588} INFO - Filling up the DagBag from /opt/airflow/dags/utils/ingestion.py
[2026-03-04T23:39:18.957+0000] {processor.py:927} WARNING - No viable dags retrieved from /opt/airflow/dags/utils/ingestion.py
[2026-03-04T23:39:18.997+0000] {processor.py:208} INFO - Processing /opt/airflow/dags/utils/ingestion.py took 0.136 seconds
[2026-03-04T23:39:49.520+0000] {processor.py:186} INFO - Started process (PID=2105) to work on /opt/airflow/dags/utils/ingestion.py
[2026-03-04T23:39:49.522+0000] {processor.py:914} INFO - Processing file /opt/airflow/dags/utils/ingestion.py for tasks to queue
[2026-03-04T23:39:49.530+0000] {logging_mixin.py:190} INFO - [2026-03-04T23:39:49.528+0000] {dagbag.py:588} INFO - Filling up the DagBag from /opt/airflow/dags/utils/ingestion.py
[2026-03-04T23:39:49.618+0000] {processor.py:927} WARNING - No viable dags retrieved from /opt/airflow/dags/utils/ingestion.py
[2026-03-04T23:39:49.664+0000] {processor.py:208} INFO - Processing /opt/airflow/dags/utils/ingestion.py took 0.157 seconds
