[2026-03-04T08:29:12.965+0000] {local_task_job_runner.py:123} INFO - ::group::Pre task execution logs
[2026-03-04T08:29:12.988+0000] {taskinstance.py:2613} INFO - Dependencies all met for dep_context=non-requeueable deps ti=<TaskInstance: dag_3_actualizacion_rag.refresh_embeddings manual__2026-03-04T08:23:12.792739+00:00 [queued]>
[2026-03-04T08:29:12.999+0000] {taskinstance.py:2613} INFO - Dependencies all met for dep_context=requeueable deps ti=<TaskInstance: dag_3_actualizacion_rag.refresh_embeddings manual__2026-03-04T08:23:12.792739+00:00 [queued]>
[2026-03-04T08:29:13.001+0000] {taskinstance.py:2866} INFO - Starting attempt 1 of 1
[2026-03-04T08:29:13.013+0000] {taskinstance.py:2889} INFO - Executing <Task(PythonOperator): refresh_embeddings> on 2026-03-04 08:23:12.792739+00:00
[2026-03-04T08:29:13.022+0000] {standard_task_runner.py:104} INFO - Running: ['***', 'tasks', 'run', 'dag_3_actualizacion_rag', 'refresh_embeddings', 'manual__2026-03-04T08:23:12.792739+00:00', '--job-id', '99', '--raw', '--subdir', 'DAGS_FOLDER/dag_3_actualizacion_rag.py', '--cfg-path', '/tmp/tmpugsiblj9']
[2026-03-04T08:29:13.024+0000] {logging_mixin.py:190} WARNING - /home/***/.local/lib/python3.12/site-packages/***/task/task_runner/standard_task_runner.py:70 DeprecationWarning: This process (pid=638) is multi-threaded, use of fork() may lead to deadlocks in the child.
[2026-03-04T08:29:13.024+0000] {standard_task_runner.py:105} INFO - Job 99: Subtask refresh_embeddings
[2026-03-04T08:29:13.025+0000] {standard_task_runner.py:72} INFO - Started process 640 to run task
[2026-03-04T08:29:13.082+0000] {task_command.py:467} INFO - Running <TaskInstance: dag_3_actualizacion_rag.refresh_embeddings manual__2026-03-04T08:23:12.792739+00:00 [running]> on host a27bd85dd8e4
[2026-03-04T08:29:13.173+0000] {taskinstance.py:3132} INFO - Exporting env vars: AIRFLOW_CTX_DAG_OWNER='***' AIRFLOW_CTX_DAG_ID='dag_3_actualizacion_rag' AIRFLOW_CTX_TASK_ID='refresh_embeddings' AIRFLOW_CTX_EXECUTION_DATE='2026-03-04T08:23:12.792739+00:00' AIRFLOW_CTX_TRY_NUMBER='1' AIRFLOW_CTX_DAG_RUN_ID='manual__2026-03-04T08:23:12.792739+00:00'
[2026-03-04T08:29:13.175+0000] {taskinstance.py:731} INFO - ::endgroup::
[2026-03-04T08:29:14.766+0000] {logging_mixin.py:190} WARNING - Disabling PyTorch because PyTorch >= 2.4 is required but found 2.2.2
[2026-03-04T08:29:15.503+0000] {logging_mixin.py:190} WARNING - PyTorch was not found. Models won't be available and only tokenizers, configuration and file/data utilities can be used.
[2026-03-04T08:29:19.050+0000] {taskinstance.py:3311} ERROR - Task failed with exception
Traceback (most recent call last):
  File "/home/airflow/.local/lib/python3.12/site-packages/airflow/models/taskinstance.py", line 767, in _execute_task
    result = _execute_callable(context=context, **execute_callable_kwargs)
             ^^^^^^^^^^^^^^^^^^^^^^^^^^^^^^^^^^^^^^^^^^^^^^^^^^^^^^^^^^^^^
  File "/home/airflow/.local/lib/python3.12/site-packages/airflow/models/taskinstance.py", line 733, in _execute_callable
    return ExecutionCallableRunner(
           ^^^^^^^^^^^^^^^^^^^^^^^^
  File "/home/airflow/.local/lib/python3.12/site-packages/airflow/utils/operator_helpers.py", line 252, in run
    return self.func(*args, **kwargs)
           ^^^^^^^^^^^^^^^^^^^^^^^^^^
  File "/home/airflow/.local/lib/python3.12/site-packages/airflow/models/baseoperator.py", line 422, in wrapper
    return func(self, *args, **kwargs)
           ^^^^^^^^^^^^^^^^^^^^^^^^^^^
  File "/home/airflow/.local/lib/python3.12/site-packages/airflow/operators/python.py", line 238, in execute
    return_value = self.execute_callable()
                   ^^^^^^^^^^^^^^^^^^^^^^^
  File "/home/airflow/.local/lib/python3.12/site-packages/airflow/operators/python.py", line 256, in execute_callable
    return runner.run(*self.op_args, **self.op_kwargs)
           ^^^^^^^^^^^^^^^^^^^^^^^^^^^^^^^^^^^^^^^^^^^
  File "/home/airflow/.local/lib/python3.12/site-packages/airflow/utils/operator_helpers.py", line 252, in run
    return self.func(*args, **kwargs)
           ^^^^^^^^^^^^^^^^^^^^^^^^^^
  File "/opt/airflow/dags/utils/rag.py", line 48, in refresh_embeddings
    from sentence_transformers import SentenceTransformer
  File "/home/airflow/.local/lib/python3.12/site-packages/sentence_transformers/__init__.py", line 15, in <module>
    from sentence_transformers.cross_encoder import (
  File "/home/airflow/.local/lib/python3.12/site-packages/sentence_transformers/cross_encoder/__init__.py", line 3, in <module>
    from .CrossEncoder import CrossEncoder
  File "/home/airflow/.local/lib/python3.12/site-packages/sentence_transformers/cross_encoder/CrossEncoder.py", line 35, in <module>
    from sentence_transformers.cross_encoder.fit_mixin import FitMixin
  File "/home/airflow/.local/lib/python3.12/site-packages/sentence_transformers/cross_encoder/fit_mixin.py", line 20, in <module>
    from sentence_transformers.datasets.NoDuplicatesDataLoader import NoDuplicatesDataLoader
  File "/home/airflow/.local/lib/python3.12/site-packages/sentence_transformers/datasets/__init__.py", line 13, in <module>
    from .ParallelSentencesDataset import ParallelSentencesDataset
  File "/home/airflow/.local/lib/python3.12/site-packages/sentence_transformers/datasets/ParallelSentencesDataset.py", line 19, in <module>
    from sentence_transformers import SentenceTransformer
  File "/home/airflow/.local/lib/python3.12/site-packages/sentence_transformers/SentenceTransformer.py", line 45, in <module>
    from .peft_mixin import PeftAdapterMixin
  File "/home/airflow/.local/lib/python3.12/site-packages/sentence_transformers/peft_mixin.py", line 5, in <module>
    from transformers.integrations.peft import PeftAdapterMixin as PeftAdapterMixinTransformers
  File "/home/airflow/.local/lib/python3.12/site-packages/transformers/integrations/peft.py", line 22, in <module>
    from ..conversion_mapping import (
  File "/home/airflow/.local/lib/python3.12/site-packages/transformers/conversion_mapping.py", line 20, in <module>
    from .core_model_loading import (
  File "/home/airflow/.local/lib/python3.12/site-packages/transformers/core_model_loading.py", line 34, in <module>
    from .integrations.accelerate import get_device, offload_weight
  File "/home/airflow/.local/lib/python3.12/site-packages/transformers/integrations/accelerate.py", line 62, in <module>
    ) -> tuple[int, list[str], list[nn.Module]]:
                                    ^^
NameError: name 'nn' is not defined
[2026-03-04T08:29:19.072+0000] {taskinstance.py:1225} INFO - Marking task as FAILED. dag_id=dag_3_actualizacion_rag, task_id=refresh_embeddings, run_id=manual__2026-03-04T08:23:12.792739+00:00, execution_date=20260304T082312, start_date=20260304T082912, end_date=20260304T082919
[2026-03-04T08:29:19.092+0000] {taskinstance.py:340} INFO - ::group::Post task execution logs
[2026-03-04T08:29:19.093+0000] {standard_task_runner.py:124} ERROR - Failed to execute job 99 for task refresh_embeddings (name 'nn' is not defined; 640)
Traceback (most recent call last):
  File "/home/airflow/.local/lib/python3.12/site-packages/airflow/task/task_runner/standard_task_runner.py", line 117, in _start_by_fork
    ret = args.func(args, dag=self.dag)
          ^^^^^^^^^^^^^^^^^^^^^^^^^^^^^
  File "/home/airflow/.local/lib/python3.12/site-packages/airflow/cli/cli_config.py", line 49, in command
    return func(*args, **kwargs)
           ^^^^^^^^^^^^^^^^^^^^^
  File "/home/airflow/.local/lib/python3.12/site-packages/airflow/utils/cli.py", line 116, in wrapper
    return f(*args, **kwargs)
           ^^^^^^^^^^^^^^^^^^
  File "/home/airflow/.local/lib/python3.12/site-packages/airflow/cli/commands/task_command.py", line 483, in task_run
    task_return_code = _run_task_by_selected_method(args, _dag, ti)
                       ^^^^^^^^^^^^^^^^^^^^^^^^^^^^^^^^^^^^^^^^^^^^
  File "/home/airflow/.local/lib/python3.12/site-packages/airflow/cli/commands/task_command.py", line 256, in _run_task_by_selected_method
    return _run_raw_task(args, ti)
           ^^^^^^^^^^^^^^^^^^^^^^^
  File "/home/airflow/.local/lib/python3.12/site-packages/airflow/cli/commands/task_command.py", line 341, in _run_raw_task
    return ti._run_raw_task(
           ^^^^^^^^^^^^^^^^^
  File "/home/airflow/.local/lib/python3.12/site-packages/airflow/utils/session.py", line 97, in wrapper
    return func(*args, session=session, **kwargs)
           ^^^^^^^^^^^^^^^^^^^^^^^^^^^^^^^^^^^^^^
  File "/home/airflow/.local/lib/python3.12/site-packages/airflow/models/taskinstance.py", line 3005, in _run_raw_task
    return _run_raw_task(
           ^^^^^^^^^^^^^^
  File "/home/airflow/.local/lib/python3.12/site-packages/airflow/models/taskinstance.py", line 273, in _run_raw_task
    TaskInstance._execute_task_with_callbacks(
  File "/home/airflow/.local/lib/python3.12/site-packages/airflow/models/taskinstance.py", line 3159, in _execute_task_with_callbacks
    result = self._execute_task(context, task_orig)
             ^^^^^^^^^^^^^^^^^^^^^^^^^^^^^^^^^^^^^^
  File "/home/airflow/.local/lib/python3.12/site-packages/airflow/models/taskinstance.py", line 3183, in _execute_task
    return _execute_task(self, context, task_orig)
           ^^^^^^^^^^^^^^^^^^^^^^^^^^^^^^^^^^^^^^^
  File "/home/airflow/.local/lib/python3.12/site-packages/airflow/models/taskinstance.py", line 767, in _execute_task
    result = _execute_callable(context=context, **execute_callable_kwargs)
             ^^^^^^^^^^^^^^^^^^^^^^^^^^^^^^^^^^^^^^^^^^^^^^^^^^^^^^^^^^^^^
  File "/home/airflow/.local/lib/python3.12/site-packages/airflow/models/taskinstance.py", line 733, in _execute_callable
    return ExecutionCallableRunner(
           ^^^^^^^^^^^^^^^^^^^^^^^^
  File "/home/airflow/.local/lib/python3.12/site-packages/airflow/utils/operator_helpers.py", line 252, in run
    return self.func(*args, **kwargs)
           ^^^^^^^^^^^^^^^^^^^^^^^^^^
  File "/home/airflow/.local/lib/python3.12/site-packages/airflow/models/baseoperator.py", line 422, in wrapper
    return func(self, *args, **kwargs)
           ^^^^^^^^^^^^^^^^^^^^^^^^^^^
  File "/home/airflow/.local/lib/python3.12/site-packages/airflow/operators/python.py", line 238, in execute
    return_value = self.execute_callable()
                   ^^^^^^^^^^^^^^^^^^^^^^^
  File "/home/airflow/.local/lib/python3.12/site-packages/airflow/operators/python.py", line 256, in execute_callable
    return runner.run(*self.op_args, **self.op_kwargs)
           ^^^^^^^^^^^^^^^^^^^^^^^^^^^^^^^^^^^^^^^^^^^
  File "/home/airflow/.local/lib/python3.12/site-packages/airflow/utils/operator_helpers.py", line 252, in run
    return self.func(*args, **kwargs)
           ^^^^^^^^^^^^^^^^^^^^^^^^^^
  File "/opt/airflow/dags/utils/rag.py", line 48, in refresh_embeddings
    from sentence_transformers import SentenceTransformer
  File "/home/airflow/.local/lib/python3.12/site-packages/sentence_transformers/__init__.py", line 15, in <module>
    from sentence_transformers.cross_encoder import (
  File "/home/airflow/.local/lib/python3.12/site-packages/sentence_transformers/cross_encoder/__init__.py", line 3, in <module>
    from .CrossEncoder import CrossEncoder
  File "/home/airflow/.local/lib/python3.12/site-packages/sentence_transformers/cross_encoder/CrossEncoder.py", line 35, in <module>
    from sentence_transformers.cross_encoder.fit_mixin import FitMixin
  File "/home/airflow/.local/lib/python3.12/site-packages/sentence_transformers/cross_encoder/fit_mixin.py", line 20, in <module>
    from sentence_transformers.datasets.NoDuplicatesDataLoader import NoDuplicatesDataLoader
  File "/home/airflow/.local/lib/python3.12/site-packages/sentence_transformers/datasets/__init__.py", line 13, in <module>
    from .ParallelSentencesDataset import ParallelSentencesDataset
  File "/home/airflow/.local/lib/python3.12/site-packages/sentence_transformers/datasets/ParallelSentencesDataset.py", line 19, in <module>
    from sentence_transformers import SentenceTransformer
  File "/home/airflow/.local/lib/python3.12/site-packages/sentence_transformers/SentenceTransformer.py", line 45, in <module>
    from .peft_mixin import PeftAdapterMixin
  File "/home/airflow/.local/lib/python3.12/site-packages/sentence_transformers/peft_mixin.py", line 5, in <module>
    from transformers.integrations.peft import PeftAdapterMixin as PeftAdapterMixinTransformers
  File "/home/airflow/.local/lib/python3.12/site-packages/transformers/integrations/peft.py", line 22, in <module>
    from ..conversion_mapping import (
  File "/home/airflow/.local/lib/python3.12/site-packages/transformers/conversion_mapping.py", line 20, in <module>
    from .core_model_loading import (
  File "/home/airflow/.local/lib/python3.12/site-packages/transformers/core_model_loading.py", line 34, in <module>
    from .integrations.accelerate import get_device, offload_weight
  File "/home/airflow/.local/lib/python3.12/site-packages/transformers/integrations/accelerate.py", line 62, in <module>
    ) -> tuple[int, list[str], list[nn.Module]]:
                                    ^^
NameError: name 'nn' is not defined
[2026-03-04T08:29:19.144+0000] {local_task_job_runner.py:266} INFO - Task exited with return code 1
[2026-03-04T08:29:19.164+0000] {taskinstance.py:3895} INFO - 0 downstream tasks scheduled from follow-on schedule check
[2026-03-04T08:29:19.167+0000] {local_task_job_runner.py:245} INFO - ::endgroup::
