[2026-03-04T22:43:54.837+0000] {local_task_job_runner.py:123} INFO - ::group::Pre task execution logs
[2026-03-04T22:43:54.869+0000] {taskinstance.py:2613} INFO - Dependencies all met for dep_context=non-requeueable deps ti=<TaskInstance: dag_1_ingestion_transaccional.ejecutar_kpi_valor_por_segmento manual__2026-03-04T17:32:19-05:00 [queued]>
[2026-03-04T22:43:54.884+0000] {taskinstance.py:2613} INFO - Dependencies all met for dep_context=requeueable deps ti=<TaskInstance: dag_1_ingestion_transaccional.ejecutar_kpi_valor_por_segmento manual__2026-03-04T17:32:19-05:00 [queued]>
[2026-03-04T22:43:54.885+0000] {taskinstance.py:2866} INFO - Starting attempt 1 of 1
[2026-03-04T22:43:54.902+0000] {taskinstance.py:2889} INFO - Executing <Task(BigQueryInsertJobOperator): ejecutar_kpi_valor_por_segmento> on 2026-03-04 22:32:19+00:00
[2026-03-04T22:43:54.915+0000] {standard_task_runner.py:104} INFO - Running: ['***', 'tasks', 'run', 'dag_1_ingestion_transaccional', 'ejecutar_kpi_valor_por_segmento', 'manual__2026-03-04T17:32:19-05:00', '--job-id', '89', '--raw', '--subdir', 'DAGS_FOLDER/dag_1_ingestion_transaccional.py', '--cfg-path', '/tmp/tmpynpz3y60']
[2026-03-04T22:43:54.920+0000] {standard_task_runner.py:105} INFO - Job 89: Subtask ejecutar_kpi_valor_por_segmento
[2026-03-04T22:43:54.921+0000] {logging_mixin.py:190} WARNING - /home/***/.local/lib/python3.12/site-packages/***/task/task_runner/standard_task_runner.py:70 DeprecationWarning: This process (pid=847) is multi-threaded, use of fork() may lead to deadlocks in the child.
[2026-03-04T22:43:54.923+0000] {standard_task_runner.py:72} INFO - Started process 856 to run task
[2026-03-04T22:43:55.001+0000] {task_command.py:467} INFO - Running <TaskInstance: dag_1_ingestion_transaccional.ejecutar_kpi_valor_por_segmento manual__2026-03-04T17:32:19-05:00 [running]> on host 6db8ac2a4a54
[2026-03-04T22:43:55.352+0000] {taskinstance.py:3132} INFO - Exporting env vars: AIRFLOW_CTX_DAG_OWNER='***' AIRFLOW_CTX_DAG_ID='dag_1_ingestion_transaccional' AIRFLOW_CTX_TASK_ID='ejecutar_kpi_valor_por_segmento' AIRFLOW_CTX_EXECUTION_DATE='2026-03-04T22:32:19+00:00' AIRFLOW_CTX_TRY_NUMBER='1' AIRFLOW_CTX_DAG_RUN_ID='manual__2026-03-04T17:32:19-05:00'
[2026-03-04T22:43:55.354+0000] {taskinstance.py:731} INFO - ::endgroup::
[2026-03-04T22:43:55.378+0000] {connection.py:277} WARNING - Connection schemes (type: google_cloud_platform) shall not contain '_' according to RFC3986.
[2026-03-04T22:43:55.380+0000] {base.py:84} INFO - Retrieving connection 'google_cloud_default'
[2026-03-04T22:43:55.382+0000] {bigquery.py:2620} INFO - Executing: {'query': {'query': "-- KPI: total facturado y promedio de score crediticio por Segmento y Ciudad.\n-- Solo atenciones con estado 'Completado'. Crea la vista para consultas posteriores.\nCREATE OR REPLACE VIEW `data-solution-end-to-end-21.cala_analytics.v_kpi_valor_por_segmento` AS\nSELECT\n  c.segmento,\n  c.ciudad,\n  SUM(a.valor_facturado) AS total_facturado,\n  AVG(c.score_crediticio) AS promedio_score_crediticio\nFROM `data-solution-end-to-end-21.cala_analytics.atenciones` AS a\nINNER JOIN `data-solution-end-to-end-21.cala_analytics.clientes` AS c\n  ON a.id_cliente = c.id_cliente\nWHERE UPPER(TRIM(a.estado)) = 'COMPLETADO'\nGROUP BY c.segmento, c.ciudad\nORDER BY c.segmento, c.ciudad;", 'useLegacySql': False}}'
[2026-03-04T22:43:55.424+0000] {bigquery.py:1241} INFO - Inserting job ***_dag_1_ingestion_transaccional_ejecutar_kpi_valor_por_segmento_2026_03_04T22_32_19_00_00_d984d6ee926fe6fcb8fd618869f0cf83
[2026-03-04T22:43:56.775+0000] {taskinstance.py:340} INFO - ::group::Post task execution logs
[2026-03-04T22:43:56.775+0000] {taskinstance.py:352} INFO - Marking task as SUCCESS. dag_id=dag_1_ingestion_transaccional, task_id=ejecutar_kpi_valor_por_segmento, run_id=manual__2026-03-04T17:32:19-05:00, execution_date=20260304T223219, start_date=20260304T224354, end_date=20260304T224356
[2026-03-04T22:43:56.824+0000] {local_task_job_runner.py:266} INFO - Task exited with return code 0
[2026-03-04T22:43:56.844+0000] {taskinstance.py:3895} INFO - 0 downstream tasks scheduled from follow-on schedule check
[2026-03-04T22:43:56.846+0000] {local_task_job_runner.py:245} INFO - ::endgroup::
