[2026-03-03T07:59:12.460+0000] {manager.py:483} INFO - Processing files using up to 2 processes at a time 
[2026-03-03T07:59:12.460+0000] {manager.py:484} INFO - Process each file at most once every 30 seconds
[2026-03-03T07:59:12.461+0000] {manager.py:485} INFO - Checking for new files in /opt/airflow/dags every 300 seconds
[2026-03-03T07:59:12.462+0000] {manager.py:821} INFO - Searching for files in /opt/airflow/dags
[2026-03-03T07:59:12.473+0000] {manager.py:824} INFO - There are 0 files in /opt/airflow/dags
[2026-03-03T08:04:12.607+0000] {manager.py:821} INFO - Searching for files in /opt/airflow/dags
[2026-03-03T08:04:12.616+0000] {manager.py:824} INFO - There are 0 files in /opt/airflow/dags
[2026-03-03T08:09:12.666+0000] {manager.py:821} INFO - Searching for files in /opt/airflow/dags
[2026-03-03T08:09:12.675+0000] {manager.py:824} INFO - There are 0 files in /opt/airflow/dags
[2026-03-03T08:14:12.745+0000] {manager.py:821} INFO - Searching for files in /opt/airflow/dags
[2026-03-03T08:14:12.753+0000] {manager.py:824} INFO - There are 0 files in /opt/airflow/dags
[2026-03-03T08:19:13.556+0000] {manager.py:821} INFO - Searching for files in /opt/airflow/dags
[2026-03-03T08:19:13.563+0000] {manager.py:824} INFO - There are 0 files in /opt/airflow/dags
[2026-03-03T08:24:13.666+0000] {manager.py:821} INFO - Searching for files in /opt/airflow/dags
[2026-03-03T08:24:13.676+0000] {manager.py:824} INFO - There are 0 files in /opt/airflow/dags
[2026-03-03T08:29:13.873+0000] {manager.py:821} INFO - Searching for files in /opt/airflow/dags
[2026-03-03T08:29:13.880+0000] {manager.py:824} INFO - There are 0 files in /opt/airflow/dags
[2026-03-03T08:34:14.823+0000] {manager.py:821} INFO - Searching for files in /opt/airflow/dags
[2026-03-03T08:34:14.839+0000] {manager.py:824} INFO - There are 1 files in /opt/airflow/dags
[2026-03-03T08:34:43.911+0000] {manager.py:997} INFO - 
================================================================================
DAG File Processing Stats

File Path                                       PID    Runtime      # DAGs    # Errors  Last Runtime    Last Run               Last # of DB Queries
----------------------------------------------  -----  ---------  --------  ----------  --------------  -------------------  ----------------------
/opt/airflow/dags/pipeline_entrenamiento_ia.py                           0           1  9.00s           2026-03-03T08:34:23                       3
================================================================================
[2026-03-03T08:35:17.051+0000] {manager.py:997} INFO - 
================================================================================
DAG File Processing Stats

File Path                                       PID    Runtime      # DAGs    # Errors  Last Runtime    Last Run               Last # of DB Queries
----------------------------------------------  -----  ---------  --------  ----------  --------------  -------------------  ----------------------
/opt/airflow/dags/pipeline_entrenamiento_ia.py                           0           1  2.36s           2026-03-03T08:34:57                       5
================================================================================
[2026-03-03T08:35:50.173+0000] {manager.py:997} INFO - 
================================================================================
DAG File Processing Stats

File Path                                       PID    Runtime      # DAGs    # Errors  Last Runtime    Last Run               Last # of DB Queries
----------------------------------------------  -----  ---------  --------  ----------  --------------  -------------------  ----------------------
/opt/airflow/dags/pipeline_entrenamiento_ia.py                           0           1  2.19s           2026-03-03T08:35:30                       5
================================================================================
[2026-03-03T08:36:23.194+0000] {manager.py:997} INFO - 
================================================================================
DAG File Processing Stats

File Path                                       PID    Runtime      # DAGs    # Errors  Last Runtime    Last Run               Last # of DB Queries
----------------------------------------------  -----  ---------  --------  ----------  --------------  -------------------  ----------------------
/opt/airflow/dags/pipeline_entrenamiento_ia.py                           0           1  2.40s           2026-03-03T08:36:03                       5
================================================================================
[2026-03-03T08:36:56.139+0000] {manager.py:997} INFO - 
================================================================================
DAG File Processing Stats

File Path                                       PID    Runtime      # DAGs    # Errors  Last Runtime    Last Run               Last # of DB Queries
----------------------------------------------  -----  ---------  --------  ----------  --------------  -------------------  ----------------------
/opt/airflow/dags/pipeline_entrenamiento_ia.py                           0           1  2.15s           2026-03-03T08:36:36                       5
================================================================================
[2026-03-03T08:37:29.107+0000] {manager.py:997} INFO - 
================================================================================
DAG File Processing Stats

File Path                                       PID    Runtime      # DAGs    # Errors  Last Runtime    Last Run               Last # of DB Queries
----------------------------------------------  -----  ---------  --------  ----------  --------------  -------------------  ----------------------
/opt/airflow/dags/pipeline_entrenamiento_ia.py                           0           1  2.11s           2026-03-03T08:37:09                       5
================================================================================
[2026-03-03T08:38:02.134+0000] {manager.py:997} INFO - 
================================================================================
DAG File Processing Stats

File Path                                       PID    Runtime      # DAGs    # Errors  Last Runtime    Last Run               Last # of DB Queries
----------------------------------------------  -----  ---------  --------  ----------  --------------  -------------------  ----------------------
/opt/airflow/dags/pipeline_entrenamiento_ia.py                           0           1  2.20s           2026-03-03T08:37:42                       5
================================================================================
[2026-03-03T08:38:35.211+0000] {manager.py:997} INFO - 
================================================================================
DAG File Processing Stats

File Path                                       PID    Runtime      # DAGs    # Errors  Last Runtime    Last Run               Last # of DB Queries
----------------------------------------------  -----  ---------  --------  ----------  --------------  -------------------  ----------------------
/opt/airflow/dags/pipeline_entrenamiento_ia.py                           0           1  2.33s           2026-03-03T08:38:15                       5
================================================================================
[2026-03-03T08:39:08.339+0000] {manager.py:997} INFO - 
================================================================================
DAG File Processing Stats

File Path                                       PID    Runtime      # DAGs    # Errors  Last Runtime    Last Run               Last # of DB Queries
----------------------------------------------  -----  ---------  --------  ----------  --------------  -------------------  ----------------------
/opt/airflow/dags/pipeline_entrenamiento_ia.py                           0           1  2.58s           2026-03-03T08:38:48                       5
================================================================================
[2026-03-03T08:39:16.123+0000] {manager.py:821} INFO - Searching for files in /opt/airflow/dags
[2026-03-03T08:39:16.152+0000] {manager.py:824} INFO - There are 1 files in /opt/airflow/dags
[2026-03-03T08:39:41.705+0000] {manager.py:997} INFO - 
================================================================================
DAG File Processing Stats

File Path                                       PID    Runtime      # DAGs    # Errors  Last Runtime    Last Run               Last # of DB Queries
----------------------------------------------  -----  ---------  --------  ----------  --------------  -------------------  ----------------------
/opt/airflow/dags/pipeline_entrenamiento_ia.py                           0           1  2.50s           2026-03-03T08:39:21                       5
================================================================================
[2026-03-03T08:40:14.808+0000] {manager.py:997} INFO - 
================================================================================
DAG File Processing Stats

File Path                                       PID    Runtime      # DAGs    # Errors  Last Runtime    Last Run               Last # of DB Queries
----------------------------------------------  -----  ---------  --------  ----------  --------------  -------------------  ----------------------
/opt/airflow/dags/pipeline_entrenamiento_ia.py                           0           1  2.57s           2026-03-03T08:39:55                       5
================================================================================
[2026-03-03T08:40:47.787+0000] {manager.py:997} INFO - 
================================================================================
DAG File Processing Stats

File Path                                       PID    Runtime      # DAGs    # Errors  Last Runtime    Last Run               Last # of DB Queries
----------------------------------------------  -----  ---------  --------  ----------  --------------  -------------------  ----------------------
/opt/airflow/dags/pipeline_entrenamiento_ia.py                           0           1  2.40s           2026-03-03T08:40:28                       5
================================================================================
[2026-03-03T08:41:20.709+0000] {manager.py:997} INFO - 
================================================================================
DAG File Processing Stats

File Path                                       PID    Runtime      # DAGs    # Errors  Last Runtime    Last Run               Last # of DB Queries
----------------------------------------------  -----  ---------  --------  ----------  --------------  -------------------  ----------------------
/opt/airflow/dags/pipeline_entrenamiento_ia.py                           0           1  2.87s           2026-03-03T08:41:13                       5
================================================================================
[2026-03-03T08:41:53.960+0000] {manager.py:997} INFO - 
================================================================================
DAG File Processing Stats

File Path                                       PID    Runtime      # DAGs    # Errors  Last Runtime    Last Run               Last # of DB Queries
----------------------------------------------  -----  ---------  --------  ----------  --------------  -------------------  ----------------------
/opt/airflow/dags/pipeline_entrenamiento_ia.py                           0           1  2.39s           2026-03-03T08:41:46                       5
================================================================================
[2026-03-03T08:42:26.995+0000] {manager.py:997} INFO - 
================================================================================
DAG File Processing Stats

File Path                                       PID    Runtime      # DAGs    # Errors  Last Runtime    Last Run               Last # of DB Queries
----------------------------------------------  -----  ---------  --------  ----------  --------------  -------------------  ----------------------
/opt/airflow/dags/pipeline_entrenamiento_ia.py                           0           1  2.37s           2026-03-03T08:42:20                       5
================================================================================
[2026-03-03T08:42:59.979+0000] {manager.py:997} INFO - 
================================================================================
DAG File Processing Stats

File Path                                       PID    Runtime      # DAGs    # Errors  Last Runtime    Last Run               Last # of DB Queries
----------------------------------------------  -----  ---------  --------  ----------  --------------  -------------------  ----------------------
/opt/airflow/dags/pipeline_entrenamiento_ia.py                           0           1  2.24s           2026-03-03T08:42:53                       5
================================================================================
[2026-03-03T08:43:33.140+0000] {manager.py:997} INFO - 
================================================================================
DAG File Processing Stats

File Path                                       PID    Runtime      # DAGs    # Errors  Last Runtime    Last Run               Last # of DB Queries
----------------------------------------------  -----  ---------  --------  ----------  --------------  -------------------  ----------------------
/opt/airflow/dags/pipeline_entrenamiento_ia.py                           0           1  2.22s           2026-03-03T08:43:26                       5
================================================================================
[2026-03-03T08:44:06.178+0000] {manager.py:997} INFO - 
================================================================================
DAG File Processing Stats

File Path                                       PID    Runtime      # DAGs    # Errors  Last Runtime    Last Run               Last # of DB Queries
----------------------------------------------  -----  ---------  --------  ----------  --------------  -------------------  ----------------------
/opt/airflow/dags/pipeline_entrenamiento_ia.py                           0           1  2.29s           2026-03-03T08:43:59                       5
================================================================================
[2026-03-03T08:44:16.204+0000] {manager.py:821} INFO - Searching for files in /opt/airflow/dags
[2026-03-03T08:44:16.230+0000] {manager.py:824} INFO - There are 1 files in /opt/airflow/dags
[2026-03-03T08:44:39.139+0000] {manager.py:997} INFO - 
================================================================================
DAG File Processing Stats

File Path                                       PID    Runtime      # DAGs    # Errors  Last Runtime    Last Run               Last # of DB Queries
----------------------------------------------  -----  ---------  --------  ----------  --------------  -------------------  ----------------------
/opt/airflow/dags/pipeline_entrenamiento_ia.py                           0           1  2.13s           2026-03-03T08:44:32                       5
================================================================================
[2026-03-03T08:45:12.128+0000] {manager.py:997} INFO - 
================================================================================
DAG File Processing Stats

File Path                                       PID    Runtime      # DAGs    # Errors  Last Runtime    Last Run               Last # of DB Queries
----------------------------------------------  -----  ---------  --------  ----------  --------------  -------------------  ----------------------
/opt/airflow/dags/pipeline_entrenamiento_ia.py                           0           1  2.09s           2026-03-03T08:45:05                       5
================================================================================
[2026-03-03T08:45:45.119+0000] {manager.py:997} INFO - 
================================================================================
DAG File Processing Stats

File Path                                       PID    Runtime      # DAGs    # Errors  Last Runtime    Last Run               Last # of DB Queries
----------------------------------------------  -----  ---------  --------  ----------  --------------  -------------------  ----------------------
/opt/airflow/dags/pipeline_entrenamiento_ia.py                           0           1  2.13s           2026-03-03T08:45:38                       5
================================================================================
[2026-03-03T08:46:18.127+0000] {manager.py:997} INFO - 
================================================================================
DAG File Processing Stats

File Path                                       PID    Runtime      # DAGs    # Errors  Last Runtime    Last Run               Last # of DB Queries
----------------------------------------------  -----  ---------  --------  ----------  --------------  -------------------  ----------------------
/opt/airflow/dags/pipeline_entrenamiento_ia.py                           0           1  2.28s           2026-03-03T08:46:11                       5
================================================================================
[2026-03-03T08:46:51.293+0000] {manager.py:997} INFO - 
================================================================================
DAG File Processing Stats

File Path                                       PID    Runtime      # DAGs    # Errors  Last Runtime    Last Run               Last # of DB Queries
----------------------------------------------  -----  ---------  --------  ----------  --------------  -------------------  ----------------------
/opt/airflow/dags/pipeline_entrenamiento_ia.py                           0           1  2.28s           2026-03-03T08:46:44                       5
================================================================================
[2026-03-03T08:47:22.576+0000] {manager.py:997} INFO - 
================================================================================
DAG File Processing Stats

File Path                                       PID    Runtime      # DAGs    # Errors  Last Runtime    Last Run               Last # of DB Queries
----------------------------------------------  -----  ---------  --------  ----------  --------------  -------------------  ----------------------
/opt/airflow/dags/pipeline_entrenamiento_ia.py                           0           1  2.25s           2026-03-03T08:47:17                       5
================================================================================
[2026-03-03T08:48:00.007+0000] {manager.py:997} INFO - 
================================================================================
DAG File Processing Stats

File Path                                       PID    Runtime      # DAGs    # Errors  Last Runtime    Last Run               Last # of DB Queries
----------------------------------------------  -----  ---------  --------  ----------  --------------  -------------------  ----------------------
/opt/airflow/dags/pipeline_entrenamiento_ia.py                           0           1  2.18s           2026-03-03T08:47:50                       5
================================================================================
[2026-03-03T08:48:33.094+0000] {manager.py:997} INFO - 
================================================================================
DAG File Processing Stats

File Path                                       PID    Runtime      # DAGs    # Errors  Last Runtime    Last Run               Last # of DB Queries
----------------------------------------------  -----  ---------  --------  ----------  --------------  -------------------  ----------------------
/opt/airflow/dags/pipeline_entrenamiento_ia.py                           0           1  2.29s           2026-03-03T08:48:23                       5
================================================================================
[2026-03-03T08:49:06.169+0000] {manager.py:997} INFO - 
================================================================================
DAG File Processing Stats

File Path                                       PID    Runtime      # DAGs    # Errors  Last Runtime    Last Run               Last # of DB Queries
----------------------------------------------  -----  ---------  --------  ----------  --------------  -------------------  ----------------------
/opt/airflow/dags/pipeline_entrenamiento_ia.py                           0           1  2.13s           2026-03-03T08:48:56                       5
================================================================================
[2026-03-03T08:49:16.234+0000] {manager.py:821} INFO - Searching for files in /opt/airflow/dags
[2026-03-03T08:49:16.256+0000] {manager.py:824} INFO - There are 1 files in /opt/airflow/dags
[2026-03-03T08:49:39.161+0000] {manager.py:997} INFO - 
================================================================================
DAG File Processing Stats

File Path                                       PID    Runtime      # DAGs    # Errors  Last Runtime    Last Run               Last # of DB Queries
----------------------------------------------  -----  ---------  --------  ----------  --------------  -------------------  ----------------------
/opt/airflow/dags/pipeline_entrenamiento_ia.py                           0           1  2.13s           2026-03-03T08:49:29                       5
================================================================================
[2026-03-03T08:50:12.230+0000] {manager.py:997} INFO - 
================================================================================
DAG File Processing Stats

File Path                                       PID    Runtime      # DAGs    # Errors  Last Runtime    Last Run               Last # of DB Queries
----------------------------------------------  -----  ---------  --------  ----------  --------------  -------------------  ----------------------
/opt/airflow/dags/pipeline_entrenamiento_ia.py                           0           1  2.46s           2026-03-03T08:50:02                       5
================================================================================
[2026-03-03T08:50:45.180+0000] {manager.py:997} INFO - 
================================================================================
DAG File Processing Stats

File Path                                       PID    Runtime      # DAGs    # Errors  Last Runtime    Last Run               Last # of DB Queries
----------------------------------------------  -----  ---------  --------  ----------  --------------  -------------------  ----------------------
/opt/airflow/dags/pipeline_entrenamiento_ia.py                           0           1  2.19s           2026-03-03T08:50:35                       5
================================================================================
[2026-03-03T08:51:18.135+0000] {manager.py:997} INFO - 
================================================================================
DAG File Processing Stats

File Path                                       PID    Runtime      # DAGs    # Errors  Last Runtime    Last Run               Last # of DB Queries
----------------------------------------------  -----  ---------  --------  ----------  --------------  -------------------  ----------------------
/opt/airflow/dags/pipeline_entrenamiento_ia.py                           0           1  2.13s           2026-03-03T08:51:08                       5
================================================================================
[2026-03-03T08:51:51.210+0000] {manager.py:997} INFO - 
================================================================================
DAG File Processing Stats

File Path                                       PID    Runtime      # DAGs    # Errors  Last Runtime    Last Run               Last # of DB Queries
----------------------------------------------  -----  ---------  --------  ----------  --------------  -------------------  ----------------------
/opt/airflow/dags/pipeline_entrenamiento_ia.py                           0           1  2.52s           2026-03-03T08:51:41                       5
================================================================================
[2026-03-03T08:52:24.591+0000] {manager.py:997} INFO - 
================================================================================
DAG File Processing Stats

File Path                                       PID    Runtime      # DAGs    # Errors  Last Runtime    Last Run               Last # of DB Queries
----------------------------------------------  -----  ---------  --------  ----------  --------------  -------------------  ----------------------
/opt/airflow/dags/pipeline_entrenamiento_ia.py                           0           1  2.51s           2026-03-03T08:52:14                       5
================================================================================
[2026-03-03T08:52:57.617+0000] {manager.py:997} INFO - 
================================================================================
DAG File Processing Stats

File Path                                       PID    Runtime      # DAGs    # Errors  Last Runtime    Last Run               Last # of DB Queries
----------------------------------------------  -----  ---------  --------  ----------  --------------  -------------------  ----------------------
/opt/airflow/dags/pipeline_entrenamiento_ia.py                           0           1  2.29s           2026-03-03T08:52:48                       5
================================================================================
[2026-03-03T08:53:30.776+0000] {manager.py:997} INFO - 
================================================================================
DAG File Processing Stats

File Path                                       PID    Runtime      # DAGs    # Errors  Last Runtime    Last Run               Last # of DB Queries
----------------------------------------------  -----  ---------  --------  ----------  --------------  -------------------  ----------------------
/opt/airflow/dags/pipeline_entrenamiento_ia.py                           0           1  2.31s           2026-03-03T08:53:21                       5
================================================================================
[2026-03-03T08:54:03.812+0000] {manager.py:997} INFO - 
================================================================================
DAG File Processing Stats

File Path                                       PID    Runtime      # DAGs    # Errors  Last Runtime    Last Run               Last # of DB Queries
----------------------------------------------  -----  ---------  --------  ----------  --------------  -------------------  ----------------------
/opt/airflow/dags/pipeline_entrenamiento_ia.py                           0           1  2.27s           2026-03-03T08:53:54                       5
================================================================================
[2026-03-03T08:54:16.894+0000] {manager.py:821} INFO - Searching for files in /opt/airflow/dags
[2026-03-03T08:54:16.921+0000] {manager.py:824} INFO - There are 1 files in /opt/airflow/dags
[2026-03-03T08:54:36.953+0000] {manager.py:997} INFO - 
================================================================================
DAG File Processing Stats

File Path                                       PID    Runtime      # DAGs    # Errors  Last Runtime    Last Run               Last # of DB Queries
----------------------------------------------  -----  ---------  --------  ----------  --------------  -------------------  ----------------------
/opt/airflow/dags/pipeline_entrenamiento_ia.py                           0           1  2.22s           2026-03-03T08:54:27                       5
================================================================================
