[2026-03-05T03:10:52.472+0000] {local_task_job_runner.py:123} INFO - ::group::Pre task execution logs
[2026-03-05T03:10:52.495+0000] {taskinstance.py:2613} INFO - Dependencies all met for dep_context=non-requeueable deps ti=<TaskInstance: dag_3_actualizacion_rag.commit_razonamiento_json manual__2026-03-05T03:09:24.013046+00:00 [queued]>
[2026-03-05T03:10:52.506+0000] {taskinstance.py:2613} INFO - Dependencies all met for dep_context=requeueable deps ti=<TaskInstance: dag_3_actualizacion_rag.commit_razonamiento_json manual__2026-03-05T03:09:24.013046+00:00 [queued]>
[2026-03-05T03:10:52.508+0000] {taskinstance.py:2866} INFO - Starting attempt 1 of 1
[2026-03-05T03:10:52.521+0000] {taskinstance.py:2889} INFO - Executing <Task(PythonOperator): commit_razonamiento_json> on 2026-03-05 03:09:24.013046+00:00
[2026-03-05T03:10:52.532+0000] {logging_mixin.py:190} WARNING - /home/***/.local/lib/python3.12/site-packages/***/task/task_runner/standard_task_runner.py:70 DeprecationWarning: This process (pid=8408) is multi-threaded, use of fork() may lead to deadlocks in the child.
[2026-03-05T03:10:52.533+0000] {standard_task_runner.py:72} INFO - Started process 8410 to run task
[2026-03-05T03:10:52.532+0000] {standard_task_runner.py:104} INFO - Running: ['***', 'tasks', 'run', 'dag_3_actualizacion_rag', 'commit_razonamiento_json', 'manual__2026-03-05T03:09:24.013046+00:00', '--job-id', '109', '--raw', '--subdir', 'DAGS_FOLDER/dag_3_actualizacion_rag.py', '--cfg-path', '/tmp/tmpe41ddk87']
[2026-03-05T03:10:52.534+0000] {standard_task_runner.py:105} INFO - Job 109: Subtask commit_razonamiento_json
[2026-03-05T03:10:52.600+0000] {task_command.py:467} INFO - Running <TaskInstance: dag_3_actualizacion_rag.commit_razonamiento_json manual__2026-03-05T03:09:24.013046+00:00 [running]> on host 6db8ac2a4a54
[2026-03-05T03:10:52.712+0000] {taskinstance.py:3132} INFO - Exporting env vars: AIRFLOW_CTX_DAG_OWNER='***' AIRFLOW_CTX_DAG_ID='dag_3_actualizacion_rag' AIRFLOW_CTX_TASK_ID='commit_razonamiento_json' AIRFLOW_CTX_EXECUTION_DATE='2026-03-05T03:09:24.013046+00:00' AIRFLOW_CTX_TRY_NUMBER='1' AIRFLOW_CTX_DAG_RUN_ID='manual__2026-03-05T03:09:24.013046+00:00'
[2026-03-05T03:10:52.713+0000] {taskinstance.py:731} INFO - ::endgroup::
[2026-03-05T03:10:54.447+0000] {logging_mixin.py:190} INFO - [OK] Actualizado razonamiento.json
[2026-03-05T03:10:55.822+0000] {logging_mixin.py:190} INFO - [OK] Actualizado metrics.json
[2026-03-05T03:10:55.824+0000] {python.py:240} INFO - Done. Returned value was: None
[2026-03-05T03:10:55.846+0000] {taskinstance.py:340} INFO - ::group::Post task execution logs
[2026-03-05T03:10:55.847+0000] {taskinstance.py:352} INFO - Marking task as SUCCESS. dag_id=dag_3_actualizacion_rag, task_id=commit_razonamiento_json, run_id=manual__2026-03-05T03:09:24.013046+00:00, execution_date=20260305T030924, start_date=20260305T031052, end_date=20260305T031055
[2026-03-05T03:10:55.879+0000] {local_task_job_runner.py:266} INFO - Task exited with return code 0
[2026-03-05T03:10:55.903+0000] {taskinstance.py:3895} INFO - 0 downstream tasks scheduled from follow-on schedule check
[2026-03-05T03:10:55.905+0000] {local_task_job_runner.py:245} INFO - ::endgroup::
