[2026-03-05T03:09:40.488+0000] {local_task_job_runner.py:123} INFO - ::group::Pre task execution logs
[2026-03-05T03:09:40.509+0000] {taskinstance.py:2613} INFO - Dependencies all met for dep_context=non-requeueable deps ti=<TaskInstance: dag_1_ingestion_transaccional.ejecutar_kpi_rendimiento_plataforma manual__2026-03-04T22:09:14-05:00 [queued]>
[2026-03-05T03:09:40.521+0000] {taskinstance.py:2613} INFO - Dependencies all met for dep_context=requeueable deps ti=<TaskInstance: dag_1_ingestion_transaccional.ejecutar_kpi_rendimiento_plataforma manual__2026-03-04T22:09:14-05:00 [queued]>
[2026-03-05T03:09:40.523+0000] {taskinstance.py:2866} INFO - Starting attempt 1 of 1
[2026-03-05T03:09:40.540+0000] {taskinstance.py:2889} INFO - Executing <Task(BigQueryInsertJobOperator): ejecutar_kpi_rendimiento_plataforma> on 2026-03-05 03:09:14+00:00
[2026-03-05T03:09:40.550+0000] {logging_mixin.py:190} WARNING - /home/***/.local/lib/python3.12/site-packages/***/task/task_runner/standard_task_runner.py:70 DeprecationWarning: This process (pid=8304) is multi-threaded, use of fork() may lead to deadlocks in the child.
[2026-03-05T03:09:40.552+0000] {standard_task_runner.py:72} INFO - Started process 8312 to run task
[2026-03-05T03:09:40.550+0000] {standard_task_runner.py:104} INFO - Running: ['***', 'tasks', 'run', 'dag_1_ingestion_transaccional', 'ejecutar_kpi_rendimiento_plataforma', 'manual__2026-03-04T22:09:14-05:00', '--job-id', '105', '--raw', '--subdir', 'DAGS_FOLDER/dag_1_ingestion_transaccional.py', '--cfg-path', '/tmp/tmpo5_y0g2t']
[2026-03-05T03:09:40.552+0000] {standard_task_runner.py:105} INFO - Job 105: Subtask ejecutar_kpi_rendimiento_plataforma
[2026-03-05T03:09:40.611+0000] {task_command.py:467} INFO - Running <TaskInstance: dag_1_ingestion_transaccional.ejecutar_kpi_rendimiento_plataforma manual__2026-03-04T22:09:14-05:00 [running]> on host 6db8ac2a4a54
[2026-03-05T03:09:40.942+0000] {taskinstance.py:3132} INFO - Exporting env vars: AIRFLOW_CTX_DAG_OWNER='***' AIRFLOW_CTX_DAG_ID='dag_1_ingestion_transaccional' AIRFLOW_CTX_TASK_ID='ejecutar_kpi_rendimiento_plataforma' AIRFLOW_CTX_EXECUTION_DATE='2026-03-05T03:09:14+00:00' AIRFLOW_CTX_TRY_NUMBER='1' AIRFLOW_CTX_DAG_RUN_ID='manual__2026-03-04T22:09:14-05:00'
[2026-03-05T03:09:40.943+0000] {taskinstance.py:731} INFO - ::endgroup::
[2026-03-05T03:09:40.969+0000] {connection.py:277} WARNING - Connection schemes (type: google_cloud_platform) shall not contain '_' according to RFC3986.
[2026-03-05T03:09:40.971+0000] {base.py:84} INFO - Retrieving connection 'google_cloud_default'
[2026-03-05T03:09:40.972+0000] {bigquery.py:2620} INFO - Executing: {'query': {'query': '-- KPI: latencia promedio por plataforma y tipo de evento (iOS/Android/Web).\nCREATE OR REPLACE VIEW `data-solution-end-to-end-21.cala_analytics.v_kpi_latencia_plataforma` AS\nSELECT\n    plataforma,\n    event_name,\n    AVG(latencia_ms) AS latencia_promedio,\n    COUNT(*) AS volumen_eventos\nFROM `data-solution-end-to-end-21.cala_analytics.eventos_app`\nGROUP BY 1, 2\nORDER BY latencia_promedio DESC;', 'useLegacySql': False}}'
[2026-03-05T03:09:41.014+0000] {bigquery.py:1241} INFO - Inserting job ***_dag_1_ingestion_transaccional_ejecutar_kpi_rendimiento_plataforma_2026_03_05T03_09_14_00_00_288472f1935c99caefcaf207d19a031a
[2026-03-05T03:09:42.424+0000] {taskinstance.py:340} INFO - ::group::Post task execution logs
[2026-03-05T03:09:42.424+0000] {taskinstance.py:352} INFO - Marking task as SUCCESS. dag_id=dag_1_ingestion_transaccional, task_id=ejecutar_kpi_rendimiento_plataforma, run_id=manual__2026-03-04T22:09:14-05:00, execution_date=20260305T030914, start_date=20260305T030940, end_date=20260305T030942
[2026-03-05T03:09:42.492+0000] {local_task_job_runner.py:266} INFO - Task exited with return code 0
[2026-03-05T03:09:42.513+0000] {taskinstance.py:3895} INFO - 0 downstream tasks scheduled from follow-on schedule check
[2026-03-05T03:09:42.516+0000] {local_task_job_runner.py:245} INFO - ::endgroup::
