[2026-03-04T22:43:54.782+0000] {local_task_job_runner.py:123} INFO - ::group::Pre task execution logs
[2026-03-04T22:43:54.810+0000] {taskinstance.py:2613} INFO - Dependencies all met for dep_context=non-requeueable deps ti=<TaskInstance: dag_1_ingestion_transaccional.ejecutar_kpi_recurrencia_30d manual__2026-03-04T17:32:19-05:00 [queued]>
[2026-03-04T22:43:54.822+0000] {taskinstance.py:2613} INFO - Dependencies all met for dep_context=requeueable deps ti=<TaskInstance: dag_1_ingestion_transaccional.ejecutar_kpi_recurrencia_30d manual__2026-03-04T17:32:19-05:00 [queued]>
[2026-03-04T22:43:54.823+0000] {taskinstance.py:2866} INFO - Starting attempt 1 of 1
[2026-03-04T22:43:54.844+0000] {taskinstance.py:2889} INFO - Executing <Task(BigQueryInsertJobOperator): ejecutar_kpi_recurrencia_30d> on 2026-03-04 22:32:19+00:00
[2026-03-04T22:43:54.858+0000] {standard_task_runner.py:104} INFO - Running: ['***', 'tasks', 'run', 'dag_1_ingestion_transaccional', 'ejecutar_kpi_recurrencia_30d', 'manual__2026-03-04T17:32:19-05:00', '--job-id', '88', '--raw', '--subdir', 'DAGS_FOLDER/dag_1_ingestion_transaccional.py', '--cfg-path', '/tmp/tmpai8fhea1']
[2026-03-04T22:43:54.862+0000] {standard_task_runner.py:105} INFO - Job 88: Subtask ejecutar_kpi_recurrencia_30d
[2026-03-04T22:43:54.863+0000] {logging_mixin.py:190} WARNING - /home/***/.local/lib/python3.12/site-packages/***/task/task_runner/standard_task_runner.py:70 DeprecationWarning: This process (pid=848) is multi-threaded, use of fork() may lead to deadlocks in the child.
[2026-03-04T22:43:54.864+0000] {standard_task_runner.py:72} INFO - Started process 853 to run task
[2026-03-04T22:43:54.951+0000] {task_command.py:467} INFO - Running <TaskInstance: dag_1_ingestion_transaccional.ejecutar_kpi_recurrencia_30d manual__2026-03-04T17:32:19-05:00 [running]> on host 6db8ac2a4a54
[2026-03-04T22:43:55.290+0000] {taskinstance.py:3132} INFO - Exporting env vars: AIRFLOW_CTX_DAG_OWNER='***' AIRFLOW_CTX_DAG_ID='dag_1_ingestion_transaccional' AIRFLOW_CTX_TASK_ID='ejecutar_kpi_recurrencia_30d' AIRFLOW_CTX_EXECUTION_DATE='2026-03-04T22:32:19+00:00' AIRFLOW_CTX_TRY_NUMBER='1' AIRFLOW_CTX_DAG_RUN_ID='manual__2026-03-04T17:32:19-05:00'
[2026-03-04T22:43:55.291+0000] {taskinstance.py:731} INFO - ::endgroup::
[2026-03-04T22:43:55.324+0000] {connection.py:277} WARNING - Connection schemes (type: google_cloud_platform) shall not contain '_' according to RFC3986.
[2026-03-04T22:43:55.326+0000] {base.py:84} INFO - Retrieving connection 'google_cloud_default'
[2026-03-04T22:43:55.327+0000] {bigquery.py:2620} INFO - Executing: {'query': {'query': '-- Vista KPI: clientes recurrentes (≥2 atenciones en ventana 30d).\n-- Corrección: Uso de UNIX_DATE para que RANGE funcione (BigQuery exige tipo numérico en ORDER BY para RANGE).\nCREATE OR REPLACE VIEW `data-solution-end-to-end-21.cala_analytics.v_kpi_recurrencia_30d` AS\nWITH ventana AS (\n  SELECT id_cliente, fecha_proceso,\n    COUNT(*) OVER (\n      PARTITION BY id_cliente\n      ORDER BY UNIX_DATE(DATE(fecha_proceso))\n      RANGE BETWEEN 30 PRECEDING AND CURRENT ROW\n    ) AS atenciones_30d\n  FROM `data-solution-end-to-end-21.cala_analytics.atenciones`\n  WHERE fecha_proceso IS NOT NULL\n)\nSELECT fecha_proceso, COUNT(DISTINCT id_cliente) AS clientes_recurrentes_30d\nFROM ventana WHERE atenciones_30d >= 2\nGROUP BY fecha_proceso ORDER BY fecha_proceso;', 'useLegacySql': False}}'
[2026-03-04T22:43:55.387+0000] {bigquery.py:1241} INFO - Inserting job ***_dag_1_ingestion_transaccional_ejecutar_kpi_recurrencia_30d_2026_03_04T22_32_19_00_00_9192b7f052745aed3dc95af7f1a88d7c
[2026-03-04T22:43:56.720+0000] {taskinstance.py:340} INFO - ::group::Post task execution logs
[2026-03-04T22:43:56.721+0000] {taskinstance.py:352} INFO - Marking task as SUCCESS. dag_id=dag_1_ingestion_transaccional, task_id=ejecutar_kpi_recurrencia_30d, run_id=manual__2026-03-04T17:32:19-05:00, execution_date=20260304T223219, start_date=20260304T224354, end_date=20260304T224356
[2026-03-04T22:43:56.766+0000] {local_task_job_runner.py:266} INFO - Task exited with return code 0
[2026-03-04T22:43:56.786+0000] {taskinstance.py:3895} INFO - 0 downstream tasks scheduled from follow-on schedule check
[2026-03-04T22:43:56.789+0000] {local_task_job_runner.py:245} INFO - ::endgroup::
