[2026-03-04T21:34:02.798+0000] {local_task_job_runner.py:123} INFO - ::group::Pre task execution logs
[2026-03-04T21:34:02.820+0000] {taskinstance.py:2613} INFO - Dependencies all met for dep_context=non-requeueable deps ti=<TaskInstance: dag_1_ingestion_transaccional.crear_tabla_clientes manual__2026-03-04T16:33:48-05:00 [queued]>
[2026-03-04T21:34:02.829+0000] {taskinstance.py:2613} INFO - Dependencies all met for dep_context=requeueable deps ti=<TaskInstance: dag_1_ingestion_transaccional.crear_tabla_clientes manual__2026-03-04T16:33:48-05:00 [queued]>
[2026-03-04T21:34:02.830+0000] {taskinstance.py:2866} INFO - Starting attempt 1 of 1
[2026-03-04T21:34:02.842+0000] {taskinstance.py:2889} INFO - Executing <Task(BigQueryInsertJobOperator): crear_tabla_clientes> on 2026-03-04 21:33:48+00:00
[2026-03-04T21:34:02.850+0000] {standard_task_runner.py:104} INFO - Running: ['***', 'tasks', 'run', 'dag_1_ingestion_transaccional', 'crear_tabla_clientes', 'manual__2026-03-04T16:33:48-05:00', '--job-id', '25', '--raw', '--subdir', 'DAGS_FOLDER/dag_1_ingestion_transaccional.py', '--cfg-path', '/tmp/tmp1h1jj7m9']
[2026-03-04T21:34:02.853+0000] {logging_mixin.py:190} WARNING - /home/***/.local/lib/python3.12/site-packages/***/task/task_runner/standard_task_runner.py:70 DeprecationWarning: This process (pid=218) is multi-threaded, use of fork() may lead to deadlocks in the child.
[2026-03-04T21:34:02.854+0000] {standard_task_runner.py:105} INFO - Job 25: Subtask crear_tabla_clientes
[2026-03-04T21:34:02.854+0000] {standard_task_runner.py:72} INFO - Started process 223 to run task
[2026-03-04T21:34:02.925+0000] {task_command.py:467} INFO - Running <TaskInstance: dag_1_ingestion_transaccional.crear_tabla_clientes manual__2026-03-04T16:33:48-05:00 [running]> on host 89112d7e2f38
[2026-03-04T21:34:03.034+0000] {taskinstance.py:3132} INFO - Exporting env vars: AIRFLOW_CTX_DAG_OWNER='***' AIRFLOW_CTX_DAG_ID='dag_1_ingestion_transaccional' AIRFLOW_CTX_TASK_ID='crear_tabla_clientes' AIRFLOW_CTX_EXECUTION_DATE='2026-03-04T21:33:48+00:00' AIRFLOW_CTX_TRY_NUMBER='1' AIRFLOW_CTX_DAG_RUN_ID='manual__2026-03-04T16:33:48-05:00'
[2026-03-04T21:34:03.036+0000] {taskinstance.py:731} INFO - ::endgroup::
[2026-03-04T21:34:03.327+0000] {connection.py:277} WARNING - Connection schemes (type: google_cloud_platform) shall not contain '_' according to RFC3986.
[2026-03-04T21:34:03.329+0000] {base.py:84} INFO - Retrieving connection 'google_cloud_default'
[2026-03-04T21:34:03.330+0000] {bigquery.py:2620} INFO - Executing: {'query': {'query': "-- BigQuery Standard SQL. Tabla de clientes clusterizada.\n-- Ejecutar con BigQueryInsertJobOperator; el DAG debe pasar params: bq_project, bq_dataset.\nCREATE OR REPLACE TABLE `data-solution-end-to-end-21.cala_analytics.clientes` (\n  id_cliente STRING,\n  documento STRING,\n  fecha_registro TIMESTAMP,\n  segmento STRING,\n  ciudad STRING,\n  score_crediticio INT64\n)\nCLUSTER BY ciudad, segmento\nOPTIONS(\n  description = 'Clientes: cluster por ciudad y segmento'\n);", 'useLegacySql': False}}'
[2026-03-04T21:34:03.372+0000] {bigquery.py:1241} INFO - Inserting job ***_dag_1_ingestion_transaccional_crear_tabla_clientes_2026_03_04T21_33_48_00_00_fc1259418e537ada422bf2f6935f5b5f
[2026-03-04T21:34:04.843+0000] {taskinstance.py:340} INFO - ::group::Post task execution logs
[2026-03-04T21:34:04.844+0000] {taskinstance.py:352} INFO - Marking task as SUCCESS. dag_id=dag_1_ingestion_transaccional, task_id=crear_tabla_clientes, run_id=manual__2026-03-04T16:33:48-05:00, execution_date=20260304T213348, start_date=20260304T213402, end_date=20260304T213404
[2026-03-04T21:34:04.875+0000] {local_task_job_runner.py:266} INFO - Task exited with return code 0
[2026-03-04T21:34:04.901+0000] {taskinstance.py:3895} INFO - 0 downstream tasks scheduled from follow-on schedule check
[2026-03-04T21:34:04.903+0000] {local_task_job_runner.py:245} INFO - ::endgroup::
