[2026-03-04T22:23:45.621+0000] {local_task_job_runner.py:123} INFO - ::group::Pre task execution logs
[2026-03-04T22:23:45.646+0000] {taskinstance.py:2613} INFO - Dependencies all met for dep_context=non-requeueable deps ti=<TaskInstance: dag_1_ingestion_transaccional.crear_tabla_clientes manual__2026-03-04T17:23:32-05:00 [queued]>
[2026-03-04T22:23:45.655+0000] {taskinstance.py:2613} INFO - Dependencies all met for dep_context=requeueable deps ti=<TaskInstance: dag_1_ingestion_transaccional.crear_tabla_clientes manual__2026-03-04T17:23:32-05:00 [queued]>
[2026-03-04T22:23:45.656+0000] {taskinstance.py:2866} INFO - Starting attempt 1 of 1
[2026-03-04T22:23:45.668+0000] {taskinstance.py:2889} INFO - Executing <Task(BigQueryInsertJobOperator): crear_tabla_clientes> on 2026-03-04 22:23:32+00:00
[2026-03-04T22:23:45.678+0000] {standard_task_runner.py:104} INFO - Running: ['***', 'tasks', 'run', 'dag_1_ingestion_transaccional', 'crear_tabla_clientes', 'manual__2026-03-04T17:23:32-05:00', '--job-id', '68', '--raw', '--subdir', 'DAGS_FOLDER/dag_1_ingestion_transaccional.py', '--cfg-path', '/tmp/tmpw8smaemu']
[2026-03-04T22:23:45.681+0000] {logging_mixin.py:190} WARNING - /home/***/.local/lib/python3.12/site-packages/***/task/task_runner/standard_task_runner.py:70 DeprecationWarning: This process (pid=229) is multi-threaded, use of fork() may lead to deadlocks in the child.
[2026-03-04T22:23:45.681+0000] {standard_task_runner.py:105} INFO - Job 68: Subtask crear_tabla_clientes
[2026-03-04T22:23:45.682+0000] {standard_task_runner.py:72} INFO - Started process 238 to run task
[2026-03-04T22:23:45.746+0000] {task_command.py:467} INFO - Running <TaskInstance: dag_1_ingestion_transaccional.crear_tabla_clientes manual__2026-03-04T17:23:32-05:00 [running]> on host 2cb47e214c77
[2026-03-04T22:23:46.084+0000] {taskinstance.py:3132} INFO - Exporting env vars: AIRFLOW_CTX_DAG_OWNER='***' AIRFLOW_CTX_DAG_ID='dag_1_ingestion_transaccional' AIRFLOW_CTX_TASK_ID='crear_tabla_clientes' AIRFLOW_CTX_EXECUTION_DATE='2026-03-04T22:23:32+00:00' AIRFLOW_CTX_TRY_NUMBER='1' AIRFLOW_CTX_DAG_RUN_ID='manual__2026-03-04T17:23:32-05:00'
[2026-03-04T22:23:46.085+0000] {taskinstance.py:731} INFO - ::endgroup::
[2026-03-04T22:23:46.108+0000] {connection.py:277} WARNING - Connection schemes (type: google_cloud_platform) shall not contain '_' according to RFC3986.
[2026-03-04T22:23:46.110+0000] {base.py:84} INFO - Retrieving connection 'google_cloud_default'
[2026-03-04T22:23:46.111+0000] {bigquery.py:2620} INFO - Executing: {'query': {'query': "-- BigQuery Standard SQL. Tabla de clientes clusterizada.\n-- Ejecutar con BigQueryInsertJobOperator; el DAG debe pasar params: bq_project, bq_dataset.\nCREATE OR REPLACE TABLE `data-solution-end-to-end-21.cala_analytics.clientes` (\n  id_cliente STRING,\n  documento STRING,\n  fecha_registro TIMESTAMP,\n  segmento STRING,\n  ciudad STRING,\n  score_crediticio INT64\n)\nCLUSTER BY ciudad, segmento\nOPTIONS(\n  description = 'Clientes: cluster por ciudad y segmento'\n);", 'useLegacySql': False}}'
[2026-03-04T22:23:46.149+0000] {bigquery.py:1241} INFO - Inserting job ***_dag_1_ingestion_transaccional_crear_tabla_clientes_2026_03_04T22_23_32_00_00_c258d4e8d840995a30d634d54d5a9258
[2026-03-04T22:23:47.639+0000] {taskinstance.py:340} INFO - ::group::Post task execution logs
[2026-03-04T22:23:47.640+0000] {taskinstance.py:352} INFO - Marking task as SUCCESS. dag_id=dag_1_ingestion_transaccional, task_id=crear_tabla_clientes, run_id=manual__2026-03-04T17:23:32-05:00, execution_date=20260304T222332, start_date=20260304T222345, end_date=20260304T222347
[2026-03-04T22:23:47.703+0000] {local_task_job_runner.py:266} INFO - Task exited with return code 0
[2026-03-04T22:23:47.732+0000] {taskinstance.py:3895} INFO - 1 downstream tasks scheduled from follow-on schedule check
[2026-03-04T22:23:47.734+0000] {local_task_job_runner.py:245} INFO - ::endgroup::
