[2026-03-04T21:34:08.983+0000] {local_task_job_runner.py:123} INFO - ::group::Pre task execution logs
[2026-03-04T21:34:09.006+0000] {taskinstance.py:2613} INFO - Dependencies all met for dep_context=non-requeueable deps ti=<TaskInstance: dag_1_ingestion_transaccional.ejecutar_kpi_rendimiento_plataforma manual__2026-03-04T16:33:48-05:00 [queued]>
[2026-03-04T21:34:09.015+0000] {taskinstance.py:2613} INFO - Dependencies all met for dep_context=requeueable deps ti=<TaskInstance: dag_1_ingestion_transaccional.ejecutar_kpi_rendimiento_plataforma manual__2026-03-04T16:33:48-05:00 [queued]>
[2026-03-04T21:34:09.016+0000] {taskinstance.py:2866} INFO - Starting attempt 1 of 1
[2026-03-04T21:34:09.030+0000] {taskinstance.py:2889} INFO - Executing <Task(BigQueryInsertJobOperator): ejecutar_kpi_rendimiento_plataforma> on 2026-03-04 21:33:48+00:00
[2026-03-04T21:34:09.038+0000] {standard_task_runner.py:104} INFO - Running: ['***', 'tasks', 'run', 'dag_1_ingestion_transaccional', 'ejecutar_kpi_rendimiento_plataforma', 'manual__2026-03-04T16:33:48-05:00', '--job-id', '31', '--raw', '--subdir', 'DAGS_FOLDER/dag_1_ingestion_transaccional.py', '--cfg-path', '/tmp/tmp2brtc84g']
[2026-03-04T21:34:09.042+0000] {standard_task_runner.py:105} INFO - Job 31: Subtask ejecutar_kpi_rendimiento_plataforma
[2026-03-04T21:34:09.043+0000] {logging_mixin.py:190} WARNING - /home/***/.local/lib/python3.12/site-packages/***/task/task_runner/standard_task_runner.py:70 DeprecationWarning: This process (pid=238) is multi-threaded, use of fork() may lead to deadlocks in the child.
[2026-03-04T21:34:09.044+0000] {standard_task_runner.py:72} INFO - Started process 243 to run task
[2026-03-04T21:34:09.108+0000] {task_command.py:467} INFO - Running <TaskInstance: dag_1_ingestion_transaccional.ejecutar_kpi_rendimiento_plataforma manual__2026-03-04T16:33:48-05:00 [running]> on host 89112d7e2f38
[2026-03-04T21:34:09.217+0000] {taskinstance.py:3132} INFO - Exporting env vars: AIRFLOW_CTX_DAG_OWNER='***' AIRFLOW_CTX_DAG_ID='dag_1_ingestion_transaccional' AIRFLOW_CTX_TASK_ID='ejecutar_kpi_rendimiento_plataforma' AIRFLOW_CTX_EXECUTION_DATE='2026-03-04T21:33:48+00:00' AIRFLOW_CTX_TRY_NUMBER='1' AIRFLOW_CTX_DAG_RUN_ID='manual__2026-03-04T16:33:48-05:00'
[2026-03-04T21:34:09.219+0000] {taskinstance.py:731} INFO - ::endgroup::
[2026-03-04T21:34:09.506+0000] {connection.py:277} WARNING - Connection schemes (type: google_cloud_platform) shall not contain '_' according to RFC3986.
[2026-03-04T21:34:09.508+0000] {base.py:84} INFO - Retrieving connection 'google_cloud_default'
[2026-03-04T21:34:09.509+0000] {bigquery.py:2620} INFO - Executing: {'query': {'query': '-- KPI: latencia promedio por plataforma y tipo de evento (iOS/Android/Web).\nCREATE OR REPLACE VIEW `data-solution-end-to-end-21.cala_analytics.v_kpi_latencia_plataforma` AS\nSELECT\n    plataforma,\n    event_name,\n    AVG(latencia_ms) AS latencia_promedio,\n    COUNT(*) AS volumen_eventos\nFROM `data-solution-end-to-end-21.cala_analytics.eventos_app`\nGROUP BY 1, 2\nORDER BY latencia_promedio DESC;', 'useLegacySql': False}}'
[2026-03-04T21:34:09.551+0000] {bigquery.py:1241} INFO - Inserting job ***_dag_1_ingestion_transaccional_ejecutar_kpi_rendimiento_plataforma_2026_03_04T21_33_48_00_00_0e43f9dd6d0c503fd3aa5a31b26f9084
[2026-03-04T21:34:10.892+0000] {taskinstance.py:340} INFO - ::group::Post task execution logs
[2026-03-04T21:34:10.893+0000] {taskinstance.py:352} INFO - Marking task as SUCCESS. dag_id=dag_1_ingestion_transaccional, task_id=ejecutar_kpi_rendimiento_plataforma, run_id=manual__2026-03-04T16:33:48-05:00, execution_date=20260304T213348, start_date=20260304T213409, end_date=20260304T213410
[2026-03-04T21:34:10.945+0000] {local_task_job_runner.py:266} INFO - Task exited with return code 0
[2026-03-04T21:34:10.964+0000] {taskinstance.py:3895} INFO - 0 downstream tasks scheduled from follow-on schedule check
[2026-03-04T21:34:10.967+0000] {local_task_job_runner.py:245} INFO - ::endgroup::
