[2026-03-04T22:13:17.088+0000] {local_task_job_runner.py:123} INFO - ::group::Pre task execution logs
[2026-03-04T22:13:17.109+0000] {taskinstance.py:2613} INFO - Dependencies all met for dep_context=non-requeueable deps ti=<TaskInstance: dag_3_actualizacion_rag.commit_razonamiento_json manual__2026-03-04T22:12:51.205344+00:00 [queued]>
[2026-03-04T22:13:17.118+0000] {taskinstance.py:2613} INFO - Dependencies all met for dep_context=requeueable deps ti=<TaskInstance: dag_3_actualizacion_rag.commit_razonamiento_json manual__2026-03-04T22:12:51.205344+00:00 [queued]>
[2026-03-04T22:13:17.120+0000] {taskinstance.py:2866} INFO - Starting attempt 1 of 1
[2026-03-04T22:13:17.133+0000] {taskinstance.py:2889} INFO - Executing <Task(PythonOperator): commit_razonamiento_json> on 2026-03-04 22:12:51.205344+00:00
[2026-03-04T22:13:17.141+0000] {standard_task_runner.py:104} INFO - Running: ['***', 'tasks', 'run', 'dag_3_actualizacion_rag', 'commit_razonamiento_json', 'manual__2026-03-04T22:12:51.205344+00:00', '--job-id', '62', '--raw', '--subdir', 'DAGS_FOLDER/dag_3_actualizacion_rag.py', '--cfg-path', '/tmp/tmpiv2ybdm3']
[2026-03-04T22:13:17.143+0000] {standard_task_runner.py:105} INFO - Job 62: Subtask commit_razonamiento_json
[2026-03-04T22:13:17.143+0000] {logging_mixin.py:190} WARNING - /home/***/.local/lib/python3.12/site-packages/***/task/task_runner/standard_task_runner.py:70 DeprecationWarning: This process (pid=1411) is multi-threaded, use of fork() may lead to deadlocks in the child.
[2026-03-04T22:13:17.144+0000] {standard_task_runner.py:72} INFO - Started process 1413 to run task
[2026-03-04T22:13:17.199+0000] {task_command.py:467} INFO - Running <TaskInstance: dag_3_actualizacion_rag.commit_razonamiento_json manual__2026-03-04T22:12:51.205344+00:00 [running]> on host d7ac9a3855ad
[2026-03-04T22:13:17.299+0000] {taskinstance.py:3132} INFO - Exporting env vars: AIRFLOW_CTX_DAG_OWNER='***' AIRFLOW_CTX_DAG_ID='dag_3_actualizacion_rag' AIRFLOW_CTX_TASK_ID='commit_razonamiento_json' AIRFLOW_CTX_EXECUTION_DATE='2026-03-04T22:12:51.205344+00:00' AIRFLOW_CTX_TRY_NUMBER='1' AIRFLOW_CTX_DAG_RUN_ID='manual__2026-03-04T22:12:51.205344+00:00'
[2026-03-04T22:13:17.300+0000] {taskinstance.py:731} INFO - ::endgroup::
[2026-03-04T22:13:18.883+0000] {logging_mixin.py:190} INFO - [OK] Actualizado razonamiento.json
[2026-03-04T22:13:20.423+0000] {logging_mixin.py:190} INFO - [OK] Actualizado metrics.json
[2026-03-04T22:13:20.424+0000] {python.py:240} INFO - Done. Returned value was: None
[2026-03-04T22:13:20.438+0000] {taskinstance.py:340} INFO - ::group::Post task execution logs
[2026-03-04T22:13:20.439+0000] {taskinstance.py:352} INFO - Marking task as SUCCESS. dag_id=dag_3_actualizacion_rag, task_id=commit_razonamiento_json, run_id=manual__2026-03-04T22:12:51.205344+00:00, execution_date=20260304T221251, start_date=20260304T221317, end_date=20260304T221320
[2026-03-04T22:13:20.490+0000] {local_task_job_runner.py:266} INFO - Task exited with return code 0
[2026-03-04T22:13:20.512+0000] {taskinstance.py:3895} INFO - 0 downstream tasks scheduled from follow-on schedule check
[2026-03-04T22:13:20.515+0000] {local_task_job_runner.py:245} INFO - ::endgroup::
