[2026-03-04T13:47:20.132+0000] {local_task_job_runner.py:123} INFO - ::group::Pre task execution logs
[2026-03-04T13:47:20.153+0000] {taskinstance.py:2613} INFO - Dependencies all met for dep_context=non-requeueable deps ti=<TaskInstance: dag_3_actualizacion_rag.refresh_embeddings manual__2026-03-04T13:46:31.950720+00:00 [queued]>
[2026-03-04T13:47:20.162+0000] {taskinstance.py:2613} INFO - Dependencies all met for dep_context=requeueable deps ti=<TaskInstance: dag_3_actualizacion_rag.refresh_embeddings manual__2026-03-04T13:46:31.950720+00:00 [queued]>
[2026-03-04T13:47:20.163+0000] {taskinstance.py:2866} INFO - Starting attempt 1 of 1
[2026-03-04T13:47:20.176+0000] {taskinstance.py:2889} INFO - Executing <Task(PythonOperator): refresh_embeddings> on 2026-03-04 13:46:31.950720+00:00
[2026-03-04T13:47:20.184+0000] {standard_task_runner.py:104} INFO - Running: ['***', 'tasks', 'run', 'dag_3_actualizacion_rag', 'refresh_embeddings', 'manual__2026-03-04T13:46:31.950720+00:00', '--job-id', '121', '--raw', '--subdir', 'DAGS_FOLDER/dag_3_actualizacion_rag.py', '--cfg-path', '/tmp/tmpjlwkzxgs']
[2026-03-04T13:47:20.186+0000] {standard_task_runner.py:105} INFO - Job 121: Subtask refresh_embeddings
[2026-03-04T13:47:20.186+0000] {logging_mixin.py:190} WARNING - /home/***/.local/lib/python3.12/site-packages/***/task/task_runner/standard_task_runner.py:70 DeprecationWarning: This process (pid=355) is multi-threaded, use of fork() may lead to deadlocks in the child.
[2026-03-04T13:47:20.187+0000] {standard_task_runner.py:72} INFO - Started process 357 to run task
[2026-03-04T13:47:20.245+0000] {task_command.py:467} INFO - Running <TaskInstance: dag_3_actualizacion_rag.refresh_embeddings manual__2026-03-04T13:46:31.950720+00:00 [running]> on host 183525ef0ff1
[2026-03-04T13:47:20.343+0000] {taskinstance.py:3132} INFO - Exporting env vars: AIRFLOW_CTX_DAG_OWNER='***' AIRFLOW_CTX_DAG_ID='dag_3_actualizacion_rag' AIRFLOW_CTX_TASK_ID='refresh_embeddings' AIRFLOW_CTX_EXECUTION_DATE='2026-03-04T13:46:31.950720+00:00' AIRFLOW_CTX_TRY_NUMBER='1' AIRFLOW_CTX_DAG_RUN_ID='manual__2026-03-04T13:46:31.950720+00:00'
[2026-03-04T13:47:20.344+0000] {taskinstance.py:731} INFO - ::endgroup::
[2026-03-04T13:47:24.311+0000] {loader.py:132} INFO - Loading faiss with AVX2 support.
[2026-03-04T13:47:24.342+0000] {loader.py:134} INFO - Successfully loaded faiss with AVX2 support.
[2026-03-04T13:47:24.362+0000] {SentenceTransformer.py:188} INFO - Use pytorch device_name: cpu
[2026-03-04T13:47:24.363+0000] {SentenceTransformer.py:196} INFO - Load pretrained SentenceTransformer: all-MiniLM-L6-v2
[2026-03-04T13:47:25.017+0000] {logging_mixin.py:190} WARNING - /home/***/.local/lib/python3.12/site-packages/huggingface_hub/file_download.py:949 FutureWarning: `resume_download` is deprecated and will be removed in version 1.0.0. Downloads always resume when possible. If you want to force a new download, use `force_download=True`.
[2026-03-04T13:47:33.980+0000] {logging_mixin.py:190} WARNING - Batches:   0%|          | 0/1 [00:00<?, ?it/s]
[2026-03-04T13:47:34.658+0000] {logging_mixin.py:190} WARNING - Batches: 100%|##########| 1/1 [00:00<00:00,  1.48it/s]
[2026-03-04T13:47:34.659+0000] {logging_mixin.py:190} WARNING - Batches: 100%|##########| 1/1 [00:00<00:00,  1.47it/s]
[2026-03-04T13:47:34.674+0000] {logging_mixin.py:190} INFO - [OK] Embeddings: 5 vectores -> FAISS + /opt/***/logs/embeddings/metadata.json
[2026-03-04T13:47:34.674+0000] {python.py:240} INFO - Done. Returned value was: None
[2026-03-04T13:47:34.687+0000] {taskinstance.py:340} INFO - ::group::Post task execution logs
[2026-03-04T13:47:34.688+0000] {taskinstance.py:352} INFO - Marking task as SUCCESS. dag_id=dag_3_actualizacion_rag, task_id=refresh_embeddings, run_id=manual__2026-03-04T13:46:31.950720+00:00, execution_date=20260304T134631, start_date=20260304T134720, end_date=20260304T134734
[2026-03-04T13:47:34.784+0000] {local_task_job_runner.py:266} INFO - Task exited with return code 0
[2026-03-04T13:47:34.805+0000] {taskinstance.py:3895} INFO - 0 downstream tasks scheduled from follow-on schedule check
[2026-03-04T13:47:34.807+0000] {local_task_job_runner.py:245} INFO - ::endgroup::
