[2026-03-04T21:34:02.861+0000] {local_task_job_runner.py:123} INFO - ::group::Pre task execution logs
[2026-03-04T21:34:02.884+0000] {taskinstance.py:2613} INFO - Dependencies all met for dep_context=non-requeueable deps ti=<TaskInstance: dag_1_ingestion_transaccional.crear_tabla_eventos_app manual__2026-03-04T16:33:48-05:00 [queued]>
[2026-03-04T21:34:02.893+0000] {taskinstance.py:2613} INFO - Dependencies all met for dep_context=requeueable deps ti=<TaskInstance: dag_1_ingestion_transaccional.crear_tabla_eventos_app manual__2026-03-04T16:33:48-05:00 [queued]>
[2026-03-04T21:34:02.894+0000] {taskinstance.py:2866} INFO - Starting attempt 1 of 1
[2026-03-04T21:34:02.907+0000] {taskinstance.py:2889} INFO - Executing <Task(BigQueryInsertJobOperator): crear_tabla_eventos_app> on 2026-03-04 21:33:48+00:00
[2026-03-04T21:34:02.917+0000] {standard_task_runner.py:104} INFO - Running: ['***', 'tasks', 'run', 'dag_1_ingestion_transaccional', 'crear_tabla_eventos_app', 'manual__2026-03-04T16:33:48-05:00', '--job-id', '27', '--raw', '--subdir', 'DAGS_FOLDER/dag_1_ingestion_transaccional.py', '--cfg-path', '/tmp/tmpcelst_tk']
[2026-03-04T21:34:02.920+0000] {standard_task_runner.py:105} INFO - Job 27: Subtask crear_tabla_eventos_app
[2026-03-04T21:34:02.921+0000] {logging_mixin.py:190} WARNING - /home/***/.local/lib/python3.12/site-packages/***/task/task_runner/standard_task_runner.py:70 DeprecationWarning: This process (pid=219) is multi-threaded, use of fork() may lead to deadlocks in the child.
[2026-03-04T21:34:02.922+0000] {standard_task_runner.py:72} INFO - Started process 227 to run task
[2026-03-04T21:34:02.985+0000] {task_command.py:467} INFO - Running <TaskInstance: dag_1_ingestion_transaccional.crear_tabla_eventos_app manual__2026-03-04T16:33:48-05:00 [running]> on host 89112d7e2f38
[2026-03-04T21:34:03.093+0000] {taskinstance.py:3132} INFO - Exporting env vars: AIRFLOW_CTX_DAG_OWNER='***' AIRFLOW_CTX_DAG_ID='dag_1_ingestion_transaccional' AIRFLOW_CTX_TASK_ID='crear_tabla_eventos_app' AIRFLOW_CTX_EXECUTION_DATE='2026-03-04T21:33:48+00:00' AIRFLOW_CTX_TRY_NUMBER='1' AIRFLOW_CTX_DAG_RUN_ID='manual__2026-03-04T16:33:48-05:00'
[2026-03-04T21:34:03.095+0000] {taskinstance.py:731} INFO - ::endgroup::
[2026-03-04T21:34:03.371+0000] {connection.py:277} WARNING - Connection schemes (type: google_cloud_platform) shall not contain '_' according to RFC3986.
[2026-03-04T21:34:03.372+0000] {base.py:84} INFO - Retrieving connection 'google_cloud_default'
[2026-03-04T21:34:03.373+0000] {bigquery.py:2620} INFO - Executing: {'query': {'query': "-- Log de eventos de la aplicación. Particionamiento por fecha_evento es vital (volumen alto, ahorro y rendimiento).\nCREATE OR REPLACE TABLE `data-solution-end-to-end-21.cala_analytics.eventos_app` (\n    event_id STRING,\n    id_cliente STRING,\n    event_name STRING,\n    plataforma STRING,\n    fecha_evento TIMESTAMP,\n    version_app STRING,\n    ip_origen STRING,\n    latencia_ms FLOAT64\n)\nPARTITION BY DATE(fecha_evento)\nCLUSTER BY event_name, id_cliente\nOPTIONS(\n    description = 'Log de eventos de la aplicación particionado por día'\n);", 'useLegacySql': False}}'
[2026-03-04T21:34:03.411+0000] {bigquery.py:1241} INFO - Inserting job ***_dag_1_ingestion_transaccional_crear_tabla_eventos_app_2026_03_04T21_33_48_00_00_843b177e9dc37dc9f603fc67f73fa20d
[2026-03-04T21:34:04.720+0000] {taskinstance.py:340} INFO - ::group::Post task execution logs
[2026-03-04T21:34:04.721+0000] {taskinstance.py:352} INFO - Marking task as SUCCESS. dag_id=dag_1_ingestion_transaccional, task_id=crear_tabla_eventos_app, run_id=manual__2026-03-04T16:33:48-05:00, execution_date=20260304T213348, start_date=20260304T213402, end_date=20260304T213404
[2026-03-04T21:34:04.783+0000] {local_task_job_runner.py:266} INFO - Task exited with return code 0
[2026-03-04T21:34:04.810+0000] {taskinstance.py:3895} INFO - 1 downstream tasks scheduled from follow-on schedule check
[2026-03-04T21:34:04.812+0000] {local_task_job_runner.py:245} INFO - ::endgroup::
