[2026-03-04T22:23:45.565+0000] {local_task_job_runner.py:123} INFO - ::group::Pre task execution logs
[2026-03-04T22:23:45.588+0000] {taskinstance.py:2613} INFO - Dependencies all met for dep_context=non-requeueable deps ti=<TaskInstance: dag_1_ingestion_transaccional.crear_tabla_atenciones manual__2026-03-04T17:23:32-05:00 [queued]>
[2026-03-04T22:23:45.605+0000] {taskinstance.py:2613} INFO - Dependencies all met for dep_context=requeueable deps ti=<TaskInstance: dag_1_ingestion_transaccional.crear_tabla_atenciones manual__2026-03-04T17:23:32-05:00 [queued]>
[2026-03-04T22:23:45.606+0000] {taskinstance.py:2866} INFO - Starting attempt 1 of 1
[2026-03-04T22:23:45.633+0000] {taskinstance.py:2889} INFO - Executing <Task(BigQueryInsertJobOperator): crear_tabla_atenciones> on 2026-03-04 22:23:32+00:00
[2026-03-04T22:23:45.645+0000] {logging_mixin.py:190} WARNING - /home/***/.local/lib/python3.12/site-packages/***/task/task_runner/standard_task_runner.py:70 DeprecationWarning: This process (pid=230) is multi-threaded, use of fork() may lead to deadlocks in the child.
[2026-03-04T22:23:45.643+0000] {standard_task_runner.py:104} INFO - Running: ['***', 'tasks', 'run', 'dag_1_ingestion_transaccional', 'crear_tabla_atenciones', 'manual__2026-03-04T17:23:32-05:00', '--job-id', '66', '--raw', '--subdir', 'DAGS_FOLDER/dag_1_ingestion_transaccional.py', '--cfg-path', '/tmp/tmptna7wer4']
[2026-03-04T22:23:45.646+0000] {standard_task_runner.py:72} INFO - Started process 235 to run task
[2026-03-04T22:23:45.647+0000] {standard_task_runner.py:105} INFO - Job 66: Subtask crear_tabla_atenciones
[2026-03-04T22:23:45.715+0000] {task_command.py:467} INFO - Running <TaskInstance: dag_1_ingestion_transaccional.crear_tabla_atenciones manual__2026-03-04T17:23:32-05:00 [running]> on host 2cb47e214c77
[2026-03-04T22:23:46.091+0000] {taskinstance.py:3132} INFO - Exporting env vars: AIRFLOW_CTX_DAG_OWNER='***' AIRFLOW_CTX_DAG_ID='dag_1_ingestion_transaccional' AIRFLOW_CTX_TASK_ID='crear_tabla_atenciones' AIRFLOW_CTX_EXECUTION_DATE='2026-03-04T22:23:32+00:00' AIRFLOW_CTX_TRY_NUMBER='1' AIRFLOW_CTX_DAG_RUN_ID='manual__2026-03-04T17:23:32-05:00'
[2026-03-04T22:23:46.093+0000] {taskinstance.py:731} INFO - ::endgroup::
[2026-03-04T22:23:46.115+0000] {connection.py:277} WARNING - Connection schemes (type: google_cloud_platform) shall not contain '_' according to RFC3986.
[2026-03-04T22:23:46.117+0000] {base.py:84} INFO - Retrieving connection 'google_cloud_default'
[2026-03-04T22:23:46.118+0000] {bigquery.py:2620} INFO - Executing: {'query': {'query': "-- BigQuery Standard SQL. Tabla de atenciones particionada por día y clusterizada.\n-- Particionamiento por fecha_atencion: ahorra costo (solo se escanean particiones usadas en el filtro)\n-- y mejora rendimiento en JOINs con clientes al estar clusterizada por id_cliente.\n-- Ejecutar con BigQueryInsertJobOperator; el DAG debe pasar params: bq_project, bq_dataset.\nCREATE OR REPLACE TABLE `data-solution-end-to-end-21.cala_analytics.atenciones` (\n  id_atencion STRING,\n  id_cliente STRING,\n  documento_cliente STRING,\n  fecha_atencion TIMESTAMP,\n  fecha_proceso TIMESTAMP,\n  valor_facturado FLOAT64,\n  estado STRING,\n  codigo_cups STRING,\n  canal_ingreso STRING,\n  json_detalle JSON\n)\nPARTITION BY DATE(fecha_atencion)\nCLUSTER BY id_cliente, estado\nOPTIONS(\n  description = 'Atenciones: partición por fecha_atencion (ahorro y rendimiento), cluster por id_cliente y estado para JOINs rápidos'\n);", 'useLegacySql': False}}'
[2026-03-04T22:23:46.156+0000] {bigquery.py:1241} INFO - Inserting job ***_dag_1_ingestion_transaccional_crear_tabla_atenciones_2026_03_04T22_23_32_00_00_b5ea3a707b77ff67ad30055eab8f0736
[2026-03-04T22:23:47.619+0000] {taskinstance.py:340} INFO - ::group::Post task execution logs
[2026-03-04T22:23:47.620+0000] {taskinstance.py:352} INFO - Marking task as SUCCESS. dag_id=dag_1_ingestion_transaccional, task_id=crear_tabla_atenciones, run_id=manual__2026-03-04T17:23:32-05:00, execution_date=20260304T222332, start_date=20260304T222345, end_date=20260304T222347
[2026-03-04T22:23:47.667+0000] {local_task_job_runner.py:266} INFO - Task exited with return code 0
[2026-03-04T22:23:47.679+0000] {local_task_job_runner.py:245} INFO - ::endgroup::
