[2026-03-04T21:34:08.985+0000] {local_task_job_runner.py:123} INFO - ::group::Pre task execution logs
[2026-03-04T21:34:09.008+0000] {taskinstance.py:2613} INFO - Dependencies all met for dep_context=non-requeueable deps ti=<TaskInstance: dag_1_ingestion_transaccional.ejecutar_kpi_recurrencia_30d manual__2026-03-04T16:33:48-05:00 [queued]>
[2026-03-04T21:34:09.017+0000] {taskinstance.py:2613} INFO - Dependencies all met for dep_context=requeueable deps ti=<TaskInstance: dag_1_ingestion_transaccional.ejecutar_kpi_recurrencia_30d manual__2026-03-04T16:33:48-05:00 [queued]>
[2026-03-04T21:34:09.018+0000] {taskinstance.py:2866} INFO - Starting attempt 1 of 1
[2026-03-04T21:34:09.036+0000] {taskinstance.py:2889} INFO - Executing <Task(BigQueryInsertJobOperator): ejecutar_kpi_recurrencia_30d> on 2026-03-04 21:33:48+00:00
[2026-03-04T21:34:09.045+0000] {standard_task_runner.py:104} INFO - Running: ['***', 'tasks', 'run', 'dag_1_ingestion_transaccional', 'ejecutar_kpi_recurrencia_30d', 'manual__2026-03-04T16:33:48-05:00', '--job-id', '30', '--raw', '--subdir', 'DAGS_FOLDER/dag_1_ingestion_transaccional.py', '--cfg-path', '/tmp/tmps6e9_wus']
[2026-03-04T21:34:09.048+0000] {standard_task_runner.py:105} INFO - Job 30: Subtask ejecutar_kpi_recurrencia_30d
[2026-03-04T21:34:09.049+0000] {logging_mixin.py:190} WARNING - /home/***/.local/lib/python3.12/site-packages/***/task/task_runner/standard_task_runner.py:70 DeprecationWarning: This process (pid=239) is multi-threaded, use of fork() may lead to deadlocks in the child.
[2026-03-04T21:34:09.050+0000] {standard_task_runner.py:72} INFO - Started process 244 to run task
[2026-03-04T21:34:09.117+0000] {task_command.py:467} INFO - Running <TaskInstance: dag_1_ingestion_transaccional.ejecutar_kpi_recurrencia_30d manual__2026-03-04T16:33:48-05:00 [running]> on host 89112d7e2f38
[2026-03-04T21:34:09.228+0000] {taskinstance.py:3132} INFO - Exporting env vars: AIRFLOW_CTX_DAG_OWNER='***' AIRFLOW_CTX_DAG_ID='dag_1_ingestion_transaccional' AIRFLOW_CTX_TASK_ID='ejecutar_kpi_recurrencia_30d' AIRFLOW_CTX_EXECUTION_DATE='2026-03-04T21:33:48+00:00' AIRFLOW_CTX_TRY_NUMBER='1' AIRFLOW_CTX_DAG_RUN_ID='manual__2026-03-04T16:33:48-05:00'
[2026-03-04T21:34:09.230+0000] {taskinstance.py:731} INFO - ::endgroup::
[2026-03-04T21:34:09.516+0000] {connection.py:277} WARNING - Connection schemes (type: google_cloud_platform) shall not contain '_' according to RFC3986.
[2026-03-04T21:34:09.517+0000] {base.py:84} INFO - Retrieving connection 'google_cloud_default'
[2026-03-04T21:34:09.518+0000] {bigquery.py:2620} INFO - Executing: {'query': {'query': '-- Vista KPI: clientes recurrentes (≥2 atenciones en ventana 30d). Sin SQL embebido en Python.\nCREATE OR REPLACE VIEW `data-solution-end-to-end-21.cala_analytics.v_kpi_recurrencia_30d` AS\nWITH ventana AS (\n  SELECT id_cliente, fecha_proceso,\n    COUNT(*) OVER (\n      PARTITION BY id_cliente\n      ORDER BY DATE(fecha_proceso)\n      RANGE BETWEEN INTERVAL 30 DAY PRECEDING AND CURRENT ROW\n    ) AS atenciones_30d\n  FROM `data-solution-end-to-end-21.cala_analytics.atenciones`\n  WHERE fecha_proceso IS NOT NULL\n)\nSELECT fecha_proceso, COUNT(DISTINCT id_cliente) AS clientes_recurrentes_30d\nFROM ventana WHERE atenciones_30d >= 2\nGROUP BY fecha_proceso ORDER BY fecha_proceso;', 'useLegacySql': False}}'
[2026-03-04T21:34:09.559+0000] {bigquery.py:1241} INFO - Inserting job ***_dag_1_ingestion_transaccional_ejecutar_kpi_recurrencia_30d_2026_03_04T21_33_48_00_00_cfc789f760073bf721bb27def0942785
[2026-03-04T21:34:10.872+0000] {taskinstance.py:3311} ERROR - Task failed with exception
Traceback (most recent call last):
  File "/home/airflow/.local/lib/python3.12/site-packages/airflow/models/taskinstance.py", line 767, in _execute_task
    result = _execute_callable(context=context, **execute_callable_kwargs)
             ^^^^^^^^^^^^^^^^^^^^^^^^^^^^^^^^^^^^^^^^^^^^^^^^^^^^^^^^^^^^^
  File "/home/airflow/.local/lib/python3.12/site-packages/airflow/models/taskinstance.py", line 733, in _execute_callable
    return ExecutionCallableRunner(
           ^^^^^^^^^^^^^^^^^^^^^^^^
  File "/home/airflow/.local/lib/python3.12/site-packages/airflow/utils/operator_helpers.py", line 252, in run
    return self.func(*args, **kwargs)
           ^^^^^^^^^^^^^^^^^^^^^^^^^^
  File "/home/airflow/.local/lib/python3.12/site-packages/airflow/models/baseoperator.py", line 422, in wrapper
    return func(self, *args, **kwargs)
           ^^^^^^^^^^^^^^^^^^^^^^^^^^^
  File "/home/airflow/.local/lib/python3.12/site-packages/airflow/providers/google/cloud/operators/bigquery.py", line 2686, in execute
    job.result(timeout=self.result_timeout, retry=self.result_retry)
  File "/home/airflow/.local/lib/python3.12/site-packages/google/cloud/bigquery/job/query.py", line 1590, in result
    do_get_result()
  File "/home/airflow/.local/lib/python3.12/site-packages/google/cloud/bigquery/job/query.py", line 1579, in do_get_result
    super(QueryJob, self).result(retry=retry, timeout=timeout)
  File "/home/airflow/.local/lib/python3.12/site-packages/google/cloud/bigquery/job/base.py", line 971, in result
    return super(_AsyncJob, self).result(timeout=timeout, **kwargs)
           ^^^^^^^^^^^^^^^^^^^^^^^^^^^^^^^^^^^^^^^^^^^^^^^^^^^^^^^^
  File "/home/airflow/.local/lib/python3.12/site-packages/google/api_core/future/polling.py", line 261, in result
    raise self._exception
google.api_core.exceptions.BadRequest: 400 ORDER BY key must be numeric in a RANGE-based window with OFFSET PRECEDING or OFFSET FOLLOWING boundaries, but has type DATE at [7:7]; reason: invalidQuery, location: query, message: ORDER BY key must be numeric in a RANGE-based window with OFFSET PRECEDING or OFFSET FOLLOWING boundaries, but has type DATE at [7:7]

Location: US
Job ID: airflow_dag_1_ingestion_transaccional_ejecutar_kpi_recurrencia_30d_2026_03_04T21_33_48_00_00_cfc789f760073bf721bb27def0942785

[2026-03-04T21:34:10.886+0000] {taskinstance.py:1225} INFO - Marking task as FAILED. dag_id=dag_1_ingestion_transaccional, task_id=ejecutar_kpi_recurrencia_30d, run_id=manual__2026-03-04T16:33:48-05:00, execution_date=20260304T213348, start_date=20260304T213409, end_date=20260304T213410
[2026-03-04T21:34:10.902+0000] {taskinstance.py:340} INFO - ::group::Post task execution logs
[2026-03-04T21:34:10.903+0000] {standard_task_runner.py:124} ERROR - Failed to execute job 30 for task ejecutar_kpi_recurrencia_30d (400 ORDER BY key must be numeric in a RANGE-based window with OFFSET PRECEDING or OFFSET FOLLOWING boundaries, but has type DATE at [7:7]; reason: invalidQuery, location: query, message: ORDER BY key must be numeric in a RANGE-based window with OFFSET PRECEDING or OFFSET FOLLOWING boundaries, but has type DATE at [7:7]

Location: US
Job ID: airflow_dag_1_ingestion_transaccional_ejecutar_kpi_recurrencia_30d_2026_03_04T21_33_48_00_00_cfc789f760073bf721bb27def0942785
; 244)
Traceback (most recent call last):
  File "/home/airflow/.local/lib/python3.12/site-packages/airflow/task/task_runner/standard_task_runner.py", line 117, in _start_by_fork
    ret = args.func(args, dag=self.dag)
          ^^^^^^^^^^^^^^^^^^^^^^^^^^^^^
  File "/home/airflow/.local/lib/python3.12/site-packages/airflow/cli/cli_config.py", line 49, in command
    return func(*args, **kwargs)
           ^^^^^^^^^^^^^^^^^^^^^
  File "/home/airflow/.local/lib/python3.12/site-packages/airflow/utils/cli.py", line 116, in wrapper
    return f(*args, **kwargs)
           ^^^^^^^^^^^^^^^^^^
  File "/home/airflow/.local/lib/python3.12/site-packages/airflow/cli/commands/task_command.py", line 483, in task_run
    task_return_code = _run_task_by_selected_method(args, _dag, ti)
                       ^^^^^^^^^^^^^^^^^^^^^^^^^^^^^^^^^^^^^^^^^^^^
  File "/home/airflow/.local/lib/python3.12/site-packages/airflow/cli/commands/task_command.py", line 256, in _run_task_by_selected_method
    return _run_raw_task(args, ti)
           ^^^^^^^^^^^^^^^^^^^^^^^
  File "/home/airflow/.local/lib/python3.12/site-packages/airflow/cli/commands/task_command.py", line 341, in _run_raw_task
    return ti._run_raw_task(
           ^^^^^^^^^^^^^^^^^
  File "/home/airflow/.local/lib/python3.12/site-packages/airflow/utils/session.py", line 97, in wrapper
    return func(*args, session=session, **kwargs)
           ^^^^^^^^^^^^^^^^^^^^^^^^^^^^^^^^^^^^^^
  File "/home/airflow/.local/lib/python3.12/site-packages/airflow/models/taskinstance.py", line 3005, in _run_raw_task
    return _run_raw_task(
           ^^^^^^^^^^^^^^
  File "/home/airflow/.local/lib/python3.12/site-packages/airflow/models/taskinstance.py", line 273, in _run_raw_task
    TaskInstance._execute_task_with_callbacks(
  File "/home/airflow/.local/lib/python3.12/site-packages/airflow/models/taskinstance.py", line 3159, in _execute_task_with_callbacks
    result = self._execute_task(context, task_orig)
             ^^^^^^^^^^^^^^^^^^^^^^^^^^^^^^^^^^^^^^
  File "/home/airflow/.local/lib/python3.12/site-packages/airflow/models/taskinstance.py", line 3183, in _execute_task
    return _execute_task(self, context, task_orig)
           ^^^^^^^^^^^^^^^^^^^^^^^^^^^^^^^^^^^^^^^
  File "/home/airflow/.local/lib/python3.12/site-packages/airflow/models/taskinstance.py", line 767, in _execute_task
    result = _execute_callable(context=context, **execute_callable_kwargs)
             ^^^^^^^^^^^^^^^^^^^^^^^^^^^^^^^^^^^^^^^^^^^^^^^^^^^^^^^^^^^^^
  File "/home/airflow/.local/lib/python3.12/site-packages/airflow/models/taskinstance.py", line 733, in _execute_callable
    return ExecutionCallableRunner(
           ^^^^^^^^^^^^^^^^^^^^^^^^
  File "/home/airflow/.local/lib/python3.12/site-packages/airflow/utils/operator_helpers.py", line 252, in run
    return self.func(*args, **kwargs)
           ^^^^^^^^^^^^^^^^^^^^^^^^^^
  File "/home/airflow/.local/lib/python3.12/site-packages/airflow/models/baseoperator.py", line 422, in wrapper
    return func(self, *args, **kwargs)
           ^^^^^^^^^^^^^^^^^^^^^^^^^^^
  File "/home/airflow/.local/lib/python3.12/site-packages/airflow/providers/google/cloud/operators/bigquery.py", line 2686, in execute
    job.result(timeout=self.result_timeout, retry=self.result_retry)
  File "/home/airflow/.local/lib/python3.12/site-packages/google/cloud/bigquery/job/query.py", line 1590, in result
    do_get_result()
  File "/home/airflow/.local/lib/python3.12/site-packages/google/cloud/bigquery/job/query.py", line 1579, in do_get_result
    super(QueryJob, self).result(retry=retry, timeout=timeout)
  File "/home/airflow/.local/lib/python3.12/site-packages/google/cloud/bigquery/job/base.py", line 971, in result
    return super(_AsyncJob, self).result(timeout=timeout, **kwargs)
           ^^^^^^^^^^^^^^^^^^^^^^^^^^^^^^^^^^^^^^^^^^^^^^^^^^^^^^^^
  File "/home/airflow/.local/lib/python3.12/site-packages/google/api_core/future/polling.py", line 261, in result
    raise self._exception
google.api_core.exceptions.BadRequest: 400 ORDER BY key must be numeric in a RANGE-based window with OFFSET PRECEDING or OFFSET FOLLOWING boundaries, but has type DATE at [7:7]; reason: invalidQuery, location: query, message: ORDER BY key must be numeric in a RANGE-based window with OFFSET PRECEDING or OFFSET FOLLOWING boundaries, but has type DATE at [7:7]

Location: US
Job ID: airflow_dag_1_ingestion_transaccional_ejecutar_kpi_recurrencia_30d_2026_03_04T21_33_48_00_00_cfc789f760073bf721bb27def0942785

[2026-03-04T21:34:10.952+0000] {local_task_job_runner.py:266} INFO - Task exited with return code 1
[2026-03-04T21:34:10.965+0000] {local_task_job_runner.py:245} INFO - ::endgroup::
