[2026-03-04T21:46:08.187+0000] {local_task_job_runner.py:123} INFO - ::group::Pre task execution logs
[2026-03-04T21:46:08.209+0000] {taskinstance.py:2613} INFO - Dependencies all met for dep_context=non-requeueable deps ti=<TaskInstance: dag_1_ingestion_transaccional.ejecutar_kpi_valor_por_segmento manual__2026-03-04T16:45:33-05:00 [queued]>
[2026-03-04T21:46:08.218+0000] {taskinstance.py:2613} INFO - Dependencies all met for dep_context=requeueable deps ti=<TaskInstance: dag_1_ingestion_transaccional.ejecutar_kpi_valor_por_segmento manual__2026-03-04T16:45:33-05:00 [queued]>
[2026-03-04T21:46:08.219+0000] {taskinstance.py:2866} INFO - Starting attempt 1 of 1
[2026-03-04T21:46:08.232+0000] {taskinstance.py:2889} INFO - Executing <Task(BigQueryInsertJobOperator): ejecutar_kpi_valor_por_segmento> on 2026-03-04 21:45:33+00:00
[2026-03-04T21:46:08.241+0000] {standard_task_runner.py:104} INFO - Running: ['***', 'tasks', 'run', 'dag_1_ingestion_transaccional', 'ejecutar_kpi_valor_por_segmento', 'manual__2026-03-04T16:45:33-05:00', '--job-id', '41', '--raw', '--subdir', 'DAGS_FOLDER/dag_1_ingestion_transaccional.py', '--cfg-path', '/tmp/tmpqaknyk65']
[2026-03-04T21:46:08.245+0000] {standard_task_runner.py:105} INFO - Job 41: Subtask ejecutar_kpi_valor_por_segmento
[2026-03-04T21:46:08.246+0000] {logging_mixin.py:190} WARNING - /home/***/.local/lib/python3.12/site-packages/***/task/task_runner/standard_task_runner.py:70 DeprecationWarning: This process (pid=252) is multi-threaded, use of fork() may lead to deadlocks in the child.
[2026-03-04T21:46:08.248+0000] {standard_task_runner.py:72} INFO - Started process 259 to run task
[2026-03-04T21:46:08.314+0000] {task_command.py:467} INFO - Running <TaskInstance: dag_1_ingestion_transaccional.ejecutar_kpi_valor_por_segmento manual__2026-03-04T16:45:33-05:00 [running]> on host d7ac9a3855ad
[2026-03-04T21:46:08.703+0000] {taskinstance.py:3132} INFO - Exporting env vars: AIRFLOW_CTX_DAG_OWNER='***' AIRFLOW_CTX_DAG_ID='dag_1_ingestion_transaccional' AIRFLOW_CTX_TASK_ID='ejecutar_kpi_valor_por_segmento' AIRFLOW_CTX_EXECUTION_DATE='2026-03-04T21:45:33+00:00' AIRFLOW_CTX_TRY_NUMBER='1' AIRFLOW_CTX_DAG_RUN_ID='manual__2026-03-04T16:45:33-05:00'
[2026-03-04T21:46:08.705+0000] {taskinstance.py:731} INFO - ::endgroup::
[2026-03-04T21:46:08.739+0000] {connection.py:277} WARNING - Connection schemes (type: google_cloud_platform) shall not contain '_' according to RFC3986.
[2026-03-04T21:46:08.741+0000] {base.py:84} INFO - Retrieving connection 'google_cloud_default'
[2026-03-04T21:46:08.742+0000] {bigquery.py:2620} INFO - Executing: {'query': {'query': "-- KPI: total facturado y promedio de score crediticio por Segmento y Ciudad.\n-- Solo atenciones con estado 'Completado'. Crea la vista para consultas posteriores.\nCREATE OR REPLACE VIEW `data-solution-end-to-end-21.cala_analytics.v_kpi_valor_por_segmento` AS\nSELECT\n  c.segmento,\n  c.ciudad,\n  SUM(a.valor_facturado) AS total_facturado,\n  AVG(c.score_crediticio) AS promedio_score_crediticio\nFROM `data-solution-end-to-end-21.cala_analytics.atenciones` AS a\nINNER JOIN `data-solution-end-to-end-21.cala_analytics.clientes` AS c\n  ON a.id_cliente = c.id_cliente\nWHERE UPPER(TRIM(a.estado)) = 'COMPLETADO'\nGROUP BY c.segmento, c.ciudad\nORDER BY c.segmento, c.ciudad;", 'useLegacySql': False}}'
[2026-03-04T21:46:08.793+0000] {bigquery.py:1241} INFO - Inserting job ***_dag_1_ingestion_transaccional_ejecutar_kpi_valor_por_segmento_2026_03_04T21_45_33_00_00_0fa27589fb665e01bdb6ecdb2cb228f4
[2026-03-04T21:46:10.142+0000] {taskinstance.py:340} INFO - ::group::Post task execution logs
[2026-03-04T21:46:10.143+0000] {taskinstance.py:352} INFO - Marking task as SUCCESS. dag_id=dag_1_ingestion_transaccional, task_id=ejecutar_kpi_valor_por_segmento, run_id=manual__2026-03-04T16:45:33-05:00, execution_date=20260304T214533, start_date=20260304T214608, end_date=20260304T214610
[2026-03-04T21:46:10.189+0000] {local_task_job_runner.py:266} INFO - Task exited with return code 0
[2026-03-04T21:46:10.210+0000] {taskinstance.py:3895} INFO - 0 downstream tasks scheduled from follow-on schedule check
[2026-03-04T21:46:10.227+0000] {local_task_job_runner.py:245} INFO - ::endgroup::
